MultiWii telemetry log. Start time:2016/01/28 12:06:24.997
GRAW,12:06:27.133,0,0,0,0,0,0
GATT,12:06:27.133,0,0
GMAG,12:06:27.133,0,0,0,0,0
GRCC,12:06:27.133,0,0,0,0
GRCX,12:06:27.133,0,0,0,0
GMOT,12:06:27.133,0,0,0,0,0,0,0,0
GNAV,12:06:27.133,0,0,0,0
GPAR,12:06:27.133,0,0,0,0
GDBG,12:06:27.133,0,0,0,0
GRAW,12:06:27.242,0,0,0,0,0,0
GATT,12:06:27.242,0,0
GMAG,12:06:27.242,0,0,0,0,0
GRCC,12:06:27.242,0,0,0,0
GRCX,12:06:27.242,0,0,0,0
GMOT,12:06:27.242,0,0,0,0,0,0,0,0
GNAV,12:06:27.242,0,0,0,0
GPAR,12:06:27.242,0,0,0,0
GDBG,12:06:27.242,0,0,0,0
GRAW,12:06:27.429,0,0,0,0,0,0
GATT,12:06:27.429,-1,1
GMAG,12:06:27.429,0,0,0,-159,-54
GRCC,12:06:27.429,1500,1500,1500,1500
GRCX,12:06:27.429,1500,1500,1500,1500
GMOT,12:06:27.429,950,950,950,950,0,0,0,0
GNAV,12:06:27.429,0,0,0,0
GPAR,12:06:27.429,2628,0,0,0
GDBG,12:06:27.429,0,0,0,0
GRAW,12:06:27.601,0,0,0,0,0,0
GATT,12:06:27.601,-1,1
GMAG,12:06:27.601,0,0,0,-159,-53
GRCC,12:06:27.601,1500,1500,1500,1500
GRCX,12:06:27.601,1500,1500,1500,1500
GMOT,12:06:27.601,950,950,950,950,0,0,0,0
GNAV,12:06:27.601,0,0,0,0
GPAR,12:06:27.601,2664,0,0,0
GDBG,12:06:27.601,0,0,0,0
GRAW,12:06:27.804,0,0,0,0,0,0
GATT,12:06:27.804,-1,1
GMAG,12:06:27.804,0,0,0,-159,-47
GRCC,12:06:27.804,1500,1500,1500,1500
GRCX,12:06:27.804,1500,1500,1500,1500
GMOT,12:06:27.804,950,950,950,950,0,0,0,0
GNAV,12:06:27.804,0,0,0,0
GPAR,12:06:27.804,2640,0,0,0
GDBG,12:06:27.804,0,0,0,0
GRAW,12:06:27.991,0,0,0,0,0,0
GATT,12:06:27.991,-1,1
GMAG,12:06:27.991,0,0,0,-159,-39
GRCC,12:06:27.991,1500,1500,1500,1500
GRCX,12:06:27.991,1500,1500,1500,1500
GMOT,12:06:27.991,950,950,950,950,0,0,0,0
GNAV,12:06:27.991,0,0,0,0
GPAR,12:06:27.991,2600,0,0,0
GDBG,12:06:27.991,0,0,0,0
GRAW,12:06:28.162,0,0,0,0,0,0
GATT,12:06:28.162,-1,1
GMAG,12:06:28.162,0,0,0,-159,-24
GRCC,12:06:28.162,1500,1500,1500,1500
GRCX,12:06:28.162,1500,1500,1500,1500
GMOT,12:06:28.162,950,950,950,950,0,0,0,0
GNAV,12:06:28.162,0,0,0,0
GPAR,12:06:28.162,2608,0,0,0
GDBG,12:06:28.162,0,0,0,0
GRAW,12:06:28.365,0,0,0,0,0,0
GATT,12:06:28.365,-1,1
GMAG,12:06:28.365,0,0,0,-159,-22
GRCC,12:06:28.365,1500,1500,1500,1500
GRCX,12:06:28.365,1500,1500,1500,1500
GMOT,12:06:28.365,950,950,950,950,0,0,0,0
GNAV,12:06:28.365,0,0,0,0
GPAR,12:06:28.365,2624,0,0,0
GDBG,12:06:28.365,0,0,0,0
GRAW,12:06:28.552,0,0,0,0,0,0
GATT,12:06:28.552,-1,1
GMAG,12:06:28.552,0,0,0,-159,-15
GRCC,12:06:28.552,1500,1500,1500,1500
GRCX,12:06:28.552,1500,1500,1500,1500
GMOT,12:06:28.552,950,950,950,950,0,0,0,0
GNAV,12:06:28.552,0,0,0,0
GPAR,12:06:28.552,3096,0,0,0
GDBG,12:06:28.552,0,0,0,0
GRAW,12:06:28.724,0,0,0,0,0,0
GATT,12:06:28.724,-1,1
GMAG,12:06:28.724,0,0,0,-159,-12
GRCC,12:06:28.724,1500,1500,1500,1500
GRCX,12:06:28.724,1500,1500,1500,1500
GMOT,12:06:28.724,950,950,950,950,0,0,0,0
GNAV,12:06:28.724,0,0,0,0
GPAR,12:06:28.724,2632,0,0,0
GDBG,12:06:28.724,0,0,0,0
GRAW,12:06:28.958,0,0,0,0,0,0
GATT,12:06:28.958,-1,1
GMAG,12:06:28.958,0,0,0,-159,-17
GRCC,12:06:28.958,1500,1500,1500,1500
GRCX,12:06:28.958,1500,1500,1500,1500
GMOT,12:06:28.958,950,950,950,950,0,0,0,0
GNAV,12:06:28.958,0,0,0,0
GPAR,12:06:28.958,2612,0,0,0
GDBG,12:06:28.958,0,0,0,0
GRAW,12:06:29.176,0,0,0,0,0,0
GATT,12:06:29.176,-1,1
GMAG,12:06:29.176,0,0,0,-158,-20
GRCC,12:06:29.176,1500,1500,1500,1500
GRCX,12:06:29.176,1500,1500,1500,1500
GMOT,12:06:29.176,950,950,950,950,0,0,0,0
GNAV,12:06:29.176,0,0,0,0
GPAR,12:06:29.176,2644,0,0,0
GDBG,12:06:29.176,0,0,0,0
GRAW,12:06:29.395,0,0,0,0,0,0
GATT,12:06:29.395,-1,1
GMAG,12:06:29.395,0,0,0,-159,-30
GRCC,12:06:29.395,1500,1500,1500,1500
GRCX,12:06:29.395,1500,1500,1500,1500
GMOT,12:06:29.395,950,950,950,950,0,0,0,0
GNAV,12:06:29.395,0,0,0,0
GPAR,12:06:29.395,2636,0,0,0
GDBG,12:06:29.395,0,0,0,0
GRAW,12:06:29.582,0,0,0,0,0,0
GATT,12:06:29.582,-1,1
GMAG,12:06:29.582,0,0,0,-159,-32
GRCC,12:06:29.582,1500,1500,1500,1500
GRCX,12:06:29.582,1500,1500,1500,1500
GMOT,12:06:29.582,950,950,950,950,0,0,0,0
GNAV,12:06:29.582,0,0,0,0
GPAR,12:06:29.582,2876,0,0,0
GDBG,12:06:29.582,0,0,0,0
GRAW,12:06:29.769,0,0,0,0,0,0
GATT,12:06:29.769,-1,1
GMAG,12:06:29.769,0,0,0,-159,-33
GRCC,12:06:29.769,1500,1500,1500,1500
GRCX,12:06:29.769,1500,1500,1500,1500
GMOT,12:06:29.769,950,950,950,950,0,0,0,0
GNAV,12:06:29.769,0,0,0,0
GPAR,12:06:29.769,2652,0,0,0
GDBG,12:06:29.769,0,0,0,0
GRAW,12:06:29.941,0,0,0,0,0,0
GATT,12:06:29.941,-1,1
GMAG,12:06:29.941,0,0,0,-159,-28
GRCC,12:06:29.941,1500,1500,1500,1500
GRCX,12:06:29.941,1500,1500,1500,1500
GMOT,12:06:29.941,950,950,950,950,0,0,0,0
GNAV,12:06:29.941,0,0,0,0
GPAR,12:06:29.941,2652,0,0,0
GDBG,12:06:29.941,0,0,0,0
GRAW,12:06:30.144,0,0,0,0,0,0
GATT,12:06:30.144,-1,1
GMAG,12:06:30.144,0,0,0,-159,-16
GRCC,12:06:30.144,1500,1500,1500,1500
GRCX,12:06:30.144,1500,1500,1500,1500
GMOT,12:06:30.144,950,950,950,950,0,0,0,0
GNAV,12:06:30.144,0,0,0,0
GPAR,12:06:30.144,2624,0,0,0
GDBG,12:06:30.144,0,0,0,0
GRAW,12:06:30.362,0,0,0,0,0,0
GATT,12:06:30.362,-1,1
GMAG,12:06:30.362,0,0,0,-159,-8
GRCC,12:06:30.362,1500,1500,1500,1500
GRCX,12:06:30.362,1500,1500,1500,1500
GMOT,12:06:30.362,950,950,950,950,0,0,0,0
GNAV,12:06:30.362,0,0,0,0
GPAR,12:06:30.362,2640,0,0,0
GDBG,12:06:30.362,0,0,0,0
GRAW,12:06:30.580,0,0,0,0,0,0
GATT,12:06:30.580,-1,1
GMAG,12:06:30.580,0,0,0,-159,-3
GRCC,12:06:30.580,1500,1500,1500,1500
GRCX,12:06:30.580,1500,1500,1500,1500
GMOT,12:06:30.580,950,950,950,950,0,0,0,0
GNAV,12:06:30.580,0,0,0,0
GPAR,12:06:30.580,2616,0,0,0
GDBG,12:06:30.580,0,0,0,0
GRAW,12:06:30.768,0,0,0,0,0,0
GATT,12:06:30.768,-1,1
GMAG,12:06:30.768,0,0,0,-159,1
GRCC,12:06:30.768,1500,1500,1500,1500
GRCX,12:06:30.768,1500,1500,1500,1500
GMOT,12:06:30.768,950,950,950,950,0,0,0,0
GNAV,12:06:30.768,0,0,0,0
GPAR,12:06:30.768,2648,0,0,0
GDBG,12:06:30.768,0,0,0,0
GRAW,12:06:30.955,0,0,0,0,0,0
GATT,12:06:30.955,-2,1
GMAG,12:06:30.955,0,0,0,-159,-9
GRCC,12:06:30.955,1500,1500,1500,1500
GRCX,12:06:30.955,1500,1500,1500,1500
GMOT,12:06:30.955,950,950,950,950,0,0,0,0
GNAV,12:06:30.955,0,0,0,0
GPAR,12:06:30.955,2824,0,0,0
GDBG,12:06:30.955,0,0,0,0
GRAW,12:06:31.126,0,0,0,0,0,0
GATT,12:06:31.126,-2,1
GMAG,12:06:31.126,0,0,0,-159,-14
GRCC,12:06:31.126,1500,1500,1500,1500
GRCX,12:06:31.126,1500,1500,1500,1500
GMOT,12:06:31.126,950,950,950,950,0,0,0,0
GNAV,12:06:31.126,0,0,0,0
GPAR,12:06:31.126,2824,0,0,0
GDBG,12:06:31.126,0,0,0,0
GRAW,12:06:31.329,0,0,0,0,0,0
GATT,12:06:31.329,-2,1
GMAG,12:06:31.329,0,0,0,-159,-24
GRCC,12:06:31.329,1500,1500,1500,1500
GRCX,12:06:31.329,1500,1500,1500,1500
GMOT,12:06:31.329,950,950,950,950,0,0,0,0
GNAV,12:06:31.329,0,0,0,0
GPAR,12:06:31.329,2656,0,0,0
GDBG,12:06:31.329,0,0,0,0
GRAW,12:06:31.548,0,0,0,0,0,0
GATT,12:06:31.548,-3,1
GMAG,12:06:31.548,0,0,0,-159,-34
GRCC,12:06:31.548,1500,1500,1500,1500
GRCX,12:06:31.548,1500,1500,1500,1500
GMOT,12:06:31.548,950,950,950,950,0,0,0,0
GNAV,12:06:31.548,0,0,0,0
GPAR,12:06:31.548,2644,0,0,0
GDBG,12:06:31.548,0,0,0,0
GRAW,12:06:31.766,0,0,0,0,0,0
GATT,12:06:31.766,-2,1
GMAG,12:06:31.766,0,0,0,-159,-40
GRCC,12:06:31.766,1500,1500,1500,1500
GRCX,12:06:31.766,1500,1500,1500,1500
GMOT,12:06:31.766,950,950,950,950,0,0,0,0
GNAV,12:06:31.766,0,0,0,0
GPAR,12:06:31.766,2644,0,0,0
GDBG,12:06:31.766,0,0,0,0
GRAW,12:06:31.984,0,0,0,0,0,0
GATT,12:06:31.984,-2,1
GMAG,12:06:31.984,0,0,0,-159,-37
GRCC,12:06:31.984,1500,1500,1500,1500
GRCX,12:06:31.984,1500,1500,1500,1500
GMOT,12:06:31.984,950,950,950,950,0,0,0,0
GNAV,12:06:31.984,0,0,0,0
GPAR,12:06:31.984,2912,0,0,0
GDBG,12:06:31.984,0,0,0,0
GRAW,12:06:32.203,0,0,0,0,0,0
GATT,12:06:32.203,-2,1
GMAG,12:06:32.203,0,0,0,-158,-38
GRCC,12:06:32.203,1500,1500,1500,1500
GRCX,12:06:32.203,1500,1500,1500,1500
GMOT,12:06:32.203,950,950,950,950,0,0,0,0
GNAV,12:06:32.203,0,0,0,0
GPAR,12:06:32.203,3104,0,0,0
GDBG,12:06:32.203,0,0,0,0
GRAW,12:06:32.421,0,0,0,0,0,0
GATT,12:06:32.421,-2,1
GMAG,12:06:32.421,0,0,0,-158,-36
GRCC,12:06:32.421,1500,1500,1500,1500
GRCX,12:06:32.421,1500,1500,1500,1500
GMOT,12:06:32.421,950,950,950,950,0,0,0,0
GNAV,12:06:32.421,0,0,0,0
GPAR,12:06:32.421,2856,0,0,0
GDBG,12:06:32.421,0,0,0,0
GRAW,12:06:32.640,0,0,0,0,0,0
GATT,12:06:32.640,-1,1
GMAG,12:06:32.640,0,0,0,-158,-34
GRCC,12:06:32.640,1500,1500,1500,1500
GRCX,12:06:32.640,1500,1500,1500,1500
GMOT,12:06:32.640,950,950,950,950,0,0,0,0
GNAV,12:06:32.640,0,0,0,0
GPAR,12:06:32.640,2640,0,0,0
GDBG,12:06:32.640,0,0,0,0
GRAW,12:06:32.858,0,0,0,0,0,0
GATT,12:06:32.858,-2,1
GMAG,12:06:32.858,0,0,0,-158,-40
GRCC,12:06:32.858,1500,1500,1500,1500
GRCX,12:06:32.858,1500,1500,1500,1500
GMOT,12:06:32.858,950,950,950,950,0,0,0,0
GNAV,12:06:32.858,0,0,0,0
GPAR,12:06:32.858,2948,0,0,0
GDBG,12:06:32.858,0,0,0,0
GRAW,12:06:35.169,0,0,0,0,0,0
GATT,12:06:35.169,-2,1
GMAG,12:06:35.169,0,0,0,-158,-57
GRCC,12:06:35.169,1500,1500,1500,1500
GRCX,12:06:35.169,1500,1500,1500,1500
GMOT,12:06:35.169,950,950,950,950,0,0,0,0
GNAV,12:06:35.169,0,0,0,0
GPAR,12:06:35.169,2940,0,0,0
GDBG,12:06:35.169,0,0,0,0
GRAW,12:06:35.356,0,0,0,0,0,0
GATT,12:06:35.356,-2,1
GMAG,12:06:35.356,0,0,0,-158,-58
GRCC,12:06:35.356,1500,1500,1500,1500
GRCX,12:06:35.356,1500,1500,1500,1500
GMOT,12:06:35.356,950,950,950,950,0,0,0,0
GNAV,12:06:35.356,0,0,0,0
GPAR,12:06:35.356,2608,0,0,0
GDBG,12:06:35.356,0,0,0,0
GRAW,12:06:35.544,0,0,0,0,0,0
GATT,12:06:35.544,-2,1
GMAG,12:06:35.544,0,0,0,-158,-65
GRCC,12:06:35.544,1500,1500,1500,1500
GRCX,12:06:35.544,1500,1500,1500,1500
GMOT,12:06:35.544,950,950,950,950,0,0,0,0
GNAV,12:06:35.544,0,0,0,0
GPAR,12:06:35.544,2832,0,0,0
GDBG,12:06:35.544,0,0,0,0
GRAW,12:06:35.731,0,0,0,0,0,0
GATT,12:06:35.731,-2,1
GMAG,12:06:35.731,0,0,0,-158,-71
GRCC,12:06:35.731,1500,1500,1500,1500
GRCX,12:06:35.731,1500,1500,1500,1500
GMOT,12:06:35.731,950,950,950,950,0,0,0,0
GNAV,12:06:35.731,0,0,0,0
GPAR,12:06:35.731,2636,0,0,0
GDBG,12:06:35.731,0,0,0,0
GRAW,12:06:35.918,0,0,0,0,0,0
GATT,12:06:35.918,-2,1
GMAG,12:06:35.918,0,0,0,-158,-73
GRCC,12:06:35.918,1500,1500,1500,1500
GRCX,12:06:35.918,1500,1500,1500,1500
GMOT,12:06:35.918,950,950,950,950,0,0,0,0
GNAV,12:06:35.918,0,0,0,0
GPAR,12:06:35.918,2640,0,0,0
GDBG,12:06:35.918,0,0,0,0
GRAW,12:06:36.074,0,0,0,0,0,0
GATT,12:06:36.074,-2,1
GMAG,12:06:36.074,0,0,0,-158,-74
GRCC,12:06:36.074,1500,1500,1500,1500
GRCX,12:06:36.074,1500,1500,1500,1500
GMOT,12:06:36.074,950,950,950,950,0,0,0,0
GNAV,12:06:36.074,0,0,0,0
GPAR,12:06:36.074,2812,0,0,0
GDBG,12:06:36.074,0,0,0,0
GRAW,12:06:36.261,0,0,0,0,0,0
GATT,12:06:36.261,-2,1
GMAG,12:06:36.261,0,0,0,-158,-77
GRCC,12:06:36.261,1500,1500,1500,1500
GRCX,12:06:36.261,1500,1500,1500,1500
GMOT,12:06:36.261,950,950,950,950,0,0,0,0
GNAV,12:06:36.261,0,0,0,0
GPAR,12:06:36.261,2644,0,0,0
GDBG,12:06:36.261,0,0,0,0
GRAW,12:06:36.417,0,0,0,0,0,0
GATT,12:06:36.417,-2,1
GMAG,12:06:36.417,0,0,0,-158,-79
GRCC,12:06:36.417,1500,1500,1500,1500
GRCX,12:06:36.417,1500,1500,1500,1500
GMOT,12:06:36.417,950,950,950,950,0,0,0,0
GNAV,12:06:36.417,0,0,0,0
GPAR,12:06:36.417,3080,0,0,0
GDBG,12:06:36.417,0,0,0,0
GRAW,12:06:36.576,0,0,0,0,0,0
GATT,12:06:36.576,-2,1
GMAG,12:06:36.576,0,0,0,-158,-78
GRCC,12:06:36.576,1500,1500,15