MultiWii telemetry log. Start time:2015/11/18 15:24:04.824
GRAW,15:24:07.316,0,0,0,0,0,0
GATT,15:24:07.316,0,-1
GMAG,15:24:07.316,0,0,0,45,39
GRCC,15:24:07.316,1490,1065,1491,1498
GRCX,15:24:07.316,1068,1492,1500,1500
GMOT,15:24:07.316,950,950,950,950,0,0,0,0
GNAV,15:24:07.316,0,0,0,0
GPAR,15:24:07.316,3092,0,0,0
GDBG,15:24:07.316,0,0,0,0
GRAW,15:24:07.519,0,0,0,0,0,0
GATT,15:24:07.519,-1,-2
GMAG,15:24:07.519,0,0,0,50,3
GRCC,15:24:07.519,1490,1066,1497,1490
GRCX,15:24:07.519,1068,1490,1500,1500
GMOT,15:24:07.519,950,950,950,950,0,0,0,0
GNAV,15:24:07.519,0,0,0,0
GPAR,15:24:07.519,3092,0,0,0
GDBG,15:24:07.519,0,0,0,0
GRAW,15:24:07.708,0,0,0,0,0,0
GATT,15:24:07.708,0,-1
GMAG,15:24:07.708,0,0,0,50,0
GRCC,15:24:07.708,1490,1066,1497,1490
GRCX,15:24:07.708,1068,1490,1500,1500
GMOT,15:24:07.708,950,950,950,950,0,0,0,0
GNAV,15:24:07.708,0,0,0,0
GPAR,15:24:07.708,2820,0,0,0
GDBG,15:24:07.708,0,0,0,0
GRAW,15:24:07.895,0,0,0,0,0,0
GATT,15:24:07.895,0,-1
GMAG,15:24:07.895,0,0,0,50,0
GRCC,15:24:07.895,1490,1066,1497,1490
GRCX,15:24:07.895,1068,1490,1500,1500
GMOT,15:24:07.895,950,950,950,950,0,0,0,0
GNAV,15:24:07.895,0,0,0,0
GPAR,15:24:07.895,3088,0,0,0
GDBG,15:24:07.895,0,0,0,0
GRAW,15:24:08.114,0,0,0,0,0,0
GATT,15:24:08.114,0,-2
GMAG,15:24:08.114,0,0,0,50,0
GRCC,15:24:08.114,1490,1066,1497,1490
GRCX,15:24:08.114,1068,1490,1500,1500
GMOT,15:24:08.114,950,950,950,950,0,0,0,0
GNAV,15:24:08.114,0,0,0,0
GPAR,15:24:08.114,2808,0,0,0
GDBG,15:24:08.114,0,0,0,0
GRAW,15:24:08.330,0,0,0,0,0,0
GATT,15:24:08.330,0,-1
GMAG,15:24:08.330,0,0,0,50,0
GRCC,15:24:08.330,1490,1066,1497,1490
GRCX,15:24:08.330,1068,1490,1500,1500
GMOT,15:24:08.330,950,950,950,950,0,0,0,0
GNAV,15:24:08.330,0,0,0,0
GPAR,15:24:08.330,2624,0,0,0
GDBG,15:24:08.330,0,0,0,0
GRAW,15:24:08.552,0,0,0,0,0,0
GATT,15:24:08.552,0,-1
GMAG,15:24:08.552,0,0,0,50,0
GRCC,15:24:08.552,1490,1066,1497,1490
GRCX,15:24:08.552,1068,1490,1500,1500
GMOT,15:24:08.552,950,950,950,950,0,0,0,0
GNAV,15:24:08.552,0,0,0,0
GPAR,15:24:08.552,2804,0,0,0
GDBG,15:24:08.552,0,0,0,0
GRAW,15:24:08.768,0,0,0,0,0,0
GATT,15:24:08.768,0,-2
GMAG,15:24:08.768,0,0,0,55,0
GRCC,15:24:08.768,1490,1066,1497,1490
GRCX,15:24:08.768,1068,1490,1500,1500
GMOT,15:24:08.768,950,950,950,950,0,0,0,0
GNAV,15:24:08.768,0,0,0,0
GPAR,15:24:08.768,2788,0,0,0
GDBG,15:24:08.768,0,0,0,0
GRAW,15:24:08.955,0,0,0,0,0,0
GATT,15:24:08.955,0,-2
GMAG,15:24:08.955,0,0,0,54,0
GRCC,15:24:08.955,1490,1066,1497,1490
GRCX,15:24:08.955,1068,1490,1500,1500
GMOT,15:24:08.955,950,950,950,950,0,0,0,0
GNAV,15:24:08.955,0,0,0,0
GPAR,15:24:08.955,2644,0,0,0
GDBG,15:24:08.955,0,0,0,0
GRAW,15:24:09.143,0,0,0,0,0,0
GATT,15:24:09.143,0,-2
GMAG,15:24:09.143,0,0,0,54,0
GRCC,15:24:09.143,1490,1066,1497,1490
GRCX,15:24:09.143,1068,1490,1500,1500
GMOT,15:24:09.143,950,950,950,950,0,0,0,0
GNAV,15:24:09.143,0,0,0,0
GPAR,15:24:09.143,3084,0,0,0
GDBG,15:24:09.143,0,0,0,0
GRAW,15:24:09.330,0,0,0,0,0,0
GATT,15:24:09.330,0,-2
GMAG,15:24:09.330,0,0,0,54,0
GRCC,15:24:09.330,1490,1066,1497,1490
GRCX,15:24:09.330,1068,1490,1500,1500
GMOT,15:24:09.330,950,950,950,950,0,0,0,0
GNAV,15:24:09.330,0,0,0,0
GPAR,15:24:09.330,2652,0,0,0
GDBG,15:24:09.330,0,0,0,0
GRAW,15:24:09.516,0,0,0,0,0,0
GATT,15:24:09.516,0,-2
GMAG,15:24:09.516,0,0,0,54,0
GRCC,15:24:09.516,1490,1066,1497,1490
GRCX,15:24:09.516,1068,1490,1500,1500
GMOT,15:24:09.516,950,950,950,950,0,0,0,0
GNAV,15:24:09.516,0,0,0,0
GPAR,15:24:09.516,3060,0,0,0
GDBG,15:24:09.516,0,0,0,0
GRAW,15:24:09.737,0,0,0,0,0,0
GATT,15:24:09.737,0,-1
GMAG,15:24:09.737,0,0,0,48,0
GRCC,15:24:09.737,1490,1066,1497,1490
GRCX,15:24:09.737,1068,1490,1500,1500
GMOT,15:24:09.737,950,950,950,950,0,0,0,0
GNAV,15:24:09.737,0,0,0,0
GPAR,15:24:09.737,2648,0,0,0
GDBG,15:24:09.737,0,0,0,0
GRAW,15:24:09.921,0,0,0,0,0,0
GATT,15:24:09.921,0,-1
GMAG,15:24:09.921,0,0,0,48,0
GRCC,15:24:09.921,1490,1066,1497,1490
GRCX,15:24:09.921,1068,1490,1500,1500
GMOT,15:24:09.921,950,950,950,950,0,0,0,0
GNAV,15:24:09.921,0,0,0,0
GPAR,15:24:09.921,2664,0,0,0
GDBG,15:24:09.921,0,0,0,0
GRAW,15:24:10.109,0,0,0,0,0,0
GATT,15:24:10.109,0,-1
GMAG,15:24:10.109,0,0,0,48,0
GRCC,15:24:10.109,1490,1066,1497,1490
GRCX,15:24:10.109,1068,1490,1500,1500
GMOT,15:24:10.109,950,950,950,950,0,0,0,0
GNAV,15:24:10.109,0,0,0,0
GPAR,15:24:10.109,2612,0,0,0
GDBG,15:24:10.109,0,0,0,0
GRAW,15:24:10.327,0,0,0,0,0,0
GATT,15:24:10.327,0,-1
GMAG,15:24:10.327,0,0,0,48,0
GRCC,15:24:10.327,1490,1066,1497,1490
GRCX,15:24:10.327,1068,1490,1500,1500
GMOT,15:24:10.327,950,950,950,950,0,0,0,0
GNAV,15:24:10.327,0,0,0,0
GPAR,15:24:10.327,2640,0,0,0
GDBG,15:24:10.327,0,0,0,0
GRAW,15:24:10.548,0,0,0,0,0,0
GATT,15:24:10.548,0,-1
GMAG,15:24:10.548,0,0,0,49,0
GRCC,15:24:10.548,1490,1066,1497,1490
GRCX,15:24:10.548,1068,1490,1500,1500
GMOT,15:24:10.548,950,950,950,950,0,0,0,0
GNAV,15:24:10.548,0,0,0,0
GPAR,15:24:10.548,2616,0,0,0
GDBG,15:24:10.548,0,0,0,0
GRAW,15:24:10.764,0,0,0,0,0,0
GATT,15:24:10.764,0,-1
GMAG,15:24:10.764,0,0,0,49,0
GRCC,15:24:10.764,1492,1066,1497,1490
GRCX,15:24:10.764,1068,1490,1500,1500
GMOT,15:24:10.765,950,950,950,950,0,0,0,0
GNAV,15:24:10.765,0,0,0,0
GPAR,15:24:10.765,2640,0,0,0
GDBG,15:24:10.765,0,0,0,0
GRAW,15:24:10.982,0,0,0,0,0,0
GATT,15:24:10.982,0,-1
GMAG,15:24:10.982,0,0,0,49,0
GRCC,15:24:10.982,1492,1066,1497,1490
GRCX,15:24:10.982,1068,1490,1500,1500
GMOT,15:24:10.982,950,950,950,950,0,0,0,0
GNAV,15:24:10.982,0,0,0,0
GPAR,15:24:10.982,2640,0,0,0
GDBG,15:24:10.982,0,0,0,0
GRAW,15:24:11.202,0,0,0,0,0,0
GATT,15:24:11.202,0,-1
GMAG,15:24:11.202,0,0,0,49,0
GRCC,15:24:11.202,1492,1066,1497,1490
GRCX,15:24:11.202,1068,1490,1500,1500
GMOT,15:24:11.202,950,950,950,950,0,0,0,0
GNAV,15:24:11.202,0,0,0,0
GPAR,15:24:11.202,2656,0,0,0
GDBG,15:24:11.202,0,0,0,0
GRAW,15:24:11.420,0,0,0,0,0,0
GATT,15:24:11.420,0,-1
GMAG,15:24:11.420,0,0,0,49,0
GRCC,15:24:11.420,1492,1066,1497,1490
GRCX,15:24:11.420,1068,1490,1500,1500
GMOT,15:24:11.420,950,950,950,950,0,0,0,0
GNAV,15:24:11.420,0,0,0,0
GPAR,15:24:11.420,2940,0,0,0
GDBG,15:24:11.420,0,0,0,0
GRAW,15:24:11.608,0,0,0,0,0,0
GATT,15:24:11.608,0,-1
GMAG,15:24:11.608,0,0,0,49,0
GRCC,15:24:11.608,1492,1066,1497,1490
GRCX,15:24:11.608,1068,1490,1500,1500
GMOT,15:24:11.608,950,950,950,950,0,0,0,0
GNAV,15:24:11.608,0,0,0,0
GPAR,15:24:11.608,3052,0,0,0
GDBG,15:24:11.608,0,0,0,0
GRAW,15:24:11.825,0,0,0,0,0,0
GATT,15:24:11.825,0,-1
GMAG,15:24:11.825,0,0,0,49,-1
GRCC,15:24:11.825,1492,1066,1497,1490
GRCX,15:24:11.825,1068,1490,1500,1500
GMOT,15:24:11.825,950,950,950,950,0,0,0,0
GNAV,15:24:11.825,0,0,0,0
GPAR,15:24:11.825,2804,0,0,0
GDBG,15:24:11.825,0,0,0,0
GRAW,15:24:12.043,0,0,0,0,0,0
GATT,15:24:12.043,0,-1
GMAG,15:24:12.043,0,0,0,50,5
GRCC,15:24:12.043,1492,1066,1497,1490
GRCX,15:24:12.043,1068,1490,1500,1500
GMOT,15:24:12.043,950,950,950,950,0,0,0,0
GNAV,15:24:12.043,0,0,0,0
GPAR,15:24:12.043,2632,0,0,0
GDBG,15:24:12.043,0,0,0,0
GRAW,15:24:12.230,0,0,0,0,0,0
GATT,15:24:12.231,-1,-1
GMAG,15:24:12.231,0,0,0,50,7
GRCC,15:24:12.231,1492,1066,1497,1490
GRCX,15:24:12.231,1068,1490,1500,1500
GMOT,15:24:12.231,950,950,950,950,0,0,0,0
GNAV,15:24:12.231,0,0,0,0
GPAR,15:24:12.231,2692,0,0,0
GDBG,15:24:12.231,0,0,0,0
GRAW,15:24:12.419,0,0,0,0,0,0
GATT,15:24:12.419,-1,-1
GMAG,15:24:12.419,0,0,0,50,0
GRCC,15:24:12.419,1492,1066,1497,1490
GRCX,15:24:12.419,1068,1490,1500,1500
GMOT,15:24:12.419,950,950,950,950,0,0,0,0
GNAV,15:24:12.419,0,0,0,0
GPAR,15:24:12.419,2684,0,0,0
GDBG,15:24:12.419,0,0,0,0
GRAW,15:24:12.604,0,0,0,0,0,0
GATT,15:24:12.604,-1,-1
GMAG,15:24:12.604,0,0,0,50,-15
GRCC,15:24:12.604,1492,1066,1497,1490
GRCX,15:24:12.604,1068,1490,1500,1500
GMOT,15:24:12.604,950,950,950,950,0,0,0,0
GNAV,15:24:12.604,0,0,0,0
GPAR,15:24:12.604,2812,0,0,0
GDBG,15:24:12.604,0,0,0,0
GRAW,15:24:12.793,0,0,0,0,0,0
GATT,15:24:12.793,-1,-1
GMAG,15:24:12.793,0,0,0,50,-20
GRCC,15:24:12.793,1492,1066,1497,1490
GRCX,15:24:12.793,1068,1490,1500,1500
GMOT,15:24:12.793,950,950,950,950,0,0,0,0
GNAV,15:24:12.793,0,0,0,0
GPAR,15:24:12.793,2636,0,0,0
GDBG,15:24:12.793,0,0,0,0
GRAW,15:24:12.982,0,0,0,0,0,0
GATT,15:24:12.982,-1,-1
GMAG,15:24:12.982,0,0,0,50,-25
GRCC,15:24:12.982,1492,1066,1497,1490
GRCX,15:24:12.982,1068,1490,1500,1500
GMOT,15:24:12.982,950,950,950,950,0,0,0,0
GNAV,15:24:12.982,0,0,0,0
GPAR,15:24:12.982,2852,0,0,0
GDBG,15:24:12.982,0,0,0,0
GRAW,15:24:13.168,0,0,0,0,0,0
GATT,15:24:13.168,-1,-1
GMAG,15:24:13.168,0,0,0,50,-27
GRCC,15:24:13.168,1492,1066,1497,1490
GRCX,15:24:13.168,1068,1490,1500,1500
GMOT,15:24:13.168,950,950,950,950,0,0,0,0
GNAV,15:24:13.168,0,0,0,0
GPAR,15:24:13.168,2928,0,0,0
GDBG,15:24:13.168,0,0,0,0
GRAW,15:24:13.385,0,0,0,0,0,0
GATT,15:24:13.385,0,-1
GMAG,15:24:13.385,0,0,0,54,-21
GRCC,15:24:13.385,1492,1066,1497,1490
GRCX,15:24:13.385,1068,1490,1500,1500
GMOT,15:24:13.385,950,950,950,950,0,0,0,0
GNAV,15:24:13.385,0,0,0,0
GPAR,15:24:13.385,2796,0,0,0
GDBG,15:24:13.385,0,0,0,0
GRAW,15:24:13.603,0,0,0,0,0,0
GATT,15:24:13.603,0,-1
GMAG,15:24:13.603,0,0,0,52,-16
GRCC,15:24:13.603,1492,1066,1497,1490
GRCX,15:24:13.603,1068,1490,1500,1500
GMOT,15:24:13.603,950,950,950,950,0,0,0,0
GNAV,15:24:13.603,0,0,0,0
GPAR,15:24:13.603,2676,0,0,0
GDBG,15:24:13.603,0,0,0,0
GRAW,15:24:13.790,0,0,0,0,0,0
GATT,15:24:13.790,0,-1
GMAG,15:24:13.790,0,0,0,52,-16
GRCC,15:24:13.790,1492,1066,1497,1490
GRCX,15:24:13.790,1068,1490,1500,1500
GMOT,15:24:13.790,950,950,950,950,0,0,0,0
GNAV,15:24:13.790,0,0,0,0
GPAR,15:24:13.790,2664,0,0,0
GDBG,15:24:13.790,0,0,0,0
GRAW,15:24:13.980,0,0,0,0,0,0
GATT,15:24:13.980,0,-1
GMAG,15:24:13.980,0,0,0,51,-15
GRCC,15:24:13.980,1492,1066,1497,1490
GRCX,15:24:13.980,1068,1490,1500,1500
GMOT,15:24:13.980,950,950,950,950,0,0,0,0
GNAV,15:24:13.980,0,0,0,0
GPAR,15:24:13.980,2644,0,0,0
GDBG,15:24:13.980,0,0,0,0
GRAW,15:24:14.200,0,0,0,0,0,0
GATT,15:24:14.200,0,-1
GMAG,15:24:14.200,0,0,0,51,-15
GRCC,15:24:14.200,1492,1066,1497,1490
GRCX,15:24:14.200,1068,1490,1500,1500
GMOT,15:24:14.200,950,950,950,950,0,0,0,0
GNAV,15:24:14.200,0,0,0,0
GPAR,15:24:14.200,2636,0,0,0
GDBG,15:24:14.200,0,0,0,0
GRAW,15:24:14.415,0,0,0,0,0,0
GATT,15:24:14.415,0,-1
GMAG,15:24:14.415,0,0,0,51,-15
GRCC,15:24:14.415,1492,1066,1497,1490
GRCX,15:24:14.415,1068,1490,1500,1500
GMOT,15:24:14.415,950,950,950,950,0,0,0,0
GNAV,15:24:14.415,0,0,0,0
GPAR,15:24:14.415,2648,0,0,0
GDBG,15:24:14.415,0,0,0,0
GRAW,15:24:14.604,0,0,0,0,0,0
GATT,15:24:14.604,0,-1
GMAG,15:24:14.604,0,0,0,51,-14
GRCC,15:24:14.604,1492,1066,1497,1490
GRCX,15:24:14.604,1068,1490,1500,1500
GMOT,15:24:14.604,950,950,950,950,0,0,0,0
GNAV,15:24:14.604,0,0,0,0
GPAR,15:24:14.604,3148,0,0,0
GDBG,15:24:14.604,0,0,0,0
GRAW,15:24:14.824,0,0,0,0,0,0
GATT,15:24:14.824,0,-1
GMAG,15:24:14.824,0,0,0,51,-9
GRCC,15:24:14.824,1492,1066,1497,1490
GRCX,15:24:14.824,1068,1490,1500,1500
GMOT,15:24:14.824,950,950,950,950,0,0,0,0
GNAV,15:24:14.824,0,0,0,0
GPAR,15:24:14.824,2664,0,0,0
GDBG,15:24:14.824,0,0,0,0
GRAW,15:24:15.039,0,0,0,0,0,0
GATT,15:24:15.039,0,-1
GMAG,15:24:15.039,0,0,0,51,-4
GRCC,15:24:15.039,1492,1066,1497,1490
GRCX,15:24:15.039,1068,1490,1500,1500
GMOT,15:24:15.039,950,950,950,950,0,0,0,0
GNAV,15:24:15.039,0,0,0,0
GPAR,15:24:15.039,2664,0,0,0
GDBG,15:24:15.039,0,0,0,0
GRAW,15:24:15.256,0,0,0,0,0,0
GATT,15:24:15.256,0,-1
GMAG,15:24:15.256,0,0,0,51,2
GRCC,15:24:15.256,1492,1066,1497,1490
GRCX,15:24:15.256,1068,1490,1500,1500
GMOT,15:24:15.256,950,950,950,950,0,0,0,0
GNAV,15:24:15.256,0,0,0,0
GPAR,15:24:15.256,2800,0,0,0
GDBG,15:24:15.256,0,0,0,0
GRAW,15:24:15.446,0,0,0,0,0,0
GATT,15:24:15.446,0,-1
GMAG,15:24:15.446,0,0,0,51,7
GRCC,15:24:15.446,1492,1066,1497,1490
GRCX,15:24:15.446,1068,1490,1500,1500
GMOT,15:24:15.446,950,950,950,950,0,0,0,0
GNAV,15:24:15.446,0,0,0,0
GPAR,15:24:15.446,2624,0,0,0
GDBG,15:24:15.446,0,0,0,0
GRAW,15:24:15.634,0,0,0,0,0,0
GATT,15:24:15.634,0,-1
GMAG,15:24:15.634,0,0,0,51,12
GRCC,15:24:15.634,1492,1066,1497,1490
GRCX,15:24:15.634,1068,1490,1500,1500
GMOT,15:24:15.634,950,950,950,950,0,0,0,0
GNAV,15:24:15.634,0,0,0,0
GPAR,15:24:15.634,2916,0,0,0
GDBG,15:24:15.634,0,0,0,0
GRAW,15:24:15.819,0,0,0,0,0,0
GATT,15:24:15.819,0,-1
GMAG,15:24:15.819,0,0,0,51,14
GRCC,15:24:15.819,1492,1066,1497,1490
GRCX,15:24:15.819,1068,1490,1500,1500
GMOT,15:24:15.819,950,950,950,950,0,0,0,0
GNAV,15:24:15.819,0,0,0,0
GPAR,15:24:15.819,2640,0,0,0
GDBG,15:24:15.819,0,0,0,0
GRAW,15:24:16.007,0,0,0,0,0,0
GATT,15:24:16.007,0,-1
GMAG,15:24:16.007,0,0,0,52,18
GRCC,15:24:16.007,1492,1066,1497,1490
GRCX,15:24:16.007,1068,1492,1500,1500
GMOT,15:24:16.007,950,950,950,950,0,0,0,0
GNAV,15:24:16.007,0,0,0,0
GPAR,15:24:16.007,2668,0,0,0
GDBG,15:24:16.007,0,0,0,0
GRAW,15:24:16.224,0,0,0,0,0,0
GATT,15:24:16.224,0,-1
GMAG,15:24:16.224,0,0,0,51,12
GRCC,15:24:16.224,1492,1066,1497,1490
GRCX,15:24:16.224,1068,1492,1500,1500
GMOT,15:24:16.224,950,950,950,950,0,0,0,0
GNAV,15:24:16.224,0,0,0,0
GPAR,15:24:16.224,2816,0,0,0
GDBG,15:24:16.224,0,0,0,0
GRAW,15:24:16.412,0,0,0,0,0,0
GATT,15:24:16.412,0,-1
GMAG,15:24:16.412,0,0,0,51,6
GRCC,15:24:16.412,1492,1066,1497,1490
GRCX,15:24:16.412,1068,1492,1500,1500
GMOT,15:24:16.412,950,950,950,950,0,0,0,0
GNAV,15:24:16.412,0,0,0,0
GPAR,15:24:16.412,2644,0,0,0
GDBG,15:24:16.412,0,0,0,0
GRAW,15:24:16.633,0,0,0,0,0,0
GATT,15:24:16.633,0,-1
GMAG,15:24:16.633,0,0,0,52,-7
GRCC,15:24:16.633,1492,1066,1497,1469
GRCX,15:24:16.633,1068,1492,1500,1500
GMOT,15:24:16.633,950,950,950,950,0,0,0,0
GNAV,15:24:16.633,0,0,0,0
GPAR,15:24:16.633,2632,0,0,0
GDBG,15:24:16.633,0,0,0,0
GRAW,15:24:16.848,0,0,0,0,0,0
GATT,15:24:16.848,0,-1
GMAG,15:24:16.848,0,0,0,52,-19
GRCC,15:24:16.848,1443,1066,1497,1286
GRCX,15:24:16.848,1068,1492,1500,1500
GMOT,15:24:16.848,950,950,950,950,0,0,0,0
GNAV,15:24:16.848,0,0,0,0
GPAR,15:24:16.848,3124,0,0,0
GDBG,15:24:16.848,0,0,0,0
GRAW,15:24:17.068,0,0,0,0,0,0
GATT,15:24:17.068,0,-1
GMAG,15:24:17.068,0,0,0,52,-23
GRCC,15:24:17.068,1462,1066,1497,1478
GRCX,15:24:17.068,1068,1492,1500,1500
GMOT,15:24:17.068,950,950,950,950,0,0,0,0
GNAV,15:24:17.068,0,0,0,0
GPAR,15:24:17.068,2852,0,0,0
GDBG,15:24:17.068,0,0,0,0
GRAW,15:24:17.289,0,0,0,0,0,0
GATT,15:24:17.289,0,-1
GMAG,15:24:17.289,0,0,0,52,-27
GRCC,15:24:17.289,1489,1066,1497,1485
GRCX,15:24:17.289,1068,1492,1500,1500
GMOT,15:24:17.289,950,950,950,950,0,0,0,0
GNAV,15:24:17.289,0,0,0,0
GPAR,15:24:17.289,2668,0,0,0
GDBG,15:24:17.289,0,0,0,0
GRAW,15:24:17.505,0,0,0,0,0,0
GATT,15:24:17.505,0,-1
GMAG,15:24:17.505,0,0,0,52,-23
GRCC,15:24:17.505,1469,1066,1497,1398
GRCX,15:24:17.505,1068,1492,1500,1500
GMOT,15:24:17.505,950,950,950,950,0,0,0,0
GNAV,15:24:17.505,0,0,0,0
GPAR,15:24:17.505,3120,0,0,0
GDBG,15:24:17.505,0,0,0,0
GRAW,15:24:17.692,0,0,0,0,0,0
GATT,15:24:17.692,0,-1
GMAG,15:24:17.692,0,0,0,52,-17
GRCC,15:24:17.692,1489,1066,1497,1481
GRCX,15:24:17.692,1068,1492,1500,1500
GMOT,15:24:17.692,950,950,950,950,0,0,0,0
GNAV,15:24:17.692,0,0,0,0
GPAR,15:24:17.692,2908,0,0,0
GDBG,15:24:17.692,0,0,0,0
GRAW,15:24:17.880,0,0,0,0,0,0
GATT,15:24:17.880,0,-1
GMAG,15:24:17.880,0,0,0,52,-13
GRCC,15:24:17.880,1489,1066,1497,1490
GRCX,15:24:17.880,1068,1492,1500,1500
GMOT,15:24:17.880,950,950,950,950,0,0,0,0
GNAV,15:24:17.880,0,0,0,0
GPAR,15:24:17.880,2656,0,0,0
GDBG,15:24:17.880,0,0,0,0
GRAW,15:24:18.068,0,0,0,0,0,0
GATT,15:24:18.068,0,-1
GMAG,15:24:18.068,0,0,0,52,-8
GRCC,15:24:18.068,1489,1066,1497,1482
GRCX,15:24:18.068,1068,1492,1500,1500
GMOT,15:24:18.068,950,950,950,950,0,0,0,0
GNAV,15:24:18.068,0,0,0,0
GPAR,15:24:18.068,2608,0,0,0
GDBG,15:24:18.068,0,0,0,0
GRAW,15:24:18.254,0,0,0,0,0,0
GATT,15:24:18.254,0,-1
GMAG,15:24:18.254,0,0,0,52,-4
GRCC,15:24:18.254,1489,1066,1497,1482
GRCX,15:24:18.254,1068,1492,1500,1500
GMOT,15:24:18.254,950,950,950,950,0,0,0,0
GNAV,15:24:18.254,0,0,0,0
GPAR,15:24:18.254,2812,0,0,0
GDBG,15:24:18.254,0,0,0,0
GRAW,15:24:18.440,0,0,0,0,0,0
GATT,15:24:18.440,0,-1
GMAG,15:24:18.440,0,0,0,52,-3
GRCC,15:24:18.440,1489,1066,1497,1482
GRCX,15:24:18.440,1068,1492,1500,1500
GMOT,15:24:18.440,950,950,950,950,0,0,0,0
GNAV,15:24:18.440,0,0,0,0
GPAR,15:24:18.440,2664,0,0,0
GDBG,15:24:18.440,0,0,0,0
GRAW,15:24:18.628,0,0,0,0,0,0
GATT,15:24:18.628,0,-1
GMAG,15:24:18.628,0,0,0,52,-1
GRCC,15:24:18.628,1489,1066,1497,1450
GRCX,15:24:18.628,1068,1492,1500,1500
GMOT,15:24:18.628,950,950,950,950,0,0,0,0
GNAV,15:24:18.628,0,0,0,0
GPAR,15:24:18.628,2816,0,0,0
GDBG,15:24:18.628,0,0,0,0
GRAW,15:24:18.816,0,0,0,0,0,0
GATT,15:24:18.816,0,-1
GMAG,15:24:18.816,0,0,0,52,1
GRCC,15:24:18.816,1489,1066,1497,1337
GRCX,15:24:18.816,1068,1492,1500,1500
GMOT,15:24:18.816,950,950,950,950,0,0,0,0
GNAV,15:24:18.816,0,0,0,0
GPAR,15:24:18.816,2860,0,0,0
GDBG,15:24:18.816,0,0,0,0
GRAW,15:24:19.002,0,0,0,0,0,0
GATT,15:24:19.002,0,-1
GMAG,15:24:19.002,0,0,0,52,2
GRCC,15:24:19.002,1489,1066,1497,1220
GRCX,15:24:19.002,1068,1492,1500,1500
GMOT,15:24:19.002,950,950,950,950,0,0,0,0
GNAV,15:24:19.002,0,0,0,0
GPAR,15:24:19.002,2664,0,0,0
GDBG,15:24:19.002,0,0,0,0
GRAW,15:24:19.188,0,0,0,0,0,0
GATT,15:24:19.188,0,-1
GMAG,15:24:19.188,0,0,0,52,-1
GRCC,15:24:19.188,1489,1066,1497,1123
GRCX,15:24:19.188,1068,1492,1500,1500
GMOT,15:24:19.188,950,950,950,950,0,0,0,0
GNAV,15:24:19.188,0,0,0,0
GPAR,15:24:19.188,2624,0,0,0
GDBG,15:24:19.188,0,0,0,0
GRAW,15:24:19.376,0,0,0,0,0,0
GATT,15:24:19.376,0,-1
GMAG,15:24:19.376,0,0,0,52,-3
GRCC,15:24:19.376,1489,1066,1497,1065
GRCX,15:24:19.376,1068,1492,1500,1500
GMOT,15:24:19.376,950,950,950,950,0,0,0,0
GNAV,15:24:19.376,0,0,0,0
GPAR,15:24:19.376,2676,0,0,0
GDBG,15:24:19.376,0,0,0,0
GRAW,15:24:19.595,0,0,0,0,0,0
GATT,15:24:19.595,0,-1
GMAG,15:24:19.595,0,0,0,52,-13
GRCC,15:24:19.595,1489,1066,1497,1109
GRCX,15:24:19.595,1068,1492,1500,1500
GMOT,15:24:19.595,950,950,950,950,0,0,0,0
GNAV,15:24:19.595,0,0,0,0
GPAR,15:24:19.595,2616,0,0,0
GDBG,15:24:19.595,0,0,0,0
GRAW,15:24:19.813,0,0,0,0,0,0
GATT,15:24:19.813,0,-1
GMAG,15:24:19.813,0,0,0,52,-17
GRCC,15:24:19.813,1489,1066,1497,1462
GRCX,15:24:19.813,1068,1492,1500,1500
GMOT,15:24:19.813,950,950,950,950,0,0,0,0
GNAV,15:24:19.813,0,0,0,0
GPAR,15:24:19.813,2628,0,0,0
GDBG,15:24:19.813,0,0,0,0
GRAW,15:24:20.002,0,0,0,0,0,0
GATT,15:24:20.002,0,-1
GMAG,15:24:20.002,0,0,0,52,-14
GRCC,15:24:20.002,1489,1066,1497,1478
GRCX,15:24:20.002,1068,1492,1500,1500
GMOT,15:24:20.002,950,950,950,950,0,0,0,0
GNAV,15:24:20.002,0,0,0,0
GPAR,15:24:20.002,2620,0,0,0
GDBG,15:24:20.002,0,0,0,0
GRAW,15:24:20.221,0,0,0,0,0,0
GATT,15:24:20.221,0,-1
GMAG,15:24:20.221,0,0,0,52,-12
GRCC,15:24:20.221,1489,1066,1497,1481
GRCX,15:24:20.221,1068,1492,1500,1500
GMOT,15:24:20.221,950,950,950,950,0,0,0,0
GNAV,15:24:20.221,0,0,0,0
GPAR,15:24:20.221,2620,0,0,0
GDBG,15:24:20.221,0,0,0,0
GRAW,15:24:20.437,0,0,0,0,0,0
GATT,15:24:20.437,0,-1
GMAG,15:24:20.437,0,0,0,52,-11
GRCC,15:24:20.437,1489,1066,1497,1482
GRCX,15:24:20.437,1068,1492,1500,1500
GMOT,15:24:20.437,950,950,950,950,0,0,0,0
GNAV,15:24:20.437,0,0,0,0
GPAR,15:24:20.437,2640,0,0,0
GDBG,15:24:20.437,0,0,0,0
GRAW,15:24:20.655,0,0,0,0,0,0
GATT,15:24:20.655,0,-1
GMAG,15:24:20.655,0,0,0,52,-8
GRCC,15:24:20.655,1489,1066,1497,1482
GRCX,15:24:20.655,1068,1492,1500,1500
GMOT,15:24:20.655,950,950,950,950,0,0,0,0
GNAV,15:24:20.655,0,0,0,0
GPAR,15:24:20.655,2876,0,0,0
GDBG,15:24:20.655,0,0,0,0
GRAW,15:24:20.873,0,0,0,0,0,0
GATT,15:24:20.873,0,-1
GMAG,15:24:20.873,0,0,0,52,-8
GRCC,15:24:20.873,1489,1149,1497,1482
GRCX,15:24:20.873,1068,1492,1500,1500
GMOT,15:24:20.873,950,950,950,950,0,0,0,0
GNAV,15:24:20.874,0,0,0,0
GPAR,15:24:20.874,2640,0,0,0
GDBG,15:24:20.874,0,0,0,0
GRAW,15:24:21.091,0,0,0,0,0,0
GATT,15:24:21.091,0,-1
GMAG,15:24:21.091,0,0,0,52,-13
GRCC,15:24:21.091,1489,1123,1497,1482
GRCX,15:24:21.091,1068,1492,1500,1500
GMOT,15:24:21.091,950,950,950,950,0,0,0,0
GNAV,15:24:21.091,0,0,0,0
GPAR,15:24:21.091,2892,0,0,0
GDBG,15:24:21.091,0,0,0,0
GRAW,15:24:21.280,0,0,0,0,0,0
GATT,15:24:21.280,0,-1
GMAG,15:24:21.280,0,0,0,52,-14
GRCC,15:24:21.280,1489,1068,1497,1482
GRCX,15:24:21.280,1068,1492,1500,1500
GMOT,15:24:21.280,950,950,950,950,0,0,0,0
GNAV,15:24:21.280,0,0,0,0
GPAR,15:24:21.280,2960,0,0,0
GDBG,15:24:21.280,0,0,0,0
GRAW,15:24:21.500,0,0,0,0,0,0
GATT,15:24:21.500,0,-1
GMAG,15:24:21.500,0,0,0,52,-19
GRCC,15:24:21.500,1489,1254,1497,1481
GRCX,15:24:21.500,1068,1492,1500,1500
GMOT,15:24:21.500,950,950,950,950,0,0,0,0
GNAV,15:24:21.500,0,0,0,0
GPAR,15:24:21.500,2648,0,0,0
GDBG,15:24:21.500,0,0,0,0
GRAW,15:24:21.686,0,0,0,0,0,0
GATT,15:24:21.686,0,-1
GMAG,15:24:21.686,0,0,0,52,-26
GRCC,15:24:21.686,1489,1067,1497,1487
GRCX,15:24:21.686,1068,1492,1500,1500
GMOT,15:24:21.686,950,950,950,950,0,0,0,0
GNAV,15:24:21.686,0,0,0,0
GPAR,15:24:21.686,2908,0,0,0
GDBG,15:24:21.686,0,0,0,0
GRAW,15:24:21.873,0,0,0,0,0,0
GATT,15:24:21.873,0,-1
GMAG,15:24:21.873,0,0,0,52,-28
GRCC,15:24:21.873,1489,1067,1497,1482
GRCX,15:24:21.873,1068,1492,1500,1500
GMOT,15:24:21.873,950,950,950,950,0,0,0,0
GNAV,15:24:21.873,0,0,0,0
GPAR,15:24:21.873,2652,0,0,0
GDBG,15:24:21.873,0,0,0,0
GRAW,15:24:22.062,0,0,0,0,0,0
GATT,15:24:22.062,0,-1
GMAG,15:24:22.062,0,0,0,52,-31
GRCC,15:24:22.062,1489,1067,1497,1490
GRCX,15:24:22.062,1068,1492,1500,1500
GMOT,15:24:22.062,950,950,950,950,0,0,0,0
GNAV,15:24:22.062,0,0,0,0
GPAR,15:24:22.062,2628,0,0,0
GDBG,15:24:22.062,0,0,0,0
GRAW,15:24:22.246,0,0,0,0,0,0
GATT,15:24:22.246,0,-1
GMAG,15:24:22.246,0,0,0,52,-29
GRCC,15:24:22.246,1489,1067,1497,1490
GRCX,15:24:22.246,1068,1492,1500,1500
GMOT,15:24:22.246,950,950,950,950,0,0,0,0
GNAV,15:24:22.246,0,0,0,0
GPAR,15:24:22.246,2620,0,0,0
GDBG,15:24:22.246,0,0,0,0
GRAW,15:24:22.437,0,0,0,0,0,0
GATT,15:24:22.437,0,-1
GMAG,15:24:22.437,0,0,0,52,-27
GRCC,15:24:22.437,1489,1067,1497,1490
GRCX,15:24:22.437,1068,1492,1500,1500
GMOT,15:24:22.437,950,950,950,950,0,0,0,0
GNAV,15:24:22.437,0,0,0,0
GPAR,15:24:22.437,2632,0,0,0
GDBG,15:24:22.437,0,0,0,0
GRAW,15:24:22.623,0,0,0,0,0,0
GATT,15:24:22.623,0,-1
GMAG,15:24:22.623,0,0,0,52,-24
GRCC,15:24:22.623,1489,1162,1497,1485
GRCX,15:24:22.623,1068,1492,1500,1500
GMOT,15:24:22.623,950,950,950,950,0,0,0,0
GNAV,15:24:22.623,0,0,0,0
GPAR,15:24:22.623,2616,0,0,0
GDBG,15:24:22.623,0,0,0,0
GRAW,15:24:22.808,0,0,0,0,0,0
GATT,15:24:22.808,0,-1
GMAG,15:24:22.808,0,0,0,52,-20
GRCC,15:24:22.808,1489,1067,1497,1490
GRCX,15:24:22.808,1068,1492,1500,1500
GMOT,15:24:22.808,950,950,950,950,0,0,0,0
GNAV,15:24:22.808,0,0,0,0
GPAR,15:24:22.808,2796,0,0,0
GDBG,15:24:22.808,0,0,0,0
GRAW,15:24:23.027,0,0,0,0,0,0
GATT,15:24:23.027,0,-1
GMAG,15:24:23.027,0,0,0,52,-27
GRCC,15:24:23.027,1489,1067,1497,1488
GRCX,15:24:23.027,1068,1492,1500,1500
GMOT,15:24:23.027,950,950,950,950,0,0,0,0
GNAV,15:24:23.027,0,0,0,0
GPAR,15:24:23.027,2648,0,0,0
GDBG,15:24:23.027,0,0,0,0
GRAW,15:24:23.245,0,0,0,0,0,0
GATT,15:24:23.245,0,-1
GMAG,15:24:23.245,0,0,0,52,-34
GRCC,15:24:23.245,1489,1067,1497,1489
GRCX,15:24:23.245,1068,1492,1500,1500
GMOT,15:24:23.245,950,950,950,950,0,0,0,0
GNAV,15:24:23.245,0,0,0,0
GPAR,15:24:23.245,2664,0,0,0
GDBG,15:24:23.245,0,0,0,0
GRAW,15:24:23.463,0,0,0,0,0,0
GATT,15:24:23.463,0,-1
GMAG,15:24:23.463,0,0,0,52,-38
GRCC,15:24:23.463,1489,1067,1476,1490
GRCX,15:24:23.463,1068,1492,1500,1500
GMOT,15:24:23.463,950,950,950,950,0,0,0,0
GNAV,15:24:23.463,0,0,0,0
GPAR,15:24:23.463,2660,0,0,0
GDBG,15:24:23.463,0,0,0,0
GRAW,15:24:23.683,0,0,0,0,0,0
GATT,15:24:23.683,0,-1
GMAG,15:24:23.683,0,0,0,52,-40
GRCC,15:24:23.683,1489,1067,1495,1490
GRCX,15:24:23.683,1068,1492,1500,1500
GMOT,15:24:23.683,950,950,950,950,0,0,0,0
GNAV,15:24:23.683,0,0,0,0
GPAR,15:24:23.683,2672,0,0,0
GDBG,15:24:23.683,0,0,0,0
GRAW,15:24:23.901,0,0,0,0,0,0
GATT,15:24:23.901,0,-1
GMAG,15:24:23.901,0,0,0,52,-35
GRCC,15:24:23.901,1489,1067,1497,1490
GRCX,15:24:23.901,1068,1492,1500,1500
GMOT,15:24:23.901,950,950,950,950,0,0,0,0
GNAV,15:24:23.901,0,0,0,0
GPAR,15:24:23.901,2628,0,0,0
GDBG,15:24:23.901,0,0,0,0
GRAW,15:24:24.088,0,0,0,0,0,0
GATT,15:24:24.088,0,-1
GMAG,15:24:24.088,0,0,0,52,-36
GRCC,15:24:24.088,1489,1067,1497,1490
GRCX,15:24:24.088,1068,1492,1500,1500
GMOT,15:24:24.088,950,950,950,950,0,0,0,0
GNAV,15:24:24.088,0,0,0,0
GPAR,15:24:24.088,2948,0,0,0
GDBG,15:24:24.088,0,0,0,0
GRAW,15:24:24.305,0,0,0,0,0,0
GATT,15:24:24.305,0,-1
GMAG,15:24:24.305,0,0,0,52,-36
GRCC,15:24:24.305,1489,1067,1497,1490
GRCX,15:24:24.305,1068,1492,1500,1500
GMOT,15:24:24.305,950,950,950,950,0,0,0,0
GNAV,15:24:24.305,0,0,0,0
GPAR,15:24:24.305,2672,0,0,0
GDBG,15:24:24.305,0,0,0,0
GRAW,15:24:24.493,0,0,0,0,0,0
GATT,15:24:24.493,0,-1
GMAG,15:24:24.493,0,0,0,52,-38
GRCC,15:24:24.493,1616,1067,1497,1484
GRCX,15:24:24.493,1068,1492,1500,1500
GMOT,15:24:24.493,950,950,950,950,0,0,0,0
GNAV,15:24:24.493,0,0,0,0
GPAR,15:24:24.493,2640,0,0,0
GDBG,15:24:24.493,0,0,0,0
GRAW,15:24:24.680,0,0,0,0,0,0
GATT,15:24:24.680,0,-1
GMAG,15:24:24.680,0,0,0,52,-30
GRCC,15:24:24.680,1584,1067,1497,1487
GRCX,15:24:24.680,1068,1492,1500,1500
GMOT,15:24:24.680,950,950,950,950,0,0,0,0
GNAV,15:24:24.680,0,0,0,0
GPAR,15:24:24.680,2644,0,0,0
GDBG,15:24:24.680,0,0,0,0
GRAW,15:24:24.869,0,0,0,0,0,0
GATT,15:24:24.869,0,-1
GMAG,15:24:24.869,0,0,0,52,-26
GRCC,15:24:24.869,1493,1067,1497,1491
GRCX,15:24:24.869,1068,1492,1500,1500
GMOT,15:24:24.869,950,950,950,950,0,0,0,0
GNAV,15:24:24.869,0,0,0,0
GPAR,15:24:24.869,2788,0,0,0
GDBG,15:24:24.869,0,0,0,0
GRAW,15:24:25.085,0,0,0,0,0,0
GATT,15:24:25.085,0,-1
GMAG,15:24:25.085,0,0,0,52,-25
GRCC,15:24:25.085,1584,1067,1497,1491
GRCX,15:24:25.085,1068,1492,1500,1500
GMOT,15:24:25.085,950,950,950,950,0,0,0,0
GNAV,15:24:25.085,0,0,0,0
GPAR,15:24:25.085,2684,0,0,0
GDBG,15:24:25.085,0,0,0,0
GRAW,15:24:25.305,0,0,0,0,0,0
GATT,15:24:25.305,0,-1
GMAG,15:24:25.305,0,0,0,52,-23
GRCC,15:24:25.305,1493,1067,1497,1491
GRCX,15:24:25.305,1068,1492,1500,1500
GMOT,15:24:25.305,950,950,950,950,0,0,0,0
GNAV,15:24:25.305,0,0,0,0
GPAR,15:24:25.305,3128,0,0,0
GDBG,15:24:25.305,0,0,0,0
GRAW,15:24:25.526,0,0,0,0,0,0
GATT,15:24:25.526,0,-1
GMAG,15:24:25.526,0,0,0,52,-32
GRCC,15:24:25.526,1493,1067,1497,1491
GRCX,15:24:25.526,1068,1492,1500,1500
GMOT,15:24:25.526,950,950,950,950,0,0,0,0
GNAV,15:24:25.526,0,0,0,0
GPAR,15:24:25.526,2620,0,0,0
GDBG,15:24:25.526,0,0,0,0
GRAW,15:24:25.743,0,0,0,0,0,0
GATT,15:24:25.743,0,-1
GMAG,15:24:25.743,0,0,0,52,-36
GRCC,15:24:25.743,1493,1067,1497,1491
GRCX,15:24:25.743,1068,1492,1500,1500
GMOT,15:24:25.743,950,950,950,950,0,0,0,0
GNAV,15:24:25.743,0,0,0,0
GPAR,15:24:25.743,2660,0,0,0
GDBG,15:24:25.743,0,0,0,0
GRAW,15:24:25.960,0,0,0,0,0,0
GATT,15:24:25.960,0,-1
GMAG,15:24:25.960,0,0,0,52,-30
GRCC,15:24:25.960,1493,1067,1497,1491
GRCX,15:24:25.960,1068,1492,1500,1500
GMOT,15:24:25.960,950,950,950,950,0,0,0,0
GNAV,15:24:25.960,0,0,0,0
GPAR,15:24:25.960,2664,0,0,0
GDBG,15:24:25.960,0,0,0,0
GRAW,15:24:26.181,0,0,0,0,0,0
GATT,15:24:26.181,0,-1
GMAG,15:24:26.181,0,0,0,52,-30
GRCC,15:24:26.181,1493,1067,1497,1491
GRCX,15:24:26.181,1068,1492,1500,1500
GMOT,15:24:26.181,950,950,950,950,0,0,0,0
GNAV,15:24:26.181,0,0,0,0
GPAR,15:24:26.181,2644,0,0,0
GDBG,15:24:26.181,0,0,0,0
GRAW,15:24:26.395,0,0,0,0,0,0
GATT,15:24:26.395,0,-1
GMAG,15:24:26.395,0,0,0,52,-27
GRCC,15:24:26.395,1493,1067,1497,1491
GRCX,15:24:26.395,1068,1492,1500,1500
GMOT,15:24:26.395,950,950,950,950,0,0,0,0
GNAV,15:24:26.395,0,0,0,0
GPAR,15:24:26.395,2652,0,0,0
GDBG,15:24:26.395,0,0,0,0
GRAW,15:24:26.585,0,0,0,0,0,0
GATT,15:24:26.585,0,-1
GMAG,15:24:26.585,0,0,0,52,-27
GRCC,15:24:26.585,1493,1067,1497,1491
GRCX,15:24:26.585,1068,1492,1500,1500
GMOT,15:24:26.585,950,950,950,950,0,0,0,0
GNAV,15:24:26.585,0,0,0,0
GPAR,15:24:26.585,2624,0,0,0
GDBG,15:24:26.585,0,0,0,0
GRAW,15:24:26.804,0,0,0,0,0,0
GATT,15:24:26.804,0,-1
GMAG,15:24:26.804,0,0,0,52,-27
GRCC,15:24:26.804,1493,1225,1497,1491
GRCX,15:24:26.804,1068,1492,1500,1500
GMOT,15:24:26.804,950,950,950,950,0,0,0,0
GNAV,15:24:26.804,0,0,0,0
GPAR,15:24:26.804,2620,0,0,0
GDBG,15:24:26.804,0,0,0,0
GRAW,15:24:27.019,0,0,0,0,0,0
GATT,15:24:27.019,0,-1
GMAG,15:24:27.019,0,0,0,52,-25
GRCC,15:24:27.019,1493,1067,1497,1491
GRCX,15:24:27.019,1068,1492,1500,1500
GMOT,15:24:27.019,950,950,950,950,0,0,0,0
GNAV,15:24:27.019,0,0,0,0
GPAR,15:24:27.019,2640,0,0,0
GDBG,15:24:27.019,0,0,0,0
GRAW,15:24:27.208,0,0,0,0,0,0
GATT,15:24:27.208,0,-1
GMAG,15:24:27.208,0,0,0,52,-26
GRCC,15:24:27.208,1493,1330,1497,1491
GRCX,15:24:27.208,1068,1492,1500,1500
GMOT,15:24:27.208,950,950,950,950,0,0,0,0
GNAV,15:24:27.208,0,0,0,0
GPAR,15:24:27.208,2672,0,0,0
GDBG,15:24:27.208,0,0,0,0
GRAW,15:24:27.427,0,0,0,0,0,0
GATT,15:24:27.427,0,-1
GMAG,15:24:27.427,0,0,0,52,-25
GRCC,15:24:27.427,1493,1079,1497,1491
GRCX,15:24:27.427,1068,1492,1500,1500
GMOT,15:24:27.427,950,950,950,950,0,0,0,0
GNAV,15:24:27.427,0,0,0,0
GPAR,15:24:27.427,2652,0,0,0
GDBG,15:24:27.427,0,0,0,0
GRAW,15:24:27.644,0,0,0,0,0,0
GATT,15:24:27.644,0,-1
GMAG,15:24:27.644,0,0,0,52,-23
GRCC,15:24:27.644,1493,1286,1497,1491
GRCX,15:24:27.644,1068,1492,1500,1500
GMOT,15:24:27.644,950,950,950,950,0,0,0,0
GNAV,15:24:27.644,0,0,0,0
GPAR,15:24:27.644,2668,0,0,0
GDBG,15:24:27.644,0,0,0,0
GRAW,15:24:27.861,0,0,0,0,0,0
GATT,15:24:27.861,0,-1
GMAG,15:24:27.861,0,0,0,52,-22
GRCC,15:24:27.861,1493,1066,1497,1491
GRCX,15:24:27.861,1068,1492,1500,1500
GMOT,15:24:27.861,950,950,950,950,0,0,0,0
GNAV,15:24:27.861,0,0,0,0
GPAR,15:24:27.861,2656,0,0,0
GDBG,15:24:27.861,0,0,0,0
GRAW,15:24:28.081,0,0,0,0,0,0
GATT,15:24:28.081,0,-1
GMAG,15:24:28.081,0,0,0,52,-16
GRCC,15:24:28.081,1493,1066,1497,1491
GRCX,15:24:28.081,1068,1492,1500,1500
GMOT,15:24:28.081,950,950,950,950,0,0,0,0
GNAV,15:24:28.081,0,0,0,0
GPAR,15:24:28.081,2640,0,0,0
GDBG,15:24:28.081,0,0,0,0
GRAW,15:24:28.301,0,0,0,0,0,0
GATT,15:24:28.301,0,-1
GMAG,15:24:28.301,0,0,0,52,-16
GRCC,15:24:28.301,1493,1066,1497,1491
GRCX,15:24:28.301,1068,1492,1500,1500
GMOT,15:24:28.301,950,950,950,950,0,0,0,0
GNAV,15:24:28.301,0,0,0,0
GPAR,15:24:28.301,2644,0,0,0
GDBG,15:24:28.301,0,0,0,0
GRAW,15:24:28.521,0,0,0,0,0,0
GATT,15:24:28.521,0,-1
GMAG,15:24:28.521,0,0,0,52,-16
GRCC,15:24:28.521,1493,1066,1497,1491
GRCX,15:24:28.521,1068,1492,1500,1500
GMOT,15:24:28.521,950,950,950,950,0,0,0,0
GNAV,15:24:28.521,0,0,0,0
GPAR,15:24:28.521,2860,0,0,0
GDBG,15:24:28.521,0,0,0,0
GRAW,15:24:28.736,0,0,0,0,0,0
GATT,15:24:28.736,0,-1
GMAG,15:24:28.736,0,0,0,52,-12
GRCC,15:24:28.736,1647,1066,1497,1491
GRCX,15:24:28.736,1068,1492,1500,1500
GMOT,15:24:28.736,950,950,950,950,0,0,0,0
GNAV,15:24:28.736,0,0,0,0
GPAR,15:24:28.736,2632,0,0,0
GDBG,15:24:28.736,0,0,0,0
GRAW,15:24:28.925,0,0,0,0,0,0
GATT,15:24:28.925,0,-1
GMAG,15:24:28.925,0,0,0,52,-11
GRCC,15:24:28.925,1500,1066,1497,1491
GRCX,15:24:28.925,1068,1492,1500,1500
GMOT,15:24:28.925,950,950,950,950,0,0,0,0
GNAV,15:24:28.925,0,0,0,0
GPAR,15:24:28.925,2900,0,0,0
GDBG,15:24:28.925,0,0,0,0
GRAW,15:24:29.142,0,0,0,0,0,0
GATT,15:24:29.142,0,-1
GMAG,15:24:29.142,0,0,0,52,-11
GRCC,15:24:29.142,1677,1066,1497,1491
GRCX,15:24:29.142,1068,1492,1500,1500
GMOT,15:24:29.142,950,950,950,950,0,0,0,0
GNAV,15:24:29.142,0,0,0,0
GPAR,15:24:29.142,2656,0,0,0
GDBG,15:24:29.142,0,0,0,0
GRAW,15:24:29.360,0,0,0,0,0,0
GATT,15:24:29.360,0,-1
GMAG,15:24:29.360,0,0,0,52,-9
GRCC,15:24:29.360,1494,1066,1497,1491
GRCX,15:24:29.360,1068,1492,1500,1500
GMOT,15:24:29.360,950,950,950,950,0,0,0,0
GNAV,15:24:29.360,0,0,0,0
GPAR,15:24:29.360,2656,0,0,0
GDBG,15:24:29.360,0,0,0,0
GRAW,15:24:29.580,0,0,0,0,0,0
GATT,15:24:29.580,0,-1
GMAG,15:24:29.580,0,0,0,52,-9
GRCC,15:24:29.580,1494,1066,1497,1491
GRCX,15:24:29.580,1068,1492,1500,1500
GMOT,15:24:29.580,950,950,950,950,0,0,0,0
GNAV,15:24:29.580,0,0,0,0
GPAR,15:24:29.580,2668,0,0,0
GDBG,15:24:29.580,0,0,0,0
GRAW,15:24:29.796,0,0,0,0,0,0
GATT,15:24:29.796,0,-1
GMAG,15:24:29.796,0,0,0,52,-11
GRCC,15:24:29.796,1494,1066,1495,1491
GRCX,15:24:29.796,1068,1492,1500,1500
GMOT,15:24:29.796,950,950,950,950,0,0,0,0
GNAV,15:24:29.796,0,0,0,0
GPAR,15:24:29.796,2636,0,0,0
GDBG,15:24:29.796,0,0,0,0
GRAW,15:24:30.015,0,0,0,0,0,0
GATT,15:24:30.015,0,-1
GMAG,15:24:30.015,0,0,0,52,-9
GRCC,15:24:30.015,1494,1066,1237,1491
GRCX,15:24:30.015,1068,1492,1500,1500
GMOT,15:24:30.015,950,950,950,950,0,0,0,0
GNAV,15:24:30.015,0,0,0,0
GPAR,15:24:30.015,2932,0,0,0
GDBG,15:24:30.016,0,0,0,0
GRAW,15:24:30.202,0,0,0,0,0,0
GATT,15:24:30.202,0,-1
GMAG,15:24:30.202,0,0,0,52,-10
GRCC,15:24:30.202,1494,1066,1370,1491
GRCX,15:24:30.202,1068,1492,1500,1500
GMOT,15:24:30.202,950,950,950,950,0,0,0,0
GNAV,15:24:30.202,0,0,0,0
GPAR,15:24:30.202,2840,0,0,0
GDBG,15:24:30.202,0,0,0,0
GRAW,15:24:30.389,0,0,0,0,0,0
GATT,15:24:30.389,0,-1
GMAG,15:24:30.389,0,0,0,52,-11
GRCC,15:24:30.389,1494,1066,1215,1491
GRCX,15:24:30.389,1068,1492,1500,1500
GMOT,15:24:30.389,950,950,950,950,0,0,0,0
GNAV,15:24:30.389,0,0,0,0
GPAR,15:24:30.389,2632,0,0,0
GDBG,15:24:30.389,0,0,0,0
GRAW,15:24:30.577,0,0,0,0,0,0
GATT,15:24:30.577,0,-1
GMAG,15:24:30.577,0,0,0,52,-8
GRCC,15:24:30.578,1494,1066,1285,1491
GRCX,15:24:30.578,1068,1492,1500,1500
GMOT,15:24:30.578,950,950,950,950,0,0,0,0
GNAV,15:24:30.578,0,0,0,0
GPAR,15:24:30.578,2868,0,0,0
GDBG,15:24:30.578,0,0,0,0
GRAW,15:24:30.795,0,0,0,0,0,0
GATT,15:24:30.795,0,-1
GMAG,15:24:30.795,0,0,0,52,-3
GRCC,15:24:30.795,1492,1066,1119,1491
GRCX,15:24:30.795,1068,1492,1500,1500
GMOT,15:24:30.795,950,950,950,950,0,0,0,0
GNAV,15:24:30.795,0,0,0,0
GPAR,15:24:30.795,2628,0,0,0
GDBG,15:24:30.795,0,0,0,0
GRAW,15:24:30.983,0,0,0,0,0,0
GATT,15:24:30.983,0,-1
GMAG,15:24:30.983,0,0,0,52,-3
GRCC,15:24:30.983,1492,1066,1243,1491
GRCX,15:24:30.983,1068,1492,1500,1500
GMOT,15:24:30.983,950,950,950,950,0,0,0,0
GNAV,15:24:30.983,0,0,0,0
GPAR,15:24:30.983,2644,0,0,0
GDBG,15:24:30.983,0,0,0,0
GRAW,15:24:31.169,0,0,0,0,0,0
GATT,15:24:31.169,0,-1
GMAG,15:24:31.169,0,0,0,52,-3
GRCC,15:24:31.169,1492,1066,1171,1491
GRCX,15:24:31.169,1068,1492,1500,1500
GMOT,15:24:31.169,950,950,950,950,0,0,0,0
GNAV,15:24:31.169,0,0,0,0
GPAR,15:24:31.169,2656,0,0,0
GDBG,15:24:31.169,0,0,0,0
GRAW,15:24:31.356,0,0,0,0,0,0
GATT,15:24:31.356,0,-1
GMAG,15:24:31.356,0,0,0,52,-1
GRCC,15:24:31.356,1492,1066,1350,1491
GRCX,15:24:31.356,1068,1492,1500,1500
GMOT,15:24:31.356,950,950,950,950,0,0,0,0
GNAV,15:24:31.356,0,0,0,0
GPAR,15:24:31.356,2632,0,0,0
GDBG,15:24:31.356,0,0,0,0
GRAW,15:24:31.543,0,0,0,0,0,0
GATT,15:24:31.543,0,-1
GMAG,15:24:31.543,0,0,0,52,-3
GRCC,15:24:31.543,1492,1066,1394,1491
GRCX,15:24:31.543,1068,1492,1500,1500
GMOT,15:24:31.543,950,950,950,950,0,0,0,0
GNAV,15:24:31.543,0,0,0,0
GPAR,15:24:31.543,2648,0,0,0
GDBG,15:24:31.543,0,0,0,0
GRAW,15:24:31.762,0,0,0,0,0,0
GATT,15:24:31.762,0,-1
GMAG,15:24:31.762,0,0,0,52,-11
GRCC,15:24:31.762,1492,1066,1230,1491
GRCX,15:24:31.762,1068,1492,1500,1500
GMOT,15:24:31.762,950,950,950,950,0,0,0,0
GNAV,15:24:31.762,0,0,0,0
GPAR,15:24:31.762,2624,0,0,0
GDBG,15:24:31.762,0,0,0,0
GRAW,15:24:31.980,0,0,0,0,0,0
GATT,15:24:31.980,0,-1
GMAG,15:24:31.980,0,0,0,52,-15
GRCC,15:24:31.980,1492,1066,1469,1491
GRCX,15:24:31.980,1068,1492,1500,1500
GMOT,15:24:31.980,950,950,950,950,0,0,0,0
GNAV,15:24:31.980,0,0,0,0
GPAR,15:24:31.980,2856,0,0,0
GDBG,15:24:31.980,0,0,0,0
GRAW,15:24:32.199,0,0,0,0,0,0
GATT,15:24:32.199,0,-1
GMAG,15:24:32.199,0,0,0,52,-21
GRCC,15:24:32.199,1492,1066,1494,1491
GRCX,15:24:32.199,1068,1492,1500,1500
GMOT,15:24:32.199,950,950,950,950,0,0,0,0
GNAV,15:24:32.199,0,0,0,0
GPAR,15:24:32.199,2636,0,0,0
GDBG,15:24:32.199,0,0,0,0
GRAW,15:24:32.416,0,0,0,0,0,0
GATT,15:24:32.416,0,-1
GMAG,15:24:32.416,0,0,0,52,-20
GRCC,15:24:32.416,1492,1066,1496,1491
GRCX,15:24:32.416,1068,1492,1500,1500
GMOT,15:24:32.416,950,950,950,950,0,0,0,0
GNAV,15:24:32.416,0,0,0,0
GPAR,15:24:32.416,2648,0,0,0
GDBG,15:24:32.416,0,0,0,0
GRAW,15:24:32.637,0,0,0,0,0,0
GATT,15:24:32.637,0,-1
GMAG,15:24:32.637,0,0,0,52,-23
GRCC,15:24:32.637,1492,1066,1496,1491
GRCX,15:24:32.637,1068,1492,1500,1500
GMOT,15:24:32.637,950,950,950,950,0,0,0,0
GNAV,15:24:32.637,0,0,0,0
GPAR,15:24:32.637,2628,0,0,0
GDBG,15:24:32.637,0,0,0,0
GRAW,15:24:32.824,0,0,0,0,0,0
GATT,15:24:32.824,0,-1
GMAG,15:24:32.824,0,0,0,52,-26
GRCC,15:24:32.824,1492,1066,1496,1491
GRCX,15:24:32.824,1068,1492,1500,1500
GMOT,15:24:32.824,950,950,950,950,0,0,0,0
GNAV,15:24:32.824,0,0,0,0
GPAR,15:24:32.824,2864,0,0,0
GDBG,15:24:32.824,0,0,0,0
GRAW,15:24:33.041,0,0,0,0,0,0
GATT,15:24:33.041,0,-1
GMAG,15:24:33.041,0,0,0,52,-26
GRCC,15:24:33.041,1492,1066,1496,1491
GRCX,15:24:33.041,1068,1492,1500,1500
GMOT,15:24:33.041,950,950,950,950,0,0,0,0
GNAV,15:24:33.041,0,0,0,0
GPAR,15:24:33.041,2644,0,0,0
GDBG,15:24:33.041,0,0,0,0
GRAW,15:24:33.229,0,0,0,0,0,0
GATT,15:24:33.229,0,-1
GMAG,15:24:33.229,0,0,0,52,-32
GRCC,15:24:33.229,1492,1066,1496,1491
GRCX,15:24:33.229,1068,1492,1500,1500
GMOT,15:24:33.229,950,950,950,950,0,0,0,0
GNAV,15:24:33.229,0,0,0,0
GPAR,15:24:33.229,3096,0,0,0
GDBG,15:24:33.229,0,0,0,0
GRAW,15:24:33.447,0,0,0,0,0,0
GATT,15:24:33.447,0,-1
GMAG,15:24:33.447,0,0,0,52,-30
GRCC,15:24:33.447,1492,1066,1496,1491
GRCX,15:24:33.447,1068,1492,1500,1500
GMOT,15:24:33.447,950,950,950,950,0,0,0,0
GNAV,15:24:33.447,0,0,0,0
GPAR,15:24:33.447,2664,0,0,0
GDBG,15:24:33.447,0,0,0,0
GRAW,15:24:33.634,0,0,0,0,0,0
GATT,15:24:33.634,0,-1
GMAG,15:24:33.634,0,0,0,52,-24
GRCC,15:24:33.635,1492,1066,1496,1491
GRCX,15:24:33.635,1068,1492,1500,1500
GMOT,15:24:33.635,950,950,950,950,0,0,0,0
GNAV,15:24:33.635,0,0,0,0
GPAR,15:24:33.635,2636,0,0,0
GDBG,15:24:33.635,0,0,0,0
GRAW,15:24:33.824,0,0,0,0,0,0
GATT,15:24:33.824,0,-1
GMAG,15:24:33.824,0,0,0,52,-24
GRCC,15:24:33.824,1492,1066,1496,1491
GRCX,15:24:33.824,1068,1492,1500,1500
GMOT,15:24:33.824,950,950,950,950,0,0,0,0
GNAV,15:24:33.824,0,0,0,0
GPAR,15:24:33.824,2660,0,0,0
GDBG,15:24:33.824,0,0,0,0
GRAW,15:24:34.011,0,0,0,0,0,0
GATT,15:24:34.011,0,-1
GMAG,15:24:34.011,0,0,0,52,-12
GRCC,15:24:34.011,1492,1066,1496,1491
GRCX,15:24:34.011,1068,1492,1500,1500
GMOT,15:24:34.011,950,950,950,950,0,0,0,0
GNAV,15:24:34.011,0,0,0,0
GPAR,15:24:34.011,2636,0,0,0
GDBG,15:24:34.011,0,0,0,0
GRAW,15:24:34.198,0,0,0,0,0,0
GATT,15:24:34.198,0,-1
GMAG,15:24:34.198,0,0,0,52,-9
GRCC,15:24:34.198,1492,1066,1496,1491
GRCX,15:24:34.198,1068,1492,1500,1500
GMOT,15:24:34.198,950,950,950,950,0,0,0,0
GNAV,15:24:34.198,0,0,0,0
GPAR,15:24:34.198,2628,0,0,0
GDBG,15:24:34.198,0,0,0,0
GRAW,15:24:34.418,0,0,0,0,0,0
GATT,15:24:34.418,0,-1
GMAG,15:24:34.418,0,0,0,52,-8
GRCC,15:24:34.418,1492,1066,1496,1491
GRCX,15:24:34.418,1068,1492,1500,1500
GMOT,15:24:34.418,950,950,950,950,0,0,0,0
GNAV,15:24:34.418,0,0,0,0
GPAR,15:24:34.418,2688,0,0,0
GDBG,15:24:34.418,0,0,0,0
GRAW,15:24:34.635,0,0,0,0,0,0
GATT,15:24:34.635,0,-1
GMAG,15:24:34.635,0,0,0,51,-17
GRCC,15:24:34.635,1492,1066,1496,1491
GRCX,15:24:34.635,1068,1492,1500,1500
GMOT,15:24:34.635,950,950,950,950,0,0,0,0
GNAV,15:24:34.635,0,0,0,0
GPAR,15:24:34.635,2636,0,0,0
GDBG,15:24:34.635,0,0,0,0
GRAW,15:24:34.820,0,0,0,0,0,0
GATT,15:24:34.820,0,-1
GMAG,15:24:34.820,0,0,0,51,-24
GRCC,15:24:34.820,1492,1066,1496,1491
GRCX,15:24:34.820,1068,1492,1500,1500
GMOT,15:24:34.820,950,950,950,950,0,0,0,0
GNAV,15:24:34.820,0,0,0,0
GPAR,15:24:34.820,2960,0,0,0
GDBG,15:24:34.820,0,0,0,0
GRAW,15:24:35.042,0,0,0,0,0,0
GATT,15:24:35.042,-2,-1
GMAG,15:24:35.042,0,0,0,48,-32
GRCC,15:24:35.042,1492,1066,1496,1491
GRCX,15:24:35.042,1068,1492,1500,1500
GMOT,15:24:35.042,950,950,950,950,0,0,0,0
GNAV,15:24:35.042,0,0,0,0
GPAR,15:24:35.042,2676,0,0,0
GDBG,15:24:35.042,0,0,0,0
GRAW,15:24:35.257,0,0,0,0,0,0
GATT,15:24:35.257,0,-1
GMAG,15:24:35.257,0,0,0,47,-29
GRCC,15:24:35.257,1492,1066,1496,1491
GRCX,15:24:35.257,1068,1492,1500,1500
GMOT,15:24:35.257,950,950,950,950,0,0,0,0
GNAV,15:24:35.257,0,0,0,0
GPAR,15:24:35.257,3128,0,0,0
GDBG,15:24:35.257,0,0,0,0
GRAW,15:24:35.477,0,0,0,0,0,0
GATT,15:24:35.477,-1,-1
GMAG,15:24:35.477,0,0,0,48,-23
GRCC,15:24:35.477,1492,1066,1496,1491
GRCX,15:24:35.477,1068,1492,1500,1500
GMOT,15:24:35.477,950,950,950,950,0,0,0,0
GNAV,15:24:35.477,0,0,0,0
GPAR,15:24:35.477,3124,0,0,0
GDBG,15:24:35.477,0,0,0,0
GRAW,15:24:35.697,0,0,0,0,0,0
GATT,15:24:35.697,0,-1
GMAG,15:24:35.697,0,0,0,47,-20
GRCC,15:24:35.697,1492,1066,1496,1491
GRCX,15:24:35.697,1068,1492,1500,1500
GMOT,15:24:35.697,950,950,950,950,0,0,0,0
GNAV,15:24:35.697,0,0,0,0
GPAR,15:24:35.697,2680,0,0,0
GDBG,15:24:35.697,0,0,0,0
GRAW,15:24:35.913,0,0,0,0,0,0
GATT,15:24:35.913,0,-1
GMAG,15:24:35.913,0,0,0,47,-14
GRCC,15:24:35.913,1492,1066,1496,1491
GRCX,15:24:35.913,1068,1492,1500,1500
GMOT,15:24:35.913,950,950,950,950,0,0,0,0
GNAV,15:24:35.913,0,0,0,0
GPAR,15:24:35.913,2640,0,0,0
GDBG,15:24:35.913,0,0,0,0
GRAW,15:24:36.100,0,0,0,0,0,0
GATT,15:24:36.100,0,-1
GMAG,15:24:36.100,0,0,0,47,-16
GRCC,15:24:36.100,1492,1066,1496,1491
GRCX,15:24:36.100,1068,1492,1500,1500
GMOT,15:24:36.100,950,950,950,950,0,0,0,0
GNAV,15:24:36.100,0,0,0,0
GPAR,15:24:36.100,2940,0,0,0
GDBG,15:24:36.100,0,0,0,0
GRAW,15:24:36.317,0,0,0,0,0,0
GATT,15:24:36.317,-1,-1
GMAG,15:24:36.317,0,0,0,42,-27
GRCC,15:24:36.317,1492,1066,1496,1491
GRCX,15:24:36.317,1068,1492,1500,1500
GMOT,15:24:36.317,950,950,950,950,0,0,0,0
GNAV,15:24:36.317,0,0,0,0
GPAR,15:24:36.317,2844,0,0,0
GDBG,15:24:36.317,0,0,0,0
GRAW,15:24:36.538,0,0,0,0,0,0
GATT,15:24:36.538,-1,-1
GMAG,15:24:36.538,0,0,0,41,-28
GRCC,15:24:36.538,1492,1066,1496,1491
GRCX,15:24:36.538,1068,1492,1500,1500
GMOT,15:24:36.538,950,950,950,950,0,0,0,0
GNAV,15:24:36.538,0,0,0,0
GPAR,15:24:36.538,2620,0,0,0
GDBG,15:24:36.538,0,0,0,0
GRAW,15:24:36.725,0,0,0,0,0,0
GATT,15:24:36.725,-1,-1
GMAG,15:24:36.725,0,0,0,41,-27
GRCC,15:24:36.725,1492,1066,1498,1491
GRCX,15:24:36.725,1068,1492,1500,1500
GMOT,15:24:36.725,950,950,950,950,0,0,0,0
GNAV,15:24:36.725,0,0,0,0
GPAR,15:24:36.725,2648,0,0,0
GDBG,15:24:36.725,0,0,0,0
GRAW,15:24:36.912,0,0,0,0,0,0
GATT,15:24:36.912,-1,-1
GMAG,15:24:36.912,0,0,0,41,-31
GRCC,15:24:36.912,1492,1066,1498,1491
GRCX,15:24:36.912,1068,1492,1500,1500
GMOT,15:24:36.912,950,950,950,950,0,0,0,0
GNAV,15:24:36.912,0,0,0,0
GPAR,15:24:36.912,2648,0,0,0
GDBG,15:24:36.912,0,0,0,0
GRAW,15:24:37.130,0,0,0,0,0,0
GATT,15:24:37.130,-1,-1
GMAG,15:24:37.130,0,0,0,41,-29
GRCC,15:24:37.130,1492,1066,1498,1491
GRCX,15:24:37.130,1068,1492,1500,1500
GMOT,15:24:37.130,950,950,950,950,0,0,0,0
GNAV,15:24:37.130,0,0,0,0
GPAR,15:24:37.130,2800,0,0,0
GDBG,15:24:37.130,0,0,0,0
GRAW,15:24:37.348,0,0,0,0,0,0
GATT,15:24:37.348,-1,-1
GMAG,15:24:37.348,0,0,0,41,-35
GRCC,15:24:37.348,1492,1066,1498,1491
GRCX,15:24:37.348,1068,1492,1500,1500
GMOT,15:24:37.348,950,950,950,950,0,0,0,0
GNAV,15:24:37.348,0,0,0,0
GPAR,15:24:37.348,2640,0,0,0
GDBG,15:24:37.348,0,0,0,0
GRAW,15:24:37.566,0,0,0,0,0,0
GATT,15:24:37.566,-1,-1
GMAG,15:24:37.566,0,0,0,41,-36
GRCC,15:24:37.566,1492,1066,1498,1491
GRCX,15:24:37.566,1068,1492,1500,1500
GMOT,15:24:37.566,950,950,950,950,0,0,0,0
GNAV,15:24:37.566,0,0,0,0
GPAR,15:24:37.566,2636,0,0,0
GDBG,15:24:37.566,0,0,0,0
GRAW,15:24:37.785,0,0,0,0,0,0
GATT,15:24:37.785,-1,-1
GMAG,15:24:37.785,0,0,0,40,-31
GRCC,15:24:37.785,1492,1066,1498,1491
GRCX,15:24:37.785,1068,1492,1500,1500
GMOT,15:24:37.785,950,950,950,950,0,0,0,0
GNAV,15:24:37.785,0,0,0,0
GPAR,15:24:37.785,2632,0,0,0
GDBG,15:24:37.785,0,0,0,0
