MultiWii telemetry log. Start time:2015/11/18 15:26:49.305
GRAW,15:26:51.752,0,0,0,0,0,0
GATT,15:26:51.752,-1,-1
GMAG,15:26:51.752,0,0,0,44,-9
GRCC,15:26:51.752,1497,1490,1490,1077
GRCX,15:26:51.752,1068,1492,1500,1500
GMOT,15:26:51.752,950,950,950,950,0,0,0,0
GNAV,15:26:51.752,0,0,0,0
GPAR,15:26:51.752,2780,0,0,0
GDBG,15:26:51.752,0,0,0,0
GRAW,15:26:51.959,0,0,0,0,0,0
GATT,15:26:51.959,0,-1
GMAG,15:26:51.959,0,0,0,44,-16
GRCC,15:26:51.959,1497,1490,1490,1077
GRCX,15:26:51.959,1068,1492,1500,1500
GMOT,15:26:51.959,950,950,950,950,0,0,0,0
GNAV,15:26:51.959,0,0,0,0
GPAR,15:26:51.959,2780,0,0,0
GDBG,15:26:51.959,0,0,0,0
GRAW,15:26:52.148,0,0,0,0,0,0
GATT,15:26:52.148,0,-1
GMAG,15:26:52.148,0,0,0,45,-21
GRCC,15:26:52.148,1497,1490,1492,1077
GRCX,15:26:52.148,1068,1492,1500,1500
GMOT,15:26:52.148,950,950,950,950,0,0,0,0
GNAV,15:26:52.148,0,0,0,0
GPAR,15:26:52.148,2640,0,0,0
GDBG,15:26:52.148,0,0,0,0
GRAW,15:26:52.337,0,0,0,0,0,0
GATT,15:26:52.337,0,-1
GMAG,15:26:52.337,0,0,0,46,-21
GRCC,15:26:52.337,1497,1490,1492,1077
GRCX,15:26:52.337,1068,1492,1500,1500
GMOT,15:26:52.337,950,950,950,950,0,0,0,0
GNAV,15:26:52.337,0,0,0,0
GPAR,15:26:52.337,2900,0,0,0
GDBG,15:26:52.337,0,0,0,0
GRAW,15:26:52.553,0,0,0,0,0,0
GATT,15:26:52.553,0,-1
GMAG,15:26:52.553,0,0,0,46,-19
GRCC,15:26:52.553,1497,1490,1492,1077
GRCX,15:26:52.553,1068,1492,1500,1500
GMOT,15:26:52.553,950,950,950,950,0,0,0,0
GNAV,15:26:52.553,0,0,0,0
GPAR,15:26:52.553,2848,0,0,0
GDBG,15:26:52.553,0,0,0,0
GRAW,15:26:52.775,0,0,0,0,0,0
GATT,15:26:52.775,-1,-1
GMAG,15:26:52.775,0,0,0,44,-21
GRCC,15:26:52.775,1497,1490,1492,1077
GRCX,15:26:52.775,1068,1492,1500,1500
GMOT,15:26:52.775,950,950,950,950,0,0,0,0
GNAV,15:26:52.775,0,0,0,0
GPAR,15:26:52.775,3144,0,0,0
GDBG,15:26:52.775,0,0,0,0
GRAW,15:26:52.990,0,0,0,0,0,0
GATT,15:26:52.990,-1,-1
GMAG,15:26:52.990,0,0,0,45,-16
GRCC,15:26:52.990,1497,1490,1492,1077
GRCX,15:26:52.990,1068,1492,1500,1500
GMOT,15:26:52.990,950,950,950,950,0,0,0,0
GNAV,15:26:52.990,0,0,0,0
GPAR,15:26:52.990,2628,0,0,0
GDBG,15:26:52.990,0,0,0,0
GRAW,15:26:53.180,0,0,0,0,0,0
GATT,15:26:53.180,-1,-1
GMAG,15:26:53.180,0,0,0,45,-15
GRCC,15:26:53.180,1497,1490,1492,1077
GRCX,15:26:53.180,1068,1492,1500,1500
GMOT,15:26:53.180,950,950,950,950,0,0,0,0
GNAV,15:26:53.180,0,0,0,0
GPAR,15:26:53.180,2636,0,0,0
GDBG,15:26:53.180,0,0,0,0
GRAW,15:26:53.399,0,0,0,0,0,0
GATT,15:26:53.399,-1,-1
GMAG,15:26:53.399,0,0,0,45,-14
GRCC,15:26:53.399,1497,1490,1492,1077
GRCX,15:26:53.399,1068,1492,1500,1500
GMOT,15:26:53.399,950,950,950,950,0,0,0,0
GNAV,15:26:53.399,0,0,0,0
GPAR,15:26:53.399,3108,0,0,0
GDBG,15:26:53.399,0,0,0,0
GRAW,15:26:53.615,0,0,0,0,0,0
GATT,15:26:53.615,-1,-1
GMAG,15:26:53.615,0,0,0,45,-15
GRCC,15:26:53.615,1497,1490,1492,1077
GRCX,15:26:53.615,1068,1492,1500,1500
GMOT,15:26:53.615,950,950,950,950,0,0,0,0
GNAV,15:26:53.615,0,0,0,0
GPAR,15:26:53.615,2848,0,0,0
GDBG,15:26:53.615,0,0,0,0
GRAW,15:26:53.836,0,0,0,0,0,0
GATT,15:26:53.836,0,-1
GMAG,15:26:53.836,0,0,0,45,-13
GRCC,15:26:53.836,1497,1490,1492,1077
GRCX,15:26:53.836,1068,1492,1500,1500
GMOT,15:26:53.836,950,950,950,950,0,0,0,0
GNAV,15:26:53.836,0,0,0,0
GPAR,15:26:53.836,2616,0,0,0
GDBG,15:26:53.836,0,0,0,0
GRAW,15:26:54.051,0,0,0,0,0,0
GATT,15:26:54.051,-1,-1
GMAG,15:26:54.051,0,0,0,45,-16
GRCC,15:26:54.051,1497,1490,1492,1077
GRCX,15:26:54.051,1068,1492,1500,1500
GMOT,15:26:54.051,950,950,950,950,0,0,0,0
GNAV,15:26:54.051,0,0,0,0
GPAR,15:26:54.051,2612,0,0,0
GDBG,15:26:54.051,0,0,0,0
GRAW,15:26:54.241,0,0,0,0,0,0
GATT,15:26:54.241,0,-1
GMAG,15:26:54.241,0,0,0,45,-23
GRCC,15:26:54.241,1497,1490,1492,1077
GRCX,15:26:54.241,1068,1492,1500,1500
GMOT,15:26:54.241,950,950,950,950,0,0,0,0
GNAV,15:26:54.242,0,0,0,0
GPAR,15:26:54.242,3108,0,0,0
GDBG,15:26:54.242,0,0,0,0
GRAW,15:26:54.458,0,0,0,0,0,0
GATT,15:26:54.458,-1,-1
GMAG,15:26:54.458,0,0,0,45,-25
GRCC,15:26:54.458,1497,1490,1492,1077
GRCX,15:26:54.458,1068,1492,1500,1500
GMOT,15:26:54.458,950,950,950,950,0,0,0,0
GNAV,15:26:54.458,0,0,0,0
GPAR,15:26:54.458,2644,0,0,0
GDBG,15:26:54.458,0,0,0,0
GRAW,15:26:54.644,0,0,0,0,0,0
GATT,15:26:54.644,-1,-1
GMAG,15:26:54.644,0,0,0,45,-32
GRCC,15:26:54.644,1497,1490,1492,1077
GRCX,15:26:54.644,1068,1492,1500,1500
GMOT,15:26:54.644,950,950,950,950,0,0,0,0
GNAV,15:26:54.644,0,0,0,0
GPAR,15:26:54.644,2608,0,0,0
GDBG,15:26:54.644,0,0,0,0
GRAW,15:26:54.865,0,0,0,0,0,0
GATT,15:26:54.865,-1,-1
GMAG,15:26:54.865,0,0,0,45,-27
GRCC,15:26:54.865,1291,1490,1492,1068
GRCX,15:26:54.865,1068,1492,1500,1500
GMOT,15:26:54.865,950,950,950,950,0,0,0,0
GNAV,15:26:54.865,0,0,0,0
GPAR,15:26:54.865,2896,0,0,0
GDBG,15:26:54.865,0,0,0,0
GRAW,15:26:55.051,0,0,0,0,0,0
GATT,15:26:55.051,-1,-1
GMAG,15:26:55.051,0,0,0,45,-17
GRCC,15:26:55.051,1376,1490,1492,1066
GRCX,15:26:55.051,1068,1492,1500,1500
GMOT,15:26:55.051,950,950,950,950,0,0,0,0
GNAV,15:26:55.051,0,0,0,0
GPAR,15:26:55.051,2616,0,0,0
GDBG,15:26:55.051,0,0,0,0
GRAW,15:26:55.236,0,0,0,0,0,0
GATT,15:26:55.236,-1,-1
GMAG,15:26:55.236,0,0,0,45,-13
GRCC,15:26:55.236,1394,1490,1492,1066
GRCX,15:26:55.236,1068,1492,1500,1500
GMOT,15:26:55.236,950,950,950,950,0,0,0,0
GNAV,15:26:55.236,0,0,0,0
GPAR,15:26:55.236,2624,0,0,0
GDBG,15:26:55.236,0,0,0,0
GRAW,15:26:55.456,0,0,0,0,0,0
GATT,15:26:55.456,0,-1
GMAG,15:26:55.456,0,0,0,45,-8
GRCC,15:26:55.456,1312,1490,1492,1066
GRCX,15:26:55.456,1068,1492,1500,1500
GMOT,15:26:55.456,950,950,950,950,0,0,0,0
GNAV,15:26:55.456,0,0,0,0
GPAR,15:26:55.456,2916,0,0,0
GDBG,15:26:55.456,0,0,0,0
GRAW,15:26:55.675,0,0,0,0,0,0
GATT,15:26:55.675,0,-1
GMAG,15:26:55.675,0,0,0,46,-13
GRCC,15:26:55.675,1307,1490,1492,1066
GRCX,15:26:55.675,1068,1492,1500,1500
GMOT,15:26:55.675,950,950,950,950,0,0,0,0
GNAV,15:26:55.675,0,0,0,0
GPAR,15:26:55.675,2632,0,0,0
GDBG,15:26:55.675,0,0,0,0
GRAW,15:26:55.892,0,0,0,0,0,0
GATT,15:26:55.892,0,-1
GMAG,15:26:55.892,0,0,0,46,-16
GRCC,15:26:55.892,1409,1490,1492,1066
GRCX,15:26:55.892,1068,1492,1500,1500
GMOT,15:26:55.892,950,950,950,950,0,0,0,0
GNAV,15:26:55.892,0,0,0,0
GPAR,15:26:55.892,2620,0,0,0
GDBG,15:26:55.892,0,0,0,0
GRAW,15:26:56.080,0,0,0,0,0,0
GATT,15:26:56.080,0,-1
GMAG,15:26:56.080,0,0,0,46,-17
GRCC,15:26:56.080,1494,1490,1492,1066
GRCX,15:26:56.080,1068,1492,1500,1500
GMOT,15:26:56.080,950,950,950,950,0,0,0,0
GNAV,15:26:56.080,0,0,0,0
GPAR,15:26:56.080,2896,0,0,0
GDBG,15:26:56.080,0,0,0,0
GRAW,15:26:56.299,0,0,0,0,0,0
GATT,15:26:56.299,0,-1
GMAG,15:26:56.299,0,0,0,46,-17
GRCC,15:26:56.299,1496,1490,1492,1066
GRCX,15:26:56.299,1068,1492,1500,1500
GMOT,15:26:56.300,950,950,950,950,0,0,0,0
GNAV,15:26:56.300,0,0,0,0
GPAR,15:26:56.300,2792,0,0,0
GDBG,15:26:56.300,0,0,0,0
GRAW,15:26:56.516,0,0,0,0,0,0
GATT,15:26:56.516,0,-1
GMAG,15:26:56.516,0,0,0,46,-10
GRCC,15:26:56.516,1496,1490,1492,1221
GRCX,15:26:56.516,1068,1492,1500,1500
GMOT,15:26:56.516,950,950,950,950,0,0,0,0
GNAV,15:26:56.516,0,0,0,0
GPAR,15:26:56.516,2800,0,0,0
GDBG,15:26:56.516,0,0,0,0
GRAW,15:26:56.704,0,0,0,0,0,0
GATT,15:26:56.704,0,-1
GMAG,15:26:56.704,0,0,0,46,-7
GRCC,15:26:56.704,1496,1490,1492,1276
GRCX,15:26:56.704,1068,1492,1500,1500
GMOT,15:26:56.704,950,950,950,950,0,0,0,0
GNAV,15:26:56.704,0,0,0,0
GPAR,15:26:56.704,2828,0,0,0
GDBG,15:26:56.704,0,0,0,0
GRAW,15:26:56.892,0,0,0,0,0,0
GATT,15:26:56.892,0,-1
GMAG,15:26:56.892,0,0,0,46,-4
GRCC,15:26:56.892,1496,1490,1492,1252
GRCX,15:26:56.892,1068,1492,1500,1500
GMOT,15:26:56.892,950,950,950,950,0,0,0,0
GNAV,15:26:56.892,0,0,0,0
GPAR,15:26:56.892,2624,0,0,0
GDBG,15:26:56.892,0,0,0,0
GRAW,15:26:57.080,0,0,0,0,0,0
GATT,15:26:57.080,0,-1
GMAG,15:26:57.080,0,0,0,46,2
GRCC,15:26:57.080,1496,1490,1492,1080
GRCX,15:26:57.080,1068,1492,1500,1500
GMOT,15:26:57.080,950,950,950,950,0,0,0,0
GNAV,15:26:57.080,0,0,0,0
GPAR,15:26:57.080,2652,0,0,0
GDBG,15:26:57.080,0,0,0,0
GRAW,15:26:57.265,0,0,0,0,0,0
GATT,15:26:57.265,0,-1
GMAG,15:26:57.265,0,0,0,46,-7
GRCC,15:26:57.265,1498,1490,1492,1090
GRCX,15:26:57.265,1068,1492,1500,1500
GMOT,15:26:57.265,950,950,950,950,0,0,0,0
GNAV,15:26:57.265,0,0,0,0
GPAR,15:26:57.265,3108,0,0,0
GDBG,15:26:57.265,0,0,0,0
GRAW,15:26:57.451,0,0,0,0,0,0
GATT,15:26:57.451,0,-1
GMAG,15:26:57.451,0,0,0,46,-13
GRCC,15:26:57.451,1498,1490,1492,1209
GRCX,15:26:57.451,1068,1492,1500,1500
GMOT,15:26:57.451,950,950,950,950,0,0,0,0
GNAV,15:26:57.451,0,0,0,0
GPAR,15:26:57.451,2640,0,0,0
GDBG,15:26:57.451,0,0,0,0
GRAW,15:26:57.640,0,0,0,0,0,0
GATT,15:26:57.640,0,-1
GMAG,15:26:57.640,0,0,0,46,-15
GRCC,15:26:57.640,1498,1490,1492,1143
GRCX,15:26:57.640,1068,1492,1500,1500
GMOT,15:26:57.640,950,950,950,950,0,0,0,0
GNAV,15:26:57.640,0,0,0,0
GPAR,15:26:57.640,2676,0,0,0
GDBG,15:26:57.640,0,0,0,0
GRAW,15:26:57.827,0,0,0,0,0,0
GATT,15:26:57.827,0,-1
GMAG,15:26:57.827,0,0,0,46,-20
GRCC,15:26:57.827,1498,1490,1492,1068
GRCX,15:26:57.827,1068,1492,1500,1500
GMOT,15:26:57.827,950,950,950,950,0,0,0,0
GNAV,15:26:57.827,0,0,0,0
GPAR,15:26:57.827,2904,0,0,0
GDBG,15:26:57.827,0,0,0,0
GRAW,15:26:58.015,0,0,0,0,0,0
GATT,15:26:58.015,-1,-1
GMAG,15:26:58.015,0,0,0,45,-21
GRCC,15:26:58.015,1149,1490,1492,1066
GRCX,15:26:58.015,1068,1492,1500,1500
GMOT,15:26:58.015,950,950,950,950,0,0,0,0
GNAV,15:26:58.015,0,0,0,0
GPAR,15:26:58.015,2608,0,0,0
GDBG,15:26:58.015,0,0,0,0
GRAW,15:26:58.202,0,0,0,0,0,0
GATT,15:26:58.202,-1,-1
GMAG,15:26:58.202,0,0,0,45,-18
GRCC,15:26:58.202,1416,1490,1492,1066
GRCX,15:26:58.202,1068,1492,1500,1500
GMOT,15:26:58.202,950,950,950,950,0,0,0,0
GNAV,15:26:58.202,0,0,0,0
GPAR,15:26:58.202,2624,0,0,0
GDBG,15:26:58.202,0,0,0,0
GRAW,15:26:58.388,0,0,0,0,0,0
GATT,15:26:58.388,0,-1
GMAG,15:26:58.388,0,0,0,46,-21
GRCC,15:26:58.388,1495,1490,1492,1066
GRCX,15:26:58.388,1068,1492,1500,1500
GMOT,15:26:58.388,950,950,950,950,0,0,0,0
GNAV,15:26:58.388,0,0,0,0
GPAR,15:26:58.388,3084,0,0,0
GDBG,15:26:58.388,0,0,0,0
GRAW,15:26:58.574,0,0,0,0,0,0
GATT,15:26:58.574,-1,-1
GMAG,15:26:58.574,0,0,0,45,-25
GRCC,15:26:58.574,1495,1490,1492,1066
GRCX,15:26:58.574,1068,1492,1500,1500
GMOT,15:26:58.574,950,950,950,950,0,0,0,0
GNAV,15:26:58.574,0,0,0,0
GPAR,15:26:58.574,2632,0,0,0
GDBG,15:26:58.574,0,0,0,0
GRAW,15:26:58.764,0,0,0,0,0,0
GATT,15:26:58.764,-1,-1
GMAG,15:26:58.764,0,0,0,45,-24
GRCC,15:26:58.764,1495,1490,1492,1066
GRCX,15:26:58.764,1068,1492,1500,1500
GMOT,15:26:58.764,950,950,950,950,0,0,0,0
GNAV,15:26:58.764,0,0,0,0
GPAR,15:26:58.764,3108,0,0,0
GDBG,15:26:58.764,0,0,0,0
GRAW,15:26:58.984,0,0,0,0,0,0
GATT,15:26:58.984,0,-1
GMAG,15:26:58.984,0,0,0,46,-22
GRCC,15:26:58.984,1497,1490,1492,1066
GRCX,15:26:58.984,1068,1492,1500,1500
GMOT,15:26:58.984,950,950,950,950,0,0,0,0
GNAV,15:26:58.984,0,0,0,0
GPAR,15:26:58.984,2648,0,0,0
GDBG,15:26:58.984,0,0,0,0
GRAW,15:26:59.200,0,0,0,0,0,0
GATT,15:26:59.200,0,-1
GMAG,15:26:59.200,0,0,0,46,-12
GRCC,15:26:59.200,1497,1490,1492,1066
GRCX,15:26:59.200,1068,1492,1500,1500
GMOT,15:26:59.200,950,950,950,950,0,0,0,0
GNAV,15:26:59.200,0,0,0,0
GPAR,15:26:59.200,2632,0,0,0
GDBG,15:26:59.200,0,0,0,0
GRAW,15:26:59.386,0,0,0,0,0,0
GATT,15:26:59.386,-1,-1
GMAG,15:26:59.386,0,0,0,45,1
GRCC,15:26:59.386,1497,1490,1492,1066
GRCX,15:26:59.386,1068,1492,1500,1500
GMOT,15:26:59.386,950,950,950,950,0,0,0,0
GNAV,15:26:59.386,0,0,0,0
GPAR,15:26:59.386,3088,0,0,0
GDBG,15:26:59.386,0,0,0,0
GRAW,15:26:59.575,0,0,0,0,0,0
GATT,15:26:59.575,-1,-1
GMAG,15:26:59.575,0,0,0,45,10
GRCC,15:26:59.575,1497,1490,1492,1066
GRCX,15:26:59.575,1068,1492,1500,1500
GMOT,15:26:59.575,950,950,950,950,0,0,0,0
GNAV,15:26:59.575,0,0,0,0
GPAR,15:26:59.575,2624,0,0,0
GDBG,15:26:59.575,0,0,0,0
GRAW,15:26:59.763,0,0,0,0,0,0
GATT,15:26:59.763,-1,-1
GMAG,15:26:59.763,0,0,0,45,10
GRCC,15:26:59.763,1497,1490,1492,1066
GRCX,15:26:59.763,1068,1492,1500,1500
GMOT,15:26:59.763,950,950,950,950,0,0,0,0
GNAV,15:26:59.763,0,0,0,0
GPAR,15:26:59.763,2624,0,0,0
GDBG,15:26:59.763,0,0,0,0
GRAW,15:26:59.950,0,0,0,0,0,0
GATT,15:26:59.950,-1,-1
GMAG,15:26:59.950,0,0,0,45,10
GRCC,15:26:59.950,1497,1490,1492,1066
GRCX,15:26:59.950,1068,1492,1500,1500
GMOT,15:26:59.950,950,950,950,950,0,0,0,0
GNAV,15:26:59.950,0,0,0,0
GPAR,15:26:59.950,2668,0,0,0
GDBG,15:26:59.950,0,0,0,0
GRAW,15:27:00.136,0,0,0,0,0,0
GATT,15:27:00.136,0,-1
GMAG,15:27:00.136,0,0,0,46,6
GRCC,15:27:00.136,1497,1490,1492,1066
GRCX,15:27:00.136,1068,1492,1500,1500
GMOT,15:27:00.136,950,950,950,950,0,0,0,0
GNAV,15:27:00.136,0,0,0,0
GPAR,15:27:00.136,2844,0,0,0
GDBG,15:27:00.136,0,0,0,0
GRAW,15:27:00.324,0,0,0,0,0,0
GATT,15:27:00.324,-1,-1
GMAG,15:27:00.324,0,0,0,46,-1
GRCC,15:27:00.324,1497,1490,1492,1066
GRCX,15:27:00.324,1068,1492,1500,1500
GMOT,15:27:00.324,950,950,950,950,0,0,0,0
GNAV,15:27:00.324,0,0,0,0
GPAR,15:27:00.324,2944,0,0,0
GDBG,15:27:00.324,0,0,0,0
GRAW,15:27:00.510,0,0,0,0,0,0
GATT,15:27:00.510,-1,-1
GMAG,15:27:00.510,0,0,0,46,-7
GRCC,15:27:00.510,1497,1490,1492,1066
GRCX,15:27:00.510,1068,1492,1500,1500
GMOT,15:27:00.510,950,950,950,950,0,0,0,0
GNAV,15:27:00.510,0,0,0,0
GPAR,15:27:00.510,2652,0,0,0
GDBG,15:27:00.510,0,0,0,0
GRAW,15:27:00.699,0,0,0,0,0,0
GATT,15:27:00.699,0,-1
GMAG,15:27:00.699,0,0,0,47,-9
GRCC,15:27:00.699,1497,1490,1492,1066
GRCX,15:27:00.699,1068,1492,1500,1500
GMOT,15:27:00.699,950,950,950,950,0,0,0,0
GNAV,15:27:00.699,0,0,0,0
GPAR,15:27:00.699,2872,0,0,0
GDBG,15:27:00.699,0,0,0,0
GRAW,15:27:00.884,0,0,0,0,0,0
GATT,15:27:00.884,0,-1
GMAG,15:27:00.884,0,0,0,47,-18
GRCC,15:27:00.884,1497,1490,1492,1066
GRCX,15:27:00.884,1068,1492,1500,1500
GMOT,15:27:00.884,950,950,950,950,0,0,0,0
GNAV,15:27:00.884,0,0,0,0
GPAR,15:27:00.884,2628,0,0,0
GDBG,15:27:00.884,0,0,0,0
GRAW,15:27:01.072,0,0,0,0,0,0
GATT,15:27:01.072,0,-1
GMAG,15:27:01.072,0,0,0,47,-20
GRCC,15:27:01.072,1497,1490,1492,1066
GRCX,15:27:01.072,1068,1492,1500,1500
GMOT,15:27:01.072,950,950,950,950,0,0,0,0
GNAV,15:27:01.072,0,0,0,0
GPAR,15:27:01.072,2900,0,0,0
GDBG,15:27:01.072,0,0,0,0
GRAW,15:27:01.260,0,0,0,0,0,0
GATT,15:27:01.260,0,-1
GMAG,15:27:01.260,0,0,0,47,-23
GRCC,15:27:01.260,1497,1490,1492,1066
GRCX,15:27:01.260,1068,1492,1500,1500
GMOT,15:27:01.260,950,950,950,950,0,0,0,0
GNAV,15:27:01.260,0,0,0,0
GPAR,15:27:01.260,2640,0,0,0
GDBG,15:27:01.260,0,0,0,0
GRAW,15:27:01.447,0,0,0,0,0,0
GATT,15:27:01.447,0,-1
GMAG,15:27:01.447,0,0,0,46,-22
GRCC,15:27:01.447,1497,1490,1492,1066
GRCX,15:27:01.447,1068,1492,1500,1500
GMOT,15:27:01.447,950,950,950,950,0,0,0,0
GNAV,15:27:01.447,0,0,0,0
GPAR,15:27:01.447,2600,0,0,0
GDBG,15:27:01.447,0,0,0,0
