MultiWii telemetry log. Start time:2015/11/18 15:36:15.993
GRAW,15:36:18.597,0,0,0,0,0,0
GATT,15:36:18.597,0,0
GMAG,15:36:18.597,0,0,0,0,0
GRCC,15:36:18.597,0,0,0,0
GRCX,15:36:18.597,0,0,0,0
GMOT,15:36:18.597,0,0,0,0,0,0,0,0
GNAV,15:36:18.597,0,0,0,0
GPAR,15:36:18.597,0,0,0,0
GDBG,15:36:18.597,0,0,0,0
GRAW,15:36:18.720,0,0,0,0,0,0
GATT,15:36:18.720,0,0
GMAG,15:36:18.720,0,0,0,0,0
GRCC,15:36:18.720,0,0,0,0
GRCX,15:36:18.720,0,0,0,0
GMOT,15:36:18.720,0,0,0,0,0,0,0,0
GNAV,15:36:18.720,0,0,0,0
GPAR,15:36:18.720,0,0,0,0
GDBG,15:36:18.720,0,0,0,0
GRAW,15:36:18.886,0,0,0,0,0,0
GATT,15:36:18.887,-1,-1
GMAG,15:36:18.887,0,0,0,19,1
GRCC,15:36:18.887,1065,1492,1492,1498
GRCX,15:36:18.887,1068,1492,1500,1500
GMOT,15:36:18.887,950,950,950,950,0,0,0,0
GNAV,15:36:18.887,0,0,0,0
GPAR,15:36:18.887,2644,0,0,0
GDBG,15:36:18.887,0,0,0,0
GRAW,15:36:19.104,0,0,0,0,0,0
GATT,15:36:19.104,-1,-1
GMAG,15:36:19.104,0,0,0,19,9
GRCC,15:36:19.104,1065,1492,1492,1498
GRCX,15:36:19.104,1068,1492,1500,1500
GMOT,15:36:19.104,950,950,950,950,0,0,0,0
GNAV,15:36:19.104,0,0,0,0
GPAR,15:36:19.104,2636,0,0,0
GDBG,15:36:19.104,0,0,0,0
GRAW,15:36:19.320,0,0,0,0,0,0
GATT,15:36:19.320,-1,-1
GMAG,15:36:19.320,0,0,0,19,14
GRCC,15:36:19.320,1065,1492,1492,1498
GRCX,15:36:19.320,1068,1492,1500,1500
GMOT,15:36:19.320,950,950,950,950,0,0,0,0
GNAV,15:36:19.320,0,0,0,0
GPAR,15:36:19.320,2668,0,0,0
GDBG,15:36:19.320,0,0,0,0
GRAW,15:36:19.539,0,0,0,0,0,0
GATT,15:36:19.539,-1,-1
GMAG,15:36:19.539,0,0,0,19,18
GRCC,15:36:19.539,1065,1492,1492,1498
GRCX,15:36:19.539,1068,1492,1500,1500
GMOT,15:36:19.539,950,950,950,950,0,0,0,0
GNAV,15:36:19.539,0,0,0,0
GPAR,15:36:19.539,2616,0,0,0
GDBG,15:36:19.539,0,0,0,0
GRAW,15:36:19.760,0,0,0,0,0,0
GATT,15:36:19.760,-1,-1
GMAG,15:36:19.760,0,0,0,19,19
GRCC,15:36:19.760,1065,1492,1492,1498
GRCX,15:36:19.760,1068,1492,1500,1500
GMOT,15:36:19.760,950,950,950,950,0,0,0,0
GNAV,15:36:19.760,0,0,0,0
GPAR,15:36:19.760,2896,0,0,0
GDBG,15:36:19.760,0,0,0,0
GRAW,15:36:19.976,0,0,0,0,0,0
GATT,15:36:19.976,-1,-1
GMAG,15:36:19.976,0,0,0,19,19
GRCC,15:36:19.976,1065,1492,1492,1498
GRCX,15:36:19.976,1068,1492,1500,1500
GMOT,15:36:19.976,950,950,950,950,0,0,0,0
GNAV,15:36:19.976,0,0,0,0
GPAR,15:36:19.976,2852,0,0,0
GDBG,15:36:19.976,0,0,0,0
GRAW,15:36:20.162,0,0,0,0,0,0
GATT,15:36:20.162,-1,-1
GMAG,15:36:20.162,0,0,0,19,17
GRCC,15:36:20.162,1065,1492,1492,1498
GRCX,15:36:20.162,1068,1492,1500,1500
GMOT,15:36:20.162,950,950,950,950,0,0,0,0
GNAV,15:36:20.163,0,0,0,0
GPAR,15:36:20.163,2636,0,0,0
GDBG,15:36:20.163,0,0,0,0
GRAW,15:36:20.385,0,0,0,0,0,0
GATT,15:36:20.385,-1,-1
GMAG,15:36:20.385,0,0,0,19,13
GRCC,15:36:20.385,1065,1492,1492,1498
GRCX,15:36:20.385,1068,1492,1500,1500
GMOT,15:36:20.385,950,950,950,950,0,0,0,0
GNAV,15:36:20.385,0,0,0,0
GPAR,15:36:20.385,2904,0,0,0
GDBG,15:36:20.385,0,0,0,0
GRAW,15:36:20.602,0,0,0,0,0,0
GATT,15:36:20.602,-1,-1
GMAG,15:36:20.602,0,0,0,19,9
GRCC,15:36:20.602,1065,1492,1492,1498
GRCX,15:36:20.602,1068,1492,1500,1500
GMOT,15:36:20.602,950,950,950,950,0,0,0,0
GNAV,15:36:20.602,0,0,0,0
GPAR,15:36:20.602,2872,0,0,0
GDBG,15:36:20.602,0,0,0,0
GRAW,15:36:20.818,0,0,0,0,0,0
GATT,15:36:20.818,-1,-1
GMAG,15:36:20.818,0,0,0,18,1
GRCC,15:36:20.818,1065,1492,1492,1498
GRCX,15:36:20.818,1068,1492,1500,1500
GMOT,15:36:20.818,950,950,950,950,0,0,0,0
GNAV,15:36:20.818,0,0,0,0
GPAR,15:36:20.818,2664,0,0,0
GDBG,15:36:20.818,0,0,0,0
GRAW,15:36:21.041,0,0,0,0,0,0
GATT,15:36:21.041,-1,-1
GMAG,15:36:21.041,0,0,0,23,-3
GRCC,15:36:21.041,1065,1492,1492,1498
GRCX,15:36:21.041,1068,1492,1500,1500
GMOT,15:36:21.041,950,950,950,950,0,0,0,0
GNAV,15:36:21.041,0,0,0,0
GPAR,15:36:21.041,2796,0,0,0
GDBG,15:36:21.041,0,0,0,0
GRAW,15:36:21.224,0,0,0,0,0,0
GATT,15:36:21.224,-1,-1
GMAG,15:36:21.224,0,0,0,23,-3
GRCC,15:36:21.224,1065,1492,1492,1498
GRCX,15:36:21.224,1068,1492,1500,1500
GMOT,15:36:21.224,950,950,950,950,0,0,0,0
GNAV,15:36:21.224,0,0,0,0
GPAR,15:36:21.224,2648,0,0,0
GDBG,15:36:21.224,0,0,0,0
GRAW,15:36:21.411,0,0,0,0,0,0
GATT,15:36:21.411,-1,-1
GMAG,15:36:21.411,0,0,0,25,-7
GRCC,15:36:21.411,1065,1492,1492,1498
GRCX,15:36:21.411,1068,1492,1500,1500
GMOT,15:36:21.411,950,950,950,950,0,0,0,0
GNAV,15:36:21.411,0,0,0,0
GPAR,15:36:21.411,2964,0,0,0
GDBG,15:36:21.411,0,0,0,0
GRAW,15:36:21.599,0,0,0,0,0,0
GATT,15:36:21.599,-1,-1
GMAG,15:36:21.599,0,0,0,25,-7
GRCC,15:36:21.599,1065,1492,1492,1498
GRCX,15:36:21.599,1068,1492,1500,1500
GMOT,15:36:21.599,950,950,950,950,0,0,0,0
GNAV,15:36:21.599,0,0,0,0
GPAR,15:36:21.599,2868,0,0,0
GDBG,15:36:21.599,0,0,0,0
GRAW,15:36:21.789,0,0,0,0,0,0
GATT,15:36:21.789,-1,-1
GMAG,15:36:21.789,0,0,0,25,-6
GRCC,15:36:21.789,1065,1492,1492,1498
GRCX,15:36:21.789,1068,1492,1500,1500
GMOT,15:36:21.789,950,950,950,950,0,0,0,0
GNAV,15:36:21.789,0,0,0,0
GPAR,15:36:21.789,2648,0,0,0
GDBG,15:36:21.789,0,0,0,0
GRAW,15:36:21.972,0,0,0,0,0,0
GATT,15:36:21.972,-1,-1
GMAG,15:36:21.972,0,0,0,25,-8
GRCC,15:36:21.972,1065,1492,1492,1498
GRCX,15:36:21.972,1068,1492,1500,1500
GMOT,15:36:21.972,950,950,950,950,0,0,0,0
GNAV,15:36:21.972,0,0,0,0
GPAR,15:36:21.972,2648,0,0,0
GDBG,15:36:21.972,0,0,0,0
GRAW,15:36:22.159,0,0,0,0,0,0
GATT,15:36:22.159,-1,-1
GMAG,15:36:22.159,0,0,0,26,-5
GRCC,15:36:22.159,1065,1492,1492,1498
GRCX,15:36:22.159,1068,1492,1500,1500
GMOT,15:36:22.159,950,950,950,950,0,0,0,0
GNAV,15:36:22.159,0,0,0,0
GPAR,15:36:22.159,2632,0,0,0
GDBG,15:36:22.159,0,0,0,0
GRAW,15:36:22.378,0,0,0,0,0,0
GATT,15:36:22.378,-1,-1
GMAG,15:36:22.378,0,0,0,26,-4
GRCC,15:36:22.378,1065,1492,1492,1498
GRCX,15:36:22.378,1068,1492,1500,1500
GMOT,15:36:22.378,950,950,950,950,0,0,0,0
GNAV,15:36:22.378,0,0,0,0
GPAR,15:36:22.378,2624,0,0,0
GDBG,15:36:22.378,0,0,0,0
GRAW,15:36:22.599,0,0,0,0,0,0
GATT,15:36:22.599,-1,-1
GMAG,15:36:22.599,0,0,0,26,-10
GRCC,15:36:22.599,1065,1492,1492,1498
GRCX,15:36:22.599,1068,1492,1500,1500
GMOT,15:36:22.599,950,950,950,950,0,0,0,0
GNAV,15:36:22.599,0,0,0,0
GPAR,15:36:22.599,3100,0,0,0
GDBG,15:36:22.599,0,0,0,0
GRAW,15:36:22.814,0,0,0,0,0,0
GATT,15:36:22.814,-1,-1
GMAG,15:36:22.814,0,0,0,26,-14
GRCC,15:36:22.814,1065,1208,1492,1498
GRCX,15:36:22.814,1068,1492,1500,1500
GMOT,15:36:22.814,950,950,950,950,0,0,0,0
GNAV,15:36:22.814,0,0,0,0
GPAR,15:36:22.814,2640,0,0,0
GDBG,15:36:22.814,0,0,0,0
GRAW,15:36:23.004,0,0,0,0,0,0
GATT,15:36:23.004,-1,-1
GMAG,15:36:23.004,0,0,0,26,-23
GRCC,15:36:23.004,1065,1140,1468,1498
GRCX,15:36:23.004,1068,1492,1500,1500
GMOT,15:36:23.004,950,950,950,950,0,0,0,0
GNAV,15:36:23.004,0,0,0,0
GPAR,15:36:23.004,2852,0,0,0
GDBG,15:36:23.004,0,0,0,0
GRAW,15:36:23.220,0,0,0,0,0,0
GATT,15:36:23.220,-1,-1
GMAG,15:36:23.220,0,0,0,26,-25
GRCC,15:36:23.220,1065,1105,1418,1498
GRCX,15:36:23.220,1068,1492,1500,1500
GMOT,15:36:23.220,950,950,950,950,0,0,0,0
GNAV,15:36:23.220,0,0,0,0
GPAR,15:36:23.220,2636,0,0,0
GDBG,15:36:23.220,0,0,0,0
GRAW,15:36:23.438,0,0,0,0,0,0
GATT,15:36:23.438,-1,-1
GMAG,15:36:23.438,0,0,0,26,-23
GRCC,15:36:23.438,1065,1490,1490,1498
GRCX,15:36:23.438,1068,1492,1500,1500
GMOT,15:36:23.438,950,950,950,950,0,0,0,0
GNAV,15:36:23.438,0,0,0,0
GPAR,15:36:23.438,2632,0,0,0
GDBG,15:36:23.438,0,0,0,0
GRAW,15:36:23.657,0,0,0,0,0,0
GATT,15:36:23.657,-1,-1
GMAG,15:36:23.657,0,0,0,26,-20
GRCC,15:36:23.657,1065,1490,1490,1498
GRCX,15:36:23.657,1068,1492,1500,1500
GMOT,15:36:23.657,950,950,950,950,0,0,0,0
GNAV,15:36:23.657,0,0,0,0
GPAR,15:36:23.657,2932,0,0,0
GDBG,15:36:23.657,0,0,0,0
GRAW,15:36:23.875,0,0,0,0,0,0
GATT,15:36:23.875,-1,-1
GMAG,15:36:23.875,0,0,0,26,-15
GRCC,15:36:23.875,1065,1450,1490,1498
GRCX,15:36:23.875,1068,1492,1500,1500
GMOT,15:36:23.875,950,950,950,950,0,0,0,0
GNAV,15:36:23.875,0,0,0,0
GPAR,15:36:23.875,2664,0,0,0
GDBG,15:36:23.875,0,0,0,0
GRAW,15:36:24.094,0,0,0,0,0,0
GATT,15:36:24.094,-1,-1
GMAG,15:36:24.094,0,0,0,26,-9
GRCC,15:36:24.094,1065,1491,1490,1498
GRCX,15:36:24.094,1068,1492,1500,1500
GMOT,15:36:24.094,950,950,950,950,0,0,0,0
GNAV,15:36:24.094,0,0,0,0
GPAR,15:36:24.094,2900,0,0,0
GDBG,15:36:24.094,0,0,0,0
GRAW,15:36:24.316,0,0,0,0,0,0
GATT,15:36:24.316,-1,-1
GMAG,15:36:24.316,0,0,0,26,-8
GRCC,15:36:24.316,1065,1491,1490,1498
GRCX,15:36:24.316,1068,1492,1500,1500
GMOT,15:36:24.316,950,950,950,950,0,0,0,0
GNAV,15:36:24.316,0,0,0,0
GPAR,15:36:24.316,3148,0,0,0
GDBG,15:36:24.316,0,0,0,0
GRAW,15:36:24.531,0,0,0,0,0,0
GATT,15:36:24.531,-1,-1
GMAG,15:36:24.531,0,0,0,26,-4
GRCC,15:36:24.531,1065,1491,1490,1498
GRCX,15:36:24.531,1068,1492,1500,1500
GMOT,15:36:24.531,950,950,950,950,0,0,0,0
GNAV,15:36:24.531,0,0,0,0
GPAR,15:36:24.531,2876,0,0,0
GDBG,15:36:24.531,0,0,0,0
GRAW,15:36:24.749,0,0,0,0,0,0
GATT,15:36:24.749,-1,-1
GMAG,15:36:24.749,0,0,0,27,-3
GRCC,15:36:24.749,1065,1491,1490,1498
GRCX,15:36:24.749,1068,1492,1500,1500
GMOT,15:36:24.749,950,950,950,950,0,0,0,0
GNAV,15:36:24.749,0,0,0,0
GPAR,15:36:24.749,2820,0,0,0
GDBG,15:36:24.749,0,0,0,0
GRAW,15:36:24.969,0,0,0,0,0,0
GATT,15:36:24.969,-1,-1
GMAG,15:36:24.969,0,0,0,27,-7
GRCC,15:36:24.969,1065,1491,1490,1498
GRCX,15:36:24.969,1068,1492,1500,1500
GMOT,15:36:24.969,950,950,950,950,0,0,0,0
GNAV,15:36:24.969,0,0,0,0
GPAR,15:36:24.969,2824,0,0,0
GDBG,15:36:24.969,0,0,0,0
GRAW,15:36:25.188,0,0,0,0,0,0
GATT,15:36:25.188,-1,-1
GMAG,15:36:25.188,0,0,0,27,-6
GRCC,15:36:25.188,1065,1491,1490,1498
GRCX,15:36:25.188,1068,1492,1500,1500
GMOT,15:36:25.188,950,950,950,950,0,0,0,0
GNAV,15:36:25.188,0,0,0,0
GPAR,15:36:25.188,2860,0,0,0
GDBG,15:36:25.188,0,0,0,0
GRAW,15:36:25.404,0,0,0,0,0,0
GATT,15:36:25.404,-1,-1
GMAG,15:36:25.404,0,0,0,27,-6
GRCC,15:36:25.404,1065,1491,1490,1498
GRCX,15:36:25.404,1068,1492,1500,1500
GMOT,15:36:25.404,950,950,950,950,0,0,0,0
GNAV,15:36:25.404,0,0,0,0
GPAR,15:36:25.404,2816,0,0,0
GDBG,15:36:25.404,0,0,0,0
GRAW,15:36:25.622,0,0,0,0,0,0
GATT,15:36:25.622,-1,-1
GMAG,15:36:25.622,0,0,0,27,-7
GRCC,15:36:25.622,1065,1491,1490,1498
GRCX,15:36:25.622,1068,1492,1500,1500
GMOT,15:36:25.622,950,950,950,950,0,0,0,0
GNAV,15:36:25.622,0,0,0,0
GPAR,15:36:25.622,2644,0,0,0
GDBG,15:36:25.622,0,0,0,0
GRAW,15:36:25.812,0,0,0,0,0,0
GATT,15:36:25.812,-1,-1
GMAG,15:36:25.812,0,0,0,27,-8
GRCC,15:36:25.812,1065,1491,1490,1498
GRCX,15:36:25.812,1068,1492,1500,1500
GMOT,15:36:25.812,950,950,950,950,0,0,0,0
GNAV,15:36:25.812,0,0,0,0
GPAR,15:36:25.812,2628,0,0,0
GDBG,15:36:25.812,0,0,0,0
GRAW,15:36:26.031,0,0,0,0,0,0
GATT,15:36:26.031,-1,-1
GMAG,15:36:26.031,0,0,0,27,-11
GRCC,15:36:26.031,1065,1491,1490,1498
GRCX,15:36:26.031,1068,1492,1500,1500
GMOT,15:36:26.031,950,950,950,950,0,0,0,0
GNAV,15:36:26.031,0,0,0,0
GPAR,15:36:26.031,2664,0,0,0
GDBG,15:36:26.031,0,0,0,0
GRAW,15:36:26.246,0,0,0,0,0,0
GATT,15:36:26.246,-1,-1
GMAG,15:36:26.246,0,0,0,27,-14
GRCC,15:36:26.246,1065,1491,1490,1498
GRCX,15:36:26.246,1068,1492,1500,1500
GMOT,15:36:26.246,950,950,950,950,0,0,0,0
GNAV,15:36:26.246,0,0,0,0
GPAR,15:36:26.246,2680,0,0,0
GDBG,15:36:26.246,0,0,0,0
GRAW,15:36:26.464,0,0,0,0,0,0
GATT,15:36:26.464,-1,-1
GMAG,15:36:26.464,0,0,0,27,-9
GRCC,15:36:26.464,1065,1491,1490,1498
GRCX,15:36:26.464,1068,1492,1500,1500
GMOT,15:36:26.464,950,950,950,950,0,0,0,0
GNAV,15:36:26.464,0,0,0,0
GPAR,15:36:26.464,2624,0,0,0
GDBG,15:36:26.464,0,0,0,0
GRAW,15:36:26.684,0,0,0,0,0,0
GATT,15:36:26.684,-1,-1
GMAG,15:36:26.684,0,0,0,27,6
GRCC,15:36:26.684,1065,1491,1490,1498
GRCX,15:36:26.684,1068,1492,1500,1500
GMOT,15:36:26.684,950,950,950,950,0,0,0,0
GNAV,15:36:26.684,0,0,0,0
GPAR,15:36:26.684,2660,0,0,0
GDBG,15:36:26.684,0,0,0,0
GRAW,15:36:26.902,0,0,0,0,0,0
GATT,15:36:26.902,-1,-1
GMAG,15:36:26.902,0,0,0,27,16
GRCC,15:36:26.902,1065,1491,1490,1498
GRCX,15:36:26.902,1068,1492,1500,1500
GMOT,15:36:26.902,950,950,950,950,0,0,0,0
GNAV,15:36:26.902,0,0,0,0
GPAR,15:36:26.902,2908,0,0,0
GDBG,15:36:26.902,0,0,0,0
GRAW,15:36:27.122,0,0,0,0,0,0
GATT,15:36:27.122,-1,-1
GMAG,15:36:27.122,0,0,0,27,25
GRCC,15:36:27.122,1259,1491,1490,1498
GRCX,15:36:27.122,1068,1492,1500,1500
GMOT,15:36:27.122,950,950,950,950,0,0,0,0
GNAV,15:36:27.122,0,0,0,0
GPAR,15:36:27.122,2952,0,0,0
GDBG,15:36:27.122,0,0,0,0
GRAW,15:36:27.338,0,0,0,0,0,0
GATT,15:36:27.338,-1,-1
GMAG,15:36:27.338,0,0,0,27,31
GRCC,15:36:27.338,1368,1491,1490,1498
GRCX,15:36:27.338,1068,1492,1500,1500
GMOT,15:36:27.338,950,950,950,950,0,0,0,0
GNAV,15:36:27.338,0,0,0,0
GPAR,15:36:27.338,2628,0,0,0
GDBG,15:36:27.338,0,0,0,0
GRAW,15:36:27.558,0,0,0,0,0,0
GATT,15:36:27.558,-1,-1
GMAG,15:36:27.558,0,0,0,27,24
GRCC,15:36:27.558,1480,1491,1490,1498
GRCX,15:36:27.558,1068,1492,1500,1500
GMOT,15:36:27.558,950,950,950,950,0,0,0,0
GNAV,15:36:27.558,0,0,0,0
GPAR,15:36:27.558,2656,0,0,0
GDBG,15:36:27.558,0,0,0,0
GRAW,15:36:27.776,0,0,0,0,0,0
GATT,15:36:27.776,-1,-1
GMAG,15:36:27.776,0,0,0,27,18
GRCC,15:36:27.776,1067,1491,1490,1498
GRCX,15:36:27.776,1068,1492,1500,1500
GMOT,15:36:27.776,950,950,950,950,0,0,0,0
GNAV,15:36:27.776,0,0,0,0
GPAR,15:36:27.776,2624,0,0,0
GDBG,15:36:27.776,0,0,0,0
GRAW,15:36:27.963,0,0,0,0,0,0
GATT,15:36:27.963,-1,-1
GMAG,15:36:27.963,0,0,0,27,15
GRCC,15:36:27.963,1067,1491,1490,1498
GRCX,15:36:27.963,1068,1492,1500,1500
GMOT,15:36:27.963,950,950,950,950,0,0,0,0
GNAV,15:36:27.963,0,0,0,0
GPAR,15:36:27.963,2636,0,0,0
GDBG,15:36:27.963,0,0,0,0
GRAW,15:36:28.151,0,0,0,0,0,0
GATT,15:36:28.151,-1,-1
GMAG,15:36:28.151,0,0,0,27,12
GRCC,15:36:28.151,1067,1491,1490,1498
GRCX,15:36:28.151,1068,1492,1500,1500
GMOT,15:36:28.151,950,950,950,950,0,0,0,0
GNAV,15:36:28.151,0,0,0,0
GPAR,15:36:28.151,2660,0,0,0
GDBG,15:36:28.151,0,0,0,0
GRAW,15:36:28.367,0,0,0,0,0,0
GATT,15:36:28.367,-1,-1
GMAG,15:36:28.367,0,0,0,27,16
GRCC,15:36:28.367,1067,1345,1490,1498
GRCX,15:36:28.367,1068,1492,1500,1500
GMOT,15:36:28.367,950,950,950,950,0,0,0,0
GNAV,15:36:28.367,0,0,0,0
GPAR,15:36:28.367,2952,0,0,0
GDBG,15:36:28.367,0,0,0,0
GRAW,15:36:28.556,0,0,0,0,0,0
GATT,15:36:28.556,-1,-1
GMAG,15:36:28.556,0,0,0,27,21
GRCC,15:36:28.556,1067,1187,1490,1498
GRCX,15:36:28.556,1068,1492,1500,1500
GMOT,15:36:28.556,950,950,950,950,0,0,0,0
GNAV,15:36:28.556,0,0,0,0
GPAR,15:36:28.556,2796,0,0,0
GDBG,15:36:28.556,0,0,0,0
GRAW,15:36:28.743,0,0,0,0,0,0
GATT,15:36:28.743,-1,-1
GMAG,15:36:28.743,0,0,0,27,21
GRCC,15:36:28.743,1067,1138,1490,1498
GRCX,15:36:28.743,1068,1492,1500,1500
GMOT,15:36:28.743,950,950,950,950,0,0,0,0
GNAV,15:36:28.743,0,0,0,0
GPAR,15:36:28.743,3108,0,0,0
GDBG,15:36:28.743,0,0,0,0
GRAW,15:36:28.930,0,0,0,0,0,0
GATT,15:36:28.930,-1,-1
GMAG,15:36:28.930,0,0,0,27,17
GRCC,15:36:28.930,1067,1205,1490,1498
GRCX,15:36:28.930,1068,1492,1500,1500
GMOT,15:36:28.930,950,950,950,950,0,0,0,0
GNAV,15:36:28.930,0,0,0,0
GPAR,15:36:28.930,2680,0,0,0
GDBG,15:36:28.930,0,0,0,0
GRAW,15:36:29.150,0,0,0,0,0,0
GATT,15:36:29.150,-1,-1
GMAG,15:36:29.150,0,0,0,27,8
GRCC,15:36:29.150,1067,1471,1493,1498
GRCX,15:36:29.150,1068,1492,1500,1500
GMOT,15:36:29.150,950,950,950,950,0,0,0,0
GNAV,15:36:29.150,0,0,0,0
GPAR,15:36:29.150,3092,0,0,0
GDBG,15:36:29.150,0,0,0,0
GRAW,15:36:29.366,0,0,0,0,0,0
GATT,15:36:29.366,-1,-1
GMAG,15:36:29.366,0,0,0,27,6
GRCC,15:36:29.366,1067,1478,1687,1498
GRCX,15:36:29.366,1068,1492,1500,1500
GMOT,15:36:29.366,950,950,950,950,0,0,0,0
GNAV,15:36:29.366,0,0,0,0
GPAR,15:36:29.366,2904,0,0,0
GDBG,15:36:29.366,0,0,0,0
GRAW,15:36:29.588,0,0,0,0,0,0
GATT,15:36:29.588,-1,-1
GMAG,15:36:29.588,0,0,0,27,8
GRCC,15:36:29.588,1067,1478,1744,1498
GRCX,15:36:29.588,1068,1492,1500,1500
GMOT,15:36:29.588,950,950,950,950,0,0,0,0
GNAV,15:36:29.588,0,0,0,0
GPAR,15:36:29.588,2636,0,0,0
GDBG,15:36:29.588,0,0,0,0
GRAW,15:36:29.805,0,0,0,0,0,0
GATT,15:36:29.805,-1,-1
GMAG,15:36:29.805,0,0,0,27,15
GRCC,15:36:29.805,1067,1478,1728,1498
GRCX,15:36:29.805,1068,1492,1500,1500
GMOT,15:36:29.805,950,950,950,950,0,0,0,0
GNAV,15:36:29.805,0,0,0,0
GPAR,15:36:29.805,2652,0,0,0
GDBG,15:36:29.805,0,0,0,0
GRAW,15:36:30.023,0,0,0,0,0,0
GATT,15:36:30.023,-1,-1
GMAG,15:36:30.023,0,0,0,27,23
GRCC,15:36:30.023,1067,1478,1709,1498
GRCX,15:36:30.023,1068,1492,1500,1500
GMOT,15:36:30.023,950,950,950,950,0,0,0,0
GNAV,15:36:30.023,0,0,0,0
GPAR,15:36:30.023,2924,0,0,0
GDBG,15:36:30.023,0,0,0,0
GRAW,15:36:30.243,0,0,0,0,0,0
GATT,15:36:30.243,-1,-1
GMAG,15:36:30.243,0,0,0,27,27
GRCC,15:36:30.243,1067,1478,1707,1498
GRCX,15:36:30.243,1068,1492,1500,1500
GMOT,15:36:30.243,950,950,950,950,0,0,0,0
GNAV,15:36:30.243,0,0,0,0
GPAR,15:36:30.243,2632,0,0,0
GDBG,15:36:30.243,0,0,0,0
GRAW,15:36:30.462,0,0,0,0,0,0
GATT,15:36:30.462,-1,-1
GMAG,15:36:30.462,0,0,0,27,29
GRCC,15:36:30.462,1067,1478,1771,1498
GRCX,15:36:30.462,1068,1492,1500,1500
GMOT,15:36:30.462,950,950,950,950,0,0,0,0
GNAV,15:36:30.462,0,0,0,0
GPAR,15:36:30.462,2648,0,0,0
GDBG,15:36:30.462,0,0,0,0
GRAW,15:36:30.681,0,0,0,0,0,0
GATT,15:36:30.681,-1,-1
GMAG,15:36:30.681,0,0,0,27,32
GRCC,15:36:30.681,1067,1478,1740,1498
GRCX,15:36:30.681,1068,1492,1500,1500
GMOT,15:36:30.681,950,950,950,950,0,0,0,0
GNAV,15:36:30.681,0,0,0,0
GPAR,15:36:30.681,2620,0,0,0
GDBG,15:36:30.681,0,0,0,0
GRAW,15:36:30.868,0,0,0,0,0,0
GATT,15:36:30.868,-1,-1
GMAG,15:36:30.868,0,0,0,27,28
GRCC,15:36:30.868,1067,1490,1579,1498
GRCX,15:36:30.868,1068,1492,1500,1500
GMOT,15:36:30.868,950,950,950,950,0,0,0,0
GNAV,15:36:30.868,0,0,0,0
GPAR,15:36:30.868,3108,0,0,0
GDBG,15:36:30.868,0,0,0,0
GRAW,15:36:31.052,0,0,0,0,0,0
GATT,15:36:31.052,-1,-1
GMAG,15:36:31.052,0,0,0,27,26
GRCC,15:36:31.052,1067,1490,1506,1498
GRCX,15:36:31.052,1068,1492,1500,1500
GMOT,15:36:31.052,950,950,950,950,0,0,0,0
GNAV,15:36:31.052,0,0,0,0
GPAR,15:36:31.052,2652,0,0,0
GDBG,15:36:31.052,0,0,0,0
GRAW,15:36:31.241,0,0,0,0,0,0
GATT,15:36:31.241,-1,-1
GMAG,15:36:31.241,0,0,0,27,26
GRCC,15:36:31.241,1067,1490,1506,1653
GRCX,15:36:31.241,1068,1492,1500,1500
GMOT,15:36:31.241,950,950,950,950,0,0,0,0
GNAV,15:36:31.241,0,0,0,0
GPAR,15:36:31.241,2620,0,0,0
GDBG,15:36:31.241,0,0,0,0
GRAW,15:36:31.427,0,0,0,0,0,0
GATT,15:36:31.427,-1,-1
GMAG,15:36:31.427,0,0,0,27,26
GRCC,15:36:31.427,1067,1490,1506,1836
GRCX,15:36:31.427,1068,1492,1500,1500
GMOT,15:36:31.427,950,950,950,950,0,0,0,0
GNAV,15:36:31.427,0,0,0,0
GPAR,15:36:31.427,2648,0,0,0
GDBG,15:36:31.427,0,0,0,0
GRAW,15:36:31.617,0,0,0,0,0,0
GATT,15:36:31.617,-1,-1
GMAG,15:36:31.617,0,0,0,27,30
GRCC,15:36:31.617,1067,1490,1506,1882
GRCX,15:36:31.617,1068,1492,1500,1500
GMOT,15:36:31.617,950,950,950,950,0,0,0,0
GNAV,15:36:31.617,0,0,0,0
GPAR,15:36:31.617,3152,0,0,0
GDBG,15:36:31.617,0,0,0,0
GRAW,15:36:31.804,0,0,0,0,0,0
GATT,15:36:31.804,-1,-1
GMAG,15:36:31.804,0,0,0,27,34
GRCC,15:36:31.804,1067,1490,1506,1598
GRCX,15:36:31.804,1068,1492,1500,1500
GMOT,15:36:31.804,950,950,950,950,0,0,0,0
GNAV,15:36:31.804,0,0,0,0
GPAR,15:36:31.804,2904,0,0,0
GDBG,15:36:31.804,0,0,0,0
GRAW,15:36:31.989,0,0,0,0,0,0
GATT,15:36:31.989,-1,-1
GMAG,15:36:31.989,0,0,0,27,33
GRCC,15:36:31.989,1067,1490,1495,1500
GRCX,15:36:31.989,1068,1492,1500,1500
GMOT,15:36:31.989,950,950,950,950,0,0,0,0
GNAV,15:36:31.989,0,0,0,0
GPAR,15:36:31.989,3108,0,0,0
GDBG,15:36:31.989,0,0,0,0
GRAW,15:36:32.145,0,0,0,0,0,0
GATT,15:36:32.145,-1,-1
GMAG,15:36:32.145,0,0,0,27,33
GRCC,15:36:32.145,1067,1490,1495,1500
GRCX,15:36:32.145,1068,1492,1500,1500
GMOT,15:36:32.145,950,950,950,950,0,0,0,0
GNAV,15:36:32.145,0,0,0,0
GPAR,15:36:32.145,2844,0,0,0
GDBG,15:36:32.145,0,0,0,0
GRAW,15:36:32.365,0,0,0,0,0,0
GATT,15:36:32.365,-1,-1
GMAG,15:36:32.365,0,0,0,27,30
GRCC,15:36:32.365,1067,1251,1469,1500
GRCX,15:36:32.365,1068,1492,1500,1500
GMOT,15:36:32.365,950,950,950,950,0,0,0,0
GNAV,15:36:32.365,0,0,0,0
GPAR,15:36:32.365,2644,0,0,0
GDBG,15:36:32.365,0,0,0,0
GRAW,15:36:32.583,0,0,0,0,0,0
GATT,15:36:32.583,-1,-1
GMAG,15:36:32.583,0,0,0,27,26
GRCC,15:36:32.583,1067,1240,1466,1500
GRCX,15:36:32.583,1068,1492,1500,1500
GMOT,15:36:32.583,950,950,950,950,0,0,0,0
GNAV,15:36:32.583,0,0,0,0
GPAR,15:36:32.583,2636,0,0,0
GDBG,15:36:32.583,0,0,0,0
GRAW,15:36:32.799,0,0,0,0,0,0
GATT,15:36:32.799,-1,-1
GMAG,15:36:32.799,0,0,0,27,27
GRCC,15:36:32.799,1067,1415,1490,1500
GRCX,15:36:32.799,1068,1492,1500,1500
GMOT,15:36:32.799,950,950,950,950,0,0,0,0
GNAV,15:36:32.799,0,0,0,0
GPAR,15:36:32.799,2652,0,0,0
GDBG,15:36:32.799,0,0,0,0
GRAW,15:36:32.986,0,0,0,0,0,0
GATT,15:36:32.986,-1,-1
GMAG,15:36:32.986,0,0,0,27,21
GRCC,15:36:32.986,1067,1412,1490,1498
GRCX,15:36:32.986,1068,1492,1500,1500
GMOT,15:36:32.986,950,950,950,950,0,0,0,0
GNAV,15:36:32.986,0,0,0,0
GPAR,15:36:32.986,2628,0,0,0
GDBG,15:36:32.986,0,0,0,0
GRAW,15:36:33.174,0,0,0,0,0,0
GATT,15:36:33.174,-1,-1
GMAG,15:36:33.174,0,0,0,27,15
GRCC,15:36:33.174,1067,1369,1490,1498
GRCX,15:36:33.174,1068,1492,1500,1500
GMOT,15:36:33.174,950,950,950,950,0,0,0,0
GNAV,15:36:33.174,0,0,0,0
GPAR,15:36:33.174,2624,0,0,0
GDBG,15:36:33.174,0,0,0,0
GRAW,15:36:33.364,0,0,0,0,0,0
GATT,15:36:33.364,-1,-1
GMAG,15:36:33.364,0,0,0,27,15
GRCC,15:36:33.364,1067,1478,1490,1498
GRCX,15:36:33.364,1068,1492,1500,1500
GMOT,15:36:33.364,950,950,950,950,0,0,0,0
GNAV,15:36:33.364,0,0,0,0
GPAR,15:36:33.364,2628,0,0,0
GDBG,15:36:33.364,0,0,0,0
GRAW,15:36:33.549,0,0,0,0,0,0
GATT,15:36:33.549,-1,-1
GMAG,15:36:33.549,0,0,0,27,12
GRCC,15:36:33.549,1153,1478,1490,1498
GRCX,15:36:33.549,1068,1492,1500,1500
GMOT,15:36:33.549,950,950,950,950,0,0,0,0
GNAV,15:36:33.549,0,0,0,0
GPAR,15:36:33.549,2816,0,0,0
GDBG,15:36:33.549,0,0,0,0
GRAW,15:36:33.735,0,0,0,0,0,0
GATT,15:36:33.735,-1,-1
GMAG,15:36:33.735,0,0,0,27,14
GRCC,15:36:33.735,1529,1478,1490,1498
GRCX,15:36:33.735,1068,1492,1500,1500
GMOT,15:36:33.735,950,950,950,950,0,0,0,0
GNAV,15:36:33.735,0,0,0,0
GPAR,15:36:33.735,2616,0,0,0
GDBG,15:36:33.735,0,0,0,0
GRAW,15:36:33.922,0,0,0,0,0,0
GATT,15:36:33.922,-1,-1
GMAG,15:36:33.922,0,0,0,27,24
GRCC,15:36:33.922,1886,1478,1490,1498
GRCX,15:36:33.922,1068,1492,1500,1500
GMOT,15:36:33.922,950,950,950,950,0,0,0,0
GNAV,15:36:33.922,0,0,0,0
GPAR,15:36:33.922,2816,0,0,0
GDBG,15:36:33.922,0,0,0,0
GRAW,15:36:34.111,0,0,0,0,0,0
GATT,15:36:34.111,-1,-1
GMAG,15:36:34.111,0,0,0,27,27
GRCC,15:36:34.111,1773,1478,1490,1498
GRCX,15:36:34.111,1068,1492,1500,1500
GMOT,15:36:34.111,950,950,950,950,0,0,0,0
GNAV,15:36:34.111,0,0,0,0
GPAR,15:36:34.111,2620,0,0,0
GDBG,15:36:34.111,0,0,0,0
GRAW,15:36:34.300,0,0,0,0,0,0
GATT,15:36:34.300,-1,-1
GMAG,15:36:34.300,0,0,0,27,29
GRCC,15:36:34.300,1068,1478,1490,1496
GRCX,15:36:34.300,1068,1492,1500,1500
GMOT,15:36:34.300,950,950,950,950,0,0,0,0
GNAV,15:36:34.300,0,0,0,0
GPAR,15:36:34.300,2620,0,0,0
GDBG,15:36:34.300,0,0,0,0
GRAW,15:36:34.484,0,0,0,0,0,0
GATT,15:36:34.484,-1,-1
GMAG,15:36:34.484,0,0,0,27,32
GRCC,15:36:34.484,1432,1478,1490,1496
GRCX,15:36:34.484,1068,1492,1500,1500
GMOT,15:36:34.484,950,950,950,950,0,0,0,0
GNAV,15:36:34.484,0,0,0,0
GPAR,15:36:34.484,2620,0,0,0
GDBG,15:36:34.484,0,0,0,0
GRAW,15:36:34.674,0,0,0,0,0,0
GATT,15:36:34.674,-1,-1
GMAG,15:36:34.674,0,0,0,27,30
GRCC,15:36:34.674,1923,1478,1490,1496
GRCX,15:36:34.674,1068,1492,1500,1500
GMOT,15:36:34.674,950,950,950,950,0,0,0,0
GNAV,15:36:34.674,0,0,0,0
GPAR,15:36:34.674,2620,0,0,0
GDBG,15:36:34.674,0,0,0,0
GRAW,15:36:34.861,0,0,0,0,0,0
GATT,15:36:34.861,-1,-1
GMAG,15:36:34.861,0,0,0,27,27
GRCC,15:36:34.861,1089,1478,1490,1496
GRCX,15:36:34.861,1068,1492,1500,1500
GMOT,15:36:34.861,950,950,950,950,0,0,0,0
GNAV,15:36:34.861,0,0,0,0
GPAR,15:36:34.861,2804,0,0,0
GDBG,15:36:34.861,0,0,0,0
GRAW,15:36:35.045,0,0,0,0,0,0
GATT,15:36:35.045,-1,-1
GMAG,15:36:35.045,0,0,0,27,23
GRCC,15:36:35.045,1538,1478,1490,1462
GRCX,15:36:35.045,1068,1492,1500,1500
GMOT,15:36:35.045,950,950,950,950,0,0,0,0
GNAV,15:36:35.045,0,0,0,0
GPAR,15:36:35.045,2644,0,0,0
GDBG,15:36:35.045,0,0,0,0
GRAW,15:36:35.264,0,0,0,0,0,0
GATT,15:36:35.264,-1,-1
GMAG,15:36:35.264,0,0,0,27,20
GRCC,15:36:35.264,1761,1478,1490,1495
GRCX,15:36:35.264,1068,1492,1500,1500
GMOT,15:36:35.264,950,950,950,950,0,0,0,0
GNAV,15:36:35.264,0,0,0,0
GPAR,15:36:35.264,2612,0,0,0
GDBG,15:36:35.264,0,0,0,0
GRAW,15:36:35.483,0,0,0,0,0,0
GATT,15:36:35.483,-1,-1
GMAG,15:36:35.483,0,0,0,27,16
GRCC,15:36:35.483,1066,1478,1490,1497
GRCX,15:36:35.483,1068,1492,1500,1500
GMOT,15:36:35.483,950,950,950,950,0,0,0,0
GNAV,15:36:35.483,0,0,0,0
GPAR,15:36:35.483,2644,0,0,0
GDBG,15:36:35.483,0,0,0,0
GRAW,15:36:35.670,0,0,0,0,0,0
GATT,15:36:35.670,-1,-1
GMAG,15:36:35.670,0,0,0,27,18
GRCC,15:36:35.670,1066,1478,1490,1497
GRCX,15:36:35.670,1068,1492,1500,1500
GMOT,15:36:35.670,950,950,950,950,0,0,0,0
GNAV,15:36:35.670,0,0,0,0
GPAR,15:36:35.670,2904,0,0,0
GDBG,15:36:35.670,0,0,0,0
GRAW,15:36:35.856,0,0,0,0,0,0
GATT,15:36:35.856,-1,-1
GMAG,15:36:35.856,0,0,0,27,21
GRCC,15:36:35.856,1066,1478,1490,1497
GRCX,15:36:35.856,1068,1492,1500,1500
GMOT,15:36:35.856,950,950,950,950,0,0,0,0
GNAV,15:36:35.856,0,0,0,0
GPAR,15:36:35.856,2652,0,0,0
GDBG,15:36:35.856,0,0,0,0
GRAW,15:36:36.045,0,0,0,0,0,0
GATT,15:36:36.045,-1,-1
GMAG,15:36:36.045,0,0,0,27,20
GRCC,15:36:36.045,1066,1478,1490,1497
GRCX,15:36:36.045,1068,1492,1500,1500
GMOT,15:36:36.045,950,950,950,950,0,0,0,0
GNAV,15:36:36.045,0,0,0,0
GPAR,15:36:36.045,2640,0,0,0
GDBG,15:36:36.045,0,0,0,0
GRAW,15:36:36.232,0,0,0,0,0,0
GATT,15:36:36.232,-1,-1
GMAG,15:36:36.232,0,0,0,27,19
GRCC,15:36:36.232,1066,1478,1490,1497
GRCX,15:36:36.232,1068,1492,1500,1500
GMOT,15:36:36.232,950,950,950,950,0,0,0,0
GNAV,15:36:36.232,0,0,0,0
GPAR,15:36:36.232,2608,0,0,0
GDBG,15:36:36.232,0,0,0,0
GRAW,15:36:36.419,0,0,0,0,0,0
GATT,15:36:36.419,-1,-1
GMAG,15:36:36.419,0,0,0,27,11
GRCC,15:36:36.419,1066,1468,1490,1497
GRCX,15:36:36.419,1068,1492,1500,1500
GMOT,15:36:36.419,950,950,950,950,0,0,0,0
GNAV,15:36:36.419,0,0,0,0
GPAR,15:36:36.419,2804,0,0,0
GDBG,15:36:36.419,0,0,0,0
GRAW,15:36:36.605,0,0,0,0,0,0
GATT,15:36:36.605,-1,-1
GMAG,15:36:36.605,0,0,0,27,5
GRCC,15:36:36.605,1066,1243,1490,1497
GRCX,15:36:36.605,1068,1492,1500,1500
GMOT,15:36:36.605,950,950,950,950,0,0,0,0
GNAV,15:36:36.605,0,0,0,0
GPAR,15:36:36.605,2660,0,0,0
GDBG,15:36:36.605,0,0,0,0
GRAW,15:36:36.796,0,0,0,0,0,0
GATT,15:36:36.796,-1,-1
GMAG,15:36:36.796,0,0,0,27,7
GRCC,15:36:36.796,1066,1152,1490,1497
GRCX,15:36:36.796,1068,1492,1500,1500
GMOT,15:36:36.796,950,950,950,950,0,0,0,0
GNAV,15:36:36.796,0,0,0,0
GPAR,15:36:36.796,2632,0,0,0
GDBG,15:36:36.796,0,0,0,0
GRAW,15:36:36.982,0,0,0,0,0,0
GATT,15:36:36.982,-1,-1
GMAG,15:36:36.982,0,0,0,27,10
GRCC,15:36:36.982,1066,1150,1490,1497
GRCX,15:36:36.982,1068,1492,1500,1500
GMOT,15:36:36.982,950,950,950,950,0,0,0,0
GNAV,15:36:36.982,0,0,0,0
GPAR,15:36:36.982,2620,0,0,0
GDBG,15:36:36.982,0,0,0,0
GRAW,15:36:37.168,0,0,0,0,0,0
GATT,15:36:37.168,-1,-1
GMAG,15:36:37.168,0,0,0,27,9
GRCC,15:36:37.168,1066,1439,1490,1497
GRCX,15:36:37.168,1068,1492,1500,1500
GMOT,15:36:37.168,950,950,950,950,0,0,0,0
GNAV,15:36:37.168,0,0,0,0
GPAR,15:36:37.168,2676,0,0,0
GDBG,15:36:37.168,0,0,0,0
GRAW,15:36:37.356,0,0,0,0,0,0
GATT,15:36:37.356,-1,-1
GMAG,15:36:37.356,0,0,0,27,15
GRCC,15:36:37.356,1066,1604,1490,1497
GRCX,15:36:37.356,1068,1492,1500,1500
GMOT,15:36:37.356,950,950,950,950,0,0,0,0
GNAV,15:36:37.356,0,0,0,0
GPAR,15:36:37.356,2664,0,0,0
GDBG,15:36:37.356,0,0,0,0
GRAW,15:36:37.572,0,0,0,0,0,0
GATT,15:36:37.572,-1,-1
GMAG,15:36:37.572,0,0,0,27,11
GRCC,15:36:37.572,1066,1779,1490,1497
GRCX,15:36:37.572,1068,1492,1500,1500
GMOT,15:36:37.572,950,950,950,950,0,0,0,0
GNAV,15:36:37.572,0,0,0,0
GPAR,15:36:37.572,3116,0,0,0
GDBG,15:36:37.572,0,0,0,0
GRAW,15:36:37.759,0,0,0,0,0,0
GATT,15:36:37.759,-1,-1
GMAG,15:36:37.759,0,0,0,27,15
GRCC,15:36:37.759,1066,1776,1490,1497
GRCX,15:36:37.759,1068,1492,1500,1500
GMOT,15:36:37.759,950,950,950,950,0,0,0,0
GNAV,15:36:37.759,0,0,0,0
GPAR,15:36:37.759,2628,0,0,0
GDBG,15:36:37.759,0,0,0,0
GRAW,15:36:37.946,0,0,0,0,0,0
GATT,15:36:37.946,-1,-1
GMAG,15:36:37.946,0,0,0,27,21
GRCC,15:36:37.946,1066,1532,1490,1497
GRCX,15:36:37.946,1068,1492,1500,1500
GMOT,15:36:37.946,950,950,950,950,0,0,0,0
GNAV,15:36:37.946,0,0,0,0
GPAR,15:36:37.946,2624,0,0,0
GDBG,15:36:37.946,0,0,0,0
GRAW,15:36:38.137,0,0,0,0,0,0
GATT,15:36:38.137,-1,-1
GMAG,15:36:38.137,0,0,0,27,28
GRCC,15:36:38.137,1066,1262,1490,1497
GRCX,15:36:38.137,1068,1492,1500,1500
GMOT,15:36:38.137,950,950,950,950,0,0,0,0
GNAV,15:36:38.137,0,0,0,0
GPAR,15:36:38.137,2900,0,0,0
GDBG,15:36:38.137,0,0,0,0
GRAW,15:36:38.356,0,0,0,0,0,0
GATT,15:36:38.356,-1,-1
GMAG,15:36:38.356,0,0,0,27,36
GRCC,15:36:38.356,1066,1151,1490,1497
GRCX,15:36:38.356,1068,1492,1500,1500
GMOT,15:36:38.356,950,950,950,950,0,0,0,0
GNAV,15:36:38.356,0,0,0,0
GPAR,15:36:38.356,2820,0,0,0
GDBG,15:36:38.356,0,0,0,0
GRAW,15:36:38.540,0,0,0,0,0,0
GATT,15:36:38.540,-1,-1
GMAG,15:36:38.540,0,0,0,27,40
GRCC,15:36:38.540,1066,1475,1490,1497
GRCX,15:36:38.540,1068,1492,1500,1500
GMOT,15:36:38.540,950,950,950,950,0,0,0,0
GNAV,15:36:38.540,0,0,0,0
GPAR,15:36:38.540,2808,0,0,0
GDBG,15:36:38.540,0,0,0,0
GRAW,15:36:38.728,0,0,0,0,0,0
GATT,15:36:38.728,-1,-1
GMAG,15:36:38.728,0,0,0,27,35
GRCC,15:36:38.728,1066,1477,1490,1577
GRCX,15:36:38.728,1068,1492,1500,1500
GMOT,15:36:38.728,950,950,950,950,0,0,0,0
GNAV,15:36:38.728,0,0,0,0
GPAR,15:36:38.728,2644,0,0,0
GDBG,15:36:38.728,0,0,0,0
GRAW,15:36:38.916,0,0,0,0,0,0
GATT,15:36:38.916,-1,-1
GMAG,15:36:38.916,0,0,0,27,35
GRCC,15:36:38.916,1066,1477,1490,1926
GRCX,15:36:38.916,1068,1492,1500,1500
GMOT,15:36:38.916,950,950,950,950,0,0,0,0
GNAV,15:36:38.916,0,0,0,0
GPAR,15:36:38.916,2800,0,0,0
GDBG,15:36:38.916,0,0,0,0
GRAW,15:36:39.101,0,0,0,0,0,0
GATT,15:36:39.101,-1,-1
GMAG,15:36:39.101,0,0,0,27,33
GRCC,15:36:39.101,1066,1477,1490,1926
GRCX,15:36:39.101,1068,1492,1500,1500
GMOT,15:36:39.101,950,950,950,950,0,0,0,0
GNAV,15:36:39.101,0,0,0,0
GPAR,15:36:39.101,2668,0,0,0
GDBG,15:36:39.101,0,0,0,0
GRAW,15:36:39.288,0,0,0,0,0,0
GATT,15:36:39.288,-1,-1
GMAG,15:36:39.288,0,0,0,27,27
GRCC,15:36:39.288,1066,1477,1490,1926
GRCX,15:36:39.288,1068,1492,1500,1500
GMOT,15:36:39.288,950,950,950,950,0,0,0,0
GNAV,15:36:39.288,0,0,0,0
GPAR,15:36:39.288,2800,0,0,0
GDBG,15:36:39.288,0,0,0,0
GRAW,15:36:39.475,0,0,0,0,0,0
GATT,15:36:39.475,-1,-1
GMAG,15:36:39.475,0,0,0,27,27
GRCC,15:36:39.475,1066,1477,1490,1926
GRCX,15:36:39.475,1068,1492,1500,1500
GMOT,15:36:39.475,950,950,950,950,0,0,0,0
GNAV,15:36:39.475,0,0,0,0
GPAR,15:36:39.475,2616,0,0,0
GDBG,15:36:39.475,0,0,0,0
GRAW,15:36:39.665,0,0,0,0,0,0
GATT,15:36:39.665,-1,-1
GMAG,15:36:39.665,0,0,0,27,27
GRCC,15:36:39.665,1066,1477,1490,1333
GRCX,15:36:39.665,1068,1492,1500,1500
GMOT,15:36:39.665,950,950,950,950,0,0,0,0
GNAV,15:36:39.665,0,0,0,0
GPAR,15:36:39.665,2644,0,0,0
GDBG,15:36:39.665,0,0,0,0
GRAW,15:36:39.849,0,0,0,0,0,0
GATT,15:36:39.849,-1,-1
GMAG,15:36:39.849,0,0,0,27,30
GRCC,15:36:39.849,1066,1477,1490,1070
GRCX,15:36:39.849,1068,1492,1500,1500
GMOT,15:36:39.849,950,950,950,950,0,0,0,0
GNAV,15:36:39.849,0,0,0,0
GPAR,15:36:39.849,2652,0,0,0
GDBG,15:36:39.849,0,0,0,0
GRAW,15:36:40.039,0,0,0,0,0,0
GATT,15:36:40.039,-1,-1
GMAG,15:36:40.039,0,0,0,27,31
GRCC,15:36:40.039,1066,1477,1490,1068
GRCX,15:36:40.039,1068,1492,1500,1500
GMOT,15:36:40.039,950,950,950,950,0,0,0,0
GNAV,15:36:40.039,0,0,0,0
GPAR,15:36:40.039,2908,0,0,0
GDBG,15:36:40.039,0,0,0,0
GRAW,15:36:40.256,0,0,0,0,0,0
GATT,15:36:40.256,-1,-1
GMAG,15:36:40.256,0,0,0,27,28
GRCC,15:36:40.256,1066,1477,1490,1476
GRCX,15:36:40.256,1068,1492,1500,1500
GMOT,15:36:40.256,950,950,950,950,0,0,0,0
GNAV,15:36:40.256,0,0,0,0
GPAR,15:36:40.256,2656,0,0,0
GDBG,15:36:40.256,0,0,0,0
GRAW,15:36:40.474,0,0,0,0,0,0
GATT,15:36:40.474,-1,-1
GMAG,15:36:40.474,0,0,0,27,22
GRCC,15:36:40.474,1066,1477,1490,1891
GRCX,15:36:40.474,1068,1492,1500,1500
GMOT,15:36:40.474,950,950,950,950,0,0,0,0
GNAV,15:36:40.474,0,0,0,0
GPAR,15:36:40.474,2672,0,0,0
GDBG,15:36:40.474,0,0,0,0
GRAW,15:36:40.692,0,0,0,0,0,0
GATT,15:36:40.692,-1,-1
GMAG,15:36:40.692,0,0,0,27,10
GRCC,15:36:40.692,1066,1477,1490,1926
GRCX,15:36:40.692,1068,1492,1500,1500
GMOT,15:36:40.692,950,950,950,950,0,0,0,0
GNAV,15:36:40.692,0,0,0,0
GPAR,15:36:40.692,3136,0,0,0
GDBG,15:36:40.692,0,0,0,0
GRAW,15:36:40.881,0,0,0,0,0,0
GATT,15:36:40.881,-1,-1
GMAG,15:36:40.881,0,0,0,27,0
GRCC,15:36:40.881,1066,1477,1490,1730
GRCX,15:36:40.881,1068,1492,1500,1500
GMOT,15:36:40.881,950,950,950,950,0,0,0,0
GNAV,15:36:40.881,0,0,0,0
GPAR,15:36:40.881,2864,0,0,0
GDBG,15:36:40.881,0,0,0,0
GRAW,15:36:41.066,0,0,0,0,0,0
GATT,15:36:41.066,-1,-1
GMAG,15:36:41.066,0,0,0,27,-3
GRCC,15:36:41.066,1066,1481,1490,1288
GRCX,15:36:41.066,1068,1492,1500,1500
GMOT,15:36:41.066,950,950,950,950,0,0,0,0
GNAV,15:36:41.066,0,0,0,0
GPAR,15:36:41.066,2644,0,0,0
GDBG,15:36:41.066,0,0,0,0
GRAW,15:36:41.288,0,0,0,0,0,0
GATT,15:36:41.288,-1,-1
GMAG,15:36:41.288,0,0,0,27,1
GRCC,15:36:41.288,1066,1490,1490,1070
GRCX,15:36:41.288,1068,1492,1500,1500
GMOT,15:36:41.288,950,950,950,950,0,0,0,0
GNAV,15:36:41.288,0,0,0,0
GPAR,15:36:41.288,2916,0,0,0
GDBG,15:36:41.288,0,0,0,0
GRAW,15:36:41.504,0,0,0,0,0,0
GATT,15:36:41.504,-1,-1
GMAG,15:36:41.504,0,0,0,27,-3
GRCC,15:36:41.504,1066,1490,1490,1478
GRCX,15:36:41.504,1068,1492,1500,1500
GMOT,15:36:41.504,950,950,950,950,0,0,0,0
GNAV,15:36:41.504,0,0,0,0
GPAR,15:36:41.504,2620,0,0,0
GDBG,15:36:41.504,0,0,0,0
GRAW,15:36:41.691,0,0,0,0,0,0
GATT,15:36:41.691,-1,-1
GMAG,15:36:41.691,0,0,0,27,-8
GRCC,15:36:41.691,1066,1484,1490,1496
GRCX,15:36:41.691,1068,1492,1500,1500
GMOT,15:36:41.691,950,950,950,950,0,0,0,0
GNAV,15:36:41.691,0,0,0,0
GPAR,15:36:41.691,2632,0,0,0
GDBG,15:36:41.691,0,0,0,0
GRAW,15:36:41.913,0,0,0,0,0,0
GATT,15:36:41.913,-1,-1
GMAG,15:36:41.913,0,0,0,27,-16
GRCC,15:36:41.913,1066,1338,1490,1496
GRCX,15:36:41.913,1068,1492,1500,1500
GMOT,15:36:41.913,950,950,950,950,0,0,0,0
GNAV,15:36:41.913,0,0,0,0
GPAR,15:36:41.913,2936,0,0,0
GDBG,15:36:41.913,0,0,0,0
GRAW,15:36:42.127,0,0,0,0,0,0
GATT,15:36:42.127,-1,-1
GMAG,15:36:42.127,0,0,0,27,-21
GRCC,15:36:42.127,1066,1227,1490,1498
GRCX,15:36:42.127,1068,1492,1500,1500
GMOT,15:36:42.127,950,950,950,950,0,0,0,0
GNAV,15:36:42.127,0,0,0,0
GPAR,15:36:42.127,2620,0,0,0
GDBG,15:36:42.127,0,0,0,0
GRAW,15:36:42.348,0,0,0,0,0,0
GATT,15:36:42.348,-1,-1
GMAG,15:36:42.348,0,0,0,27,-17
GRCC,15:36:42.348,1066,1148,1490,1498
GRCX,15:36:42.348,1068,1492,1500,1500
GMOT,15:36:42.348,950,950,950,950,0,0,0,0
GNAV,15:36:42.348,0,0,0,0
GPAR,15:36:42.348,2660,0,0,0
GDBG,15:36:42.348,0,0,0,0
GRAW,15:36:42.564,0,0,0,0,0,0
GATT,15:36:42.564,-1,-1
GMAG,15:36:42.564,0,0,0,27,-6
GRCC,15:36:42.564,1066,1114,1490,1498
GRCX,15:36:42.564,1068,1492,1500,1500
GMOT,15:36:42.564,950,950,950,950,0,0,0,0
GNAV,15:36:42.564,0,0,0,0
GPAR,15:36:42.564,2624,0,0,0
GDBG,15:36:42.564,0,0,0,0
GRAW,15:36:42.751,0,0,0,0,0,0
GATT,15:36:42.751,-1,-1
GMAG,15:36:42.751,0,0,0,27,-3
GRCC,15:36:42.751,1066,1274,1490,1498
GRCX,15:36:42.751,1068,1492,1500,1500
GMOT,15:36:42.751,950,950,950,950,0,0,0,0
GNAV,15:36:42.751,0,0,0,0
GPAR,15:36:42.751,2944,0,0,0
GDBG,15:36:42.751,0,0,0,0
GRAW,15:36:42.938,0,0,0,0,0,0
GATT,15:36:42.938,-1,-1
GMAG,15:36:42.938,0,0,0,27,1
GRCC,15:36:42.938,1066,1469,1490,1498
GRCX,15:36:42.938,1068,1492,1500,1500
GMOT,15:36:42.938,950,950,950,950,0,0,0,0
GNAV,15:36:42.938,0,0,0,0
GPAR,15:36:42.938,2640,0,0,0
GDBG,15:36:42.938,0,0,0,0
GRAW,15:36:43.126,0,0,0,0,0,0
GATT,15:36:43.126,-1,-1
GMAG,15:36:43.126,0,0,0,27,4
GRCC,15:36:43.126,1066,1478,1490,1498
GRCX,15:36:43.126,1068,1492,1500,1500
GMOT,15:36:43.126,950,950,950,950,0,0,0,0
GNAV,15:36:43.126,0,0,0,0
GPAR,15:36:43.126,2628,0,0,0
GDBG,15:36:43.126,0,0,0,0
GRAW,15:36:43.315,0,0,0,0,0,0
GATT,15:36:43.315,-1,-1
GMAG,15:36:43.315,0,0,0,27,3
GRCC,15:36:43.315,1066,1478,1490,1498
GRCX,15:36:43.315,1068,1492,1500,1500
GMOT,15:36:43.315,950,950,950,950,0,0,0,0
GNAV,15:36:43.315,0,0,0,0
GPAR,15:36:43.315,2672,0,0,0
GDBG,15:36:43.315,0,0,0,0
GRAW,15:36:43.502,0,0,0,0,0,0
GATT,15:36:43.502,-1,-1
GMAG,15:36:43.502,0,0,0,27,7
GRCC,15:36:43.502,1066,1478,1490,1498
GRCX,15:36:43.502,1068,1492,1500,1500
GMOT,15:36:43.502,950,950,950,950,0,0,0,0
GNAV,15:36:43.502,0,0,0,0
GPAR,15:36:43.502,2648,0,0,0
GDBG,15:36:43.502,0,0,0,0
GRAW,15:36:43.688,0,0,0,0,0,0
GATT,15:36:43.688,-1,-1
GMAG,15:36:43.688,0,0,0,27,5
GRCC,15:36:43.688,1066,1478,1490,1498
GRCX,15:36:43.688,1068,1492,1500,1500
GMOT,15:36:43.688,950,950,950,950,0,0,0,0
GNAV,15:36:43.688,0,0,0,0
GPAR,15:36:43.688,2888,0,0,0
GDBG,15:36:43.688,0,0,0,0
GRAW,15:36:43.908,0,0,0,0,0,0
GATT,15:36:43.908,-1,-1
GMAG,15:36:43.908,0,0,0,27,5
GRCC,15:36:43.908,1066,1478,1490,1498
GRCX,15:36:43.908,1068,1492,1500,1500
GMOT,15:36:43.908,950,950,950,950,0,0,0,0
GNAV,15:36:43.908,0,0,0,0
GPAR,15:36:43.908,2632,0,0,0
GDBG,15:36:43.908,0,0,0,0
GRAW,15:36:44.128,0,0,0,0,0,0
GATT,15:36:44.128,-1,-1
GMAG,15:36:44.128,0,0,0,27,4
GRCC,15:36:44.128,1066,1490,1759,1498
GRCX,15:36:44.128,1068,1492,1500,1500
GMOT,15:36:44.128,950,950,950,950,0,0,0,0
GNAV,15:36:44.128,0,0,0,0
GPAR,15:36:44.128,2620,0,0,0
GDBG,15:36:44.128,0,0,0,0
GRAW,15:36:44.345,0,0,0,0,0,0
GATT,15:36:44.345,-1,-1
GMAG,15:36:44.345,0,0,0,27,3
GRCC,15:36:44.345,1066,1490,1799,1498
GRCX,15:36:44.345,1068,1492,1500,1500
GMOT,15:36:44.345,950,950,950,950,0,0,0,0
GNAV,15:36:44.345,0,0,0,0
GPAR,15:36:44.345,2640,0,0,0
GDBG,15:36:44.345,0,0,0,0
GRAW,15:36:44.532,0,0,0,0,0,0
GATT,15:36:44.532,-1,-1
GMAG,15:36:44.532,0,0,0,27,10
GRCC,15:36:44.532,1066,1490,1642,1498
GRCX,15:36:44.532,1068,1492,1500,1500
GMOT,15:36:44.532,950,950,950,950,0,0,0,0
GNAV,15:36:44.532,0,0,0,0
GPAR,15:36:44.532,3104,0,0,0
GDBG,15:36:44.532,0,0,0,0
GRAW,15:36:44.716,0,0,0,0,0,0
GATT,15:36:44.716,-1,-1
GMAG,15:36:44.716,0,0,0,27,13
GRCC,15:36:44.716,1066,1490,1794,1498
GRCX,15:36:44.716,1068,1492,1500,1500
GMOT,15:36:44.716,950,950,950,950,0,0,0,0
GNAV,15:36:44.716,0,0,0,0
GPAR,15:36:44.716,2828,0,0,0
GDBG,15:36:44.716,0,0,0,0
GRAW,15:36:44.908,0,0,0,0,0,0
GATT,15:36:44.908,-1,-1
GMAG,15:36:44.908,0,0,0,27,17
GRCC,15:36:44.908,1066,1490,1888,1498
GRCX,15:36:44.908,1068,1492,1500,1500
GMOT,15:36:44.908,950,950,950,950,0,0,0,0
GNAV,15:36:44.908,0,0,0,0
GPAR,15:36:44.908,2616,0,0,0
GDBG,15:36:44.908,0,0,0,0
GRAW,15:36:45.091,0,0,0,0,0,0
GATT,15:36:45.091,-1,-1
GMAG,15:36:45.091,0,0,0,27,23
GRCC,15:36:45.091,1066,1490,1645,1498
GRCX,15:36:45.091,1068,1492,1500,1500
GMOT,15:36:45.091,950,950,950,950,0,0,0,0
GNAV,15:36:45.091,0,0,0,0
GPAR,15:36:45.091,2848,0,0,0
GDBG,15:36:45.091,0,0,0,0
GRAW,15:36:45.280,0,0,0,0,0,0
GATT,15:36:45.280,-1,-1
GMAG,15:36:45.280,0,0,0,27,24
GRCC,15:36:45.280,1066,1490,1832,1498
GRCX,15:36:45.280,1068,1492,1500,1500
GMOT,15:36:45.280,950,950,950,950,0,0,0,0
GNAV,15:36:45.280,0,0,0,0
GPAR,15:36:45.280,2648,0,0,0
GDBG,15:36:45.280,0,0,0,0
GRAW,15:36:45.468,0,0,0,0,0,0
GATT,15:36:45.468,-1,-1
GMAG,15:36:45.468,0,0,0,27,23
GRCC,15:36:45.468,1066,1490,1806,1498
GRCX,15:36:45.468,1068,1492,1500,1500
GMOT,15:36:45.468,950,950,950,950,0,0,0,0
GNAV,15:36:45.468,0,0,0,0
GPAR,15:36:45.468,2928,0,0,0
GDBG,15:36:45.468,0,0,0,0
GRAW,15:36:45.652,0,0,0,0,0,0
GATT,15:36:45.652,-1,-1
GMAG,15:36:45.652,0,0,0,27,12
GRCC,15:36:45.652,1066,1490,1809,1498
GRCX,15:36:45.652,1068,1492,1500,1500
GMOT,15:36:45.652,950,950,950,950,0,0,0,0
GNAV,15:36:45.652,0,0,0,0
GPAR,15:36:45.652,2936,0,0,0
GDBG,15:36:45.652,0,0,0,0
GRAW,15:36:45.843,0,0,0,0,0,0
GATT,15:36:45.843,-1,-1
GMAG,15:36:45.843,0,0,0,27,0
GRCC,15:36:45.843,1066,1490,1888,1498
GRCX,15:36:45.843,1068,1492,1500,1500
GMOT,15:36:45.843,950,950,950,950,0,0,0,0
GNAV,15:36:45.843,0,0,0,0
GPAR,15:36:45.843,2660,0,0,0
GDBG,15:36:45.843,0,0,0,0
GRAW,15:36:46.028,0,0,0,0,0,0
GATT,15:36:46.028,-1,-1
GMAG,15:36:46.028,0,0,0,27,-13
GRCC,15:36:46.028,1066,1490,1747,1498
GRCX,15:36:46.028,1068,1492,1500,1500
GMOT,15:36:46.028,950,950,950,950,0,0,0,0
GNAV,15:36:46.028,0,0,0,0
GPAR,15:36:46.028,2632,0,0,0
GDBG,15:36:46.028,0,0,0,0
GRAW,15:36:46.247,0,0,0,0,0,0
GATT,15:36:46.247,-1,-1
GMAG,15:36:46.247,0,0,0,27,-25
GRCC,15:36:46.247,1066,1490,1550,1498
GRCX,15:36:46.247,1068,1492,1500,1500
GMOT,15:36:46.247,950,950,950,950,0,0,0,0
GNAV,15:36:46.247,0,0,0,0
GPAR,15:36:46.247,2964,0,0,0
GDBG,15:36:46.247,0,0,0,0
GRAW,15:36:46.464,0,0,0,0,0,0
GATT,15:36:46.464,-1,-1
GMAG,15:36:46.464,0,0,0,27,-29
GRCC,15:36:46.464,1066,1490,1917,1498
GRCX,15:36:46.464,1068,1492,1500,1500
GMOT,15:36:46.464,950,950,950,950,0,0,0,0
GNAV,15:36:46.464,0,0,0,0
GPAR,15:36:46.464,2640,0,0,0
GDBG,15:36:46.464,0,0,0,0
GRAW,15:36:46.652,0,0,0,0,0,0
GATT,15:36:46.652,-1,-1
GMAG,15:36:46.652,0,0,0,27,-27
GRCC,15:36:46.652,1066,1490,1770,1498
GRCX,15:36:46.652,1068,1492,1500,1500
GMOT,15:36:46.652,950,950,950,950,0,0,0,0
GNAV,15:36:46.652,0,0,0,0
GPAR,15:36:46.652,2636,0,0,0
GDBG,15:36:46.652,0,0,0,0
GRAW,15:36:46.839,0,0,0,0,0,0
GATT,15:36:46.839,-1,-1
GMAG,15:36:46.839,0,0,0,27,-23
GRCC,15:36:46.839,1066,1490,1919,1498
GRCX,15:36:46.839,1068,1492,1500,1500
GMOT,15:36:46.839,950,950,950,950,0,0,0,0
GNAV,15:36:46.839,0,0,0,0
GPAR,15:36:46.839,2864,0,0,0
GDBG,15:36:46.839,0,0,0,0
GRAW,15:36:47.058,0,0,0,0,0,0
GATT,15:36:47.058,-1,-1
GMAG,15:36:47.058,0,0,0,27,-17
GRCC,15:36:47.058,1066,1490,1789,1498
GRCX,15:36:47.058,1068,1492,1500,1500
GMOT,15:36:47.058,950,950,950,950,0,0,0,0
GNAV,15:36:47.058,0,0,0,0
GPAR,15:36:47.058,2612,0,0,0
GDBG,15:36:47.058,0,0,0,0
GRAW,15:36:47.276,0,0,0,0,0,0
GATT,15:36:47.276,-1,-1
GMAG,15:36:47.276,0,0,0,27,-11
GRCC,15:36:47.276,1066,1490,1904,1498
GRCX,15:36:47.276,1068,1492,1500,1500
GMOT,15:36:47.276,950,950,950,950,0,0,0,0
GNAV,15:36:47.276,0,0,0,0
GPAR,15:36:47.276,2652,0,0,0
GDBG,15:36:47.276,0,0,0,0
GRAW,15:36:47.465,0,0,0,0,0,0
GATT,15:36:47.465,-1,-1
GMAG,15:36:47.465,0,0,0,27,-10
GRCC,15:36:47.465,1066,1490,1691,1498
GRCX,15:36:47.465,1068,1492,1500,1500
GMOT,15:36:47.465,950,950,950,950,0,0,0,0
GNAV,15:36:47.465,0,0,0,0
GPAR,15:36:47.465,2932,0,0,0
GDBG,15:36:47.465,0,0,0,0
GRAW,15:36:47.684,0,0,0,0,0,0
GATT,15:36:47.684,-1,-1
GMAG,15:36:47.684,0,0,0,27,-7
GRCC,15:36:47.684,1066,1490,1504,1498
GRCX,15:36:47.684,1068,1492,1500,1500
GMOT,15:36:47.684,950,950,950,950,0,0,0,0
GNAV,15:36:47.684,0,0,0,0
GPAR,15:36:47.684,2636,0,0,0
GDBG,15:36:47.684,0,0,0,0
GRAW,15:36:47.872,0,0,0,0,0,0
GATT,15:36:47.872,-1,-1
GMAG,15:36:47.872,0,0,0,27,-6
GRCC,15:36:47.872,1066,1490,1494,1498
GRCX,15:36:47.872,1068,1492,1500,1500
GMOT,15:36:47.872,950,950,950,950,0,0,0,0
GNAV,15:36:47.872,0,0,0,0
GPAR,15:36:47.872,2904,0,0,0
GDBG,15:36:47.872,0,0,0,0
GRAW,15:36:48.088,0,0,0,0,0,0
GATT,15:36:48.088,-1,-1
GMAG,15:36:48.088,0,0,0,27,-5
GRCC,15:36:48.088,1066,1490,1494,1498
GRCX,15:36:48.088,1068,1492,1500,1500
GMOT,15:36:48.088,950,950,950,950,0,0,0,0
GNAV,15:36:48.088,0,0,0,0
GPAR,15:36:48.088,2668,0,0,0
GDBG,15:36:48.088,0,0,0,0
GRAW,15:36:48.275,0,0,0,0,0,0
GATT,15:36:48.275,-1,-1
GMAG,15:36:48.275,0,0,0,27,-3
GRCC,15:36:48.275,1066,1490,1494,1498
GRCX,15:36:48.275,1068,1492,1500,1500
GMOT,15:36:48.275,950,950,950,950,0,0,0,0
GNAV,15:36:48.275,0,0,0,0
GPAR,15:36:48.275,2668,0,0,0
GDBG,15:36:48.275,0,0,0,0
GRAW,15:36:48.465,0,0,0,0,0,0
GATT,15:36:48.465,-1,-1
GMAG,15:36:48.465,0,0,0,27,-4
GRCC,15:36:48.465,1066,1490,1494,1498
GRCX,15:36:48.465,1068,1492,1500,1500
GMOT,15:36:48.465,950,950,950,950,0,0,0,0
GNAV,15:36:48.465,0,0,0,0
GPAR,15:36:48.465,2900,0,0,0
GDBG,15:36:48.465,0,0,0,0
GRAW,15:36:48.648,0,0,0,0,0,0
GATT,15:36:48.648,-1,-1
GMAG,15:36:48.648,0,0,0,27,-1
GRCC,15:36:48.648,1066,1490,1494,1498
GRCX,15:36:48.648,1068,1492,1500,1500
GMOT,15:36:48.648,950,950,950,950,0,0,0,0
GNAV,15:36:48.648,0,0,0,0
GPAR,15:36:48.648,2620,0,0,0
GDBG,15:36:48.648,0,0,0,0
GRAW,15:36:48.836,0,0,0,0,0,0
GATT,15:36:48.836,-1,-1
GMAG,15:36:48.836,0,0,0,27,1
GRCC,15:36:48.836,1066,1490,1494,1498
GRCX,15:36:48.836,1068,1492,1500,1500
GMOT,15:36:48.836,950,950,950,950,0,0,0,0
GNAV,15:36:48.836,0,0,0,0
GPAR,15:36:48.836,2644,0,0,0
GDBG,15:36:48.836,0,0,0,0
GRAW,15:36:49.026,0,0,0,0,0,0
GATT,15:36:49.026,-1,-1
GMAG,15:36:49.026,0,0,0,27,2
GRCC,15:36:49.026,1066,1490,1494,1498
GRCX,15:36:49.026,1068,1492,1500,1500
GMOT,15:36:49.026,950,950,950,950,0,0,0,0
GNAV,15:36:49.026,0,0,0,0
GPAR,15:36:49.026,2968,0,0,0
GDBG,15:36:49.026,0,0,0,0
GRAW,15:36:49.210,0,0,0,0,0,0
GATT,15:36:49.210,-1,-1
GMAG,15:36:49.210,0,0,0,27,6
GRCC,15:36:49.210,1066,1490,1494,1498
GRCX,15:36:49.210,1068,1492,1500,1500
GMOT,15:36:49.210,950,950,950,950,0,0,0,0
GNAV,15:36:49.210,0,0,0,0
GPAR,15:36:49.210,2620,0,0,0
GDBG,15:36:49.210,0,0,0,0
GRAW,15:36:49.431,0,0,0,0,0,0
GATT,15:36:49.431,-1,-1
GMAG,15:36:49.431,0,0,0,27,9
GRCC,15:36:49.431,1066,1490,1494,1498
GRCX,15:36:49.431,1068,1492,1500,1500
GMOT,15:36:49.431,950,950,950,950,0,0,0,0
GNAV,15:36:49.431,0,0,0,0
GPAR,15:36:49.431,2656,0,0,0
GDBG,15:36:49.431,0,0,0,0
GRAW,15:36:49.647,0,0,0,0,0,0
GATT,15:36:49.647,-1,-1
GMAG,15:36:49.647,0,0,0,27,8
GRCC,15:36:49.647,1066,1490,1494,1498
GRCX,15:36:49.647,1068,1492,1500,1500
GMOT,15:36:49.647,950,950,950,950,0,0,0,0
GNAV,15:36:49.647,0,0,0,0
GPAR,15:36:49.647,2924,0,0,0
GDBG,15:36:49.647,0,0,0,0
GRAW,15:36:49.869,0,0,0,0,0,0
GATT,15:36:49.869,-1,-1
GMAG,15:36:49.869,0,0,0,27,9
GRCC,15:36:49.869,1066,1490,1494,1498
GRCX,15:36:49.869,1068,1492,1500,1500
GMOT,15:36:49.869,950,950,950,950,0,0,0,0
GNAV,15:36:49.869,0,0,0,0
GPAR,15:36:49.869,2640,0,0,0
GDBG,15:36:49.869,0,0,0,0
GRAW,15:36:50.086,0,0,0,0,0,0
GATT,15:36:50.086,-1,-1
GMAG,15:36:50.086,0,0,0,27,12
GRCC,15:36:50.086,1066,1490,1512,1498
GRCX,15:36:50.086,1068,1492,1500,1500
GMOT,15:36:50.086,950,950,950,950,0,0,0,0
GNAV,15:36:50.086,0,0,0,0
GPAR,15:36:50.086,2856,0,0,0
GDBG,15:36:50.086,0,0,0,0
GRAW,15:36:50.304,0,0,0,0,0,0
GATT,15:36:50.304,-1,-1
GMAG,15:36:50.304,0,0,0,27,11
GRCC,15:36:50.304,1066,1490,1494,1498
GRCX,15:36:50.304,1068,1492,1500,1500
GMOT,15:36:50.304,950,950,950,950,0,0,0,0
GNAV,15:36:50.304,0,0,0,0
GPAR,15:36:50.304,2660,0,0,0
GDBG,15:36:50.304,0,0,0,0
GRAW,15:36:50.520,0,0,0,0,0,0
GATT,15:36:50.520,-1,-1
GMAG,15:36:50.520,0,0,0,27,10
GRCC,15:36:50.520,1066,1490,1494,1498
GRCX,15:36:50.520,1068,1492,1500,1500
GMOT,15:36:50.520,950,950,950,950,0,0,0,0
GNAV,15:36:50.520,0,0,0,0
GPAR,15:36:50.520,2620,0,0,0
GDBG,15:36:50.520,0,0,0,0
GRAW,15:36:50.739,0,0,0,0,0,0
GATT,15:36:50.739,-1,-1
GMAG,15:36:50.739,0,0,0,27,-2
GRCC,15:36:50.739,1066,1490,1494,1498
GRCX,15:36:50.739,1068,1492,1500,1500
GMOT,15:36:50.739,950,950,950,950,0,0,0,0
GNAV,15:36:50.739,0,0,0,0
GPAR,15:36:50.739,2956,0,0,0
GDBG,15:36:50.739,0,0,0,0
GRAW,15:36:50.926,0,0,0,0,0,0
GATT,15:36:50.926,-1,-1
GMAG,15:36:50.926,0,0,0,27,-5
GRCC,15:36:50.926,1066,1490,1494,1498
GRCX,15:36:50.926,1068,1492,1500,1500
GMOT,15:36:50.926,950,950,950,950,0,0,0,0
GNAV,15:36:50.926,0,0,0,0
GPAR,15:36:50.926,2624,0,0,0
GDBG,15:36:50.926,0,0,0,0
GRAW,15:36:51.116,0,0,0,0,0,0
GATT,15:36:51.116,-1,-1
GMAG,15:36:51.116,0,0,0,27,-1
GRCC,15:36:51.116,1066,1490,1494,1498
GRCX,15:36:51.116,1068,1492,1500,1500
GMOT,15:36:51.116,950,950,950,950,0,0,0,0
GNAV,15:36:51.116,0,0,0,0
GPAR,15:36:51.116,2648,0,0,0
GDBG,15:36:51.116,0,0,0,0
GRAW,15:36:51.303,0,0,0,0,0,0
GATT,15:36:51.303,-1,-1
GMAG,15:36:51.303,0,0,0,27,4
GRCC,15:36:51.303,1066,1490,1494,1498
GRCX,15:36:51.303,1068,1492,1500,1500
GMOT,15:36:51.303,950,950,950,950,0,0,0,0
GNAV,15:36:51.303,0,0,0,0
GPAR,15:36:51.303,2636,0,0,0
GDBG,15:36:51.303,0,0,0,0
GRAW,15:36:51.490,0,0,0,0,0,0
GATT,15:36:51.490,-1,-1
GMAG,15:36:51.490,0,0,0,27,14
GRCC,15:36:51.490,1066,1490,1494,1498
GRCX,15:36:51.490,1068,1492,1500,1500
GMOT,15:36:51.490,950,950,950,950,0,0,0,0
GNAV,15:36:51.490,0,0,0,0
GPAR,15:36:51.490,2640,0,0,0
GDBG,15:36:51.490,0,0,0,0
GRAW,15:36:51.676,0,0,0,0,0,0
GATT,15:36:51.676,-1,-1
GMAG,15:36:51.676,0,0,0,27,19
GRCC,15:36:51.676,1066,1490,1494,1498
GRCX,15:36:51.676,1068,1492,1500,1500
GMOT,15:36:51.676,950,950,950,950,0,0,0,0
GNAV,15:36:51.676,0,0,0,0
GPAR,15:36:51.676,2880,0,0,0
GDBG,15:36:51.676,0,0,0,0
GRAW,15:36:51.862,0,0,0,0,0,0
GATT,15:36:51.862,-1,-1
GMAG,15:36:51.862,0,0,0,27,18
GRCC,15:36:51.862,1066,1490,1492,1498
GRCX,15:36:51.862,1068,1492,1500,1500
GMOT,15:36:51.862,950,950,950,950,0,0,0,0
GNAV,15:36:51.862,0,0,0,0
GPAR,15:36:51.862,2940,0,0,0
GDBG,15:36:51.862,0,0,0,0
GRAW,15:36:52.052,0,0,0,0,0,0
GATT,15:36:52.052,-1,-1
GMAG,15:36:52.052,0,0,0,27,15
GRCC,15:36:52.052,1066,1490,1492,1498
GRCX,15:36:52.052,1068,1492,1500,1500
GMOT,15:36:52.052,950,950,950,950,0,0,0,0
GNAV,15:36:52.052,0,0,0,0
GPAR,15:36:52.052,2652,0,0,0
GDBG,15:36:52.052,0,0,0,0
GRAW,15:36:52.268,0,0,0,0,0,0
GATT,15:36:52.268,-1,-1
GMAG,15:36:52.268,0,0,0,27,10
GRCC,15:36:52.268,1066,1490,1482,1498
GRCX,15:36:52.268,1068,1492,1500,1500
GMOT,15:36:52.268,950,950,950,950,0,0,0,0
GNAV,15:36:52.268,0,0,0,0
GPAR,15:36:52.268,2808,0,0,0
GDBG,15:36:52.268,0,0,0,0
GRAW,15:36:52.457,0,0,0,0,0,0
GATT,15:36:52.457,-1,-1
GMAG,15:36:52.457,0,0,0,27,5
GRCC,15:36:52.457,1066,1453,1458,1498
GRCX,15:36:52.457,1068,1492,1500,1500
GMOT,15:36:52.457,950,950,950,950,0,0,0,0
GNAV,15:36:52.457,0,0,0,0
GPAR,15:36:52.457,2624,0,0,0
GDBG,15:36:52.457,0,0,0,0
GRAW,15:36:52.677,0,0,0,0,0,0
GATT,15:36:52.677,-1,-1
GMAG,15:36:52.677,0,0,0,27,1
GRCC,15:36:52.677,1066,1418,1478,1498
GRCX,15:36:52.677,1068,1492,1500,1500
GMOT,15:36:52.677,950,950,950,950,0,0,0,0
GNAV,15:36:52.677,0,0,0,0
GPAR,15:36:52.677,2632,0,0,0
GDBG,15:36:52.677,0,0,0,0
GRAW,15:36:52.892,0,0,0,0,0,0
GATT,15:36:52.892,-1,-1
GMAG,15:36:52.892,0,0,0,27,-1
GRCC,15:36:52.892,1066,1369,1454,1498
GRCX,15:36:52.892,1068,1492,1500,1500
GMOT,15:36:52.892,950,950,950,950,0,0,0,0
GNAV,15:36:52.892,0,0,0,0
GPAR,15:36:52.892,2616,0,0,0
GDBG,15:36:52.892,0,0,0,0
GRAW,15:36:53.111,0,0,0,0,0,0
GATT,15:36:53.111,-1,-1
GMAG,15:36:53.111,0,0,0,27,-4
GRCC,15:36:53.111,1066,1401,1484,1498
GRCX,15:36:53.111,1068,1492,1500,1500
GMOT,15:36:53.111,950,950,950,950,0,0,0,0
GNAV,15:36:53.111,0,0,0,0
GPAR,15:36:53.111,2628,0,0,0
GDBG,15:36:53.111,0,0,0,0
GRAW,15:36:53.329,0,0,0,0,0,0
GATT,15:36:53.329,-1,-1
GMAG,15:36:53.329,0,0,0,27,-7
GRCC,15:36:53.329,1066,1464,1487,1498
GRCX,15:36:53.329,1068,1492,1500,1500
GMOT,15:36:53.329,950,950,950,950,0,0,0,0
GNAV,15:36:53.329,0,0,0,0
GPAR,15:36:53.329,2656,0,0,0
GDBG,15:36:53.329,0,0,0,0
GRAW,15:36:53.518,0,0,0,0,0,0
GATT,15:36:53.518,-1,-1
GMAG,15:36:53.518,0,0,0,27,-5
GRCC,15:36:53.518,1066,1490,1490,1498
GRCX,15:36:53.518,1068,1492,1500,1500
GMOT,15:36:53.518,950,950,950,950,0,0,0,0
GNAV,15:36:53.518,0,0,0,0
GPAR,15:36:53.518,2860,0,0,0
GDBG,15:36:53.518,0,0,0,0
GRAW,15:36:53.704,0,0,0,0,0,0
GATT,15:36:53.704,-1,-1
GMAG,15:36:53.704,0,0,0,27,-7
GRCC,15:36:53.704,1066,1490,1490,1498
GRCX,15:36:53.704,1068,1492,1500,1500
GMOT,15:36:53.704,950,950,950,950,0,0,0,0
GNAV,15:36:53.704,0,0,0,0
GPAR,15:36:53.704,3092,0,0,0
GDBG,15:36:53.704,0,0,0,0
GRAW,15:36:53.892,0,0,0,0,0,0
GATT,15:36:53.892,-1,-1
GMAG,15:36:53.892,0,0,0,27,-5
GRCC,15:36:53.892,1066,1490,1490,1498
GRCX,15:36:53.892,1068,1492,1500,1500
GMOT,15:36:53.892,950,950,950,950,0,0,0,0
GNAV,15:36:53.892,0,0,0,0
GPAR,15:36:53.892,2644,0,0,0
GDBG,15:36:53.892,0,0,0,0
GRAW,15:36:54.081,0,0,0,0,0,0
GATT,15:36:54.081,-1,-1
GMAG,15:36:54.081,0,0,0,27,-1
GRCC,15:36:54.081,1066,1490,1534,1498
GRCX,15:36:54.081,1068,1492,1500,1500
GMOT,15:36:54.081,950,950,950,950,0,0,0,0
GNAV,15:36:54.081,0,0,0,0
GPAR,15:36:54.081,2848,0,0,0
GDBG,15:36:54.081,0,0,0,0
GRAW,15:36:54.265,0,0,0,0,0,0
GATT,15:36:54.265,-1,-1
GMAG,15:36:54.265,0,0,0,27,-1
GRCC,15:36:54.265,1066,1490,1494,1498
GRCX,15:36:54.265,1068,1492,1500,1500
GMOT,15:36:54.265,950,950,950,950,0,0,0,0
GNAV,15:36:54.265,0,0,0,0
GPAR,15:36:54.265,2628,0,0,0
GDBG,15:36:54.265,0,0,0,0
GRAW,15:36:54.453,0,0,0,0,0,0
GATT,15:36:54.453,-1,-1
GMAG,15:36:54.453,0,0,0,27,-6
GRCC,15:36:54.453,1066,1490,1494,1498
GRCX,15:36:54.453,1068,1492,1500,1500
GMOT,15:36:54.453,950,950,950,950,0,0,0,0
GNAV,15:36:54.453,0,0,0,0
GPAR,15:36:54.453,2840,0,0,0
GDBG,15:36:54.453,0,0,0,0
GRAW,15:36:54.640,0,0,0,0,0,0
GATT,15:36:54.640,-1,-1
GMAG,15:36:54.640,0,0,0,27,-8
GRCC,15:36:54.640,1066,1434,1499,1498
GRCX,15:36:54.640,1068,1492,1500,1500
GMOT,15:36:54.640,950,950,950,950,0,0,0,0
GNAV,15:36:54.640,0,0,0,0
GPAR,15:36:54.640,2612,0,0,0
GDBG,15:36:54.640,0,0,0,0
GRAW,15:36:54.830,0,0,0,0,0,0
GATT,15:36:54.830,-1,-1
GMAG,15:36:54.830,0,0,0,27,-9
GRCC,15:36:54.830,1066,1272,1502,1498
GRCX,15:36:54.830,1068,1492,1500,1500
GMOT,15:36:54.830,950,950,950,950,0,0,0,0
GNAV,15:36:54.830,0,0,0,0
GPAR,15:36:54.830,2628,0,0,0
GDBG,15:36:54.830,0,0,0,0
GRAW,15:36:55.014,0,0,0,0,0,0
GATT,15:36:55.014,-1,-1
GMAG,15:36:55.014,0,0,0,27,-17
GRCC,15:36:55.014,1066,1477,1494,1498
GRCX,15:36:55.014,1068,1492,1500,1500
GMOT,15:36:55.014,950,950,950,950,0,0,0,0
GNAV,15:36:55.014,0,0,0,0
GPAR,15:36:55.014,2952,0,0,0
GDBG,15:36:55.014,0,0,0,0
GRAW,15:36:55.231,0,0,0,0,0,0
GATT,15:36:55.231,-1,-1
GMAG,15:36:55.231,0,0,0,27,-16
GRCC,15:36:55.231,1066,1479,1494,1498
GRCX,15:36:55.231,1068,1492,1500,1500
GMOT,15:36:55.231,950,950,950,950,0,0,0,0
GNAV,15:36:55.231,0,0,0,0
GPAR,15:36:55.231,2888,0,0,0
GDBG,15:36:55.231,0,0,0,0
GRAW,15:36:55.450,0,0,0,0,0,0
GATT,15:36:55.450,-1,-1
GMAG,15:36:55.450,0,0,0,27,-10
GRCC,15:36:55.450,1066,1479,1494,1498
GRCX,15:36:55.450,1068,1492,1500,1500
GMOT,15:36:55.450,950,950,950,950,0,0,0,0
GNAV,15:36:55.450,0,0,0,0
GPAR,15:36:55.450,2796,0,0,0
GDBG,15:36:55.450,0,0,0,0
GRAW,15:36:55.639,0,0,0,0,0,0
GATT,15:36:55.639,-1,-1
GMAG,15:36:55.639,0,0,0,27,-5
GRCC,15:36:55.639,1066,1490,1494,1498
GRCX,15:36:55.639,1068,1492,1500,1500
GMOT,15:36:55.639,950,950,950,950,0,0,0,0
GNAV,15:36:55.639,0,0,0,0
GPAR,15:36:55.639,2804,0,0,0
GDBG,15:36:55.639,0,0,0,0
GRAW,15:36:55.825,0,0,0,0,0,0
GATT,15:36:55.825,-1,-1
GMAG,15:36:55.825,0,0,0,27,1
GRCC,15:36:55.825,1066,1550,1492,1498
GRCX,15:36:55.825,1068,1492,1500,1500
GMOT,15:36:55.825,950,950,950,950,0,0,0,0
GNAV,15:36:55.825,0,0,0,0
GPAR,15:36:55.825,2624,0,0,0
GDBG,15:36:55.825,0,0,0,0
GRAW,15:36:56.045,0,0,0,0,0,0
GATT,15:36:56.045,-1,-1
GMAG,15:36:56.045,0,0,0,27,3
GRCC,15:36:56.045,1066,1718,1492,1498
GRCX,15:36:56.045,1068,1492,1500,1500
GMOT,15:36:56.045,950,950,950,950,0,0,0,0
GNAV,15:36:56.045,0,0,0,0
GPAR,15:36:56.045,2648,0,0,0
GDBG,15:36:56.045,0,0,0,0
GRAW,15:36:56.265,0,0,0,0,0,0
GATT,15:36:56.265,-1,-1
GMAG,15:36:56.265,0,0,0,27,-6
GRCC,15:36:56.265,1066,1491,1492,1498
GRCX,15:36:56.265,1068,1492,1500,1500
GMOT,15:36:56.265,950,950,950,950,0,0,0,0
GNAV,15:36:56.265,0,0,0,0
GPAR,15:36:56.265,2628,0,0,0
GDBG,15:36:56.265,0,0,0,0
GRAW,15:36:56.479,0,0,0,0,0,0
GATT,15:36:56.479,-1,-1
GMAG,15:36:56.479,0,0,0,27,-10
GRCC,15:36:56.479,1066,1370,1492,1498
GRCX,15:36:56.479,1068,1492,1500,1500
GMOT,15:36:56.479,950,950,950,950,0,0,0,0
GNAV,15:36:56.479,0,0,0,0
GPAR,15:36:56.479,2632,0,0,0
GDBG,15:36:56.479,0,0,0,0
GRAW,15:36:56.699,0,0,0,0,0,0
GATT,15:36:56.699,-1,-1
GMAG,15:36:56.699,0,0,0,27,-10
GRCC,15:36:56.699,1066,1604,1492,1498
GRCX,15:36:56.699,1068,1492,1500,1500
GMOT,15:36:56.699,950,950,950,950,0,0,0,0
GNAV,15:36:56.699,0,0,0,0
GPAR,15:36:56.699,3124,0,0,0
GDBG,15:36:56.699,0,0,0,0
GRAW,15:36:56.888,0,0,0,0,0,0
GATT,15:36:56.888,-1,-1
GMAG,15:36:56.888,0,0,0,27,-8
GRCC,15:36:56.888,1066,1830,1492,1498
GRCX,15:36:56.888,1068,1492,1500,1500
GMOT,15:36:56.888,950,950,950,950,0,0,0,0
GNAV,15:36:56.888,0,0,0,0
GPAR,15:36:56.888,2856,0,0,0
GDBG,15:36:56.888,0,0,0,0
GRAW,15:36:57.073,0,0,0,0,0,0
GATT,15:36:57.073,-1,-1
GMAG,15:36:57.073,0,0,0,27,-5
GRCC,15:36:57.073,1066,1505,1503,1498
GRCX,15:36:57.073,1068,1492,1500,1500
GMOT,15:36:57.073,950,950,950,950,0,0,0,0
GNAV,15:36:57.073,0,0,0,0
GPAR,15:36:57.073,2952,0,0,0
GDBG,15:36:57.073,0,0,0,0
GRAW,15:36:57.293,0,0,0,0,0,0
GATT,15:36:57.293,-1,-1
GMAG,15:36:57.293,0,0,0,27,-4
GRCC,15:36:57.293,1066,1494,1502,1498
GRCX,15:36:57.293,1068,1492,1500,1500
GMOT,15:36:57.293,950,950,950,950,0,0,0,0
GNAV,15:36:57.293,0,0,0,0
GPAR,15:36:57.293,2668,0,0,0
GDBG,15:36:57.293,0,0,0,0
GRAW,15:36:57.479,0,0,0,0,0,0
GATT,15:36:57.479,-1,-1
GMAG,15:36:57.479,0,0,0,27,-4
GRCC,15:36:57.479,1066,1430,1841,1498
GRCX,15:36:57.479,1068,1492,1500,1500
GMOT,15:36:57.479,950,950,950,950,0,0,0,0
GNAV,15:36:57.479,0,0,0,0
GPAR,15:36:57.479,2632,0,0,0
GDBG,15:36:57.479,0,0,0,0
GRAW,15:36:57.669,0,0,0,0,0,0
GATT,15:36:57.669,-1,-1
GMAG,15:36:57.669,0,0,0,27,1
GRCC,15:36:57.669,1066,1478,1813,1498
GRCX,15:36:57.669,1068,1492,1500,1500
GMOT,15:36:57.669,950,950,950,950,0,0,0,0
GNAV,15:36:57.669,0,0,0,0
GPAR,15:36:57.669,2904,0,0,0
GDBG,15:36:57.669,0,0,0,0
GRAW,15:36:57.852,0,0,0,0,0,0
GATT,15:36:57.852,-1,-1
GMAG,15:36:57.852,0,0,0,27,3
GRCC,15:36:57.852,1066,1478,1564,1498
GRCX,15:36:57.852,1068,1492,1500,1500
GMOT,15:36:57.852,950,950,950,950,0,0,0,0
GNAV,15:36:57.852,0,0,0,0
GPAR,15:36:57.852,2896,0,0,0
GDBG,15:36:57.852,0,0,0,0
GRAW,15:36:58.040,0,0,0,0,0,0
GATT,15:36:58.040,-1,-1
GMAG,15:36:58.040,0,0,0,27,6
GRCC,15:36:58.040,1066,1341,1569,1498
GRCX,15:36:58.040,1068,1492,1500,1500
GMOT,15:36:58.040,950,950,950,950,0,0,0,0
GNAV,15:36:58.040,0,0,0,0
GPAR,15:36:58.040,3100,0,0,0
GDBG,15:36:58.040,0,0,0,0
GRAW,15:36:58.228,0,0,0,0,0,0
GATT,15:36:58.228,-1,-1
GMAG,15:36:58.228,0,0,0,27,12
GRCC,15:36:58.228,1066,1221,1775,1498
GRCX,15:36:58.228,1068,1492,1500,1500
GMOT,15:36:58.228,950,950,950,950,0,0,0,0
GNAV,15:36:58.228,0,0,0,0
GPAR,15:36:58.228,2880,0,0,0
GDBG,15:36:58.228,0,0,0,0
GRAW,15:36:58.448,0,0,0,0,0,0
GATT,15:36:58.448,-1,-1
GMAG,15:36:58.448,0,0,0,27,14
GRCC,15:36:58.448,1066,1476,1885,1498
GRCX,15:36:58.448,1068,1492,1500,1500
GMOT,15:36:58.448,950,950,950,950,0,0,0,0
GNAV,15:36:58.448,0,0,0,0
GPAR,15:36:58.448,3112,0,0,0
GDBG,15:36:58.448,0,0,0,0
GRAW,15:36:58.663,0,0,0,0,0,0
GATT,15:36:58.663,-1,-1
GMAG,15:36:58.663,0,0,0,27,10
GRCC,15:36:58.663,1066,1491,1612,1498
GRCX,15:36:58.663,1068,1492,1500,1500
GMOT,15:36:58.663,950,950,950,950,0,0,0,0
GNAV,15:36:58.663,0,0,0,0
GPAR,15:36:58.663,2640,0,0,0
GDBG,15:36:58.663,0,0,0,0
GRAW,15:36:58.853,0,0,0,0,0,0
GATT,15:36:58.853,-1,-1
GMAG,15:36:58.853,0,0,0,27,6
GRCC,15:36:58.853,1066,1399,1494,1498
GRCX,15:36:58.853,1068,1492,1500,1500
GMOT,15:36:58.853,950,950,950,950,0,0,0,0
GNAV,15:36:58.853,0,0,0,0
GPAR,15:36:58.853,2852,0,0,0
GDBG,15:36:58.853,0,0,0,0
GRAW,15:36:59.071,0,0,0,0,0,0
GATT,15:36:59.071,-1,-1
GMAG,15:36:59.071,0,0,0,27,-6
GRCC,15:36:59.071,1066,1484,1516,1498
GRCX,15:36:59.071,1068,1492,1500,1500
GMOT,15:36:59.071,950,950,950,950,0,0,0,0
GNAV,15:36:59.071,0,0,0,0
GPAR,15:36:59.071,2660,0,0,0
GDBG,15:36:59.071,0,0,0,0
GRAW,15:36:59.287,0,0,0,0,0,0
GATT,15:36:59.287,-1,-1
GMAG,15:36:59.287,0,0,0,27,-9
GRCC,15:36:59.287,1066,1490,1489,1498
GRCX,15:36:59.287,1068,1492,1500,1500
GMOT,15:36:59.287,950,950,950,950,0,0,0,0
GNAV,15:36:59.287,0,0,0,0
GPAR,15:36:59.287,2616,0,0,0
GDBG,15:36:59.287,0,0,0,0
GRAW,15:36:59.475,0,0,0,0,0,0
GATT,15:36:59.475,-1,-1
GMAG,15:36:59.475,0,0,0,27,-5
GRCC,15:36:59.475,1066,1490,1489,1498
GRCX,15:36:59.475,1068,1492,1500,1500
GMOT,15:36:59.475,950,950,950,950,0,0,0,0
GNAV,15:36:59.475,0,0,0,0
GPAR,15:36:59.475,2860,0,0,0
GDBG,15:36:59.475,0,0,0,0
GRAW,15:36:59.661,0,0,0,0,0,0
GATT,15:36:59.661,-1,-1
GMAG,15:36:59.661,0,0,0,27,-3
GRCC,15:36:59.661,1066,1490,1489,1498
GRCX,15:36:59.661,1068,1492,1500,1500
GMOT,15:36:59.661,950,950,950,950,0,0,0,0
GNAV,15:36:59.661,0,0,0,0
GPAR,15:36:59.661,2668,0,0,0
GDBG,15:36:59.661,0,0,0,0
GRAW,15:36:59.853,0,0,0,0,0,0
GATT,15:36:59.853,-1,-1
GMAG,15:36:59.853,0,0,0,27,4
GRCC,15:36:59.853,1066,1490,1491,1498
GRCX,15:36:59.853,1068,1492,1500,1500
GMOT,15:36:59.853,950,950,950,950,0,0,0,0
GNAV,15:36:59.853,0,0,0,0
GPAR,15:36:59.853,2900,0,0,0
GDBG,15:36:59.853,0,0,0,0
GRAW,15:37:00.037,0,0,0,0,0,0
GATT,15:37:00.037,-1,-1
GMAG,15:37:00.037,0,0,0,27,6
GRCC,15:37:00.037,1066,1490,1491,1498
GRCX,15:37:00.037,1068,1492,1500,1500
GMOT,15:37:00.037,950,950,950,950,0,0,0,0
GNAV,15:37:00.037,0,0,0,0
GPAR,15:37:00.037,2800,0,0,0
GDBG,15:37:00.037,0,0,0,0
GRAW,15:37:00.224,0,0,0,0,0,0
GATT,15:37:00.224,-1,-1
GMAG,15:37:00.224,0,0,0,27,2
GRCC,15:37:00.224,1066,1490,1491,1498
GRCX,15:37:00.224,1068,1492,1500,1500
GMOT,15:37:00.224,950,950,950,950,0,0,0,0
GNAV,15:37:00.224,0,0,0,0
GPAR,15:37:00.224,2632,0,0,0
GDBG,15:37:00.224,0,0,0,0
GRAW,15:37:00.411,0,0,0,0,0,0
GATT,15:37:00.411,-1,-1
GMAG,15:37:00.411,0,0,0,27,-1
GRCC,15:37:00.411,1066,1490,1491,1498
GRCX,15:37:00.411,1068,1492,1500,1500
GMOT,15:37:00.411,950,950,950,950,0,0,0,0
GNAV,15:37:00.411,0,0,0,0
GPAR,15:37:00.411,2620,0,0,0
GDBG,15:37:00.411,0,0,0,0
GRAW,15:37:00.599,0,0,0,0,0,0
GATT,15:37:00.599,-1,-1
GMAG,15:37:00.599,0,0,0,27,-1
GRCC,15:37:00.599,1066,1490,1491,1498
GRCX,15:37:00.599,1068,1492,1500,1500
GMOT,15:37:00.599,950,950,950,950,0,0,0,0
GNAV,15:37:00.599,0,0,0,0
GPAR,15:37:00.599,2896,0,0,0
GDBG,15:37:00.599,0,0,0,0
GRAW,15:37:00.787,0,0,0,0,0,0
GATT,15:37:00.787,-1,-1
GMAG,15:37:00.787,0,0,0,27,4
GRCC,15:37:00.787,1066,1490,1491,1498
GRCX,15:37:00.787,1068,1492,1500,1500
GMOT,15:37:00.787,950,950,950,950,0,0,0,0
GNAV,15:37:00.787,0,0,0,0
GPAR,15:37:00.787,2836,0,0,0
GDBG,15:37:00.787,0,0,0,0
GRAW,15:37:00.972,0,0,0,0,0,0
GATT,15:37:00.972,-1,-1
GMAG,15:37:00.972,0,0,0,27,4
GRCC,15:37:00.972,1066,1490,1491,1498
GRCX,15:37:00.972,1068,1492,1500,1500
GMOT,15:37:00.972,950,950,950,950,0,0,0,0
GNAV,15:37:00.972,0,0,0,0
GPAR,15:37:00.972,2620,0,0,0
GDBG,15:37:00.972,0,0,0,0
GRAW,15:37:01.161,0,0,0,0,0,0
GATT,15:37:01.161,-1,-1
GMAG,15:37:01.161,0,0,0,27,7
GRCC,15:37:01.161,1066,1490,1491,1498
GRCX,15:37:01.161,1068,1492,1500,1500
GMOT,15:37:01.161,950,950,950,950,0,0,0,0
GNAV,15:37:01.161,0,0,0,0
GPAR,15:37:01.161,2804,0,0,0
GDBG,15:37:01.161,0,0,0,0
GRAW,15:37:01.378,0,0,0,0,0,0
GATT,15:37:01.378,-1,-1
GMAG,15:37:01.378,0,0,0,27,5
GRCC,15:37:01.378,1066,1490,1491,1498
GRCX,15:37:01.378,1068,1492,1500,1500
GMOT,15:37:01.378,950,950,950,950,0,0,0,0
GNAV,15:37:01.378,0,0,0,0
GPAR,15:37:01.378,2880,0,0,0
GDBG,15:37:01.378,0,0,0,0
GRAW,15:37:01.597,0,0,0,0,0,0
GATT,15:37:01.597,-1,-1
GMAG,15:37:01.597,0,0,0,27,1
GRCC,15:37:01.597,1066,1490,1491,1498
GRCX,15:37:01.597,1068,1492,1500,1500
GMOT,15:37:01.597,950,950,950,950,0,0,0,0
GNAV,15:37:01.597,0,0,0,0
GPAR,15:37:01.597,2644,0,0,0
GDBG,15:37:01.597,0,0,0,0
GRAW,15:37:01.816,0,0,0,0,0,0
GATT,15:37:01.816,-1,-1
GMAG,15:37:01.816,0,0,0,27,-3
GRCC,15:37:01.816,1066,1490,1491,1498
GRCX,15:37:01.816,1068,1492,1500,1500
GMOT,15:37:01.816,950,950,950,950,0,0,0,0
GNAV,15:37:01.816,0,0,0,0
GPAR,15:37:01.816,2680,0,0,0
GDBG,15:37:01.816,0,0,0,0
GRAW,15:37:02.038,0,0,0,0,0,0
GATT,15:37:02.038,-1,-1
GMAG,15:37:02.038,0,0,0,27,1
GRCC,15:37:02.038,1066,1490,1491,1498
GRCX,15:37:02.038,1068,1492,1500,1500
GMOT,15:37:02.038,950,950,950,950,0,0,0,0
GNAV,15:37:02.038,0,0,0,0
GPAR,15:37:02.038,2632,0,0,0
GDBG,15:37:02.038,0,0,0,0
GRAW,15:37:02.253,0,0,0,0,0,0
GATT,15:37:02.253,-1,-1
GMAG,15:37:02.253,0,0,0,27,1
GRCC,15:37:02.253,1066,1490,1491,1498
GRCX,15:37:02.253,1068,1492,1500,1500
GMOT,15:37:02.253,950,950,950,950,0,0,0,0
GNAV,15:37:02.253,0,0,0,0
GPAR,15:37:02.253,2616,0,0,0
GDBG,15:37:02.253,0,0,0,0
