MultiWii telemetry log. Start time:2015/11/18 15:41:23.662
GRAW,15:41:28.935,0,0,0,0,0,0
GATT,15:41:28.935,-1,-1
GMAG,15:41:28.935,0,0,0,32,4
GRCC,15:41:28.935,1067,1490,1482,1499
GRCX,15:41:28.935,1069,1493,1500,1500
GMOT,15:41:28.935,950,950,950,950,0,0,0,0
GNAV,15:41:28.935,0,0,0,0
GPAR,15:41:28.935,2636,0,0,0
GDBG,15:41:28.935,0,0,0,0
GRAW,15:41:28.993,0,0,0,0,0,0
GATT,15:41:28.993,-1,-1
GMAG,15:41:28.993,0,0,0,32,4
GRCC,15:41:28.993,1067,1490,1482,1499
GRCX,15:41:28.993,1069,1493,1500,1500
GMOT,15:41:28.993,950,950,950,950,0,0,0,0
GNAV,15:41:28.993,0,0,0,0
GPAR,15:41:28.993,2636,0,0,0
GDBG,15:41:28.993,0,0,0,0
GRAW,15:41:29.157,0,0,0,0,0,0
GATT,15:41:29.157,0,-1
GMAG,15:41:29.157,0,0,0,34,11983
GRCC,15:41:29.157,1066,1491,1492,1498
GRCX,15:41:29.157,1069,1491,1500,1500
GMOT,15:41:29.157,950,950,950,950,0,0,0,0
GNAV,15:41:29.157,0,0,0,0
GPAR,15:41:29.157,2640,0,0,0
GDBG,15:41:29.157,0,0,0,0
GRAW,15:41:29.309,0,0,0,0,0,0
GATT,15:41:29.309,-1,-1
GMAG,15:41:29.309,0,0,0,34,2132
GRCC,15:41:29.309,1066,1491,1492,1498
GRCX,15:41:29.309,1069,1491,1500,1500
GMOT,15:41:29.309,950,950,950,950,0,0,0,0
GNAV,15:41:29.309,0,0,0,0
GPAR,15:41:29.309,3100,0,0,0
GDBG,15:41:29.309,0,0,0,0
GRAW,15:41:29.468,0,0,0,0,0,0
GATT,15:41:29.468,-1,-1
GMAG,15:41:29.468,0,0,0,34,505
GRCC,15:41:29.468,1066,1491,1476,1498
GRCX,15:41:29.468,1069,1494,1500,1500
GMOT,15:41:29.468,950,950,950,950,0,0,0,0
GNAV,15:41:29.468,0,0,0,0
GPAR,15:41:29.468,3044,0,0,0
GDBG,15:41:29.468,0,0,0,0
GRAW,15:41:29.622,0,0,0,0,0,0
GATT,15:41:29.622,-1,-1
GMAG,15:41:29.622,0,0,0,34,119
GRCC,15:41:29.622,1066,1493,1419,1498
GRCX,15:41:29.622,1069,1494,1500,1500
GMOT,15:41:29.622,950,950,950,950,0,0,0,0
GNAV,15:41:29.622,0,0,0,0
GPAR,15:41:29.622,2800,0,0,0
GDBG,15:41:29.622,0,0,0,0
GRAW,15:41:29.777,0,0,0,0,0,0
GATT,15:41:29.777,-1,-1
GMAG,15:41:29.777,0,0,0,34,20
GRCC,15:41:29.777,1066,1493,1361,1498
GRCX,15:41:29.777,1069,1494,1500,1500
GMOT,15:41:29.777,950,950,950,950,0,0,0,0
GNAV,15:41:29.777,0,0,0,0
GPAR,15:41:29.777,2796,0,0,0
GDBG,15:41:29.777,0,0,0,0
GRAW,15:41:29.935,0,0,0,0,0,0
GATT,15:41:29.935,-1,-1
GMAG,15:41:29.935,0,0,0,34,4
GRCC,15:41:29.935,1066,1493,1254,1498
GRCX,15:41:29.935,1069,1494,1500,1500
GMOT,15:41:29.935,950,950,950,950,0,0,0,0
GNAV,15:41:29.935,0,0,0,0
GPAR,15:41:29.935,3084,0,0,0
GDBG,15:41:29.935,0,0,0,0
GRAW,15:41:30.155,0,0,0,0,0,0
GATT,15:41:30.155,0,-1
GMAG,15:41:30.155,0,0,0,34,0
GRCC,15:41:30.155,1066,1493,1259,1498
GRCX,15:41:30.155,1069,1494,1500,1500
GMOT,15:41:30.155,950,950,950,950,0,0,0,0
GNAV,15:41:30.155,0,0,0,0
GPAR,15:41:30.155,2640,0,0,0
GDBG,15:41:30.155,0,0,0,0
GRAW,15:41:30.371,0,0,0,0,0,0
GATT,15:41:30.371,0,-1
GMAG,15:41:30.371,0,0,0,34,0
GRCC,15:41:30.371,1066,1491,1200,1498
GRCX,15:41:30.371,1069,1494,1500,1500
GMOT,15:41:30.371,950,950,950,950,0,0,0,0
GNAV,15:41:30.371,0,0,0,0
GPAR,15:41:30.371,2628,0,0,0
GDBG,15:41:30.371,0,0,0,0
GRAW,15:41:30.590,0,0,0,0,0,0
GATT,15:41:30.590,0,-1
GMAG,15:41:30.590,0,0,0,34,0
GRCC,15:41:30.590,1066,1487,1143,1498
GRCX,15:41:30.590,1069,1494,1500,1500
GMOT,15:41:30.590,950,950,950,950,0,0,0,0
GNAV,15:41:30.590,0,0,0,0
GPAR,15:41:30.590,3092,0,0,0
GDBG,15:41:30.590,0,0,0,0
GRAW,15:41:30.808,0,0,0,0,0,0
GATT,15:41:30.808,-1,-1
GMAG,15:41:30.808,0,0,0,34,0
GRCC,15:41:30.808,1066,1482,1379,1498
GRCX,15:41:30.808,1069,1494,1500,1500
GMOT,15:41:30.808,950,950,950,950,0,0,0,0
GNAV,15:41:30.808,0,0,0,0
GPAR,15:41:30.808,2608,0,0,0
GDBG,15:41:30.808,0,0,0,0
GRAW,15:41:30.996,0,0,0,0,0,0
GATT,15:41:30.996,-1,-1
GMAG,15:41:30.996,0,0,0,34,0
GRCC,15:41:30.996,1066,1431,1703,1498
GRCX,15:41:30.996,1069,1494,1500,1500
GMOT,15:41:30.996,950,950,950,950,0,0,0,0
GNAV,15:41:30.996,0,0,0,0
GPAR,15:41:30.996,2784,0,0,0
GDBG,15:41:30.996,0,0,0,0
GRAW,15:41:31.217,0,0,0,0,0,0
GATT,15:41:31.217,-1,-1
GMAG,15:41:31.217,0,0,0,34,0
GRCC,15:41:31.217,1066,1464,1713,1498
GRCX,15:41:31.217,1069,1494,1500,1500
GMOT,15:41:31.217,950,950,950,950,0,0,0,0
GNAV,15:41:31.217,0,0,0,0
GPAR,15:41:31.217,3096,0,0,0
GDBG,15:41:31.217,0,0,0,0
GRAW,15:41:31.431,0,0,0,0,0,0
GATT,15:41:31.431,-1,-1
GMAG,15:41:31.431,0,0,0,34,0
GRCC,15:41:31.431,1066,1449,1675,1498
GRCX,15:41:31.431,1069,1494,1500,1500
GMOT,15:41:31.431,950,950,950,950,0,0,0,0
GNAV,15:41:31.431,0,0,0,0
GPAR,15:41:31.431,2920,0,0,0
GDBG,15:41:31.431,0,0,0,0
GRAW,15:41:31.618,0,0,0,0,0,0
GATT,15:41:31.618,0,-1
GMAG,15:41:31.618,0,0,0,34,0
GRCC,15:41:31.618,1066,1490,1495,1498
GRCX,15:41:31.618,1069,1494,1500,1500
GMOT,15:41:31.618,950,950,950,950,0,0,0,0
GNAV,15:41:31.618,0,0,0,0
GPAR,15:41:31.618,2660,0,0,0
GDBG,15:41:31.618,0,0,0,0
GRAW,15:41:31.808,0,0,0,0,0,0
GATT,15:41:31.808,0,-1
GMAG,15:41:31.808,0,0,0,34,0
GRCC,15:41:31.808,1066,1490,1495,1498
GRCX,15:41:31.808,1069,1494,1500,1500
GMOT,15:41:31.808,950,950,950,950,0,0,0,0
GNAV,15:41:31.808,0,0,0,0
GPAR,15:41:31.808,2820,0,0,0
GDBG,15:41:31.808,0,0,0,0
GRAW,15:41:32.025,0,0,0,0,0,0
GATT,15:41:32.025,0,-1
GMAG,15:41:32.025,0,0,0,35,0
GRCC,15:41:32.025,1066,1620,1495,1498
GRCX,15:41:32.025,1069,1494,1500,1500
GMOT,15:41:32.025,950,950,950,950,0,0,0,0
GNAV,15:41:32.025,0,0,0,0
GPAR,15:41:32.025,2640,0,0,0
GDBG,15:41:32.025,0,0,0,0
GRAW,15:41:32.245,0,0,0,0,0,0
GATT,15:41:32.245,0,-1
GMAG,15:41:32.245,0,0,0,35,0
GRCC,15:41:32.245,1066,1638,1502,1498
GRCX,15:41:32.245,1069,1494,1500,1500
GMOT,15:41:32.245,950,950,950,950,0,0,0,0
GNAV,15:41:32.245,0,0,0,0
GPAR,15:41:32.245,2624,0,0,0
GDBG,15:41:32.245,0,0,0,0
GRAW,15:41:32.463,0,0,0,0,0,0
GATT,15:41:32.463,0,-1
GMAG,15:41:32.463,0,0,0,35,0
GRCC,15:41:32.463,1066,1734,1495,1498
GRCX,15:41:32.463,1069,1494,1500,1500
GMOT,15:41:32.463,950,950,950,950,0,0,0,0
GNAV,15:41:32.463,0,0,0,0
GPAR,15:41:32.463,3084,0,0,0
GDBG,15:41:32.463,0,0,0,0
GRAW,15:41:32.680,0,0,0,0,0,0
GATT,15:41:32.680,0,-1
GMAG,15:41:32.680,0,0,0,34,0
GRCC,15:41:32.680,1066,1452,1495,1498
GRCX,15:41:32.680,1069,1494,1500,1500
GMOT,15:41:32.680,950,950,950,950,0,0,0,0
GNAV,15:41:32.680,0,0,0,0
GPAR,15:41:32.680,2952,0,0,0
GDBG,15:41:32.680,0,0,0,0
GRAW,15:41:32.898,0,0,0,0,0,0
GATT,15:41:32.898,0,-1
GMAG,15:41:32.898,0,0,0,34,0
GRCC,15:41:32.898,1066,1178,1495,1498
GRCX,15:41:32.898,1069,1494,1500,1500
GMOT,15:41:32.898,950,950,950,950,0,0,0,0
GNAV,15:41:32.898,0,0,0,0
GPAR,15:41:32.898,2660,0,0,0
GDBG,15:41:32.898,0,0,0,0
GRAW,15:41:33.116,0,0,0,0,0,0
GATT,15:41:33.116,0,-1
GMAG,15:41:33.116,0,0,0,34,0
GRCC,15:41:33.116,1066,1541,1495,1498
GRCX,15:41:33.116,1069,1494,1500,1500
GMOT,15:41:33.116,950,950,950,950,0,0,0,0
GNAV,15:41:33.116,0,0,0,0
GPAR,15:41:33.116,2640,0,0,0
GDBG,15:41:33.116,0,0,0,0
GRAW,15:41:33.367,0,0,0,0,0,0
GATT,15:41:33.367,0,-1
GMAG,15:41:33.367,0,0,0,34,0
GRCC,15:41:33.367,1434,1521,1495,1498
GRCX,15:41:33.367,1069,1494,1500,1500
GMOT,15:41:33.367,950,950,950,950,0,0,0,0
GNAV,15:41:33.367,0,0,0,0
GPAR,15:41:33.367,2628,0,0,0
GDBG,15:41:33.367,0,0,0,0
GRAW,15:41:33.555,0,0,0,0,0,0
GATT,15:41:33.555,0,-1
GMAG,15:41:33.555,0,0,0,34,0
GRCC,15:41:33.555,1075,1507,1495,1498
GRCX,15:41:33.555,1069,1494,1500,1500
GMOT,15:41:33.555,950,950,950,950,0,0,0,0
GNAV,15:41:33.555,0,0,0,0
GPAR,15:41:33.555,2632,0,0,0
GDBG,15:41:33.555,0,0,0,0
GRAW,15:41:33.773,0,0,0,0,0,0
GATT,15:41:33.773,0,-1
GMAG,15:41:33.773,0,0,0,35,0
GRCC,15:41:33.773,1068,1495,1495,1498
GRCX,15:41:33.773,1069,1494,1500,1500
GMOT,15:41:33.773,950,950,950,950,0,0,0,0
GNAV,15:41:33.773,0,0,0,0
GPAR,15:41:33.773,2636,0,0,0
GDBG,15:41:33.773,0,0,0,0
GRAW,15:41:33.959,0,0,0,0,0,0
GATT,15:41:33.959,0,-1
GMAG,15:41:33.959,0,0,0,35,0
GRCC,15:41:33.959,1068,1495,1495,1507
GRCX,15:41:33.959,1069,1494,1500,1500
GMOT,15:41:33.959,950,950,950,950,0,0,0,0
GNAV,15:41:33.959,0,0,0,0
GPAR,15:41:33.959,2868,0,0,0
GDBG,15:41:33.959,0,0,0,0
GRAW,15:41:34.146,0,0,0,0,0,0
GATT,15:41:34.146,0,-1
GMAG,15:41:34.146,0,0,0,35,0
GRCC,15:41:34.146,1068,1495,1495,1904
GRCX,15:41:34.146,1069,1494,1500,1500
GMOT,15:41:34.146,950,950,950,950,0,0,0,0
GNAV,15:41:34.146,0,0,0,0
GPAR,15:41:34.146,2656,0,0,0
GDBG,15:41:34.146,0,0,0,0
GRAW,15:41:34.333,0,0,0,0,0,0
GATT,15:41:34.333,0,-1
GMAG,15:41:34.333,0,0,0,35,-8
GRCC,15:41:34.333,1066,1493,1495,1860
GRCX,15:41:34.333,1069,1494,1500,1500
GMOT,15:41:34.333,950,950,950,950,0,0,0,0
GNAV,15:41:34.333,0,0,0,0
GPAR,15:41:34.333,2612,0,0,0
GDBG,15:41:34.333,0,0,0,0
GRAW,15:41:34.524,0,0,0,0,0,0
GATT,15:41:34.524,0,-1
GMAG,15:41:34.524,0,0,0,35,-17
GRCC,15:41:34.524,1066,1493,1495,1829
GRCX,15:41:34.524,1069,1494,1500,1500
GMOT,15:41:34.524,950,950,950,950,0,0,0,0
GNAV,15:41:34.524,0,0,0,0
GPAR,15:41:34.524,2672,0,0,0
GDBG,15:41:34.524,0,0,0,0
GRAW,15:41:34.708,0,0,0,0,0,0
GATT,15:41:34.708,0,-1
GMAG,15:41:34.708,0,0,0,35,-17
GRCC,15:41:34.708,1066,1493,1495,1502
GRCX,15:41:34.708,1069,1494,1500,1500
GMOT,15:41:34.708,950,950,950,950,0,0,0,0
GNAV,15:41:34.708,0,0,0,0
GPAR,15:41:34.708,2888,0,0,0
GDBG,15:41:34.708,0,0,0,0
GRAW,15:41:34.895,0,0,0,0,0,0
GATT,15:41:34.895,0,-1
GMAG,15:41:34.895,0,0,0,34,-12
GRCC,15:41:34.895,1066,1493,1495,1500
GRCX,15:41:34.895,1069,1494,1500,1500
GMOT,15:41:34.895,950,950,950,950,0,0,0,0
GNAV,15:41:34.895,0,0,0,0
GPAR,15:41:34.895,2640,0,0,0
GDBG,15:41:34.895,0,0,0,0
GRAW,15:41:35.084,0,0,0,0,0,0
GATT,15:41:35.084,0,-1
GMAG,15:41:35.084,0,0,0,34,-6
GRCC,15:41:35.084,1066,1493,1495,1498
GRCX,15:41:35.084,1069,1494,1500,1500
GMOT,15:41:35.084,950,950,950,950,0,0,0,0
GNAV,15:41:35.084,0,0,0,0
GPAR,15:41:35.084,2656,0,0,0
GDBG,15:41:35.084,0,0,0,0
GRAW,15:41:35.273,0,0,0,0,0,0
GATT,15:41:35.273,0,-1
GMAG,15:41:35.273,0,0,0,34,1
GRCC,15:41:35.273,1066,1493,1495,1498
GRCX,15:41:35.273,1069,1494,1500,1500
GMOT,15:41:35.273,950,950,950,950,0,0,0,0
GNAV,15:41:35.273,0,0,0,0
GPAR,15:41:35.273,2792,0,0,0
GDBG,15:41:35.273,0,0,0,0
GRAW,15:41:35.458,0,0,0,0,0,0
GATT,15:41:35.458,0,-1
GMAG,15:41:35.458,0,0,0,34,11
GRCC,15:41:35.458,1066,1493,1495,1498
GRCX,15:41:35.458,1069,1494,1500,1500
GMOT,15:41:35.458,950,950,950,950,0,0,0,0
GNAV,15:41:35.458,0,0,0,0
GPAR,15:41:35.458,2624,0,0,0
GDBG,15:41:35.458,0,0,0,0
GRAW,15:41:35.643,0,0,0,0,0,0
GATT,15:41:35.643,0,-1
GMAG,15:41:35.643,0,0,0,34,16
GRCC,15:41:35.643,1066,1493,1495,1498
GRCX,15:41:35.643,1927,1494,1500,1500
GMOT,15:41:35.643,950,950,950,950,0,0,0,0
GNAV,15:41:35.643,0,0,0,0
GPAR,15:41:35.643,3124,0,0,0
GDBG,15:41:35.643,0,0,0,0
GRAW,15:41:35.831,0,0,0,0,0,0
GATT,15:41:35.831,0,-1
GMAG,15:41:35.831,0,0,0,35,17
GRCC,15:41:35.831,1066,1493,1495,1498
GRCX,15:41:35.831,1927,1494,1500,1500
GMOT,15:41:35.831,950,950,950,950,0,0,0,0
GNAV,15:41:35.831,0,0,0,0
GPAR,15:41:35.831,2888,0,0,0
GDBG,15:41:35.831,0,0,0,0
GRAW,15:41:36.018,0,0,0,0,0,0
GATT,15:41:36.018,0,-1
GMAG,15:41:36.018,0,0,0,34,13
GRCC,15:41:36.018,1066,1493,1495,1498
GRCX,15:41:36.018,1927,1494,1500,1500
GMOT,15:41:36.018,950,950,950,950,0,0,0,0
GNAV,15:41:36.018,0,0,0,0
GPAR,15:41:36.018,2656,0,0,0
GDBG,15:41:36.018,0,0,0,0
GRAW,15:41:36.208,0,0,0,0,0,0
GATT,15:41:36.208,0,-1
GMAG,15:41:36.208,0,0,0,34,8
GRCC,15:41:36.208,1066,1493,1493,1498
GRCX,15:41:36.208,1716,1494,1500,1500
GMOT,15:41:36.208,950,950,950,950,0,0,0,0
GNAV,15:41:36.208,0,0,0,0
GPAR,15:41:36.208,2644,0,0,0
GDBG,15:41:36.208,0,0,0,0
GRAW,15:41:36.396,0,0,0,0,0,0
GATT,15:41:36.396,0,-1
GMAG,15:41:36.396,0,0,0,34,1
GRCC,15:41:36.396,1066,1493,1493,1498
GRCX,15:41:36.396,1069,1494,1500,1500
GMOT,15:41:36.396,950,950,950,950,0,0,0,0
GNAV,15:41:36.396,0,0,0,0
GPAR,15:41:36.396,2892,0,0,0
GDBG,15:41:36.396,0,0,0,0
GRAW,15:41:36.579,0,0,0,0,0,0
GATT,15:41:36.579,0,-1
GMAG,15:41:36.579,0,0,0,34,-11
GRCC,15:41:36.579,1066,1493,1493,1498
GRCX,15:41:36.579,1069,1494,1500,1500
GMOT,15:41:36.579,950,950,950,950,0,0,0,0
GNAV,15:41:36.579,0,0,0,0
GPAR,15:41:36.579,2892,0,0,0
GDBG,15:41:36.579,0,0,0,0
GRAW,15:41:36.769,0,0,0,0,0,0
GATT,15:41:36.769,0,-1
GMAG,15:41:36.769,0,0,0,34,-19
GRCC,15:41:36.769,1066,1493,1493,1498
GRCX,15:41:36.769,1069,1494,1500,1500
GMOT,15:41:36.769,950,950,950,950,0,0,0,0
GNAV,15:41:36.769,0,0,0,0
GPAR,15:41:36.769,2672,0,0,0
GDBG,15:41:36.769,0,0,0,0
GRAW,15:41:36.987,0,0,0,0,0,0
GATT,15:41:36.987,0,-1
GMAG,15:41:36.987,0,0,0,34,-23
GRCC,15:41:36.987,1066,1493,1493,1498
GRCX,15:41:36.987,1069,1494,1500,1500
GMOT,15:41:36.987,950,950,950,950,0,0,0,0
GNAV,15:41:36.987,0,0,0,0
GPAR,15:41:36.987,2924,0,0,0
GDBG,15:41:36.987,0,0,0,0
GRAW,15:41:37.203,0,0,0,0,0,0
GATT,15:41:37.203,0,-1
GMAG,15:41:37.203,0,0,0,34,-22
GRCC,15:41:37.203,1066,1493,1493,1498
GRCX,15:41:37.203,1069,1494,1500,1500
GMOT,15:41:37.203,950,950,950,950,0,0,0,0
GNAV,15:41:37.203,0,0,0,0
GPAR,15:41:37.203,2628,0,0,0
GDBG,15:41:37.203,0,0,0,0
GRAW,15:41:37.391,0,0,0,0,0,0
GATT,15:41:37.391,0,-1
GMAG,15:41:37.391,0,0,0,34,-10
GRCC,15:41:37.391,1066,1493,1493,1498
GRCX,15:41:37.391,1069,1494,1500,1500
GMOT,15:41:37.391,950,950,950,950,0,0,0,0
GNAV,15:41:37.391,0,0,0,0
GPAR,15:41:37.391,2824,0,0,0
GDBG,15:41:37.391,0,0,0,0
GRAW,15:41:37.609,0,0,0,0,0,0
GATT,15:41:37.609,0,-1
GMAG,15:41:37.609,0,0,0,34,6
GRCC,15:41:37.609,1066,1493,1493,1498
GRCX,15:41:37.609,1069,1494,1500,1500
GMOT,15:41:37.609,950,950,950,950,0,0,0,0
GNAV,15:41:37.609,0,0,0,0
GPAR,15:41:37.609,2864,0,0,0
GDBG,15:41:37.609,0,0,0,0
GRAW,15:41:37.827,0,0,0,0,0,0
GATT,15:41:37.827,0,-1
GMAG,15:41:37.827,0,0,0,34,8
GRCC,15:41:37.827,1066,1493,1493,1498
GRCX,15:41:37.827,1069,1494,1500,1500
GMOT,15:41:37.827,950,950,950,950,0,0,0,0
GNAV,15:41:37.827,0,0,0,0
GPAR,15:41:37.827,2648,0,0,0
GDBG,15:41:37.827,0,0,0,0
GRAW,15:41:38.046,0,0,0,0,0,0
GATT,15:41:38.046,0,-1
GMAG,15:41:38.046,0,0,0,34,7
GRCC,15:41:38.046,1066,1493,1493,1498
GRCX,15:41:38.046,1069,1494,1500,1500
GMOT,15:41:38.046,950,950,950,950,0,0,0,0
GNAV,15:41:38.046,0,0,0,0
GPAR,15:41:38.046,2684,0,0,0
GDBG,15:41:38.046,0,0,0,0
GRAW,15:41:38.266,0,0,0,0,0,0
GATT,15:41:38.266,0,-1
GMAG,15:41:38.266,0,0,0,34,3
GRCC,15:41:38.266,1066,1493,1493,1498
GRCX,15:41:38.266,1069,1494,1500,1500
GMOT,15:41:38.266,950,950,950,950,0,0,0,0
GNAV,15:41:38.266,0,0,0,0
GPAR,15:41:38.266,2656,0,0,0
GDBG,15:41:38.266,0,0,0,0
GRAW,15:41:38.484,0,0,0,0,0,0
GATT,15:41:38.484,0,-1
GMAG,15:41:38.484,0,0,0,34,15
GRCC,15:41:38.484,1066,1493,1493,1498
GRCX,15:41:38.484,1069,1494,1500,1500
GMOT,15:41:38.484,950,950,950,950,0,0,0,0
GNAV,15:41:38.484,0,0,0,0
GPAR,15:41:38.484,2620,0,0,0
GDBG,15:41:38.484,0,0,0,0
GRAW,15:41:38.701,0,0,0,0,0,0
GATT,15:41:38.701,0,-1
GMAG,15:41:38.701,0,0,0,34,17
GRCC,15:41:38.701,1066,1493,1493,1498
GRCX,15:41:38.701,1069,1494,1500,1500
GMOT,15:41:38.701,950,950,950,950,0,0,0,0
GNAV,15:41:38.701,0,0,0,0
GPAR,15:41:38.701,2604,0,0,0
GDBG,15:41:38.701,0,0,0,0
GRAW,15:41:38.919,0,0,0,0,0,0
GATT,15:41:38.919,0,-1
GMAG,15:41:38.919,0,0,0,34,14
GRCC,15:41:38.919,1066,1493,1493,1498
GRCX,15:41:38.919,1069,1494,1500,1500
GMOT,15:41:38.919,950,950,950,950,0,0,0,0
GNAV,15:41:38.919,0,0,0,0
GPAR,15:41:38.919,2624,0,0,0
GDBG,15:41:38.919,0,0,0,0
GRAW,15:41:39.140,0,0,0,0,0,0
GATT,15:41:39.140,0,-1
GMAG,15:41:39.140,0,0,0,34,6
GRCC,15:41:39.140,1066,1493,1493,1498
GRCX,15:41:39.140,1069,1494,1500,1500
GMOT,15:41:39.140,950,950,950,950,0,0,0,0
GNAV,15:41:39.140,0,0,0,0
GPAR,15:41:39.140,2608,0,0,0
GDBG,15:41:39.140,0,0,0,0
GRAW,15:41:39.388,0,0,0,0,0,0
GATT,15:41:39.388,0,-1
GMAG,15:41:39.388,0,0,0,34,-15
GRCC,15:41:39.388,1066,1493,1493,1498
GRCX,15:41:39.388,1069,1494,1500,1500
GMOT,15:41:39.388,950,950,950,950,0,0,0,0
GNAV,15:41:39.388,0,0,0,0
GPAR,15:41:39.388,2604,0,0,0
GDBG,15:41:39.388,0,0,0,0
GRAW,15:41:39.577,0,0,0,0,0,0
GATT,15:41:39.577,0,-1
GMAG,15:41:39.577,0,0,0,34,-17
GRCC,15:41:39.577,1066,1493,1493,1498
GRCX,15:41:39.577,1069,1494,1500,1500
GMOT,15:41:39.577,950,950,950,950,0,0,0,0
GNAV,15:41:39.577,0,0,0,0
GPAR,15:41:39.577,2632,0,0,0
GDBG,15:41:39.577,0,0,0,0
GRAW,15:41:39.792,0,0,0,0,0,0
GATT,15:41:39.792,0,-1
GMAG,15:41:39.792,0,0,0,34,-12
GRCC,15:41:39.792,1066,1493,1493,1498
GRCX,15:41:39.792,1069,1494,1500,1500
GMOT,15:41:39.792,950,950,950,950,0,0,0,0
GNAV,15:41:39.792,0,0,0,0
GPAR,15:41:39.792,2916,0,0,0
GDBG,15:41:39.792,0,0,0,0
GRAW,15:41:39.982,0,0,0,0,0,0
GATT,15:41:39.982,0,-1
GMAG,15:41:39.982,0,0,0,34,-8
GRCC,15:41:39.982,1066,1493,1493,1498
GRCX,15:41:39.982,1069,1494,1500,1500
GMOT,15:41:39.982,950,950,950,950,0,0,0,0
GNAV,15:41:39.982,0,0,0,0
GPAR,15:41:39.982,2608,0,0,0
GDBG,15:41:39.982,0,0,0,0
GRAW,15:41:40.168,0,0,0,0,0,0
GATT,15:41:40.168,0,-1
GMAG,15:41:40.168,0,0,0,35,2
GRCC,15:41:40.168,1066,1493,1493,1498
GRCX,15:41:40.168,1069,1494,1500,1500
GMOT,15:41:40.168,950,950,950,950,0,0,0,0
GNAV,15:41:40.168,0,0,0,0
GPAR,15:41:40.168,2624,0,0,0
GDBG,15:41:40.168,0,0,0,0
GRAW,15:41:40.357,0,0,0,0,0,0
GATT,15:41:40.357,0,-1
GMAG,15:41:40.357,0,0,0,35,9
GRCC,15:41:40.357,1066,1493,1493,1498
GRCX,15:41:40.357,1069,1494,1500,1500
GMOT,15:41:40.357,950,950,950,950,0,0,0,0
GNAV,15:41:40.357,0,0,0,0
GPAR,15:41:40.357,2920,0,0,0
GDBG,15:41:40.357,0,0,0,0
GRAW,15:41:40.572,0,0,0,0,0,0
GATT,15:41:40.572,0,-1
GMAG,15:41:40.572,0,0,0,35,14
GRCC,15:41:40.572,1066,1493,1493,1498
GRCX,15:41:40.572,1069,1494,1500,1500
GMOT,15:41:40.572,950,950,950,950,0,0,0,0
GNAV,15:41:40.572,0,0,0,0
GPAR,15:41:40.572,2648,0,0,0
GDBG,15:41:40.572,0,0,0,0
GRAW,15:41:44.147,0,0,0,0,0,0
GATT,15:41:44.148,0,-1
GMAG,15:41:44.148,0,0,0,35,22
GRCC,15:41:44.148,1066,1493,1493,1498
GRCX,15:41:44.148,1069,1494,1500,1500
GMOT,15:41:44.148,950,950,950,950,0,0,0,0
GNAV,15:41:44.148,0,0,0,0
GPAR,15:41:44.148,2628,0,0,0
GDBG,15:41:44.148,0,0,0,0
GRAW,15:41:44.300,0,0,0,0,0,0
GATT,15:41:44.300,0,-1
GMAG,15:41:44.300,0,0,0,35,25
GRCC,15:41:44.300,1066,1493,1493,1498
GRCX,15:41:44.300,1069,1494,1500,1500
GMOT,15:41:44.300,950,950,950,950,0,0,0,0
GNAV,15:41:44.300,0,0,0,0
GPAR,15:41:44.300,2924,0,0,0
GDBG,15:41:44.300,0,0,0,0
GRAW,15:41:44.457,0,0,0,0,0,0
GATT,15:41:44.458,0,-1
GMAG,15:41:44.458,0,0,0,35,27
GRCC,15:41:44.458,1066,1493,1493,1498
GRCX,15:41:44.458,1069,1494,1500,1500
GMOT,15:41:44.458,950,950,950,950,0,0,0,0
GNAV,15:41:44.458,0,0,0,0
GPAR,15:41:44.458,2624,0,0,0
GDBG,15:41:44.458,0,0,0,0
GRAW,15:41:44.613,0,0,0,0,0,0
GATT,15:41:44.613,0,-1
GMAG,15:41:44.614,0,0,0,34,29
GRCC,15:41:44.614,1066,1493,1493,1498
GRCX,15:41:44.614,1069,1494,1500,1500
GMOT,15:41:44.614,950,950,950,950,0,0,0,0
GNAV,15:41:44.614,0,0,0,0
GPAR,15:41:44.614,2640,0,0,0
GDBG,15:41:44.614,0,0,0,0
GRAW,15:41:44.772,0,0,0,0,0,0
GATT,15:41:44.772,0,-1
GMAG,15:41:44.772,0,0,0,34,35
GRCC,15:41:44.772,1066,1493,1493,1498
GRCX,15:41:44.772,1069,1494,1500,1500
GMOT,15:41:44.772,950,950,950,950,0,0,0,0
GNAV,15:41:44.772,0,0,0,0
GPAR,15:41:44.772,2680,0,0,0
GDBG,15:41:44.773,0,0,0,0
GRAW,15:41:44.925,0,0,0,0,0,0
GATT,15:41:44.925,0,-1
GMAG,15:41:44.925,0,0,0,34,35
GRCC,15:41:44.925,1066,1493,1493,1498
GRCX,15:41:44.925,1069,1494,1500,1500
GMOT,15:41:44.925,950,950,950,950,0,0,0,0
GNAV,15:41:44.925,0,0,0,0
GPAR,15:41:44.925,2652,0,0,0
GDBG,15:41:44.925,0,0,0,0
GRAW,15:41:45.083,0,0,0,0,0,0
GATT,15:41:45.083,0,-1
GMAG,15:41:45.083,0,0,0,34,30
GRCC,15:41:45.083,1066,1493,1493,1498
GRCX,15:41:45.083,1069,1494,1500,1500
GMOT,15:41:45.083,950,950,950,950,0,0,0,0
GNAV,15:41:45.083,0,0,0,0
GPAR,15:41:45.083,2644,0,0,0
GDBG,15:41:45.083,0,0,0,0
GRAW,15:41:45.237,0,0,0,0,0,0
GATT,15:41:45.237,0,-1
GMAG,15:41:45.237,0,0,0,35,27
GRCC,15:41:45.237,1066,1493,1493,1498
GRCX,15:41:45.238,1069,1494,1500,1500
GMOT,15:41:45.238,950,950,950,950,0,0,0,0
GNAV,15:41:45.238,0,0,0,0
GPAR,15:41:45.238,2780,0,0,0
GDBG,15:41:45.238,0,0,0,0
GRAW,15:41:45.394,0,0,0,0,0,0
GATT,15:41:45.394,0,-1
GMAG,15:41:45.394,0,0,0,34,24
GRCC,15:41:45.394,1066,1493,1493,1498
GRCX,15:41:45.394,1069,1494,1500,1500
GMOT,15:41:45.394,950,950,950,950,0,0,0,0
GNAV,15:41:45.394,0,0,0,0
GPAR,15:41:45.394,2636,0,0,0
GDBG,15:41:45.394,0,0,0,0
GRAW,15:41:45.550,0,0,0,0,0,0
GATT,15:41:45.550,0,-1
GMAG,15:41:45.550,0,0,0,34,21
GRCC,15:41:45.550,1066,1493,1493,1498
GRCX,15:41:45.550,1069,1494,1500,1500
GMOT,15:41:45.550,950,950,950,950,0,0,0,0
GNAV,15:41:45.550,0,0,0,0
GPAR,15:41:45.550,2656,0,0,0
GDBG,15:41:45.550,0,0,0,0
GRAW,15:41:45.709,0,0,0,0,0,0
GATT,15:41:45.709,0,-1
GMAG,15:41:45.709,0,0,0,34,20
GRCC,15:41:45.709,1066,1493,1493,1498
GRCX,15:41:45.709,1069,1494,1500,1500
GMOT,15:41:45.709,950,950,950,950,0,0,0,0
GNAV,15:41:45.709,0,0,0,0
GPAR,15:41:45.709,2608,0,0,0
GDBG,15:41:45.709,0,0,0,0
GRAW,15:41:45.863,0,0,0,0,0,0
GATT,15:41:45.863,0,-1
GMAG,15:41:45.863,0,0,0,34,24
GRCC,15:41:45.863,1066,1493,1493,1498
GRCX,15:41:45.863,1069,1494,1500,1500
GMOT,15:41:45.863,950,950,950,950,0,0,0,0
GNAV,15:41:45.863,0,0,0,0
GPAR,15:41:45.863,2608,0,0,0
GDBG,15:41:45.863,0,0,0,0
GRAW,15:41:46.019,0,0,0,0,0,0
GATT,15:41:46.019,0,-1
GMAG,15:41:46.019,0,0,0,35,22
GRCC,15:41:46.019,1066,1493,1493,1498
GRCX,15:41:46.019,1069,1494,1500,1500
GMOT,15:41:46.019,950,950,950,950,0,0,0,0
GNAV,15:41:46.019,0,0,0,0
GPAR,15:41:46.019,2620,0,0,0
GDBG,15:41:46.019,0,0,0,0
GRAW,15:41:46.174,0,0,0,0,0,0
GATT,15:41:46.174,0,-1
GMAG,15:41:46.174,0,0,0,35,16
GRCC,15:41:46.174,1066,1493,1493,1498
GRCX,15:41:46.174,1069,1494,1500,1500
GMOT,15:41:46.174,950,950,950,950,0,0,0,0
GNAV,15:41:46.174,0,0,0,0
GPAR,15:41:46.174,2644,0,0,0
GDBG,15:41:46.174,0,0,0,0
GRAW,15:41:46.331,0,0,0,0,0,0
GATT,15:41:46.331,0,-1
GMAG,15:41:46.331,0,0,0,34,15
GRCC,15:41:46.331,1066,1493,1493,1498
GRCX,15:41:46.331,1069,1494,1500,1500
GMOT,15:41:46.331,950,950,950,950,0,0,0,0
GNAV,15:41:46.331,0,0,0,0
GPAR,15:41:46.331,2828,0,0,0
GDBG,15:41:46.331,0,0,0,0
GRAW,15:41:46.489,0,0,0,0,0,0
GATT,15:41:46.489,0,-1
GMAG,15:41:46.489,0,0,0,34,12
GRCC,15:41:46.489,1066,1493,1493,1498
GRCX,15:41:46.489,1069,1494,1500,1500
GMOT,15:41:46.489,950,950,950,950,0,0,0,0
GNAV,15:41:46.489,0,0,0,0
GPAR,15:41:46.489,2612,0,0,0
GDBG,15:41:46.489,0,0,0,0
GRAW,15:41:46.642,0,0,0,0,0,0
GATT,15:41:46.642,0,-1
GMAG,15:41:46.642,0,0,0,35,6
GRCC,15:41:46.642,1066,1493,1493,1498
GRCX,15:41:46.642,1069,1494,1500,1500
GMOT,15:41:46.642,950,950,950,950,0,0,0,0
GNAV,15:41:46.642,0,0,0,0
GPAR,15:41:46.642,2604,0,0,0
GDBG,15:41:46.642,0,0,0,0
GRAW,15:41:46.801,0,0,0,0,0,0
GATT,15:41:46.801,0,-1
GMAG,15:41:46.801,0,0,0,34,2
GRCC,15:41:46.801,1066,1493,1493,1498
GRCX,15:41:46.801,1069,1494,1500,1500
GMOT,15:41:46.801,950,950,950,950,0,0,0,0
GNAV,15:41:46.801,0,0,0,0
GPAR,15:41:46.801,2836,0,0,0
GDBG,15:41:46.801,0,0,0,0
GRAW,15:41:46.956,0,0,0,0,0,0
GATT,15:41:46.956,0,-1
GMAG,15:41:46.956,0,0,0,35,-1
GRCC,15:41:46.956,1066,1493,1493,1498
GRCX,15:41:46.956,1069,1494,1500,1500
GMOT,15:41:46.956,950,950,950,950,0,0,0,0
GNAV,15:41:46.956,0,0,0,0
GPAR,15:41:46.956,2888,0,0,0
GDBG,15:41:46.956,0,0,0,0
GRAW,15:41:47.109,0,0,0,0,0,0
GATT,15:41:47.109,0,-1
GMAG,15:41:47.109,0,0,0,34,-6
GRCC,15:41:47.109,1066,1493,1493,1498
GRCX,15:41:47.109,1926,1494,1500,1500
GMOT,15:41:47.109,950,950,950,950,0,0,0,0
GNAV,15:41:47.109,0,0,0,0
GPAR,15:41:47.109,3116,0,0,0
GDBG,15:41:47.109,0,0,0,0
GRAW,15:41:47.266,0,0,0,0,0,0
GATT,15:41:47.266,0,-1
GMAG,15:41:47.266,0,0,0,34,-12
GRCC,15:41:47.266,1066,1493,1493,1498
GRCX,15:41:47.266,1926,1494,1500,1500
GMOT,15:41:47.266,950,950,950,950,0,0,0,0
GNAV,15:41:47.266,0,0,0,0
GPAR,15:41:47.266,2624,0,0,0
GDBG,15:41:47.266,0,0,0,0
GRAW,15:41:47.423,0,0,0,0,0,0
GATT,15:41:47.423,0,-1
GMAG,15:41:47.423,0,0,0,35,-13
GRCC,15:41:47.423,1066,1493,1493,1498
GRCX,15:41:47.423,1928,1494,1500,1500
GMOT,15:41:47.423,950,950,950,950,0,0,0,0
GNAV,15:41:47.423,0,0,0,0
GPAR,15:41:47.423,2632,0,0,0
GDBG,15:41:47.423,0,0,0,0
GRAW,15:41:47.577,0,0,0,0,0,0
GATT,15:41:47.577,0,-1
GMAG,15:41:47.577,0,0,0,34,-6
GRCC,15:41:47.577,1066,1493,1493,1498
GRCX,15:41:47.577,1071,1494,1500,1500
GMOT,15:41:47.577,950,950,950,950,0,0,0,0
GNAV,15:41:47.577,0,0,0,0
GPAR,15:41:47.577,2628,0,0,0
GDBG,15:41:47.577,0,0,0,0
GRAW,15:41:47.735,0,0,0,0,0,0
GATT,15:41:47.735,0,-1
GMAG,15:41:47.735,0,0,0,35,5
GRCC,15:41:47.735,1066,1493,1493,1498
GRCX,15:41:47.735,1071,1494,1500,1500
GMOT,15:41:47.735,950,950,950,950,0,0,0,0
GNAV,15:41:47.735,0,0,0,0
GPAR,15:41:47.735,2892,0,0,0
GDBG,15:41:47.735,0,0,0,0
GRAW,15:41:47.891,0,0,0,0,0,0
GATT,15:41:47.891,0,-1
GMAG,15:41:47.891,0,0,0,35,14
GRCC,15:41:47.891,1066,1493,1493,1498
GRCX,15:41:47.891,1926,1494,1500,1500
GMOT,15:41:47.891,950,950,950,950,0,0,0,0
GNAV,15:41:47.891,0,0,0,0
GPAR,15:41:47.891,2668,0,0,0
GDBG,15:41:47.891,0,0,0,0
GRAW,15:41:48.045,0,0,0,0,0,0
GATT,15:41:48.045,0,-1
GMAG,15:41:48.045,0,0,0,34,20
GRCC,15:41:48.045,1066,1493,1493,1498
GRCX,15:41:48.045,1930,1494,1500,1500
GMOT,15:41:48.045,950,950,950,950,0,0,0,0
GNAV,15:41:48.045,0,0,0,0
GPAR,15:41:48.045,2616,0,0,0
GDBG,15:41:48.045,0,0,0,0
GRAW,15:41:48.202,0,0,0,0,0,0
GATT,15:41:48.202,0,-1
GMAG,15:41:48.202,0,0,0,35,22
GRCC,15:41:48.202,1066,1493,1493,1498
GRCX,15:41:48.202,1070,1494,1500,1500
GMOT,15:41:48.202,950,950,950,950,0,0,0,0
GNAV,15:41:48.202,0,0,0,0
GPAR,15:41:48.202,2600,0,0,0
GDBG,15:41:48.202,0,0,0,0
GRAW,15:41:48.358,0,0,0,0,0,0
GATT,15:41:48.359,0,-1
GMAG,15:41:48.359,0,0,0,34,22
GRCC,15:41:48.359,1066,1493,1493,1498
GRCX,15:41:48.359,1282,1494,1500,1500
GMOT,15:41:48.359,950,950,950,950,0,0,0,0
GNAV,15:41:48.359,0,0,0,0
GPAR,15:41:48.359,2640,0,0,0
GDBG,15:41:48.359,0,0,0,0
GRAW,15:41:48.515,0,0,0,0,0,0
GATT,15:41:48.515,0,-1
GMAG,15:41:48.515,0,0,0,35,16
GRCC,15:41:48.515,1066,1493,1493,1498
GRCX,15:41:48.515,1928,1494,1500,1500
GMOT,15:41:48.515,950,950,950,950,0,0,0,0
GNAV,15:41:48.515,0,0,0,0
GPAR,15:41:48.515,2620,0,0,0
GDBG,15:41:48.515,0,0,0,0
GRAW,15:41:48.669,0,0,0,0,0,0
GATT,15:41:48.669,0,-1
GMAG,15:41:48.669,0,0,0,34,9
GRCC,15:41:48.669,1066,1493,1493,1498
GRCX,15:41:48.669,1285,1494,1500,1500
GMOT,15:41:48.669,950,950,950,950,0,0,0,0
GNAV,15:41:48.669,0,0,0,0
GPAR,15:41:48.669,2812,0,0,0
GDBG,15:41:48.669,0,0,0,0
GRAW,15:41:48.826,0,0,0,0,0,0
GATT,15:41:48.826,0,-1
GMAG,15:41:48.826,0,0,0,34,11
GRCC,15:41:48.826,1066,1493,1493,1498
GRCX,15:41:48.826,1070,1494,1500,1500
GMOT,15:41:48.826,950,950,950,950,0,0,0,0
GNAV,15:41:48.826,0,0,0,0
GPAR,15:41:48.826,2864,0,0,0
GDBG,15:41:48.826,0,0,0,0
GRAW,15:41:48.982,0,0,0,0,0,0
GATT,15:41:48.982,0,-1
GMAG,15:41:48.982,0,0,0,34,9
GRCC,15:41:48.982,1066,1493,1493,1498
GRCX,15:41:48.982,1930,1494,1500,1500
GMOT,15:41:48.982,950,950,950,950,0,0,0,0
GNAV,15:41:48.982,0,0,0,0
GPAR,15:41:48.982,2612,0,0,0
GDBG,15:41:48.982,0,0,0,0
GRAW,15:41:49.137,0,0,0,0,0,0
GATT,15:41:49.137,0,-1
GMAG,15:41:49.137,0,0,0,35,8
GRCC,15:41:49.137,1066,1493,1493,1498
GRCX,15:41:49.137,1718,1494,1500,1500
GMOT,15:41:49.137,950,950,950,950,0,0,0,0
GNAV,15:41:49.137,0,0,0,0
GPAR,15:41:49.137,2616,0,0,0
GDBG,15:41:49.137,0,0,0,0
GRAW,15:41:49.293,0,0,0,0,0,0
GATT,15:41:49.293,0,-1
GMAG,15:41:49.293,0,0,0,34,8
GRCC,15:41:49.293,1066,1493,1493,1498
GRCX,15:41:49.293,1070,1494,1500,1500
GMOT,15:41:49.293,950,950,950,950,0,0,0,0
GNAV,15:41:49.294,0,0,0,0
GPAR,15:41:49.294,2644,0,0,0
GDBG,15:41:49.294,0,0,0,0
GRAW,15:41:49.450,0,0,0,0,0,0
GATT,15:41:49.450,0,-1
GMAG,15:41:49.450,0,0,0,34,2
GRCC,15:41:49.450,1066,1493,1493,1498
GRCX,15:41:49.450,1926,1494,1500,1500
GMOT,15:41:49.450,950,950,950,950,0,0,0,0
GNAV,15:41:49.450,0,0,0,0
GPAR,15:41:49.450,2928,0,0,0
GDBG,15:41:49.450,0,0,0,0
GRAW,15:41:49.605,0,0,0,0,0,0
GATT,15:41:49.605,0,-1
GMAG,15:41:49.605,0,0,0,34,2
GRCC,15:41:49.605,1066,1493,1493,1498
GRCX,15:41:49.605,1928,1494,1500,1500
GMOT,15:41:49.605,950,950,950,950,0,0,0,0
GNAV,15:41:49.605,0,0,0,0
GPAR,15:41:49.605,3112,0,0,0
GDBG,15:41:49.605,0,0,0,0
GRAW,15:41:49.762,0,0,0,0,0,0
GATT,15:41:49.762,0,-1
GMAG,15:41:49.762,0,0,0,34,-1
GRCC,15:41:49.762,1066,1493,1493,1498
GRCX,15:41:49.762,1070,1494,1500,1500
GMOT,15:41:49.762,950,950,950,950,0,0,0,0
GNAV,15:41:49.762,0,0,0,0
GPAR,15:41:49.762,2632,0,0,0
GDBG,15:41:49.762,0,0,0,0
GRAW,15:41:49.919,0,0,0,0,0,0
GATT,15:41:49.919,0,-1
GMAG,15:41:49.919,0,0,0,35,0
GRCC,15:41:49.919,1066,1493,1493,1498
GRCX,15:41:49.919,1070,1494,1500,1500
GMOT,15:41:49.919,950,950,950,950,0,0,0,0
GNAV,15:41:49.919,0,0,0,0
GPAR,15:41:49.919,2608,0,0,0
GDBG,15:41:49.919,0,0,0,0
GRAW,15:41:50.074,0,0,0,0,0,0
GATT,15:41:50.074,0,-1
GMAG,15:41:50.074,0,0,0,34,-9
GRCC,15:41:50.074,1066,1493,1493,1498
GRCX,15:41:50.074,1070,1494,1500,1500
GMOT,15:41:50.074,950,950,950,950,0,0,0,0
GNAV,15:41:50.074,0,0,0,0
GPAR,15:41:50.074,2836,0,0,0
GDBG,15:41:50.074,0,0,0,0
GRAW,15:41:50.229,0,0,0,0,0,0
GATT,15:41:50.229,0,-1
GMAG,15:41:50.229,0,0,0,34,-10
GRCC,15:41:50.229,1066,1493,1493,1498
GRCX,15:41:50.229,1070,1494,1500,1500
GMOT,15:41:50.229,950,950,950,950,0,0,0,0
GNAV,15:41:50.229,0,0,0,0
GPAR,15:41:50.229,2636,0,0,0
GDBG,15:41:50.229,0,0,0,0
GRAW,15:41:50.386,0,0,0,0,0,0
GATT,15:41:50.386,0,-1
GMAG,15:41:50.386,0,0,0,34,-10
GRCC,15:41:50.386,1066,1493,1493,1498
GRCX,15:41:50.386,1070,1494,1500,1500
GMOT,15:41:50.386,950,950,950,950,0,0,0,0
GNAV,15:41:50.386,0,0,0,0
GPAR,15:41:50.386,2628,0,0,0
GDBG,15:41:50.386,0,0,0,0
GRAW,15:41:50.541,0,0,0,0,0,0
GATT,15:41:50.541,0,-1
GMAG,15:41:50.541,0,0,0,34,-12
GRCC,15:41:50.541,1066,1493,1493,1498
GRCX,15:41:50.541,1070,1494,1500,1500
GMOT,15:41:50.541,950,950,950,950,0,0,0,0
GNAV,15:41:50.541,0,0,0,0
GPAR,15:41:50.541,2624,0,0,0
GDBG,15:41:50.541,0,0,0,0
GRAW,15:41:50.700,0,0,0,0,0,0
GATT,15:41:50.700,0,-1
GMAG,15:41:50.700,0,0,0,34,-20
GRCC,15:41:50.700,1066,1493,1493,1498
GRCX,15:41:50.700,1070,1494,1500,1500
GMOT,15:41:50.700,950,950,950,950,0,0,0,0
GNAV,15:41:50.700,0,0,0,0
GPAR,15:41:50.700,2904,0,0,0
GDBG,15:41:50.700,0,0,0,0
GRAW,15:41:50.855,0,0,0,0,0,0
GATT,15:41:50.855,0,-1
GMAG,15:41:50.855,0,0,0,34,-20
GRCC,15:41:50.855,1066,1493,1493,1498
GRCX,15:41:50.855,1070,1494,1500,1500
GMOT,15:41:50.855,950,950,950,950,0,0,0,0
GNAV,15:41:50.855,0,0,0,0
GPAR,15:41:50.855,2820,0,0,0
GDBG,15:41:50.855,0,0,0,0
GRAW,15:41:51.009,0,0,0,0,0,0
GATT,15:41:51.009,0,-1
GMAG,15:41:51.009,0,0,0,34,-16
GRCC,15:41:51.009,1066,1493,1493,1498
GRCX,15:41:51.009,1070,1494,1500,1500
GMOT,15:41:51.009,950,950,950,950,0,0,0,0
GNAV,15:41:51.009,0,0,0,0
GPAR,15:41:51.009,2680,0,0,0
GDBG,15:41:51.009,0,0,0,0
GRAW,15:41:51.166,0,0,0,0,0,0
GATT,15:41:51.166,0,-1
GMAG,15:41:51.166,0,0,0,35,-15
GRCC,15:41:51.166,1066,1493,1493,1498
GRCX,15:41:51.166,1070,1494,1500,1500
GMOT,15:41:51.166,950,950,950,950,0,0,0,0
GNAV,15:41:51.166,0,0,0,0
GPAR,15:41:51.166,2640,0,0,0
GDBG,15:41:51.166,0,0,0,0
GRAW,15:41:51.321,0,0,0,0,0,0
GATT,15:41:51.321,0,-1
GMAG,15:41:51.321,0,0,0,35,-11
GRCC,15:41:51.321,1066,1493,1493,1498
GRCX,15:41:51.321,1070,1494,1500,1500
GMOT,15:41:51.321,950,950,950,950,0,0,0,0
GNAV,15:41:51.321,0,0,0,0
GPAR,15:41:51.321,2920,0,0,0
GDBG,15:41:51.321,0,0,0,0
GRAW,15:41:51.478,0,0,0,0,0,0
GATT,15:41:51.478,0,-1
GMAG,15:41:51.478,0,0,0,34,-5
GRCC,15:41:51.478,1066,1493,1493,1498
GRCX,15:41:51.478,1070,1494,1500,1500
GMOT,15:41:51.478,950,950,950,950,0,0,0,0
GNAV,15:41:51.478,0,0,0,0
GPAR,15:41:51.478,3096,0,0,0
GDBG,15:41:51.478,0,0,0,0
GRAW,15:41:51.634,0,0,0,0,0,0
GATT,15:41:51.634,0,-1
GMAG,15:41:51.634,0,0,0,35,1
GRCC,15:41:51.634,1066,1493,1493,1498
GRCX,15:41:51.634,1070,1494,1500,1500
GMOT,15:41:51.634,950,950,950,950,0,0,0,0
GNAV,15:41:51.634,0,0,0,0
GPAR,15:41:51.634,2632,0,0,0
GDBG,15:41:51.634,0,0,0,0
GRAW,15:41:51.789,0,0,0,0,0,0
GATT,15:41:51.789,0,-1
GMAG,15:41:51.789,0,0,0,34,0
GRCC,15:41:51.789,1066,1493,1493,1498
GRCX,15:41:51.789,1070,1494,1500,1500
GMOT,15:41:51.789,950,950,950,950,0,0,0,0
GNAV,15:41:51.789,0,0,0,0
GPAR,15:41:51.789,2676,0,0,0
GDBG,15:41:51.789,0,0,0,0
GRAW,15:41:51.948,0,0,0,0,0,0
GATT,15:41:51.948,0,-1
GMAG,15:41:51.948,0,0,0,34,-5
GRCC,15:41:51.948,1066,1493,1493,1498
GRCX,15:41:51.948,1070,1494,1500,1500
GMOT,15:41:51.948,950,950,950,950,0,0,0,0
GNAV,15:41:51.948,0,0,0,0
GPAR,15:41:51.948,2640,0,0,0
GDBG,15:41:51.948,0,0,0,0
GRAW,15:41:52.101,0,0,0,0,0,0
GATT,15:41:52.101,0,-1
GMAG,15:41:52.101,0,0,0,35,-11
GRCC,15:41:52.101,1066,1493,1493,1498
GRCX,15:41:52.101,1070,1494,1500,1500
GMOT,15:41:52.101,950,950,950,950,0,0,0,0
GNAV,15:41:52.101,0,0,0,0
GPAR,15:41:52.101,2620,0,0,0
GDBG,15:41:52.101,0,0,0,0
GRAW,15:41:52.258,0,0,0,0,0,0
GATT,15:41:52.258,0,-1
GMAG,15:41:52.258,0,0,0,35,-12
GRCC,15:41:52.258,1066,1493,1493,1498
GRCX,15:41:52.258,1070,1494,1500,1500
GMOT,15:41:52.258,950,950,950,950,0,0,0,0
GNAV,15:41:52.258,0,0,0,0
GPAR,15:41:52.258,2624,0,0,0
GDBG,15:41:52.258,0,0,0,0
GRAW,15:41:52.415,0,0,0,0,0,0
GATT,15:41:52.415,0,-1
GMAG,15:41:52.415,0,0,0,34,-9
GRCC,15:41:52.415,1066,1493,1493,1498
GRCX,15:41:52.415,1070,1494,1500,1500
GMOT,15:41:52.415,950,950,950,950,0,0,0,0
GNAV,15:41:52.415,0,0,0,0
GPAR,15:41:52.415,2620,0,0,0
GDBG,15:41:52.415,0,0,0,0
GRAW,15:41:52.570,0,0,0,0,0,0
GATT,15:41:52.570,0,-1
GMAG,15:41:52.570,0,0,0,34,-8
GRCC,15:41:52.570,1066,1493,1493,1498
GRCX,15:41:52.570,1070,1494,1500,1500
GMOT,15:41:52.570,950,950,950,950,0,0,0,0
GNAV,15:41:52.570,0,0,0,0
GPAR,15:41:52.570,2644,0,0,0
GDBG,15:41:52.570,0,0,0,0
GRAW,15:41:52.727,0,0,0,0,0,0
GATT,15:41:52.727,0,-1
GMAG,15:41:52.727,0,0,0,34,-7
GRCC,15:41:52.727,1066,1493,1493,1498
GRCX,15:41:52.727,1070,1494,1500,1500
GMOT,15:41:52.727,950,950,950,950,0,0,0,0
GNAV,15:41:52.727,0,0,0,0
GPAR,15:41:52.727,3084,0,0,0
GDBG,15:41:52.727,0,0,0,0
GRAW,15:41:52.881,0,0,0,0,0,0
GATT,15:41:52.881,0,-1
GMAG,15:41:52.881,0,0,0,34,-5
GRCC,15:41:52.881,1066,1493,1493,1498
GRCX,15:41:52.881,1070,1494,1500,1500
GMOT,15:41:52.881,950,950,950,950,0,0,0,0
GNAV,15:41:52.881,0,0,0,0
GPAR,15:41:52.881,2612,0,0,0
GDBG,15:41:52.881,0,0,0,0
GRAW,15:41:53.039,0,0,0,0,0,0
GATT,15:41:53.039,0,-1
GMAG,15:41:53.039,0,0,0,34,-4
GRCC,15:41:53.039,1066,1493,1493,1498
GRCX,15:41:53.039,1070,1494,1500,1500
GMOT,15:41:53.039,950,950,950,950,0,0,0,0
GNAV,15:41:53.039,0,0,0,0
GPAR,15:41:53.039,2604,0,0,0
GDBG,15:41:53.039,0,0,0,0
GRAW,15:41:53.195,0,0,0,0,0,0
GATT,15:41:53.195,0,-1
GMAG,15:41:53.195,0,0,0,34,-13
GRCC,15:41:53.195,1066,1493,1493,1498
GRCX,15:41:53.195,1070,1494,1500,1500
GMOT,15:41:53.195,950,950,950,950,0,0,0,0
GNAV,15:41:53.195,0,0,0,0
GPAR,15:41:53.195,2780,0,0,0
GDBG,15:41:53.195,0,0,0,0
GRAW,15:41:53.350,0,0,0,0,0,0
GATT,15:41:53.350,0,-1
GMAG,15:41:53.350,0,0,0,34,-16
GRCC,15:41:53.350,1066,1493,1493,1498
GRCX,15:41:53.350,1070,1494,1500,1500
GMOT,15:41:53.350,950,950,950,950,0,0,0,0
GNAV,15:41:53.350,0,0,0,0
GPAR,15:41:53.350,2620,0,0,0
GDBG,15:41:53.350,0,0,0,0
GRAW,15:41:53.506,0,0,0,0,0,0
GATT,15:41:53.506,0,-1
GMAG,15:41:53.506,0,0,0,34,-9
GRCC,15:41:53.506,1066,1493,1493,1498
GRCX,15:41:53.506,1070,1494,1500,1500
GMOT,15:41:53.506,950,950,950,950,0,0,0,0
GNAV,15:41:53.506,0,0,0,0
GPAR,15:41:53.506,2628,0,0,0
GDBG,15:41:53.506,0,0,0,0
GRAW,15:41:53.663,0,0,0,0,0,0
GATT,15:41:53.663,0,-1
GMAG,15:41:53.663,0,0,0,35,-7
GRCC,15:41:53.663,1066,1493,1493,1498
GRCX,15:41:53.663,1070,1494,1500,1500
GMOT,15:41:53.663,950,950,950,950,0,0,0,0
GNAV,15:41:53.663,0,0,0,0
GPAR,15:41:53.663,2900,0,0,0
GDBG,15:41:53.663,0,0,0,0
GRAW,15:41:53.818,0,0,0,0,0,0
GATT,15:41:53.818,0,-1
GMAG,15:41:53.818,0,0,0,34,-7
GRCC,15:41:53.818,1066,1493,1493,1498
GRCX,15:41:53.818,1070,1494,1500,1500
GMOT,15:41:53.818,950,950,950,950,0,0,0,0
GNAV,15:41:53.818,0,0,0,0
GPAR,15:41:53.818,2648,0,0,0
GDBG,15:41:53.818,0,0,0,0
GRAW,15:41:53.974,0,0,0,0,0,0
GATT,15:41:53.974,0,-1
GMAG,15:41:53.974,0,0,0,34,-4
GRCC,15:41:53.974,1066,1493,1493,1498
GRCX,15:41:53.974,1070,1494,1500,1500
GMOT,15:41:53.974,950,950,950,950,0,0,0,0
GNAV,15:41:53.974,0,0,0,0
GPAR,15:41:53.974,2620,0,0,0
GDBG,15:41:53.974,0,0,0,0
GRAW,15:41:54.132,0,0,0,0,0,0
GATT,15:41:54.132,0,-1
GMAG,15:41:54.132,0,0,0,34,-2
GRCC,15:41:54.132,1066,1493,1493,1498
GRCX,15:41:54.132,1070,1494,1500,1500
GMOT,15:41:54.132,950,950,950,950,0,0,0,0
GNAV,15:41:54.132,0,0,0,0
GPAR,15:41:54.132,2628,0,0,0
GDBG,15:41:54.132,0,0,0,0
GRAW,15:41:54.285,0,0,0,0,0,0
GATT,15:41:54.285,0,-1
GMAG,15:41:54.285,0,0,0,35,-4
GRCC,15:41:54.285,1066,1493,1493,1498
GRCX,15:41:54.285,1070,1494,1500,1500
GMOT,15:41:54.285,950,950,950,950,0,0,0,0
GNAV,15:41:54.285,0,0,0,0
GPAR,15:41:54.285,2812,0,0,0
GDBG,15:41:54.285,0,0,0,0
GRAW,15:41:54.442,0,0,0,0,0,0
GATT,15:41:54.442,0,-1
GMAG,15:41:54.442,0,0,0,34,-8
GRCC,15:41:54.442,1066,1493,1493,1498
GRCX,15:41:54.442,1070,1494,1500,1500
GMOT,15:41:54.442,950,950,950,950,0,0,0,0
GNAV,15:41:54.442,0,0,0,0
GPAR,15:41:54.442,2808,0,0,0
GDBG,15:41:54.442,0,0,0,0
GRAW,15:41:54.597,0,0,0,0,0,0
GATT,15:41:54.597,0,-1
GMAG,15:41:54.597,0,0,0,35,-6
GRCC,15:41:54.597,1066,1493,1493,1498
GRCX,15:41:54.597,1070,1494,1500,1500
GMOT,15:41:54.597,950,950,950,950,0,0,0,0
GNAV,15:41:54.597,0,0,0,0
GPAR,15:41:54.597,2596,0,0,0
GDBG,15:41:54.597,0,0,0,0
GRAW,15:41:54.754,0,0,0,0,0,0
GATT,15:41:54.754,0,-1
GMAG,15:41:54.754,0,0,0,34,-3
GRCC,15:41:54.754,1066,1493,1493,1498
GRCX,15:41:54.754,1070,1494,1500,1500
GMOT,15:41:54.754,950,950,950,950,0,0,0,0
GNAV,15:41:54.754,0,0,0,0
GPAR,15:41:54.754,2632,0,0,0
GDBG,15:41:54.754,0,0,0,0
GRAW,15:41:54.911,0,0,0,0,0,0
GATT,15:41:54.911,0,-1
GMAG,15:41:54.911,0,0,0,34,-3
GRCC,15:41:54.911,1066,1493,1493,1498
GRCX,15:41:54.911,1070,1494,1500,1500
GMOT,15:41:54.911,950,950,950,950,0,0,0,0
GNAV,15:41:54.911,0,0,0,0
GPAR,15:41:54.911,2896,0,0,0
GDBG,15:41:54.911,0,0,0,0
GRAW,15:41:55.067,0,0,0,0,0,0
GATT,15:41:55.067,0,-1
GMAG,15:41:55.067,0,0,0,34,-6
GRCC,15:41:55.067,1066,1493,1493,1498
GRCX,15:41:55.067,1070,1494,1500,1500
GMOT,15:41:55.067,950,950,950,950,0,0,0,0
GNAV,15:41:55.067,0,0,0,0
GPAR,15:41:55.067,2616,0,0,0
GDBG,15:41:55.067,0,0,0,0
GRAW,15:41:55.222,0,0,0,0,0,0
GATT,15:41:55.222,0,-1
GMAG,15:41:55.222,0,0,0,34,-5
GRCC,15:41:55.222,1066,1493,1493,1498
GRCX,15:41:55.222,1070,1494,1500,1500
GMOT,15:41:55.222,950,950,950,950,0,0,0,0
GNAV,15:41:55.222,0,0,0,0
GPAR,15:41:55.222,2624,0,0,0
GDBG,15:41:55.222,0,0,0,0
GRAW,15:41:55.378,0,0,0,0,0,0
GATT,15:41:55.378,0,-1
GMAG,15:41:55.378,0,0,0,35,-3
GRCC,15:41:55.378,1066,1493,1493,1498
GRCX,15:41:55.378,1070,1494,1500,1500
GMOT,15:41:55.378,950,950,950,950,0,0,0,0
GNAV,15:41:55.378,0,0,0,0
GPAR,15:41:55.378,3100,0,0,0
GDBG,15:41:55.378,0,0,0,0
GRAW,15:41:55.533,0,0,0,0,0,0
GATT,15:41:55.533,0,-1
GMAG,15:41:55.533,0,0,0,34,-3
GRCC,15:41:55.533,1066,1493,1493,1498
GRCX,15:41:55.533,1070,1494,1500,1500
GMOT,15:41:55.533,950,950,950,950,0,0,0,0
GNAV,15:41:55.533,0,0,0,0
GPAR,15:41:55.533,2780,0,0,0
GDBG,15:41:55.533,0,0,0,0
GRAW,15:41:55.690,0,0,0,0,0,0
GATT,15:41:55.690,0,-1
GMAG,15:41:55.690,0,0,0,34,0
GRCC,15:41:55.690,1066,1493,1493,1498
GRCX,15:41:55.690,1070,1494,1500,1500
GMOT,15:41:55.690,950,950,950,950,0,0,0,0
GNAV,15:41:55.690,0,0,0,0
GPAR,15:41:55.690,2644,0,0,0
GDBG,15:41:55.690,0,0,0,0
GRAW,15:41:55.846,0,0,0,0,0,0
GATT,15:41:55.846,0,-1
GMAG,15:41:55.846,0,0,0,34,9
GRCC,15:41:55.846,1066,1493,1493,1498
GRCX,15:41:55.846,1070,1494,1500,1500
GMOT,15:41:55.846,950,950,950,950,0,0,0,0
GNAV,15:41:55.846,0,0,0,0
GPAR,15:41:55.846,2616,0,0,0
GDBG,15:41:55.846,0,0,0,0
GRAW,15:41:56.002,0,0,0,0,0,0
GATT,15:41:56.002,0,-1
GMAG,15:41:56.002,0,0,0,34,15
GRCC,15:41:56.002,1066,1493,1493,1498
GRCX,15:41:56.002,1070,1494,1500,1500
GMOT,15:41:56.002,950,950,950,950,0,0,0,0
GNAV,15:41:56.002,0,0,0,0
GPAR,15:41:56.002,2632,0,0,0
GDBG,15:41:56.002,0,0,0,0
GRAW,15:41:56.158,0,0,0,0,0,0
GATT,15:41:56.158,0,-1
GMAG,15:41:56.158,0,0,0,34,14
GRCC,15:41:56.158,1066,1493,1493,1498
GRCX,15:41:56.158,1070,1494,1500,1500
GMOT,15:41:56.158,950,950,950,950,0,0,0,0
GNAV,15:41:56.158,0,0,0,0
GPAR,15:41:56.158,2604,0,0,0
GDBG,15:41:56.158,0,0,0,0
GRAW,15:41:56.316,0,0,0,0,0,0
GATT,15:41:56.316,0,-1
GMAG,15:41:56.316,0,0,0,34,12
GRCC,15:41:56.316,1066,1493,1493,1498
GRCX,15:41:56.316,1928,1494,1500,1500
GMOT,15:41:56.316,950,950,950,950,0,0,0,0
GNAV,15:41:56.316,0,0,0,0
GPAR,15:41:56.316,2616,0,0,0
GDBG,15:41:56.316,0,0,0,0
GRAW,15:41:56.469,0,0,0,0,0,0
GATT,15:41:56.469,0,-1
GMAG,15:41:56.469,0,0,0,35,6
GRCC,15:41:56.469,1066,1493,1493,1498
GRCX,15:41:56.469,1928,1494,1500,1500
GMOT,15:41:56.469,950,950,950,950,0,0,0,0
GNAV,15:41:56.469,0,0,0,0
GPAR,15:41:56.469,2628,0,0,0
GDBG,15:41:56.469,0,0,0,0
GRAW,15:41:56.628,0,0,0,0,0,0
GATT,15:41:56.628,0,-1
GMAG,15:41:56.628,0,0,0,34,-5
GRCC,15:41:56.628,1066,1493,1493,1498
GRCX,15:41:56.628,1928,1494,1500,1500
GMOT,15:41:56.628,950,950,950,950,0,0,0,0
GNAV,15:41:56.628,0,0,0,0
GPAR,15:41:56.628,2624,0,0,0
GDBG,15:41:56.628,0,0,0,0
GRAW,15:41:56.782,0,0,0,0,0,0
GATT,15:41:56.782,0,-1
GMAG,15:41:56.782,0,0,0,35,-13
GRCC,15:41:56.782,1066,1493,1493,1498
GRCX,15:41:56.782,1928,1494,1500,1500
GMOT,15:41:56.782,950,950,950,950,0,0,0,0
GNAV,15:41:56.782,0,0,0,0
GPAR,15:41:56.782,2644,0,0,0
GDBG,15:41:56.782,0,0,0,0
GRAW,15:41:56.938,0,0,0,0,0,0
GATT,15:41:56.938,0,-1
GMAG,15:41:56.938,0,0,0,34,-18
GRCC,15:41:56.938,1066,1493,1493,1498
GRCX,15:41:56.938,1928,1494,1500,1500
GMOT,15:41:56.938,950,950,950,950,0,0,0,0
GNAV,15:41:56.938,0,0,0,0
GPAR,15:41:56.938,2652,0,0,0
GDBG,15:41:56.938,0,0,0,0
GRAW,15:41:57.093,0,0,0,0,0,0
GATT,15:41:57.093,0,-1
GMAG,15:41:57.093,0,0,0,35,-18
GRCC,15:41:57.093,1066,1493,1493,1498
GRCX,15:41:57.093,1928,1494,1500,1500
GMOT,15:41:57.093,950,950,950,950,0,0,0,0
GNAV,15:41:57.093,0,0,0,0
GPAR,15:41:57.093,2624,0,0,0
GDBG,15:41:57.093,0,0,0,0
GRAW,15:41:57.251,0,0,0,0,0,0
GATT,15:41:57.251,0,-1
GMAG,15:41:57.251,0,0,0,34,-13
GRCC,15:41:57.251,1066,1493,1493,1498
GRCX,15:41:57.251,1928,1494,1500,1500
GMOT,15:41:57.251,950,950,950,950,0,0,0,0
GNAV,15:41:57.251,0,0,0,0
GPAR,15:41:57.251,3092,0,0,0
GDBG,15:41:57.251,0,0,0,0
GRAW,15:41:57.406,0,0,0,0,0,0
GATT,15:41:57.406,0,-1
GMAG,15:41:57.406,0,0,0,34,-8
GRCC,15:41:57.406,1066,1493,1493,1498
GRCX,15:41:57.406,1928,1494,1500,1500
GMOT,15:41:57.406,950,950,950,950,0,0,0,0
GNAV,15:41:57.406,0,0,0,0
GPAR,15:41:57.406,2660,0,0,0
GDBG,15:41:57.406,0,0,0,0
GRAW,15:41:57.561,0,0,0,0,0,0
GATT,15:41:57.561,0,-1
GMAG,15:41:57.561,0,0,0,35,-3
GRCC,15:41:57.561,1066,1493,1493,1498
GRCX,15:41:57.561,1928,1494,1500,1500
GMOT,15:41:57.561,950,950,950,950,0,0,0,0
GNAV,15:41:57.561,0,0,0,0
GPAR,15:41:57.561,2652,0,0,0
GDBG,15:41:57.561,0,0,0,0
GRAW,15:41:57.718,0,0,0,0,0,0
GATT,15:41:57.718,0,-1
GMAG,15:41:57.718,0,0,0,34,2
GRCC,15:41:57.718,1066,1493,1493,1498
GRCX,15:41:57.718,1716,1494,1500,1500
GMOT,15:41:57.718,950,950,950,950,0,0,0,0
GNAV,15:41:57.718,0,0,0,0
GPAR,15:41:57.718,2876,0,0,0
GDBG,15:41:57.718,0,0,0,0
GRAW,15:41:57.873,0,0,0,0,0,0
GATT,15:41:57.873,0,-1
GMAG,15:41:57.873,0,0,0,35,4
GRCC,15:41:57.873,1066,1493,1493,1498
GRCX,15:41:57.873,1070,1494,1500,1500
GMOT,15:41:57.873,950,950,950,950,0,0,0,0
GNAV,15:41:57.873,0,0,0,0
GPAR,15:41:57.873,2784,0,0,0
GDBG,15:41:57.873,0,0,0,0
GRAW,15:41:58.030,0,0,0,0,0,0
GATT,15:41:58.030,0,-1
GMAG,15:41:58.030,0,0,0,34,1
GRCC,15:41:58.030,1066,1493,1493,1498
GRCX,15:41:58.030,1070,1494,1500,1500
GMOT,15:41:58.030,950,950,950,950,0,0,0,0
GNAV,15:41:58.030,0,0,0,0
GPAR,15:41:58.030,2620,0,0,0
GDBG,15:41:58.030,0,0,0,0
GRAW,15:41:58.188,0,0,0,0,0,0
GATT,15:41:58.188,0,-1
GMAG,15:41:58.188,0,0,0,34,-8
GRCC,15:41:58.188,1066,1493,1493,1498
GRCX,15:41:58.188,1070,1494,1500,1500
GMOT,15:41:58.188,950,950,950,950,0,0,0,0
GNAV,15:41:58.188,0,0,0,0
GPAR,15:41:58.188,2656,0,0,0
GDBG,15:41:58.188,0,0,0,0
GRAW,15:41:58.343,0,0,0,0,0,0
GATT,15:41:58.343,0,-1
GMAG,15:41:58.343,0,0,0,35,-9
GRCC,15:41:58.343,1066,1493,1493,1498
GRCX,15:41:58.343,1498,1494,1500,1500
GMOT,15:41:58.343,950,950,950,950,0,0,0,0
GNAV,15:41:58.343,0,0,0,0
GPAR,15:41:58.343,2640,0,0,0
GDBG,15:41:58.343,0,0,0,0
GRAW,15:41:58.498,0,0,0,0,0,0
GATT,15:41:58.498,0,-1
GMAG,15:41:58.498,0,0,0,34,-15
GRCC,15:41:58.498,1066,1493,1493,1498
GRCX,15:41:58.498,1929,1494,1500,1500
GMOT,15:41:58.498,950,950,950,950,0,0,0,0
GNAV,15:41:58.498,0,0,0,0
GPAR,15:41:58.498,3092,0,0,0
GDBG,15:41:58.498,0,0,0,0
GRAW,15:41:58.654,0,0,0,0,0,0
GATT,15:41:58.654,0,-1
GMAG,15:41:58.654,0,0,0,34,-18
GRCC,15:41:58.654,1066,1493,1493,1498
GRCX,15:41:58.654,1929,1494,1500,1500
GMOT,15:41:58.654,950,950,950,950,0,0,0,0
GNAV,15:41:58.654,0,0,0,0
GPAR,15:41:58.654,2660,0,0,0
GDBG,15:41:58.654,0,0,0,0
GRAW,15:41:58.809,0,0,0,0,0,0
GATT,15:41:58.809,0,-1
GMAG,15:41:58.809,0,0,0,34,-18
GRCC,15:41:58.809,1066,1493,1493,1498
GRCX,15:41:58.809,1929,1494,1500,1500
GMOT,15:41:58.809,950,950,950,950,0,0,0,0
GNAV,15:41:58.809,0,0,0,0
GPAR,15:41:58.809,2632,0,0,0
GDBG,15:41:58.809,0,0,0,0
GRAW,15:41:58.968,0,0,0,0,0,0
GATT,15:41:58.968,0,-1
GMAG,15:41:58.968,0,0,0,34,-11
GRCC,15:41:58.968,1066,1493,1493,1498
GRCX,15:41:58.968,1285,1494,1500,1500
GMOT,15:41:58.968,950,950,950,950,0,0,0,0
GNAV,15:41:58.968,0,0,0,0
GPAR,15:41:58.968,2832,0,0,0
GDBG,15:41:58.968,0,0,0,0
GRAW,15:41:59.121,0,0,0,0,0,0
GATT,15:41:59.121,0,-1
GMAG,15:41:59.121,0,0,0,35,-5
GRCC,15:41:59.121,1066,1493,1493,1498
GRCX,15:41:59.121,1070,1494,1500,1500
GMOT,15:41:59.121,950,950,950,950,0,0,0,0
GNAV,15:41:59.121,0,0,0,0
GPAR,15:41:59.121,2928,0,0,0
GDBG,15:41:59.121,0,0,0,0
GRAW,15:41:59.278,0,0,0,0,0,0
GATT,15:41:59.278,0,-1
GMAG,15:41:59.278,0,0,0,34,1
GRCC,15:41:59.278,1066,1493,1493,1498
GRCX,15:41:59.278,1070,1494,1500,1500
GMOT,15:41:59.278,950,950,950,950,0,0,0,0
GNAV,15:41:59.278,0,0,0,0
GPAR,15:41:59.278,2640,0,0,0
GDBG,15:41:59.278,0,0,0,0
GRAW,15:41:59.433,0,0,0,0,0,0
GATT,15:41:59.433,0,-1
GMAG,15:41:59.433,0,0,0,34,10
GRCC,15:41:59.433,1066,1493,1493,1498
GRCX,15:41:59.433,1070,1494,1500,1500
GMOT,15:41:59.433,950,950,950,950,0,0,0,0
GNAV,15:41:59.433,0,0,0,0
GPAR,15:41:59.433,2632,0,0,0
GDBG,15:41:59.433,0,0,0,0
GRAW,15:41:59.590,0,0,0,0,0,0
GATT,15:41:59.590,0,-1
GMAG,15:41:59.590,0,0,0,34,13
GRCC,15:41:59.590,1066,1493,1493,1498
GRCX,15:41:59.590,1070,1494,1500,1500
GMOT,15:41:59.590,950,950,950,950,0,0,0,0
GNAV,15:41:59.590,0,0,0,0
GPAR,15:41:59.590,2612,0,0,0
GDBG,15:41:59.590,0,0,0,0
GRAW,15:41:59.746,0,0,0,0,0,0
GATT,15:41:59.746,0,-1
GMAG,15:41:59.746,0,0,0,35,12
GRCC,15:41:59.746,1066,1493,1493,1498
GRCX,15:41:59.746,1070,1494,1500,1500
GMOT,15:41:59.746,950,950,950,950,0,0,0,0
GNAV,15:41:59.746,0,0,0,0
GPAR,15:41:59.746,2880,0,0,0
GDBG,15:41:59.746,0,0,0,0
GRAW,15:41:59.901,0,0,0,0,0,0
GATT,15:41:59.901,0,-1
GMAG,15:41:59.901,0,0,0,34,11
GRCC,15:41:59.901,1066,1493,1493,1498
GRCX,15:41:59.901,1070,1494,1500,1500
GMOT,15:41:59.901,950,950,950,950,0,0,0,0
GNAV,15:41:59.901,0,0,0,0
GPAR,15:41:59.901,2652,0,0,0
GDBG,15:41:59.901,0,0,0,0
GRAW,15:42:00.058,0,0,0,0,0,0
GATT,15:42:00.058,0,-1
GMAG,15:42:00.058,0,0,0,35,5
GRCC,15:42:00.058,1066,1493,1493,1498
GRCX,15:42:00.058,1070,1494,1500,1500
GMOT,15:42:00.058,950,950,950,950,0,0,0,0
GNAV,15:42:00.058,0,0,0,0
GPAR,15:42:00.058,2792,0,0,0
GDBG,15:42:00.058,0,0,0,0
GRAW,15:42:00.213,0,0,0,0,0,0
GATT,15:42:00.213,0,-1
GMAG,15:42:00.213,0,0,0,34,-3
GRCC,15:42:00.213,1066,1493,1493,1498
GRCX,15:42:00.213,1070,1494,1500,1500
GMOT,15:42:00.213,950,950,950,950,0,0,0,0
GNAV,15:42:00.213,0,0,0,0
GPAR,15:42:00.213,2632,0,0,0
GDBG,15:42:00.213,0,0,0,0
GRAW,15:42:00.370,0,0,0,0,0,0
GATT,15:42:00.370,0,-1
GMAG,15:42:00.370,0,0,0,34,-3
GRCC,15:42:00.370,1066,1493,1493,1498
GRCX,15:42:00.370,1070,1494,1500,1500
GMOT,15:42:00.370,950,950,950,950,0,0,0,0
GNAV,15:42:00.370,0,0,0,0
GPAR,15:42:00.370,2608,0,0,0
GDBG,15:42:00.370,0,0,0,0
GRAW,15:42:00.527,0,0,0,0,0,0
GATT,15:42:00.527,0,-1
GMAG,15:42:00.527,0,0,0,34,-4
GRCC,15:42:00.527,1066,1493,1493,1498
GRCX,15:42:00.527,1070,1494,1500,1500
GMOT,15:42:00.527,950,950,950,950,0,0,0,0
GNAV,15:42:00.527,0,0,0,0
GPAR,15:42:00.527,2660,0,0,0
GDBG,15:42:00.527,0,0,0,0
GRAW,15:42:00.682,0,0,0,0,0,0
GATT,15:42:00.682,0,-1
GMAG,15:42:00.682,0,0,0,34,-4
GRCC,15:42:00.682,1066,1493,1493,1498
GRCX,15:42:00.682,1070,1494,1500,1500
GMOT,15:42:00.682,950,950,950,950,0,0,0,0
GNAV,15:42:00.682,0,0,0,0
GPAR,15:42:00.682,2664,0,0,0
GDBG,15:42:00.682,0,0,0,0
GRAW,15:42:00.840,0,0,0,0,0,0
GATT,15:42:00.840,0,-1
GMAG,15:42:00.840,0,0,0,35,-1
GRCC,15:42:00.840,1066,1493,1493,1498
GRCX,15:42:00.840,1070,1494,1500,1500
GMOT,15:42:00.840,950,950,950,950,0,0,0,0
GNAV,15:42:00.840,0,0,0,0
GPAR,15:42:00.840,2632,0,0,0
GDBG,15:42:00.840,0,0,0,0
GRAW,15:42:01.606,0,0,0,0,0,0
GATT,15:42:01.606,0,-1
GMAG,15:42:01.606,0,0,0,34,1
GRCC,15:42:01.606,1066,1493,1493,1498
GRCX,15:42:01.606,1070,1494,1500,1500
GMOT,15:42:01.606,950,950,950,950,0,0,0,0
GNAV,15:42:01.606,0,0,0,0
GPAR,15:42:01.606,2620,0,0,0
GDBG,15:42:01.606,0,0,0,0
GRAW,15:42:01.759,0,0,0,0,0,0
GATT,15:42:01.759,0,-1
GMAG,15:42:01.759,0,0,0,34,1
GRCC,15:42:01.759,1066,1493,1493,1498
GRCX,15:42:01.759,1070,1494,1500,1500
GMOT,15:42:01.759,950,950,950,950,0,0,0,0
GNAV,15:42:01.759,0,0,0,0
GPAR,15:42:01.759,2620,0,0,0
GDBG,15:42:01.759,0,0,0,0
GRAW,15:42:01.913,0,0,0,0,0,0
GATT,15:42:01.913,0,-1
GMAG,15:42:01.913,0,0,0,34,-4
GRCC,15:42:01.913,1066,1493,1493,1498
GRCX,15:42:01.913,1070,1494,1500,1500
GMOT,15:42:01.913,950,950,950,950,0,0,0,0
GNAV,15:42:01.913,0,0,0,0
GPAR,15:42:01.913,2628,0,0,0
GDBG,15:42:01.913,0,0,0,0
GRAW,15:42:02.070,0,0,0,0,0,0
GATT,15:42:02.070,0,-1
GMAG,15:42:02.070,0,0,0,35,3
GRCC,15:42:02.070,1066,1493,1493,1498
GRCX,15:42:02.070,1070,1494,1500,1500
GMOT,15:42:02.070,950,950,950,950,0,0,0,0
GNAV,15:42:02.070,0,0,0,0
GPAR,15:42:02.070,2828,0,0,0
GDBG,15:42:02.070,0,0,0,0
GRAW,15:42:02.230,0,0,0,0,0,0
GATT,15:42:02.230,0,-1
GMAG,15:42:02.230,0,0,0,35,6
GRCC,15:42:02.230,1066,1493,1493,1498
GRCX,15:42:02.230,1070,1494,1500,1500
GMOT,15:42:02.230,950,950,950,950,0,0,0,0
GNAV,15:42:02.230,0,0,0,0
GPAR,15:42:02.230,3116,0,0,0
GDBG,15:42:02.230,0,0,0,0
GRAW,15:42:02.384,0,0,0,0,0,0
GATT,15:42:02.384,0,-1
GMAG,15:42:02.384,0,0,0,34,8
GRCC,15:42:02.384,1066,1493,1493,1498
GRCX,15:42:02.384,1070,1494,1500,1500
GMOT,15:42:02.384,950,950,950,950,0,0,0,0
GNAV,15:42:02.384,0,0,0,0
GPAR,15:42:02.384,2608,0,0,0
GDBG,15:42:02.384,0,0,0,0
GRAW,15:42:02.538,0,0,0,0,0,0
GATT,15:42:02.538,0,-1
GMAG,15:42:02.538,0,0,0,34,14
GRCC,15:42:02.538,1066,1493,1493,1498
GRCX,15:42:02.538,1070,1494,1500,1500
GMOT,15:42:02.538,950,950,950,950,0,0,0,0
GNAV,15:42:02.538,0,0,0,0
GPAR,15:42:02.538,2616,0,0,0
GDBG,15:42:02.538,0,0,0,0
GRAW,15:42:02.695,0,0,0,0,0,0
GATT,15:42:02.695,0,-1
GMAG,15:42:02.695,0,0,0,34,15
GRCC,15:42:02.695,1066,1493,1493,1498
GRCX,15:42:02.695,1070,1494,1500,1500
GMOT,15:42:02.695,950,950,950,950,0,0,0,0
GNAV,15:42:02.695,0,0,0,0
GPAR,15:42:02.695,2612,0,0,0
GDBG,15:42:02.695,0,0,0,0
GRAW,15:42:02.850,0,0,0,0,0,0
GATT,15:42:02.850,0,-1
GMAG,15:42:02.850,0,0,0,35,8
GRCC,15:42:02.850,1066,1493,1493,1498
GRCX,15:42:02.850,1070,1494,1500,1500
GMOT,15:42:02.850,950,950,950,950,0,0,0,0
GNAV,15:42:02.850,0,0,0,0
GPAR,15:42:02.850,2904,0,0,0
GDBG,15:42:02.850,0,0,0,0
GRAW,15:42:03.008,0,0,0,0,0,0
GATT,15:42:03.008,0,-1
GMAG,15:42:03.008,0,0,0,34,-1
GRCC,15:42:03.008,1066,1493,1493,1498
GRCX,15:42:03.008,1070,1494,1500,1500
GMOT,15:42:03.008,950,950,950,950,0,0,0,0
GNAV,15:42:03.008,0,0,0,0
GPAR,15:42:03.008,2644,0,0,0
GDBG,15:42:03.008,0,0,0,0
GRAW,15:42:03.164,0,0,0,0,0,0
GATT,15:42:03.164,0,-1
GMAG,15:42:03.164,0,0,0,34,-2
GRCC,15:42:03.164,1066,1493,1493,1498
GRCX,15:42:03.164,1070,1494,1500,1500
GMOT,15:42:03.164,950,950,950,950,0,0,0,0
GNAV,15:42:03.164,0,0,0,0
GPAR,15:42:03.164,2784,0,0,0
GDBG,15:42:03.164,0,0,0,0
GRAW,15:42:03.318,0,0,0,0,0,0
GATT,15:42:03.318,0,-1
GMAG,15:42:03.318,0,0,0,34,2
GRCC,15:42:03.318,1066,1493,1493,1498
GRCX,15:42:03.318,1070,1494,1500,1500
GMOT,15:42:03.318,950,950,950,950,0,0,0,0
GNAV,15:42:03.318,0,0,0,0
GPAR,15:42:03.318,2632,0,0,0
GDBG,15:42:03.318,0,0,0,0
GRAW,15:42:03.476,0,0,0,0,0,0
GATT,15:42:03.476,0,-1
GMAG,15:42:03.476,0,0,0,35,5
GRCC,15:42:03.476,1066,1493,1493,1498
GRCX,15:42:03.476,1070,1494,1500,1500
GMOT,15:42:03.476,950,950,950,950,0,0,0,0
GNAV,15:42:03.476,0,0,0,0
GPAR,15:42:03.476,2872,0,0,0
GDBG,15:42:03.476,0,0,0,0
GRAW,15:42:03.633,0,0,0,0,0,0
GATT,15:42:03.633,0,-1
GMAG,15:42:03.633,0,0,0,35,11
GRCC,15:42:03.633,1066,1493,1493,1498
GRCX,15:42:03.633,1070,1494,1500,1500
GMOT,15:42:03.633,950,950,950,950,0,0,0,0
GNAV,15:42:03.633,0,0,0,0
GPAR,15:42:03.633,2648,0,0,0
GDBG,15:42:03.633,0,0,0,0
GRAW,15:42:03.790,0,0,0,0,0,0
GATT,15:42:03.790,0,-1
GMAG,15:42:03.790,0,0,0,35,21
GRCC,15:42:03.790,1066,1493,1493,1498
GRCX,15:42:03.790,1070,1494,1500,1500
GMOT,15:42:03.790,950,950,950,950,0,0,0,0
GNAV,15:42:03.790,0,0,0,0
GPAR,15:42:03.790,2620,0,0,0
GDBG,15:42:03.790,0,0,0,0
GRAW,15:42:03.944,0,0,0,0,0,0
GATT,15:42:03.944,0,-1
GMAG,15:42:03.944,0,0,0,34,27
GRCC,15:42:03.944,1066,1493,1493,1498
GRCX,15:42:03.944,1070,1494,1500,1500
GMOT,15:42:03.944,950,950,950,950,0,0,0,0
GNAV,15:42:03.944,0,0,0,0
GPAR,15:42:03.944,2936,0,0,0
GDBG,15:42:03.944,0,0,0,0
GRAW,15:42:04.102,0,0,0,0,0,0
GATT,15:42:04.102,0,-1
GMAG,15:42:04.102,0,0,0,34,26
GRCC,15:42:04.102,1066,1493,1493,1498
GRCX,15:42:04.102,1070,1494,1500,1500
GMOT,15:42:04.102,950,950,950,950,0,0,0,0
GNAV,15:42:04.102,0,0,0,0
GPAR,15:42:04.102,2876,0,0,0
GDBG,15:42:04.102,0,0,0,0
GRAW,15:42:04.254,0,0,0,0,0,0
GATT,15:42:04.254,0,-1
GMAG,15:42:04.254,0,0,0,34,23
GRCC,15:42:04.254,1066,1493,1493,1498
GRCX,15:42:04.254,1070,1494,1500,1500
GMOT,15:42:04.254,950,950,950,950,0,0,0,0
GNAV,15:42:04.254,0,0,0,0
GPAR,15:42:04.254,2796,0,0,0
GDBG,15:42:04.254,0,0,0,0
GRAW,15:42:04.414,0,0,0,0,0,0
GATT,15:42:04.414,0,-1
GMAG,15:42:04.414,0,0,0,35,23
GRCC,15:42:04.414,1066,1493,1493,1498
GRCX,15:42:04.414,1070,1494,1500,1500
GMOT,15:42:04.414,950,950,950,950,0,0,0,0
GNAV,15:42:04.414,0,0,0,0
GPAR,15:42:04.414,2824,0,0,0
GDBG,15:42:04.414,0,0,0,0
GRAW,15:42:04.566,0,0,0,0,0,0
GATT,15:42:04.566,0,-1
GMAG,15:42:04.566,0,0,0,34,18
GRCC,15:42:04.566,1066,1493,1493,1498
GRCX,15:42:04.566,1070,1494,1500,1500
GMOT,15:42:04.566,950,950,950,950,0,0,0,0
GNAV,15:42:04.566,0,0,0,0
GPAR,15:42:04.566,2884,0,0,0
GDBG,15:42:04.566,0,0,0,0
GRAW,15:42:04.726,0,0,0,0,0,0
GATT,15:42:04.726,0,-1
GMAG,15:42:04.726,0,0,0,34,16
GRCC,15:42:04.726,1066,1493,1493,1498
GRCX,15:42:04.726,1070,1494,1500,1500
GMOT,15:42:04.726,950,950,950,950,0,0,0,0
GNAV,15:42:04.726,0,0,0,0
GPAR,15:42:04.726,2904,0,0,0
GDBG,15:42:04.726,0,0,0,0
GRAW,15:42:04.878,0,0,0,0,0,0
GATT,15:42:04.878,0,-1
GMAG,15:42:04.878,0,0,0,34,18
GRCC,15:42:04.878,1066,1493,1493,1498
GRCX,15:42:04.878,1070,1494,1500,1500
GMOT,15:42:04.878,950,950,950,950,0,0,0,0
GNAV,15:42:04.878,0,0,0,0
GPAR,15:42:04.878,2628,0,0,0
GDBG,15:42:04.878,0,0,0,0
GRAW,15:42:05.035,0,0,0,0,0,0
GATT,15:42:05.035,0,-1
GMAG,15:42:05.035,0,0,0,34,20
GRCC,15:42:05.035,1066,1493,1493,1498
GRCX,15:42:05.035,1070,1494,1500,1500
GMOT,15:42:05.035,950,950,950,950,0,0,0,0
GNAV,15:42:05.035,0,0,0,0
GPAR,15:42:05.035,2608,0,0,0
GDBG,15:42:05.035,0,0,0,0
GRAW,15:42:05.191,0,0,0,0,0,0
GATT,15:42:05.191,0,-1
GMAG,15:42:05.191,0,0,0,34,19
GRCC,15:42:05.191,1066,1493,1493,1498
GRCX,15:42:05.191,1926,1494,1500,1500
GMOT,15:42:05.191,950,950,950,950,0,0,0,0
GNAV,15:42:05.191,0,0,0,0
GPAR,15:42:05.191,2660,0,0,0
GDBG,15:42:05.191,0,0,0,0
GMOD,15:42:05.347,ARM
GRAW,15:42:05.347,0,0,0,0,0,0
GATT,15:42:05.347,0,-1
GMAG,15:42:05.347,0,0,0,35,20
GRCC,15:42:05.347,1066,1493,1493,1498
GRCX,15:42:05.347,1926,1494,1500,1500
GMOT,15:42:05.347,950,950,950,950,0,0,0,0
GNAV,15:42:05.347,0,0,0,0
GPAR,15:42:05.347,2660,0,0,0
GDBG,15:42:05.347,0,0,0,0
GMOD,15:42:05.502
GRAW,15:42:05.502,0,0,0,0,0,0
GATT,15:42:05.502,0,-1
GMAG,15:42:05.502,0,0,0,34,20
GRCC,15:42:05.502,1066,1493,1493,1498
GRCX,15:42:05.502,1071,1494,1500,1500
GMOT,15:42:05.502,950,950,950,950,0,0,0,0
GNAV,15:42:05.502,0,0,0,0
GPAR,15:42:05.502,2788,0,0,0
GDBG,15:42:05.502,0,0,0,0
GRAW,15:42:05.658,0,0,0,0,0,0
GATT,15:42:05.658,0,-1
GMAG,15:42:05.658,0,0,0,34,15
GRCC,15:42:05.658,1066,1493,1493,1498
GRCX,15:42:05.658,1071,1494,1500,1500
GMOT,15:42:05.658,950,950,950,950,0,0,0,0
GNAV,15:42:05.658,0,0,0,0
GPAR,15:42:05.658,2644,0,0,0
GDBG,15:42:05.658,0,0,0,0
GRAW,15:42:05.818,0,0,0,0,0,0
GATT,15:42:05.818,0,-1
GMAG,15:42:05.818,0,0,0,34,12
GRCC,15:42:05.818,1066,1493,1493,1498
GRCX,15:42:05.818,1927,1494,1500,1500
GMOT,15:42:05.818,950,950,950,950,0,0,0,0
GNAV,15:42:05.818,0,0,0,0
GPAR,15:42:05.818,2612,0,0,0
GDBG,15:42:05.818,0,0,0,0
GMOD,15:42:05.972,ARM
GRAW,15:42:05.972,0,0,0,0,0,0
GATT,15:42:05.972,0,-1
GMAG,15:42:05.972,0,0,0,35,12
GRCC,15:42:05.972,1066,1493,1493,1498
GRCX,15:42:05.972,1285,1494,1500,1500
GMOT,15:42:05.972,950,950,950,950,0,0,0,0
GNAV,15:42:05.972,0,0,0,0
GPAR,15:42:05.972,2860,0,0,0
GDBG,15:42:05.972,0,0,0,0
GMOD,15:42:06.130
GRAW,15:42:06.130,0,0,0,0,0,0
GATT,15:42:06.130,0,-1
GMAG,15:42:06.130,0,0,0,35,12
GRCC,15:42:06.130,1066,1493,1493,1498
GRCX,15:42:06.130,1070,1494,1500,1500
GMOT,15:42:06.130,950,950,950,950,0,0,0,0
GNAV,15:42:06.130,0,0,0,0
GPAR,15:42:06.130,3092,0,0,0
GDBG,15:42:06.130,0,0,0,0
GRAW,15:42:06.283,0,0,0,0,0,0
GATT,15:42:06.283,0,-1
GMAG,15:42:06.283,0,0,0,34,12
GRCC,15:42:06.283,1066,1493,1493,1498
GRCX,15:42:06.283,1070,1494,1500,1500
GMOT,15:42:06.283,950,950,950,950,0,0,0,0
GNAV,15:42:06.283,0,0,0,0
GPAR,15:42:06.283,2608,0,0,0
GDBG,15:42:06.283,0,0,0,0
GRAW,15:42:06.439,0,0,0,0,0,0
GATT,15:42:06.439,0,-1
GMAG,15:42:06.439,0,0,0,34,15
GRCC,15:42:06.439,1066,1493,1493,1498
GRCX,15:42:06.439,1070,1494,1500,1500
GMOT,15:42:06.439,950,950,950,950,0,0,0,0
GNAV,15:42:06.439,0,0,0,0
GPAR,15:42:06.439,2888,0,0,0
GDBG,15:42:06.439,0,0,0,0
GRAW,15:42:06.594,0,0,0,0,0,0
GATT,15:42:06.594,0,-1
GMAG,15:42:06.594,0,0,0,34,20
GRCC,15:42:06.594,1066,1493,1493,1498
GRCX,15:42:06.594,1070,1494,1500,1500
GMOT,15:42:06.594,950,950,950,950,0,0,0,0
GNAV,15:42:06.594,0,0,0,0
GPAR,15:42:06.594,2820,0,0,0
GDBG,15:42:06.594,0,0,0,0
GRAW,15:42:06.752,0,0,0,0,0,0
GATT,15:42:06.752,0,-1
GMAG,15:42:06.752,0,0,0,34,19
GRCC,15:42:06.752,1066,1493,1493,1498
GRCX,15:42:06.752,1070,1494,1500,1500
GMOT,15:42:06.752,950,950,950,950,0,0,0,0
GNAV,15:42:06.752,0,0,0,0
GPAR,15:42:06.752,2800,0,0,0
GDBG,15:42:06.752,0,0,0,0
GRAW,15:42:06.910,0,0,0,0,0,0
GATT,15:42:06.910,0,-1
GMAG,15:42:06.910,0,0,0,34,17
GRCC,15:42:06.910,1066,1493,1493,1498
GRCX,15:42:06.910,1070,1494,1500,1500
GMOT,15:42:06.910,950,950,950,950,0,0,0,0
GNAV,15:42:06.910,0,0,0,0
GPAR,15:42:06.910,2644,0,0,0
GDBG,15:42:06.910,0,0,0,0
GRAW,15:42:07.062,0,0,0,0,0,0
GATT,15:42:07.062,0,-1
GMAG,15:42:07.062,0,0,0,34,10
GRCC,15:42:07.062,1066,1493,1493,1498
GRCX,15:42:07.062,1070,1494,1500,1500
GMOT,15:42:07.062,950,950,950,950,0,0,0,0
GNAV,15:42:07.062,0,0,0,0
GPAR,15:42:07.062,2628,0,0,0
GDBG,15:42:07.062,0,0,0,0
GRAW,15:42:07.218,0,0,0,0,0,0
GATT,15:42:07.218,0,-1
GMAG,15:42:07.218,0,0,0,34,4
GRCC,15:42:07.218,1066,1493,1493,1498
GRCX,15:42:07.218,1070,1494,1500,1500
GMOT,15:42:07.218,950,950,950,950,0,0,0,0
GNAV,15:42:07.218,0,0,0,0
GPAR,15:42:07.218,2640,0,0,0
GDBG,15:42:07.218,0,0,0,0
