MultiWii telemetry log. Start time:2015/11/18 14:35:06.223
GRAW,14:35:15.832,-8,-6,254,0,0,0
GATT,14:35:15.832,-1,-1
GMAG,14:35:15.832,-53,128,109,31,42
GRCC,14:35:15.832,1500,1500,1500,1500
GRCX,14:35:15.832,1500,1500,1500,1500
GMOT,14:35:15.832,950,950,950,950,0,0,0,0
GNAV,14:35:15.832,0,0,0,0
GPAR,14:35:15.832,2628,0,0,0
GDBG,14:35:15.832,0,0,0,0
GRAW,14:35:15.963,-8,-6,254,0,0,0
GATT,14:35:15.963,-1,-1
GMAG,14:35:15.963,-53,128,109,32,23
GRCC,14:35:15.963,1500,1500,1500,1500
GRCX,14:35:15.963,1500,1500,1500,1500
GMOT,14:35:15.963,950,950,950,950,0,0,0,0
GNAV,14:35:15.963,0,0,0,0
GPAR,14:35:15.963,2628,0,0,0
GDBG,14:35:15.963,0,0,0,0
GRAW,14:35:16.041,-8,-6,254,0,0,0
GATT,14:35:16.041,-1,-1
GMAG,14:35:16.041,-53,128,109,32,16
GRCC,14:35:16.041,1500,1500,1500,1500
GRCX,14:35:16.041,1500,1500,1500,1500
GMOT,14:35:16.042,950,950,950,950,0,0,0,0
GNAV,14:35:16.042,0,0,0,0
GPAR,14:35:16.042,2604,0,0,0
GDBG,14:35:16.042,0,0,0,0
GRAW,14:35:16.123,-8,-6,254,0,0,0
GATT,14:35:16.123,-1,-1
GMAG,14:35:16.123,-53,128,109,32,13
GRCC,14:35:16.123,1500,1500,1500,1500
GRCX,14:35:16.123,1500,1500,1500,1500
GMOT,14:35:16.123,950,950,950,950,0,0,0,0
GNAV,14:35:16.123,0,0,0,0
GPAR,14:35:16.123,2788,0,0,0
GDBG,14:35:16.123,0,0,0,0
GRAW,14:35:16.197,-8,-6,254,0,0,0
GATT,14:35:16.197,-1,-1
GMAG,14:35:16.197,-53,128,109,32,9
GRCC,14:35:16.197,1500,1500,1500,1500
GRCX,14:35:16.197,1500,1500,1500,1500
GMOT,14:35:16.197,950,950,950,950,0,0,0,0
GNAV,14:35:16.197,0,0,0,0
GPAR,14:35:16.197,2612,0,0,0
GDBG,14:35:16.197,0,0,0,0
GRAW,14:35:16.281,-8,-6,254,0,0,0
GATT,14:35:16.281,-1,-1
GMAG,14:35:16.281,-53,128,109,32,8
GRCC,14:35:16.281,1500,1500,1500,1500
GRCX,14:35:16.281,1500,1500,1500,1500
GMOT,14:35:16.281,950,950,950,950,0,0,0,0
GNAV,14:35:16.281,0,0,0,0
GPAR,14:35:16.281,2836,0,0,0
GDBG,14:35:16.281,0,0,0,0
GRAW,14:35:16.361,-8,-6,254,0,0,0
GATT,14:35:16.361,-1,-1
GMAG,14:35:16.361,-53,128,109,32,10
GRCC,14:35:16.361,1500,1500,1500,1500
GRCX,14:35:16.361,1500,1500,1500,1500
GMOT,14:35:16.361,950,950,950,950,0,0,0,0
GNAV,14:35:16.361,0,0,0,0
GPAR,14:35:16.361,2924,0,0,0
GDBG,14:35:16.361,0,0,0,0
GRAW,14:35:16.439,-8,-6,254,0,0,0
GATT,14:35:16.439,-1,-1
GMAG,14:35:16.439,-53,128,109,32,12
GRCC,14:35:16.439,1500,1500,1500,1500
GRCX,14:35:16.439,1500,1500,1500,1500
GMOT,14:35:16.439,950,950,950,950,0,0,0,0
GNAV,14:35:16.439,0,0,0,0
GPAR,14:35:16.439,2644,0,0,0
GDBG,14:35:16.439,0,0,0,0
GRAW,14:35:16.517,-8,-6,254,0,0,0
GATT,14:35:16.517,-1,-1
GMAG,14:35:16.517,-53,128,109,32,14
GRCC,14:35:16.517,1500,1500,1500,1500
GRCX,14:35:16.517,1500,1500,1500,1500
GMOT,14:35:16.517,950,950,950,950,0,0,0,0
GNAV,14:35:16.517,0,0,0,0
GPAR,14:35:16.517,3076,0,0,0
GDBG,14:35:16.517,0,0,0,0
GRAW,14:35:16.592,-8,-6,254,0,0,0
GATT,14:35:16.592,-1,-1
GMAG,14:35:16.592,-53,128,109,32,19
GRCC,14:35:16.592,1500,1500,1500,1500
GRCX,14:35:16.592,1500,1500,1500,1500
GMOT,14:35:16.592,950,950,950,950,0,0,0,0
GNAV,14:35:16.592,0,0,0,0
GPAR,14:35:16.592,2640,0,0,0
GDBG,14:35:16.592,0,0,0,0
GRAW,14:35:16.674,-8,-6,254,0,0,0
GATT,14:35:16.674,-1,-1
GMAG,14:35:16.674,-53,128,109,32,21
GRCC,14:35:16.674,1500,1500,1500,1500
GRCX,14:35:16.674,1500,1500,1500,1500
GMOT,14:35:16.674,950,950,950,950,0,0,0,0
GNAV,14:35:16.674,0,0,0,0
GPAR,14:35:16.674,2608,0,0,0
GDBG,14:35:16.674,0,0,0,0
GRAW,14:35:16.748,-8,-6,254,0,0,0
GATT,14:35:16.748,-1,-1
GMAG,14:35:16.748,-53,128,109,33,23
GRCC,14:35:16.748,1500,1500,1500,1500
GRCX,14:35:16.748,1500,1500,1500,1500
GMOT,14:35:16.748,950,950,950,950,0,0,0,0
GNAV,14:35:16.748,0,0,0,0
GPAR,14:35:16.748,2620,0,0,0
GDBG,14:35:16.748,0,0,0,0
GRAW,14:35:16.823,-8,-6,254,0,0,0
GATT,14:35:16.823,-1,-1
GMAG,14:35:16.823,-53,128,109,32,28
GRCC,14:35:16.823,1500,1500,1500,1500
GRCX,14:35:16.823,1500,1500,1500,1500
GMOT,14:35:16.823,950,950,950,950,0,0,0,0
GNAV,14:35:16.823,0,0,0,0
GPAR,14:35:16.823,2844,0,0,0
GDBG,14:35:16.823,0,0,0,0
GRAW,14:35:16.908,-8,-6,254,0,0,0
GATT,14:35:16.908,-1,-1
GMAG,14:35:16.908,-53,128,109,32,31
GRCC,14:35:16.908,1500,1500,1500,1500
GRCX,14:35:16.908,1500,1500,1500,1500
GMOT,14:35:16.908,950,950,950,950,0,0,0,0
GNAV,14:35:16.908,0,0,0,0
GPAR,14:35:16.908,2604,0,0,0
GDBG,14:35:16.908,0,0,0,0
GRAW,14:35:16.994,-8,-6,254,0,0,0
GATT,14:35:16.994,-1,-1
GMAG,14:35:16.994,-53,128,109,32,33
GRCC,14:35:16.994,1500,1500,1500,1500
GRCX,14:35:16.994,1500,1500,1500,1500
GMOT,14:35:16.994,950,950,950,950,0,0,0,0
GNAV,14:35:16.994,0,0,0,0
GPAR,14:35:16.994,2936,0,0,0
GDBG,14:35:16.994,0,0,0,0
GRAW,14:35:17.072,-8,-6,254,0,0,0
GATT,14:35:17.072,-1,-1
GMAG,14:35:17.072,-53,128,109,32,33
GRCC,14:35:17.072,1500,1500,1500,1500
GRCX,14:35:17.072,1500,1500,1500,1500
GMOT,14:35:17.072,950,950,950,950,0,0,0,0
GNAV,14:35:17.072,0,0,0,0
GPAR,14:35:17.072,2600,0,0,0
GDBG,14:35:17.072,0,0,0,0
GRAW,14:35:17.151,-8,-6,254,0,0,0
GATT,14:35:17.151,-1,-1
GMAG,14:35:17.151,-53,128,109,32,33
GRCC,14:35:17.151,1500,1500,1500,1500
GRCX,14:35:17.151,1500,1500,1500,1500
GMOT,14:35:17.151,950,950,950,950,0,0,0,0
GNAV,14:35:17.151,0,0,0,0
GPAR,14:35:17.151,2620,0,0,0
GDBG,14:35:17.151,0,0,0,0
GRAW,14:35:17.231,-8,-6,254,0,0,0
GATT,14:35:17.231,-1,-1
GMAG,14:35:17.231,-53,128,109,32,33
GRCC,14:35:17.231,1500,1500,1500,1500
GRCX,14:35:17.231,1500,1500,1500,1500
GMOT,14:35:17.231,950,950,950,950,0,0,0,0
GNAV,14:35:17.231,0,0,0,0
GPAR,14:35:17.231,3088,0,0,0
GDBG,14:35:17.231,0,0,0,0
GRAW,14:35:17.308,-8,-6,254,0,0,0
GATT,14:35:17.308,-1,-1
GMAG,14:35:17.308,-53,128,109,32,32
GRCC,14:35:17.308,1500,1500,1500,1500
GRCX,14:35:17.308,1500,1500,1500,1500
GMOT,14:35:17.308,950,950,950,950,0,0,0,0
GNAV,14:35:17.308,0,0,0,0
GPAR,14:35:17.308,2608,0,0,0
GDBG,14:35:17.308,0,0,0,0
GRAW,14:35:17.383,-8,-6,254,0,0,0
GATT,14:35:17.383,-1,-1
GMAG,14:35:17.383,-53,128,109,32,27
GRCC,14:35:17.383,1500,1500,1500,1500
GRCX,14:35:17.383,1500,1500,1500,1500
GMOT,14:35:17.383,950,950,950,950,0,0,0,0
GNAV,14:35:17.383,0,0,0,0
GPAR,14:35:17.383,2640,0,0,0
GDBG,14:35:17.383,0,0,0,0
GRAW,14:35:17.463,-8,-6,254,0,0,0
GATT,14:35:17.463,-1,-1
GMAG,14:35:17.463,-53,128,109,32,23
GRCC,14:35:17.463,1500,1500,1500,1500
GRCX,14:35:17.463,1500,1500,1500,1500
GMOT,14:35:17.463,950,950,950,950,0,0,0,0
GNAV,14:35:17.463,0,0,0,0
GPAR,14:35:17.463,2616,0,0,0
GDBG,14:35:17.463,0,0,0,0
GRAW,14:35:17.541,-8,-6,254,0,0,0
GATT,14:35:17.541,-1,-1
GMAG,14:35:17.541,-53,128,109,32,19
GRCC,14:35:17.541,1500,1500,1500,1500
GRCX,14:35:17.541,1500,1500,1500,1500
GMOT,14:35:17.541,950,950,950,950,0,0,0,0
GNAV,14:35:17.541,0,0,0,0
GPAR,14:35:17.541,2812,0,0,0
GDBG,14:35:17.541,0,0,0,0
GRAW,14:35:17.626,-8,-6,254,0,0,0
GATT,14:35:17.626,-1,-1
GMAG,14:35:17.626,-53,128,109,32,16
GRCC,14:35:17.626,1500,1500,1500,1500
GRCX,14:35:17.626,1500,1500,1500,1500
GMOT,14:35:17.626,950,950,950,950,0,0,0,0
GNAV,14:35:17.626,0,0,0,0
GPAR,14:35:17.626,2644,0,0,0
GDBG,14:35:17.626,0,0,0,0
GRAW,14:35:17.698,-8,-6,254,0,0,0
GATT,14:35:17.698,-1,-1
GMAG,14:35:17.698,-53,128,109,32,13
GRCC,14:35:17.698,1500,1500,1500,1500
GRCX,14:35:17.698,1500,1500,1500,1500
GMOT,14:35:17.698,950,950,950,950,0,0,0,0
GNAV,14:35:17.698,0,0,0,0
GPAR,14:35:17.698,2628,0,0,0
GDBG,14:35:17.698,0,0,0,0
GRAW,14:35:17.782,-8,-6,254,0,0,0
GATT,14:35:17.782,-1,-1
GMAG,14:35:17.782,-53,128,109,32,12
GRCC,14:35:17.782,1500,1500,1500,1500
GRCX,14:35:17.782,1500,1500,1500,1500
GMOT,14:35:17.782,950,950,950,950,0,0,0,0
GNAV,14:35:17.782,0,0,0,0
GPAR,14:35:17.782,2636,0,0,0
GDBG,14:35:17.782,0,0,0,0
GRAW,14:35:17.872,-8,-6,254,0,0,0
GATT,14:35:17.872,-1,-1
GMAG,14:35:17.872,-53,128,109,33,12
GRCC,14:35:17.872,1500,1500,1500,1500
GRCX,14:35:17.872,1500,1500,1500,1500
GMOT,14:35:17.872,950,950,950,950,0,0,0,0
GNAV,14:35:17.872,0,0,0,0
GPAR,14:35:17.872,2612,0,0,0
GDBG,14:35:17.872,0,0,0,0
GRAW,14:35:17.944,-8,-6,254,0,0,0
GATT,14:35:17.944,-1,-1
GMAG,14:35:17.944,-53,128,109,32,12
GRCC,14:35:17.944,1500,1500,1500,1500
GRCX,14:35:17.944,1500,1500,1500,1500
GMOT,14:35:17.944,950,950,950,950,0,0,0,0
GNAV,14:35:17.944,0,0,0,0
GPAR,14:35:17.944,2656,0,0,0
GDBG,14:35:17.944,0,0,0,0
GRAW,14:35:18.027,-8,-6,254,0,0,0
GATT,14:35:18.027,-1,-1
GMAG,14:35:18.027,-53,128,109,32,11
GRCC,14:35:18.027,1500,1500,1500,1500
GRCX,14:35:18.027,1500,1500,1500,1500
GMOT,14:35:18.027,950,950,950,950,0,0,0,0
GNAV,14:35:18.027,0,0,0,0
GPAR,14:35:18.027,2792,0,0,0
GDBG,14:35:18.027,0,0,0,0
GRAW,14:35:18.103,-8,-6,254,0,0,0
GATT,14:35:18.103,-1,-1
GMAG,14:35:18.103,-53,128,109,32,11
GRCC,14:35:18.103,1500,1500,1500,1500
GRCX,14:35:18.103,1500,1500,1500,1500
GMOT,14:35:18.103,950,950,950,950,0,0,0,0
GNAV,14:35:18.103,0,0,0,0
GPAR,14:35:18.103,2860,0,0,0
GDBG,14:35:18.103,0,0,0,0
GRAW,14:35:18.183,-8,-6,254,0,0,0
GATT,14:35:18.183,-1,-1
GMAG,14:35:18.183,-53,128,109,32,12
GRCC,14:35:18.183,1500,1500,1500,1500
GRCX,14:35:18.183,1500,1500,1500,1500
GMOT,14:35:18.183,950,950,950,950,0,0,0,0
GNAV,14:35:18.183,0,0,0,0
GPAR,14:35:18.183,2860,0,0,0
GDBG,14:35:18.183,0,0,0,0
GRAW,14:35:18.264,-8,-6,254,0,0,0
GATT,14:35:18.264,-1,-1
GMAG,14:35:18.264,-53,128,109,32,13
GRCC,14:35:18.264,1500,1500,1500,1500
GRCX,14:35:18.264,1500,1500,1500,1500
GMOT,14:35:18.264,950,950,950,950,0,0,0,0
GNAV,14:35:18.264,0,0,0,0
GPAR,14:35:18.264,2628,0,0,0
GDBG,14:35:18.264,0,0,0,0
GRAW,14:35:18.342,-8,-6,254,0,0,0
GATT,14:35:18.342,-1,-2
GMAG,14:35:18.342,-53,128,109,32,16
GRCC,14:35:18.342,1500,1500,1500,1500
GRCX,14:35:18.342,1500,1500,1500,1500
GMOT,14:35:18.342,950,950,950,950,0,0,0,0
GNAV,14:35:18.342,0,0,0,0
GPAR,14:35:18.342,2668,0,0,0
GDBG,14:35:18.342,0,0,0,0
GRAW,14:35:18.433,-8,-6,254,0,0,0
GATT,14:35:18.433,-1,-3
GMAG,14:35:18.433,-53,128,109,31,17
GRCC,14:35:18.433,1500,1500,1500,1500
GRCX,14:35:18.433,1500,1500,1500,1500
GMOT,14:35:18.433,950,950,950,950,0,0,0,0
GNAV,14:35:18.433,0,0,0,0
GPAR,14:35:18.433,2644,0,0,0
GDBG,14:35:18.433,0,0,0,0
GRAW,14:35:18.513,-8,-6,254,0,0,0
GATT,14:35:18.513,-1,-3
GMAG,14:35:18.513,-53,128,109,31,17
GRCC,14:35:18.513,1500,1500,1500,1500
GRCX,14:35:18.513,1500,1500,1500,1500
GMOT,14:35:18.513,950,950,950,950,0,0,0,0
GNAV,14:35:18.513,0,0,0,0
GPAR,14:35:18.513,2668,0,0,0
GDBG,14:35:18.513,0,0,0,0
GRAW,14:35:18.592,-8,-6,254,0,0,0
GATT,14:35:18.592,-1,-9
GMAG,14:35:18.592,-53,128,109,33,17
GRCC,14:35:18.592,1500,1500,1500,1500
GRCX,14:35:18.592,1500,1500,1500,1500
GMOT,14:35:18.592,950,950,950,950,0,0,0,0
GNAV,14:35:18.592,0,0,0,0
GPAR,14:35:18.592,2672,0,0,0
GDBG,14:35:18.592,0,0,0,0
GRAW,14:35:18.668,-8,-6,254,0,0,0
GATT,14:35:18.668,-1,-9
GMAG,14:35:18.668,-53,128,109,34,19
GRCC,14:35:18.668,1500,1500,1500,1500
GRCX,14:35:18.668,1500,1500,1500,1500
GMOT,14:35:18.668,950,950,950,950,0,0,0,0
GNAV,14:35:18.668,0,0,0,0
GPAR,14:35:18.668,2924,0,0,0
GDBG,14:35:18.668,0,0,0,0
GRAW,14:35:18.749,-8,-6,254,0,0,0
GATT,14:35:18.749,-1,-7
GMAG,14:35:18.749,-53,128,109,34,20
GRCC,14:35:18.749,1500,1500,1500,1500
GRCX,14:35:18.749,1500,1500,1500,1500
GMOT,14:35:18.749,950,950,950,950,0,0,0,0
GNAV,14:35:18.749,0,0,0,0
GPAR,14:35:18.749,2604,0,0,0
GDBG,14:35:18.749,0,0,0,0
GRAW,14:35:18.834,-8,-6,254,0,0,0
GATT,14:35:18.834,-1,-3
GMAG,14:35:18.834,-53,128,109,33,19
GRCC,14:35:18.834,1500,1500,1500,1500
GRCX,14:35:18.834,1500,1500,1500,1500
GMOT,14:35:18.834,950,950,950,950,0,0,0,0
GNAV,14:35:18.834,0,0,0,0
GPAR,14:35:18.834,2652,0,0,0
GDBG,14:35:18.834,0,0,0,0
GRAW,14:35:18.916,-8,-6,254,0,0,0
GATT,14:35:18.916,-1,-1
GMAG,14:35:18.916,-53,128,109,33,19
GRCC,14:35:18.916,1500,1500,1500,1500
GRCX,14:35:18.916,1500,1500,1500,1500
GMOT,14:35:18.916,950,950,950,950,0,0,0,0
GNAV,14:35:18.916,0,0,0,0
GPAR,14:35:18.916,2652,0,0,0
GDBG,14:35:18.916,0,0,0,0
GRAW,14:35:18.989,-8,-6,254,0,0,0
GATT,14:35:18.989,-1,-1
GMAG,14:35:18.989,-53,128,109,33,18
GRCC,14:35:18.989,1500,1500,1500,1500
GRCX,14:35:18.989,1500,1500,1500,1500
GMOT,14:35:18.989,950,950,950,950,0,0,0,0
GNAV,14:35:18.989,0,0,0,0
GPAR,14:35:18.989,2956,0,0,0
GDBG,14:35:18.989,0,0,0,0
GRAW,14:35:19.070,-8,-6,254,0,0,0
GATT,14:35:19.070,-1,-1
GMAG,14:35:19.070,-53,128,109,33,18
GRCC,14:35:19.070,1500,1500,1500,1500
GRCX,14:35:19.070,1500,1500,1500,1500
GMOT,14:35:19.070,950,950,950,950,0,0,0,0
GNAV,14:35:19.070,0,0,0,0
GPAR,14:35:19.070,2636,0,0,0
GDBG,14:35:19.070,0,0,0,0
GRAW,14:35:19.150,-8,-6,254,0,0,0
GATT,14:35:19.150,-1,-1
GMAG,14:35:19.150,-53,128,109,33,18
GRCC,14:35:19.150,1500,1500,1500,1500
GRCX,14:35:19.150,1500,1500,1500,1500
GMOT,14:35:19.150,950,950,950,950,0,0,0,0
GNAV,14:35:19.150,0,0,0,0
GPAR,14:35:19.150,2636,0,0,0
GDBG,14:35:19.150,0,0,0,0
GRAW,14:35:19.228,-8,-6,254,0,0,0
GATT,14:35:19.228,-1,-1
GMAG,14:35:19.228,-53,128,109,33,17
GRCC,14:35:19.228,1500,1500,1500,1500
GRCX,14:35:19.228,1500,1500,1500,1500
GMOT,14:35:19.228,950,950,950,950,0,0,0,0
GNAV,14:35:19.228,0,0,0,0
GPAR,14:35:19.228,2900,0,0,0
GDBG,14:35:19.228,0,0,0,0
GRAW,14:35:19.310,-8,-6,254,0,0,0
GATT,14:35:19.310,-1,-1
GMAG,14:35:19.310,-53,128,109,33,15
GRCC,14:35:19.310,1500,1500,1500,1500
GRCX,14:35:19.310,1500,1500,1500,1500
GMOT,14:35:19.310,950,950,950,950,0,0,0,0
GNAV,14:35:19.310,0,0,0,0
GPAR,14:35:19.310,2632,0,0,0
GDBG,14:35:19.310,0,0,0,0
GRAW,14:35:19.388,-8,-6,254,0,0,0
GATT,14:35:19.388,-1,-1
GMAG,14:35:19.388,-53,128,109,33,16
GRCC,14:35:19.388,1500,1500,1500,1500
GRCX,14:35:19.388,1500,1500,1500,1500
GMOT,14:35:19.388,950,950,950,950,0,0,0,0
GNAV,14:35:19.388,0,0,0,0
GPAR,14:35:19.388,2624,0,0,0
GDBG,14:35:19.388,0,0,0,0
GRAW,14:35:19.462,-8,-6,254,0,0,0
GATT,14:35:19.462,-1,-1
GMAG,14:35:19.462,-53,128,109,33,19
GRCC,14:35:19.462,1500,1500,1500,1500
GRCX,14:35:19.462,1500,1500,1500,1500
GMOT,14:35:19.462,950,950,950,950,0,0,0,0
GNAV,14:35:19.462,0,0,0,0
GPAR,14:35:19.462,2628,0,0,0
GDBG,14:35:19.462,0,0,0,0
GRAW,14:35:19.542,-8,-6,254,0,0,0
GATT,14:35:19.542,-1,-1
GMAG,14:35:19.542,-53,128,109,32,20
GRCC,14:35:19.542,1500,1500,1500,1500
GRCX,14:35:19.542,1500,1500,1500,1500
GMOT,14:35:19.542,950,950,950,950,0,0,0,0
GNAV,14:35:19.542,0,0,0,0
GPAR,14:35:19.542,2632,0,0,0
GDBG,14:35:19.542,0,0,0,0
GRAW,14:35:19.613,-8,-6,254,0,0,0
GATT,14:35:19.613,-1,-1
GMAG,14:35:19.613,-53,128,109,32,19
GRCC,14:35:19.613,1500,1500,1500,1500
GRCX,14:35:19.613,1500,1500,1500,1500
GMOT,14:35:19.613,950,950,950,950,0,0,0,0
GNAV,14:35:19.613,0,0,0,0
GPAR,14:35:19.613,2600,0,0,0
GDBG,14:35:19.613,0,0,0,0
GRAW,14:35:19.695,-8,-6,254,0,0,0
GATT,14:35:19.695,-1,-1
GMAG,14:35:19.695,-53,128,109,32,19
GRCC,14:35:19.695,1500,1500,1500,1500
GRCX,14:35:19.695,1500,1500,1500,1500
GMOT,14:35:19.695,950,950,950,950,0,0,0,0
GNAV,14:35:19.695,0,0,0,0
GPAR,14:35:19.695,2808,0,0,0
GDBG,14:35:19.695,0,0,0,0
GRAW,14:35:19.769,-8,-6,254,0,0,0
GATT,14:35:19.769,-1,-1
GMAG,14:35:19.769,-53,128,109,32,16
GRCC,14:35:19.769,1500,1500,1500,1500
GRCX,14:35:19.769,1500,1500,1500,1500
GMOT,14:35:19.769,950,950,950,950,0,0,0,0
GNAV,14:35:19.769,0,0,0,0
GPAR,14:35:19.769,2808,0,0,0
GDBG,14:35:19.769,0,0,0,0
GRAW,14:35:19.848,-8,-6,254,0,0,0
GATT,14:35:19.848,-1,-1
GMAG,14:35:19.848,-53,128,109,32,14
GRCC,14:35:19.848,1500,1500,1500,1500
GRCX,14:35:19.848,1500,1500,1500,1500
GMOT,14:35:19.848,950,950,950,950,0,0,0,0
GNAV,14:35:19.848,0,0,0,0
GPAR,14:35:19.848,2608,0,0,0
GDBG,14:35:19.848,0,0,0,0
GRAW,14:35:19.930,-8,-6,254,0,0,0
GATT,14:35:19.930,-1,-1
GMAG,14:35:19.930,-53,128,109,32,11
GRCC,14:35:19.930,1500,1500,1500,1500
GRCX,14:35:19.930,1500,1500,1500,1500
GMOT,14:35:19.930,950,950,950,950,0,0,0,0
GNAV,14:35:19.930,0,0,0,0
GPAR,14:35:19.930,2672,0,0,0
GDBG,14:35:19.930,0,0,0,0
GRAW,14:35:20.004,-8,-6,254,0,0,0
GATT,14:35:20.004,-1,-1
GMAG,14:35:20.004,-53,128,109,32,8
GRCC,14:35:20.004,1500,1500,1500,1500
GRCX,14:35:20.004,1500,1500,1500,1500
GMOT,14:35:20.004,950,950,950,950,0,0,0,0
GNAV,14:35:20.004,0,0,0,0
GPAR,14:35:20.004,2624,0,0,0
GDBG,14:35:20.004,0,0,0,0
GRAW,14:35:20.084,-8,-6,254,0,0,0
GATT,14:35:20.084,-1,-1
GMAG,14:35:20.084,-53,128,109,32,7
GRCC,14:35:20.084,1500,1500,1500,1500
GRCX,14:35:20.084,1500,1500,1500,1500
GMOT,14:35:20.084,950,950,950,950,0,0,0,0
GNAV,14:35:20.084,0,0,0,0
GPAR,14:35:20.084,2624,0,0,0
GDBG,14:35:20.084,0,0,0,0
GRAW,14:35:20.164,-8,-6,254,0,0,0
GATT,14:35:20.164,-1,-1
GMAG,14:35:20.164,-53,128,109,32,6
GRCC,14:35:20.164,1500,1500,1500,1500
GRCX,14:35:20.164,1500,1500,1500,1500
GMOT,14:35:20.164,950,950,950,950,0,0,0,0
GNAV,14:35:20.164,0,0,0,0
GPAR,14:35:20.164,2660,0,0,0
GDBG,14:35:20.164,0,0,0,0
GRAW,14:35:20.246,-8,-6,254,0,0,0
GATT,14:35:20.246,-1,-1
GMAG,14:35:20.246,-53,128,109,32,5
GRCC,14:35:20.246,1500,1500,1500,1500
GRCX,14:35:20.246,1500,1500,1500,1500
GMOT,14:35:20.246,950,950,950,950,0,0,0,0
GNAV,14:35:20.246,0,0,0,0
GPAR,14:35:20.246,2828,0,0,0
GDBG,14:35:20.246,0,0,0,0
GRAW,14:35:20.336,-8,-6,254,0,0,0
GATT,14:35:20.336,-1,-1
GMAG,14:35:20.336,-53,128,109,32,0
GRCC,14:35:20.336,1500,1500,1500,1500
GRCX,14:35:20.336,1500,1500,1500,1500
GMOT,14:35:20.336,950,950,950,950,0,0,0,0
GNAV,14:35:20.336,0,0,0,0
GPAR,14:35:20.336,2796,0,0,0
GDBG,14:35:20.336,0,0,0,0
GRAW,14:35:20.416,-8,-6,254,0,0,0
GATT,14:35:20.416,-1,-1
GMAG,14:35:20.416,-53,128,109,32,-2
GRCC,14:35:20.416,1500,1500,1500,1500
GRCX,14:35:20.416,1500,1500,1500,1500
GMOT,14:35:20.416,950,950,950,950,0,0,0,0
GNAV,14:35:20.416,0,0,0,0
GPAR,14:35:20.416,2624,0,0,0
GDBG,14:35:20.416,0,0,0,0
GRAW,14:35:20.488,-8,-6,254,0,0,0
GATT,14:35:20.488,-1,-1
GMAG,14:35:20.488,-53,128,109,32,-3
GRCC,14:35:20.488,1500,1500,1500,1500
GRCX,14:35:20.488,1500,1500,1500,1500
GMOT,14:35:20.488,950,950,950,950,0,0,0,0
GNAV,14:35:20.488,0,0,0,0
GPAR,14:35:20.488,2616,0,0,0
GDBG,14:35:20.488,0,0,0,0
GRAW,14:35:20.569,-8,-6,254,0,0,0
GATT,14:35:20.569,-1,-1
GMAG,14:35:20.569,-53,128,109,32,-2
GRCC,14:35:20.569,1500,1500,1500,1500
GRCX,14:35:20.569,1500,1500,1500,1500
GMOT,14:35:20.569,950,950,950,950,0,0,0,0
GNAV,14:35:20.569,0,0,0,0
GPAR,14:35:20.569,2820,0,0,0
GDBG,14:35:20.569,0,0,0,0
GRAW,14:35:20.648,-8,-6,254,0,0,0
GATT,14:35:20.648,-1,-1
GMAG,14:35:20.648,-53,128,109,32,-1
GRCC,14:35:20.648,1500,1500,1500,1500
GRCX,14:35:20.648,1500,1500,1500,1500
GMOT,14:35:20.648,950,950,950,950,0,0,0,0
GNAV,14:35:20.648,0,0,0,0
GPAR,14:35:20.648,2608,0,0,0
GDBG,14:35:20.648,0,0,0,0
GRAW,14:35:20.728,-8,-6,254,0,0,0
GATT,14:35:20.728,-1,-1
GMAG,14:35:20.728,-53,128,109,32,-1
GRCC,14:35:20.728,1500,1500,1500,1500
GRCX,14:35:20.728,1500,1500,1500,1500
GMOT,14:35:20.728,950,950,950,950,0,0,0,0
GNAV,14:35:20.728,0,0,0,0
GPAR,14:35:20.728,2624,0,0,0
GDBG,14:35:20.728,0,0,0,0
GRAW,14:35:20.803,-8,-6,254,0,0,0
GATT,14:35:20.803,-1,-1
GMAG,14:35:20.803,-53,128,109,32,0
GRCC,14:35:20.803,1500,1500,1500,1500
GRCX,14:35:20.803,1500,1500,1500,1500
GMOT,14:35:20.803,950,950,950,950,0,0,0,0
GNAV,14:35:20.803,0,0,0,0
GPAR,14:35:20.803,2784,0,0,0
GDBG,14:35:20.803,0,0,0,0
GRAW,14:35:20.885,-8,-6,254,0,0,0
GATT,14:35:20.885,-1,-1
GMAG,14:35:20.885,-53,128,109,32,0
GRCC,14:35:20.885,1500,1500,1500,1500
GRCX,14:35:20.885,1500,1500,1500,1500
GMOT,14:35:20.885,950,950,950,950,0,0,0,0
GNAV,14:35:20.885,0,0,0,0
GPAR,14:35:20.885,2920,0,0,0
GDBG,14:35:20.885,0,0,0,0
GRAW,14:35:20.955,-8,-6,254,0,0,0
GATT,14:35:20.955,-1,-1
GMAG,14:35:20.955,-53,128,109,32,1
GRCC,14:35:20.955,1500,1500,1500,1500
GRCX,14:35:20.955,1500,1500,1500,1500
GMOT,14:35:20.955,950,950,950,950,0,0,0,0
GNAV,14:35:20.955,0,0,0,0
GPAR,14:35:20.955,2612,0,0,0
GDBG,14:35:20.955,0,0,0,0
GRAW,14:35:21.042,-8,-6,254,0,0,0
GATT,14:35:21.042,-1,-1
GMAG,14:35:21.042,-53,128,109,32,0
GRCC,14:35:21.042,1500,1500,1500,1500
GRCX,14:35:21.042,1500,1500,1500,1500
GMOT,14:35:21.042,950,950,950,950,0,0,0,0
GNAV,14:35:21.042,0,0,0,0
GPAR,14:35:21.042,2628,0,0,0
GDBG,14:35:21.042,0,0,0,0
GRAW,14:35:21.116,-8,-6,254,0,0,0
GATT,14:35:21.116,-1,-1
GMAG,14:35:21.116,-53,128,109,32,1
GRCC,14:35:21.116,1500,1500,1500,1500
GRCX,14:35:21.116,1500,1500,1500,1500
GMOT,14:35:21.116,950,950,950,950,0,0,0,0
GNAV,14:35:21.116,0,0,0,0
GPAR,14:35:21.116,2888,0,0,0
GDBG,14:35:21.116,0,0,0,0
GRAW,14:35:21.192,-8,-6,254,0,0,0
GATT,14:35:21.192,-1,-1
GMAG,14:35:21.192,-53,128,109,32,0
GRCC,14:35:21.192,1500,1500,1500,1500
GRCX,14:35:21.192,1500,1500,1500,1500
GMOT,14:35:21.192,950,950,950,950,0,0,0,0
GNAV,14:35:21.192,0,0,0,0
GPAR,14:35:21.192,2616,0,0,0
GDBG,14:35:21.192,0,0,0,0
GRAW,14:35:21.268,-8,-6,254,0,0,0
GATT,14:35:21.268,-1,-1
GMAG,14:35:21.268,-53,128,109,32,0
GRCC,14:35:21.268,1500,1500,1500,1500
GRCX,14:35:21.268,1500,1500,1500,1500
GMOT,14:35:21.268,950,950,950,950,0,0,0,0
GNAV,14:35:21.268,0,0,0,0
GPAR,14:35:21.268,2608,0,0,0
GDBG,14:35:21.268,0,0,0,0
GRAW,14:35:21.350,-8,-6,254,0,0,0
GATT,14:35:21.350,-1,-1
GMAG,14:35:21.350,-53,128,109,32,1
GRCC,14:35:21.350,1500,1500,1500,1500
GRCX,14:35:21.350,1500,1500,1500,1500
GMOT,14:35:21.350,950,950,950,950,0,0,0,0
GNAV,14:35:21.350,0,0,0,0
GPAR,14:35:21.350,2640,0,0,0
GDBG,14:35:21.350,0,0,0,0
GRAW,14:35:21.432,-8,-6,254,0,0,0
GATT,14:35:21.432,-1,-1
GMAG,14:35:21.432,-53,128,109,32,1
GRCC,14:35:21.432,1500,1500,1500,1500
GRCX,14:35:21.432,1500,1500,1500,1500
GMOT,14:35:21.432,950,950,950,950,0,0,0,0
GNAV,14:35:21.432,0,0,0,0
GPAR,14:35:21.432,2604,0,0,0
GDBG,14:35:21.432,0,0,0,0
GRAW,14:35:21.502,-8,-6,254,0,0,0
GATT,14:35:21.502,-1,-1
GMAG,14:35:21.502,-53,128,109,32,3
GRCC,14:35:21.502,1500,1500,1500,1500
GRCX,14:35:21.502,1500,1500,1500,1500
GMOT,14:35:21.502,950,950,950,950,0,0,0,0
GNAV,14:35:21.502,0,0,0,0
GPAR,14:35:21.502,2616,0,0,0
GDBG,14:35:21.502,0,0,0,0
GRAW,14:35:21.580,-8,-6,254,0,0,0
GATT,14:35:21.580,-1,-1
GMAG,14:35:21.580,-53,128,109,32,6
GRCC,14:35:21.580,1500,1500,1500,1500
GRCX,14:35:21.580,1500,1500,1500,1500
GMOT,14:35:21.580,950,950,950,950,0,0,0,0
GNAV,14:35:21.580,0,0,0,0
GPAR,14:35:21.580,2628,0,0,0
GDBG,14:35:21.580,0,0,0,0
GRAW,14:35:21.661,-8,-6,254,0,0,0
GATT,14:35:21.661,-1,-1
GMAG,14:35:21.661,-53,128,109,32,7
GRCC,14:35:21.661,1500,1500,1500,1500
GRCX,14:35:21.661,1500,1500,1500,1500
GMOT,14:35:21.661,950,950,950,950,0,0,0,0
GNAV,14:35:21.661,0,0,0,0
GPAR,14:35:21.661,2820,0,0,0
GDBG,14:35:21.661,0,0,0,0
GRAW,14:35:21.735,-8,-6,254,0,0,0
GATT,14:35:21.735,-1,-1
GMAG,14:35:21.735,-53,128,109,32,10
GRCC,14:35:21.735,1500,1500,1500,1500
GRCX,14:35:21.735,1500,1500,1500,1500
GMOT,14:35:21.735,950,950,950,950,0,0,0,0
GNAV,14:35:21.735,0,0,0,0
GPAR,14:35:21.735,2920,0,0,0
GDBG,14:35:21.735,0,0,0,0
GRAW,14:35:21.817,-8,-6,254,0,0,0
GATT,14:35:21.817,-1,-1
GMAG,14:35:21.817,-53,128,109,32,12
GRCC,14:35:21.817,1500,1500,1500,1500
GRCX,14:35:21.817,1500,1500,1500,1500
GMOT,14:35:21.817,950,950,950,950,0,0,0,0
GNAV,14:35:21.817,0,0,0,0
GPAR,14:35:21.817,2608,0,0,0
GDBG,14:35:21.817,0,0,0,0
GRAW,14:35:21.891,-8,-6,254,0,0,0
GATT,14:35:21.891,-1,-1
GMAG,14:35:21.891,-53,128,109,32,12
GRCC,14:35:21.891,1500,1500,1500,1500
GRCX,14:35:21.891,1500,1500,1500,1500
GMOT,14:35:21.891,950,950,950,950,0,0,0,0
GNAV,14:35:21.891,0,0,0,0
GPAR,14:35:21.891,2620,0,0,0
GDBG,14:35:21.891,0,0,0,0
GRAW,14:35:21.973,-8,-6,254,0,0,0
GATT,14:35:21.973,-1,-1
GMAG,14:35:21.973,-53,128,109,32,12
GRCC,14:35:21.973,1500,1500,1500,1500
GRCX,14:35:21.973,1500,1500,1500,1500
GMOT,14:35:21.973,950,950,950,950,0,0,0,0
GNAV,14:35:21.973,0,0,0,0
GPAR,14:35:21.973,2636,0,0,0
GDBG,14:35:21.973,0,0,0,0
GRAW,14:35:22.053,-8,-6,254,0,0,0
GATT,14:35:22.053,-1,-1
GMAG,14:35:22.053,-53,128,109,32,12
GRCC,14:35:22.053,1500,1500,1500,1500
GRCX,14:35:22.053,1500,1500,1500,1500
GMOT,14:35:22.053,950,950,950,950,0,0,0,0
GNAV,14:35:22.053,0,0,0,0
GPAR,14:35:22.053,2780,0,0,0
GDBG,14:35:22.053,0,0,0,0
GRAW,14:35:22.125,-8,-6,254,0,0,0
GATT,14:35:22.125,-1,-1
GMAG,14:35:22.125,-53,128,109,32,12
GRCC,14:35:22.125,1500,1500,1500,1500
GRCX,14:35:22.125,1500,1500,1500,1500
GMOT,14:35:22.125,950,950,950,950,0,0,0,0
GNAV,14:35:22.125,0,0,0,0
GPAR,14:35:22.125,2608,0,0,0
GDBG,14:35:22.125,0,0,0,0
GRAW,14:35:22.212,-8,-6,254,0,0,0
GATT,14:35:22.212,-1,-1
GMAG,14:35:22.212,-53,128,109,32,11
GRCC,14:35:22.212,1500,1500,1500,1500
GRCX,14:35:22.212,1500,1500,1500,1500
GMOT,14:35:22.212,950,950,950,950,0,0,0,0
GNAV,14:35:22.212,0,0,0,0
GPAR,14:35:22.212,2792,0,0,0
GDBG,14:35:22.212,0,0,0,0
GRAW,14:35:22.282,-8,-6,254,0,0,0
GATT,14:35:22.282,-1,-1
GMAG,14:35:22.282,-53,128,109,32,11
GRCC,14:35:22.282,1500,1500,1500,1500
GRCX,14:35:22.282,1500,1500,1500,1500
GMOT,14:35:22.282,950,950,950,950,0,0,0,0
GNAV,14:35:22.282,0,0,0,0
GPAR,14:35:22.282,2628,0,0,0
GDBG,14:35:22.282,0,0,0,0
GRAW,14:35:22.360,-8,-6,254,0,0,0
GATT,14:35:22.360,-1,-1
GMAG,14:35:22.360,-53,128,109,32,10
GRCC,14:35:22.360,1500,1500,1500,1500
GRCX,14:35:22.360,1500,1500,1500,1500
GMOT,14:35:22.360,950,950,950,950,0,0,0,0
GNAV,14:35:22.360,0,0,0,0
GPAR,14:35:22.360,2620,0,0,0
GDBG,14:35:22.360,0,0,0,0
GRAW,14:35:22.442,-8,-6,254,0,0,0
GATT,14:35:22.442,-1,-1
GMAG,14:35:22.442,-53,128,109,32,7
GRCC,14:35:22.442,1500,1500,1500,1500
GRCX,14:35:22.442,1500,1500,1500,1500
GMOT,14:35:22.442,950,950,950,950,0,0,0,0
GNAV,14:35:22.442,0,0,0,0
GPAR,14:35:22.442,2940,0,0,0
GDBG,14:35:22.442,0,0,0,0
GRAW,14:35:22.524,-8,-6,254,0,0,0
GATT,14:35:22.524,-1,-1
GMAG,14:35:22.524,-53,128,109,32,4
GRCC,14:35:22.524,1500,1500,1500,1500
GRCX,14:35:22.524,1500,1500,1500,1500
GMOT,14:35:22.524,950,950,950,950,0,0,0,0
GNAV,14:35:22.524,0,0,0,0
GPAR,14:35:22.524,2608,0,0,0
GDBG,14:35:22.524,0,0,0,0
GRAW,14:35:22.594,-8,-6,254,0,0,0
GATT,14:35:22.594,-1,-1
GMAG,14:35:22.594,-53,128,109,32,1
GRCC,14:35:22.594,1500,1500,1500,1500
GRCX,14:35:22.594,1500,1500,1500,1500
GMOT,14:35:22.594,950,950,950,950,0,0,0,0
GNAV,14:35:22.594,0,0,0,0
GPAR,14:35:22.594,2848,0,0,0
GDBG,14:35:22.594,0,0,0,0
GRAW,14:35:22.675,-8,-6,254,0,0,0
GATT,14:35:22.675,-1,-1
GMAG,14:35:22.675,-53,128,109,32,0
GRCC,14:35:22.675,1500,1500,1500,1500
GRCX,14:35:22.675,1500,1500,1500,1500
GMOT,14:35:22.675,950,950,950,950,0,0,0,0
GNAV,14:35:22.675,0,0,0,0
GPAR,14:35:22.675,2632,0,0,0
GDBG,14:35:22.675,0,0,0,0
GRAW,14:35:22.749,-8,-6,254,0,0,0
GATT,14:35:22.749,-1,-1
GMAG,14:35:22.749,-53,128,109,32,0
GRCC,14:35:22.749,1500,1500,1500,1500
GRCX,14:35:22.749,1500,1500,1500,1500
GMOT,14:35:22.749,950,950,950,950,0,0,0,0
GNAV,14:35:22.749,0,0,0,0
GPAR,14:35:22.749,2916,0,0,0
GDBG,14:35:22.749,0,0,0,0
GRAW,14:35:22.832,-8,-6,254,0,0,0
GATT,14:35:22.832,-1,-1
GMAG,14:35:22.832,-53,128,109,32,3
GRCC,14:35:22.832,1500,1500,1500,1500
GRCX,14:35:22.832,1500,1500,1500,1500
GMOT,14:35:22.832,950,950,950,950,0,0,0,0
GNAV,14:35:22.832,0,0,0,0
GPAR,14:35:22.832,2616,0,0,0
GDBG,14:35:22.832,0,0,0,0
GRAW,14:35:22.910,-8,-6,254,0,0,0
GATT,14:35:22.910,-1,-1
GMAG,14:35:22.910,-53,128,109,32,6
GRCC,14:35:22.910,1500,1500,1500,1500
GRCX,14:35:22.910,1500,1500,1500,1500
GMOT,14:35:22.910,950,950,950,950,0,0,0,0
GNAV,14:35:22.910,0,0,0,0
GPAR,14:35:22.910,2608,0,0,0
GDBG,14:35:22.910,0,0,0,0
GRAW,14:35:22.988,-8,-6,254,0,0,0
GATT,14:35:22.988,-1,-1
GMAG,14:35:22.988,-53,128,109,32,8
GRCC,14:35:22.988,1500,1500,1500,1500
GRCX,14:35:22.988,1500,1500,1500,1500
GMOT,14:35:22.988,950,950,950,950,0,0,0,0
GNAV,14:35:22.988,0,0,0,0
GPAR,14:35:22.988,2612,0,0,0
GDBG,14:35:22.988,0,0,0,0
GRAW,14:35:23.068,-8,-6,254,0,0,0
GATT,14:35:23.068,-1,-1
GMAG,14:35:23.068,-53,128,109,32,10
GRCC,14:35:23.068,1500,1500,1500,1500
GRCX,14:35:23.068,1500,1500,1500,1500
GMOT,14:35:23.068,950,950,950,950,0,0,0,0
GNAV,14:35:23.068,0,0,0,0
GPAR,14:35:23.068,2616,0,0,0
GDBG,14:35:23.068,0,0,0,0
GRAW,14:35:23.148,-8,-6,254,0,0,0
GATT,14:35:23.148,-1,-1
GMAG,14:35:23.148,-53,128,109,32,10
GRCC,14:35:23.148,1500,1500,1500,1500
GRCX,14:35:23.148,1500,1500,1500,1500
GMOT,14:35:23.148,950,950,950,950,0,0,0,0
GNAV,14:35:23.148,0,0,0,0
GPAR,14:35:23.148,2780,0,0,0
GDBG,14:35:23.148,0,0,0,0
GRAW,14:35:23.224,-8,-6,254,0,0,0
GATT,14:35:23.224,-1,-1
GMAG,14:35:23.224,-53,128,109,32,9
GRCC,14:35:23.224,1500,1500,1500,1500
GRCX,14:35:23.224,1500,1500,1500,1500
GMOT,14:35:23.224,950,950,950,950,0,0,0,0
GNAV,14:35:23.224,0,0,0,0
GPAR,14:35:23.224,2876,0,0,0
GDBG,14:35:23.224,0,0,0,0
GRAW,14:35:23.296,-8,-6,254,0,0,0
GATT,14:35:23.296,-1,-1
GMAG,14:35:23.296,-53,128,109,32,9
GRCC,14:35:23.296,1500,1500,1500,1500
GRCX,14:35:23.296,1500,1500,1500,1500
GMOT,14:35:23.296,950,950,950,950,0,0,0,0
GNAV,14:35:23.296,0,0,0,0
GPAR,14:35:23.296,3116,0,0,0
GDBG,14:35:23.296,0,0,0,0
GRAW,14:35:23.374,-8,-6,254,0,0,0
GATT,14:35:23.374,-1,-1
GMAG,14:35:23.374,-53,128,109,32,11
GRCC,14:35:23.374,1500,1500,1500,1500
GRCX,14:35:23.374,1500,1500,1500,1500
GMOT,14:35:23.374,950,950,950,950,0,0,0,0
GNAV,14:35:23.374,0,0,0,0
GPAR,14:35:23.374,2956,0,0,0
GDBG,14:35:23.374,0,0,0,0
GRAW,14:35:23.453,-8,-6,254,0,0,0
GATT,14:35:23.453,-1,-1
GMAG,14:35:23.453,-53,128,109,32,14
GRCC,14:35:23.453,1500,1500,1500,1500
GRCX,14:35:23.453,1500,1500,1500,1500
GMOT,14:35:23.453,950,950,950,950,0,0,0,0
GNAV,14:35:23.453,0,0,0,0
GPAR,14:35:23.453,2804,0,0,0
GDBG,14:35:23.453,0,0,0,0
GRAW,14:35:23.535,-8,-6,254,0,0,0
GATT,14:35:23.535,-1,-1
GMAG,14:35:23.535,-53,128,109,32,16
GRCC,14:35:23.535,1500,1500,1500,1500
GRCX,14:35:23.535,1500,1500,1500,1500
GMOT,14:35:23.535,950,950,950,950,0,0,0,0
GNAV,14:35:23.535,0,0,0,0
GPAR,14:35:23.535,2632,0,0,0
GDBG,14:35:23.535,0,0,0,0
GRAW,14:35:23.611,-8,-6,254,0,0,0
GATT,14:35:23.611,-1,-1
GMAG,14:35:23.611,-53,128,109,32,14
GRCC,14:35:23.611,1500,1500,1500,1500
GRCX,14:35:23.611,1500,1500,1500,1500
GMOT,14:35:23.611,950,950,950,950,0,0,0,0
GNAV,14:35:23.611,0,0,0,0
GPAR,14:35:23.611,2892,0,0,0
GDBG,14:35:23.611,0,0,0,0
GRAW,14:35:23.689,-8,-6,254,0,0,0
GATT,14:35:23.689,-1,-1
GMAG,14:35:23.689,-53,128,109,32,13
GRCC,14:35:23.689,1500,1500,1500,1500
GRCX,14:35:23.689,1500,1500,1500,1500
GMOT,14:35:23.689,950,950,950,950,0,0,0,0
GNAV,14:35:23.689,0,0,0,0
GPAR,14:35:23.689,2612,0,0,0
GDBG,14:35:23.689,0,0,0,0
GRAW,14:35:23.771,-8,-6,254,0,0,0
GATT,14:35:23.771,-1,-1
GMAG,14:35:23.771,-53,128,109,32,12
GRCC,14:35:23.771,1500,1500,1500,1500
GRCX,14:35:23.771,1500,1500,1500,1500
GMOT,14:35:23.771,950,950,950,950,0,0,0,0
GNAV,14:35:23.771,0,0,0,0
GPAR,14:35:23.771,2844,0,0,0
GDBG,14:35:23.771,0,0,0,0
GRAW,14:35:23.845,-8,-6,254,0,0,0
GATT,14:35:23.845,-1,-1
GMAG,14:35:23.845,-53,128,109,32,12
GRCC,14:35:23.845,1500,1500,1500,1500
GRCX,14:35:23.845,1500,1500,1500,1500
GMOT,14:35:23.845,950,950,950,950,0,0,0,0
GNAV,14:35:23.845,0,0,0,0
GPAR,14:35:23.845,2876,0,0,0
GDBG,14:35:23.845,0,0,0,0
GRAW,14:35:23.926,-8,-6,254,0,0,0
GATT,14:35:23.926,-1,-1
GMAG,14:35:23.926,-53,128,109,32,12
GRCC,14:35:23.926,1500,1500,1500,1500
GRCX,14:35:23.926,1500,1500,1500,1500
GMOT,14:35:23.926,950,950,950,950,0,0,0,0
GNAV,14:35:23.926,0,0,0,0
GPAR,14:35:23.926,3120,0,0,0
GDBG,14:35:23.926,0,0,0,0
GRAW,14:35:24.005,-8,-6,254,0,0,0
GATT,14:35:24.005,-1,-1
GMAG,14:35:24.005,-53,128,109,32,13
GRCC,14:35:24.005,1500,1500,1500,1500
GRCX,14:35:24.005,1500,1500,1500,1500
GMOT,14:35:24.005,950,950,950,950,0,0,0,0
GNAV,14:35:24.005,0,0,0,0
GPAR,14:35:24.005,2608,0,0,0
GDBG,14:35:24.005,0,0,0,0
GRAW,14:35:24.083,-8,-6,254,0,0,0
GATT,14:35:24.083,-1,-1
GMAG,14:35:24.083,-53,128,109,32,13
GRCC,14:35:24.083,1500,1500,1500,1500
GRCX,14:35:24.083,1500,1500,1500,1500
GMOT,14:35:24.083,950,950,950,950,0,0,0,0
GNAV,14:35:24.083,0,0,0,0
GPAR,14:35:24.083,2792,0,0,0
GDBG,14:35:24.083,0,0,0,0
GRAW,14:35:24.161,-8,-6,254,0,0,0
GATT,14:35:24.161,-1,-1
GMAG,14:35:24.161,-53,128,109,32,13
GRCC,14:35:24.161,1500,1500,1500,1500
GRCX,14:35:24.161,1500,1500,1500,1500
GMOT,14:35:24.161,950,950,950,950,0,0,0,0
GNAV,14:35:24.161,0,0,0,0
GPAR,14:35:24.161,2648,0,0,0
GDBG,14:35:24.161,0,0,0,0
GRAW,14:35:24.231,-8,-6,254,0,0,0
GATT,14:35:24.231,-1,-1
GMAG,14:35:24.231,-53,128,109,32,11
GRCC,14:35:24.231,1500,1500,1500,1500
GRCX,14:35:24.231,1500,1500,1500,1500
GMOT,14:35:24.231,950,950,950,950,0,0,0,0
GNAV,14:35:24.231,0,0,0,0
GPAR,14:35:24.231,2636,0,0,0
GDBG,14:35:24.231,0,0,0,0
GRAW,14:35:24.309,-8,-6,254,0,0,0
GATT,14:35:24.309,-1,-1
GMAG,14:35:24.309,-53,128,109,32,6
GRCC,14:35:24.309,1500,1500,1500,1500
GRCX,14:35:24.309,1500,1500,1500,1500
GMOT,14:35:24.309,950,950,950,950,0,0,0,0
GNAV,14:35:24.309,0,0,0,0
GPAR,14:35:24.309,2920,0,0,0
GDBG,14:35:24.309,0,0,0,0
GRAW,14:35:24.396,-8,-6,254,0,0,0
GATT,14:35:24.396,-1,-1
GMAG,14:35:24.396,-53,128,109,32,4
GRCC,14:35:24.396,1500,1500,1500,1500
GRCX,14:35:24.396,1500,1500,1500,1500
GMOT,14:35:24.396,950,950,950,950,0,0,0,0
GNAV,14:35:24.396,0,0,0,0
GPAR,14:35:24.396,2628,0,0,0
GDBG,14:35:24.396,0,0,0,0
GRAW,14:35:24.470,-8,-6,254,0,0,0
GATT,14:35:24.470,-1,-1
GMAG,14:35:24.470,-53,128,109,32,1
GRCC,14:35:24.470,1500,1500,1500,1500
GRCX,14:35:24.470,1500,1500,1500,1500
GMOT,14:35:24.470,950,950,950,950,0,0,0,0
GNAV,14:35:24.470,0,0,0,0
GPAR,14:35:24.470,2608,0,0,0
GDBG,14:35:24.470,0,0,0,0
GRAW,14:35:24.551,-8,-6,254,0,0,0
GATT,14:35:24.551,-1,-1
GMAG,14:35:24.551,-53,128,109,32,0
GRCC,14:35:24.551,1500,1500,1500,1500
GRCX,14:35:24.551,1500,1500,1500,1500
GMOT,14:35:24.551,950,950,950,950,0,0,0,0
GNAV,14:35:24.551,0,0,0,0
GPAR,14:35:24.551,3084,0,0,0
GDBG,14:35:24.551,0,0,0,0
GRAW,14:35:24.623,-8,-6,254,0,0,0
GATT,14:35:24.623,-1,-1
GMAG,14:35:24.623,-53,128,109,32,-1
GRCC,14:35:24.623,1500,1500,1500,1500
GRCX,14:35:24.623,1500,1500,1500,1500
GMOT,14:35:24.623,950,950,950,950,0,0,0,0
GNAV,14:35:24.623,0,0,0,0
GPAR,14:35:24.623,2628,0,0,0
GDBG,14:35:24.623,0,0,0,0
GRAW,14:35:24.703,-8,-6,254,0,0,0
GATT,14:35:24.703,-1,-1
GMAG,14:35:24.703,-53,128,109,32,-2
GRCC,14:35:24.703,1500,1500,1500,1500
GRCX,14:35:24.703,1500,1500,1500,1500
GMOT,14:35:24.703,950,950,950,950,0,0,0,0
GNAV,14:35:24.703,0,0,0,0
GPAR,14:35:24.703,2608,0,0,0
GDBG,14:35:24.703,0,0,0,0
GRAW,14:35:24.783,-8,-6,254,0,0,0
GATT,14:35:24.783,-1,-1
GMAG,14:35:24.783,-53,128,109,32,-3
GRCC,14:35:24.783,1500,1500,1500,1500
GRCX,14:35:24.783,1500,1500,1500,1500
GMOT,14:35:24.783,950,950,950,950,0,0,0,0
GNAV,14:35:24.783,0,0,0,0
GPAR,14:35:24.783,2644,0,0,0
GDBG,14:35:24.783,0,0,0,0
GRAW,14:35:24.859,-8,-6,254,0,0,0
GATT,14:35:24.859,-1,-1
GMAG,14:35:24.859,-53,128,109,32,-5
GRCC,14:35:24.859,1500,1500,1500,1500
GRCX,14:35:24.859,1500,1500,1500,1500
GMOT,14:35:24.859,950,950,950,950,0,0,0,0
GNAV,14:35:24.859,0,0,0,0
GPAR,14:35:24.859,2620,0,0,0
GDBG,14:35:24.859,0,0,0,0
GRAW,14:35:24.933,-8,-6,254,0,0,0
GATT,14:35:24.933,-1,-1
GMAG,14:35:24.933,-53,128,109,32,-6
GRCC,14:35:24.933,1500,1500,1500,1500
GRCX,14:35:24.933,1500,1500,1500,1500
GMOT,14:35:24.933,950,950,950,950,0,0,0,0
GNAV,14:35:24.933,0,0,0,0
GPAR,14:35:24.933,2780,0,0,0
GDBG,14:35:24.933,0,0,0,0
GRAW,14:35:25.018,-8,-6,254,0,0,0
GATT,14:35:25.018,-1,-1
GMAG,14:35:25.018,-53,128,109,32,-5
GRCC,14:35:25.018,1500,1500,1500,1500
GRCX,14:35:25.018,1500,1500,1500,1500
GMOT,14:35:25.018,950,950,950,950,0,0,0,0
GNAV,14:35:25.018,0,0,0,0
GPAR,14:35:25.018,2612,0,0,0
GDBG,14:35:25.018,0,0,0,0
GRAW,14:35:25.096,-8,-6,254,0,0,0
GATT,14:35:25.096,-1,-1
GMAG,14:35:25.096,-53,128,109,32,-3
GRCC,14:35:25.096,1500,1500,1500,1500
GRCX,14:35:25.096,1500,1500,1500,1500
GMOT,14:35:25.096,950,950,950,950,0,0,0,0
GNAV,14:35:25.096,0,0,0,0
GPAR,14:35:25.096,2852,0,0,0
GDBG,14:35:25.096,0,0,0,0
GRAW,14:35:25.174,-8,-6,254,0,0,0
GATT,14:35:25.174,-1,-1
GMAG,14:35:25.174,-53,128,109,32,0
GRCC,14:35:25.174,1500,1500,1500,1500
GRCX,14:35:25.174,1500,1500,1500,1500
GMOT,14:35:25.174,950,950,950,950,0,0,0,0
GNAV,14:35:25.174,0,0,0,0
GPAR,14:35:25.174,3092,0,0,0
GDBG,14:35:25.174,0,0,0,0
GRAW,14:35:25.252,-8,-6,254,0,0,0
GATT,14:35:25.252,-1,-1
GMAG,14:35:25.252,-53,128,109,32,0
GRCC,14:35:25.252,1500,1500,1500,1500
GRCX,14:35:25.252,1500,1500,1500,1500
GMOT,14:35:25.252,950,950,950,950,0,0,0,0
GNAV,14:35:25.252,0,0,0,0
GPAR,14:35:25.252,2624,0,0,0
GDBG,14:35:25.252,0,0,0,0
GRAW,14:35:25.324,-8,-6,254,0,0,0
GATT,14:35:25.324,-1,-1
GMAG,14:35:25.324,-53,128,109,32,0
GRCC,14:35:25.324,1500,1500,1500,1500
GRCX,14:35:25.324,1500,1500,1500,1500
GMOT,14:35:25.324,950,950,950,950,0,0,0,0
GNAV,14:35:25.324,0,0,0,0
GPAR,14:35:25.324,3080,0,0,0
GDBG,14:35:25.324,0,0,0,0
GRAW,14:35:25.402,-8,-6,254,0,0,0
GATT,14:35:25.402,-1,-1
GMAG,14:35:25.402,-53,128,109,32,-1
GRCC,14:35:25.402,1500,1500,1500,1500
GRCX,14:35:25.402,1500,1500,1500,1500
GMOT,14:35:25.402,950,950,950,950,0,0,0,0
GNAV,14:35:25.402,0,0,0,0
GPAR,14:35:25.402,2620,0,0,0
GDBG,14:35:25.402,0,0,0,0
GRAW,14:35:25.483,-8,-6,254,0,0,0
GATT,14:35:25.483,-1,-1
GMAG,14:35:25.483,-53,128,109,32,-1
GRCC,14:35:25.483,1500,1500,1500,1500
GRCX,14:35:25.483,1500,1500,1500,1500
GMOT,14:35:25.483,950,950,950,950,0,0,0,0
GNAV,14:35:25.483,0,0,0,0
GPAR,14:35:25.483,2656,0,0,0
GDBG,14:35:25.483,0,0,0,0
GRAW,14:35:25.557,-8,-6,254,0,0,0
GATT,14:35:25.557,-1,-1
GMAG,14:35:25.557,-53,128,109,32,-3
GRCC,14:35:25.557,1500,1500,1500,1500
GRCX,14:35:25.557,1500,1500,1500,1500
GMOT,14:35:25.557,950,950,950,950,0,0,0,0
GNAV,14:35:25.557,0,0,0,0
GPAR,14:35:25.557,2644,0,0,0
GDBG,14:35:25.557,0,0,0,0
GRAW,14:35:25.637,-8,-6,254,0,0,0
GATT,14:35:25.637,-1,-1
GMAG,14:35:25.637,-53,128,109,32,-4
GRCC,14:35:25.637,1500,1500,1500,1500
GRCX,14:35:25.637,1500,1500,1500,1500
GMOT,14:35:25.637,950,950,950,950,0,0,0,0
GNAV,14:35:25.637,0,0,0,0
GPAR,14:35:25.637,2632,0,0,0
GDBG,14:35:25.637,0,0,0,0
GRAW,14:35:25.717,-8,-6,254,0,0,0
GATT,14:35:25.717,-1,-1
GMAG,14:35:25.717,-53,128,109,32,-4
GRCC,14:35:25.717,1500,1500,1500,1500
GRCX,14:35:25.717,1500,1500,1500,1500
GMOT,14:35:25.717,950,950,950,950,0,0,0,0
GNAV,14:35:25.717,0,0,0,0
GPAR,14:35:25.717,2640,0,0,0
GDBG,14:35:25.717,0,0,0,0
GRAW,14:35:25.799,-8,-6,254,0,0,0
GATT,14:35:25.799,-1,-1
GMAG,14:35:25.799,-53,128,109,32,-4
GRCC,14:35:25.799,1500,1500,1500,1500
GRCX,14:35:25.799,1500,1500,1500,1500
GMOT,14:35:25.799,950,950,950,950,0,0,0,0
GNAV,14:35:25.799,0,0,0,0
GPAR,14:35:25.799,2608,0,0,0
GDBG,14:35:25.799,0,0,0,0
GRAW,14:35:25.873,-8,-6,254,0,0,0
GATT,14:35:25.873,-1,-1
GMAG,14:35:25.873,-53,128,109,32,-4
GRCC,14:35:25.873,1500,1500,1500,1500
GRCX,14:35:25.873,1500,1500,1500,1500
GMOT,14:35:25.873,950,950,950,950,0,0,0,0
GNAV,14:35:25.873,0,0,0,0
GPAR,14:35:25.873,3084,0,0,0
GDBG,14:35:25.873,0,0,0,0
GRAW,14:35:25.955,-8,-6,254,0,0,0
GATT,14:35:25.955,-1,-1
GMAG,14:35:25.955,-53,128,109,32,-2
GRCC,14:35:25.955,1500,1500,1500,1500
GRCX,14:35:25.955,1500,1500,1500,1500
GMOT,14:35:25.955,950,950,950,950,0,0,0,0
GNAV,14:35:25.955,0,0,0,0
GPAR,14:35:25.955,2624,0,0,0
GDBG,14:35:25.955,0,0,0,0
GRAW,14:35:26.029,-8,-6,254,0,0,0
GATT,14:35:26.029,-1,-1
GMAG,14:35:26.029,-53,128,109,32,-1
GRCC,14:35:26.029,1500,1500,1500,1500
GRCX,14:35:26.029,1500,1500,1500,1500
GMOT,14:35:26.029,950,950,950,950,0,0,0,0
GNAV,14:35:26.029,0,0,0,0
GPAR,14:35:26.029,2652,0,0,0
GDBG,14:35:26.029,0,0,0,0
GRAW,14:35:26.103,-8,-6,254,0,0,0
GATT,14:35:26.103,-1,-1
GMAG,14:35:26.103,-53,128,109,32,1
GRCC,14:35:26.103,1500,1500,1500,1500
GRCX,14:35:26.103,1500,1500,1500,1500
GMOT,14:35:26.103,950,950,950,950,0,0,0,0
GNAV,14:35:26.103,0,0,0,0
GPAR,14:35:26.103,2892,0,0,0
GDBG,14:35:26.103,0,0,0,0
GRAW,14:35:26.183,-8,-6,254,0,0,0
GATT,14:35:26.183,-1,-1
GMAG,14:35:26.183,-53,128,109,32,1
GRCC,14:35:26.183,1500,1500,1500,1500
GRCX,14:35:26.183,1500,1500,1500,1500
GMOT,14:35:26.183,950,950,950,950,0,0,0,0
GNAV,14:35:26.183,0,0,0,0
GPAR,14:35:26.183,2624,0,0,0
GDBG,14:35:26.183,0,0,0,0
GRAW,14:35:26.265,-8,-6,254,0,0,0
GATT,14:35:26.265,-1,-1
GMAG,14:35:26.265,-53,128,109,32,2
GRCC,14:35:26.265,1500,1500,1500,1500
GRCX,14:35:26.265,1500,1500,1500,1500
GMOT,14:35:26.265,950,950,950,950,0,0,0,0
GNAV,14:35:26.265,0,0,0,0
GPAR,14:35:26.265,2848,0,0,0
GDBG,14:35:26.265,0,0,0,0
GRAW,14:35:26.337,-8,-6,254,0,0,0
GATT,14:35:26.337,-1,-1
GMAG,14:35:26.337,-53,128,109,32,2
GRCC,14:35:26.337,1500,1500,1500,1500
GRCX,14:35:26.337,1500,1500,1500,1500
GMOT,14:35:26.337,950,950,950,950,0,0,0,0
GNAV,14:35:26.337,0,0,0,0
GPAR,14:35:26.337,2888,0,0,0
GDBG,14:35:26.337,0,0,0,0
GRAW,14:35:26.417,-8,-6,254,0,0,0
GATT,14:35:26.417,-1,-1
GMAG,14:35:26.417,-53,128,109,32,5
GRCC,14:35:26.417,1500,1500,1500,1500
GRCX,14:35:26.417,1500,1500,1500,1500
GMOT,14:35:26.417,950,950,950,950,0,0,0,0
GNAV,14:35:26.417,0,0,0,0
GPAR,14:35:26.417,2604,0,0,0
GDBG,14:35:26.417,0,0,0,0
GRAW,14:35:26.495,-8,-6,254,0,0,0
GATT,14:35:26.495,-1,-1
GMAG,14:35:26.495,-53,128,109,32,7
GRCC,14:35:26.495,1500,1500,1500,1500
GRCX,14:35:26.495,1500,1500,1500,1500
GMOT,14:35:26.495,950,950,950,950,0,0,0,0
GNAV,14:35:26.495,0,0,0,0
GPAR,14:35:26.495,2660,0,0,0
GDBG,14:35:26.495,0,0,0,0
GRAW,14:35:26.579,-8,-6,254,0,0,0
GATT,14:35:26.579,-1,-1
GMAG,14:35:26.579,-53,128,109,32,11
GRCC,14:35:26.579,1500,1500,1500,1500
GRCX,14:35:26.579,1500,1500,1500,1500
GMOT,14:35:26.579,950,950,950,950,0,0,0,0
GNAV,14:35:26.579,0,0,0,0
GPAR,14:35:26.579,2636,0,0,0
GDBG,14:35:26.579,0,0,0,0
GRAW,14:35:26.652,-8,-6,254,0,0,0
GATT,14:35:26.652,-1,-1
GMAG,14:35:26.652,-53,128,109,32,14
GRCC,14:35:26.652,1500,1500,1500,1500
GRCX,14:35:26.652,1500,1500,1500,1500
GMOT,14:35:26.652,950,950,950,950,0,0,0,0
GNAV,14:35:26.652,0,0,0,0
GPAR,14:35:26.652,2616,0,0,0
GDBG,14:35:26.652,0,0,0,0
GRAW,14:35:26.731,-8,-6,254,0,0,0
GATT,14:35:26.731,-1,-1
GMAG,14:35:26.731,-53,128,109,32,15
GRCC,14:35:26.731,1500,1500,1500,1500
GRCX,14:35:26.731,1500,1500,1500,1500
GMOT,14:35:26.731,950,950,950,950,0,0,0,0
GNAV,14:35:26.731,0,0,0,0
GPAR,14:35:26.731,2624,0,0,0
GDBG,14:35:26.731,0,0,0,0
GRAW,14:35:26.813,-8,-6,254,0,0,0
GATT,14:35:26.813,-1,-1
GMAG,14:35:26.813,-53,128,109,32,15
GRCC,14:35:26.813,1500,1500,1500,1500
GRCX,14:35:26.813,1500,1500,1500,1500
GMOT,14:35:26.813,950,950,950,950,0,0,0,0
GNAV,14:35:26.813,0,0,0,0
GPAR,14:35:26.813,2616,0,0,0
GDBG,14:35:26.813,0,0,0,0
GRAW,14:35:26.887,-8,-6,254,0,0,0
GATT,14:35:26.887,-1,-1
GMAG,14:35:26.887,-53,128,109,32,14
GRCC,14:35:26.887,1500,1500,1500,1500
GRCX,14:35:26.887,1500,1500,1500,1500
GMOT,14:35:26.887,950,950,950,950,0,0,0,0
GNAV,14:35:26.887,0,0,0,0
GPAR,14:35:26.887,2832,0,0,0
GDBG,14:35:26.887,0,0,0,0
GRAW,14:35:26.967,-8,-6,254,0,0,0
GATT,14:35:26.967,-1,-1
GMAG,14:35:26.967,-53,128,109,32,17
GRCC,14:35:26.967,1500,1500,1500,1500
GRCX,14:35:26.967,1500,1500,1500,1500
GMOT,14:35:26.967,950,950,950,950,0,0,0,0
GNAV,14:35:26.967,0,0,0,0
GPAR,14:35:26.967,2868,0,0,0
GDBG,14:35:26.967,0,0,0,0
GRAW,14:35:27.040,-8,-6,254,0,0,0
GATT,14:35:27.040,-1,-1
GMAG,14:35:27.040,-53,128,109,32,21
GRCC,14:35:27.040,1500,1500,1500,1500
GRCX,14:35:27.040,1500,1500,1500,1500
GMOT,14:35:27.040,950,950,950,950,0,0,0,0
GNAV,14:35:27.040,0,0,0,0
GPAR,14:35:27.040,2632,0,0,0
GDBG,14:35:27.040,0,0,0,0
GRAW,14:35:27.121,-8,-6,254,0,0,0
GATT,14:35:27.121,-1,-1
GMAG,14:35:27.121,-53,128,109,32,21
GRCC,14:35:27.121,1500,1500,1500,1500
GRCX,14:35:27.121,1500,1500,1500,1500
GMOT,14:35:27.121,950,950,950,950,0,0,0,0
GNAV,14:35:27.121,0,0,0,0
GPAR,14:35:27.121,2632,0,0,0
GDBG,14:35:27.121,0,0,0,0
GRAW,14:35:27.199,-8,-6,254,0,0,0
GATT,14:35:27.199,-1,-1
GMAG,14:35:27.199,-53,128,109,32,19
GRCC,14:35:27.199,1500,1500,1500,1500
GRCX,14:35:27.199,1500,1500,1500,1500
GMOT,14:35:27.199,950,950,950,950,0,0,0,0
GNAV,14:35:27.199,0,0,0,0
GPAR,14:35:27.199,2600,0,0,0
GDBG,14:35:27.199,0,0,0,0
GRAW,14:35:27.276,-8,-6,254,0,0,0
GATT,14:35:27.276,-1,-1
GMAG,14:35:27.276,-53,128,109,32,16
GRCC,14:35:27.276,1500,1500,1500,1500
GRCX,14:35:27.276,1500,1500,1500,1500
GMOT,14:35:27.276,950,950,950,950,0,0,0,0
GNAV,14:35:27.276,0,0,0,0
GPAR,14:35:27.276,2628,0,0,0
GDBG,14:35:27.276,0,0,0,0
GRAW,14:35:27.351,-8,-6,254,0,0,0
GATT,14:35:27.351,-1,-1
GMAG,14:35:27.351,-53,128,109,32,13
GRCC,14:35:27.351,1500,1500,1500,1500
GRCX,14:35:27.351,1500,1500,1500,1500
GMOT,14:35:27.351,950,950,950,950,0,0,0,0
GNAV,14:35:27.351,0,0,0,0
GPAR,14:35:27.351,2636,0,0,0
GDBG,14:35:27.351,0,0,0,0
GRAW,14:35:27.433,-8,-6,254,0,0,0
GATT,14:35:27.433,-1,-1
GMAG,14:35:27.433,-53,128,109,32,8
GRCC,14:35:27.433,1500,1500,1500,1500
GRCX,14:35:27.433,1500,1500,1500,1500
GMOT,14:35:27.433,950,950,950,950,0,0,0,0
GNAV,14:35:27.433,0,0,0,0
GPAR,14:35:27.433,2636,0,0,0
GDBG,14:35:27.433,0,0,0,0
GRAW,14:35:27.513,-8,-6,254,0,0,0
GATT,14:35:27.513,-1,-1
GMAG,14:35:27.513,-53,128,109,32,7
GRCC,14:35:27.513,1500,1500,1500,1500
GRCX,14:35:27.513,1500,1500,1500,1500
GMOT,14:35:27.513,950,950,950,950,0,0,0,0
GNAV,14:35:27.513,0,0,0,0
GPAR,14:35:27.513,2852,0,0,0
GDBG,14:35:27.513,0,0,0,0
GRAW,14:35:27.587,-8,-6,254,0,0,0
GATT,14:35:27.587,-1,-1
GMAG,14:35:27.587,-53,128,109,32,7
GRCC,14:35:27.587,1500,1500,1500,1500
GRCX,14:35:27.587,1500,1500,1500,1500
GMOT,14:35:27.587,950,950,950,950,0,0,0,0
GNAV,14:35:27.587,0,0,0,0
GPAR,14:35:27.587,2836,0,0,0
GDBG,14:35:27.587,0,0,0,0
GRAW,14:35:27.672,-8,-6,254,0,0,0
GATT,14:35:27.672,-1,-1
GMAG,14:35:27.672,-53,128,109,32,7
GRCC,14:35:27.672,1500,1500,1500,1500
GRCX,14:35:27.672,1500,1500,1500,1500
GMOT,14:35:27.672,950,950,950,950,0,0,0,0
GNAV,14:35:27.672,0,0,0,0
GPAR,14:35:27.672,2648,0,0,0
GDBG,14:35:27.672,0,0,0,0
GRAW,14:35:27.744,-8,-6,254,0,0,0
GATT,14:35:27.744,-1,-1
GMAG,14:35:27.744,-53,128,109,32,8
GRCC,14:35:27.744,1500,1500,1500,1500
GRCX,14:35:27.744,1500,1500,1500,1500
GMOT,14:35:27.744,950,950,950,950,0,0,0,0
GNAV,14:35:27.744,0,0,0,0
GPAR,14:35:27.744,3076,0,0,0
GDBG,14:35:27.744,0,0,0,0
GRAW,14:35:27.824,-8,-6,254,0,0,0
GATT,14:35:27.824,-1,-1
GMAG,14:35:27.824,-53,128,109,32,7
GRCC,14:35:27.824,1500,1500,1500,1500
GRCX,14:35:27.824,1500,1500,1500,1500
GMOT,14:35:27.824,950,950,950,950,0,0,0,0
GNAV,14:35:27.824,0,0,0,0
GPAR,14:35:27.824,3072,0,0,0
GDBG,14:35:27.824,0,0,0,0
GRAW,14:35:27.897,-8,-6,254,0,0,0
GATT,14:35:27.897,-1,-1
GMAG,14:35:27.897,-53,128,109,32,7
GRCC,14:35:27.897,1500,1500,1500,1500
GRCX,14:35:27.897,1500,1500,1500,1500
GMOT,14:35:27.897,950,950,950,950,0,0,0,0
GNAV,14:35:27.897,0,0,0,0
GPAR,14:35:27.897,2608,0,0,0
GDBG,14:35:27.897,0,0,0,0
GRAW,14:35:27.979,-8,-6,254,0,0,0
GATT,14:35:27.979,-1,-1
GMAG,14:35:27.979,-53,128,109,32,9
GRCC,14:35:27.979,1500,1500,1500,1500
GRCX,14:35:27.979,1500,1500,1500,1500
GMOT,14:35:27.979,950,950,950,950,0,0,0,0
GNAV,14:35:27.979,0,0,0,0
GPAR,14:35:27.979,2604,0,0,0
GDBG,14:35:27.979,0,0,0,0
GRAW,14:35:28.059,-8,-6,254,0,0,0
GATT,14:35:28.059,-1,-1
GMAG,14:35:28.059,-53,128,109,32,14
GRCC,14:35:28.059,1500,1500,1500,1500
GRCX,14:35:28.059,1500,1500,1500,1500
GMOT,14:35:28.059,950,950,950,950,0,0,0,0
GNAV,14:35:28.059,0,0,0,0
GPAR,14:35:28.059,2624,0,0,0
GDBG,14:35:28.059,0,0,0,0
GRAW,14:35:28.133,-8,-6,254,0,0,0
GATT,14:35:28.133,-1,-1
GMAG,14:35:28.133,-53,128,109,32,19
GRCC,14:35:28.133,1500,1500,1500,1500
GRCX,14:35:28.133,1500,1500,1500,1500
GMOT,14:35:28.133,950,950,950,950,0,0,0,0
GNAV,14:35:28.133,0,0,0,0
GPAR,14:35:28.133,2636,0,0,0
GDBG,14:35:28.133,0,0,0,0
GRAW,14:35:28.217,-8,-6,254,0,0,0
GATT,14:35:28.217,-1,-1
GMAG,14:35:28.217,-53,128,109,32,23
GRCC,14:35:28.217,1500,1500,1500,1500
GRCX,14:35:28.217,1500,1500,1500,1500
GMOT,14:35:28.217,950,950,950,950,0,0,0,0
GNAV,14:35:28.217,0,0,0,0
GPAR,14:35:28.217,2844,0,0,0
GDBG,14:35:28.217,0,0,0,0
GRAW,14:35:28.302,-8,-6,254,0,0,0
GATT,14:35:28.302,-1,-1
GMAG,14:35:28.302,-53,128,109,32,27
GRCC,14:35:28.302,1500,1500,1500,1500
GRCX,14:35:28.302,1500,1500,1500,1500
GMOT,14:35:28.302,950,950,950,950,0,0,0,0
GNAV,14:35:28.302,0,0,0,0
GPAR,14:35:28.302,2624,0,0,0
GDBG,14:35:28.302,0,0,0,0
GRAW,14:35:28.385,-8,-6,254,0,0,0
GATT,14:35:28.385,-1,-1
GMAG,14:35:28.385,-53,128,109,32,28
GRCC,14:35:28.385,1500,1500,1500,1500
GRCX,14:35:28.385,1500,1500,1500,1500
GMOT,14:35:28.385,950,950,950,950,0,0,0,0
GNAV,14:35:28.385,0,0,0,0
GPAR,14:35:28.385,2844,0,0,0
GDBG,14:35:28.385,0,0,0,0
GRAW,14:35:28.467,-8,-6,254,0,0,0
GATT,14:35:28.467,-1,-1
GMAG,14:35:28.467,-53,128,109,32,29
GRCC,14:35:28.467,1500,1500,1500,1500
GRCX,14:35:28.467,1500,1500,1500,1500
GMOT,14:35:28.467,950,950,950,950,0,0,0,0
GNAV,14:35:28.467,0,0,0,0
GPAR,14:35:28.467,2620,0,0,0
GDBG,14:35:28.467,0,0,0,0
GRAW,14:35:28.539,-8,-6,254,0,0,0
GATT,14:35:28.539,-1,-1
GMAG,14:35:28.539,-53,128,109,32,31
GRCC,14:35:28.539,1500,1500,1500,1500
GRCX,14:35:28.539,1500,1500,1500,1500
GMOT,14:35:28.539,950,950,950,950,0,0,0,0
GNAV,14:35:28.539,0,0,0,0
GPAR,14:35:28.539,2636,0,0,0
GDBG,14:35:28.539,0,0,0,0
GRAW,14:35:28.620,-8,-6,254,0,0,0
GATT,14:35:28.620,-1,-1
GMAG,14:35:28.620,-53,128,109,32,31
GRCC,14:35:28.620,1500,1500,1500,1500
GRCX,14:35:28.620,1500,1500,1500,1500
GMOT,14:35:28.620,950,950,950,950,0,0,0,0
GNAV,14:35:28.620,0,0,0,0
GPAR,14:35:28.620,3140,0,0,0
GDBG,14:35:28.620,0,0,0,0
GRAW,14:35:28.700,-8,-6,254,0,0,0
GATT,14:35:28.700,-1,-1
GMAG,14:35:28.700,-53,128,109,33,32
GRCC,14:35:28.700,1500,1500,1500,1500
GRCX,14:35:28.700,1500,1500,1500,1500
GMOT,14:35:28.700,950,950,950,950,0,0,0,0
GNAV,14:35:28.700,0,0,0,0
GPAR,14:35:28.700,2640,0,0,0
GDBG,14:35:28.700,0,0,0,0
GRAW,14:35:28.794,-8,-6,254,0,0,0
GATT,14:35:28.794,-1,-1
GMAG,14:35:28.794,-53,128,109,34,33
GRCC,14:35:28.794,1500,1500,1500,1500
GRCX,14:35:28.794,1500,1500,1500,1500
GMOT,14:35:28.794,950,950,950,950,0,0,0,0
GNAV,14:35:28.794,0,0,0,0
GPAR,14:35:28.794,2632,0,0,0
GDBG,14:35:28.794,0,0,0,0
GRAW,14:35:28.866,-8,-6,254,0,0,0
GATT,14:35:28.866,-1,-1
GMAG,14:35:28.866,-53,128,109,34,33
GRCC,14:35:28.866,1500,1500,1500,1500
GRCX,14:35:28.866,1500,1500,1500,1500
GMOT,14:35:28.866,950,950,950,950,0,0,0,0
GNAV,14:35:28.866,0,0,0,0
GPAR,14:35:28.866,2652,0,0,0
GDBG,14:35:28.866,0,0,0,0
GRAW,14:35:28.944,-8,-6,254,0,0,0
GATT,14:35:28.944,-1,-1
GMAG,14:35:28.944,-53,128,109,34,33
GRCC,14:35:28.944,1500,1500,1500,1500
GRCX,14:35:28.944,1500,1500,1500,1500
GMOT,14:35:28.944,950,950,950,950,0,0,0,0
GNAV,14:35:28.944,0,0,0,0
GPAR,14:35:28.944,2832,0,0,0
GDBG,14:35:28.944,0,0,0,0
GRAW,14:35:29.025,-8,-6,254,0,0,0
GATT,14:35:29.025,-1,-1
GMAG,14:35:29.025,-53,128,109,34,32
GRCC,14:35:29.025,1500,1500,1500,1500
GRCX,14:35:29.025,1500,1500,1500,1500
GMOT,14:35:29.025,950,950,950,950,0,0,0,0
GNAV,14:35:29.025,0,0,0,0
GPAR,14:35:29.025,2644,0,0,0
GDBG,14:35:29.025,0,0,0,0
GRAW,14:35:29.104,-8,-6,254,0,0,0
GATT,14:35:29.104,-1,-1
GMAG,14:35:29.104,-53,128,109,34,29
GRCC,14:35:29.104,1500,1500,1500,1500
GRCX,14:35:29.104,1500,1500,1500,1500
GMOT,14:35:29.104,950,950,950,950,0,0,0,0
GNAV,14:35:29.104,0,0,0,0
GPAR,14:35:29.104,2664,0,0,0
GDBG,14:35:29.104,0,0,0,0
GRAW,14:35:29.181,-8,-6,254,0,0,0
GATT,14:35:29.181,-1,-1
GMAG,14:35:29.181,-53,128,109,33,26
GRCC,14:35:29.181,1500,1500,1500,1500
GRCX,14:35:29.181,1500,1500,1500,1500
GMOT,14:35:29.181,950,950,950,950,0,0,0,0
GNAV,14:35:29.181,0,0,0,0
GPAR,14:35:29.181,2668,0,0,0
GDBG,14:35:29.181,0,0,0,0
GRAW,14:35:29.255,-8,-6,254,0,0,0
GATT,14:35:29.255,-1,-1
GMAG,14:35:29.255,-53,128,109,32,23
GRCC,14:35:29.255,1500,1500,1500,1500
GRCX,14:35:29.255,1500,1500,1500,1500
GMOT,14:35:29.255,950,950,950,950,0,0,0,0
GNAV,14:35:29.255,0,0,0,0
GPAR,14:35:29.255,2636,0,0,0
GDBG,14:35:29.255,0,0,0,0
GRAW,14:35:29.336,-8,-6,254,0,0,0
GATT,14:35:29.336,-1,-1
GMAG,14:35:29.336,-53,128,109,32,20
GRCC,14:35:29.336,1500,1500,1500,1500
GRCX,14:35:29.336,1500,1500,1500,1500
GMOT,14:35:29.336,950,950,950,950,0,0,0,0
GNAV,14:35:29.336,0,0,0,0
GPAR,14:35:29.336,2632,0,0,0
GDBG,14:35:29.336,0,0,0,0
GRAW,14:35:29.420,-8,-6,254,0,0,0
GATT,14:35:29.420,-1,-1
GMAG,14:35:29.420,-53,128,109,31,16
GRCC,14:35:29.420,1500,1500,1500,1500
GRCX,14:35:29.420,1500,1500,1500,1500
GMOT,14:35:29.420,950,950,950,950,0,0,0,0
GNAV,14:35:29.420,0,0,0,0
GPAR,14:35:29.420,2672,0,0,0
GDBG,14:35:29.420,0,0,0,0
GRAW,14:35:29.492,-8,-6,254,0,0,0
GATT,14:35:29.492,-1,-1
GMAG,14:35:29.492,-53,128,109,31,11
GRCC,14:35:29.492,1500,1500,1500,1500
GRCX,14:35:29.492,1500,1500,1500,1500
GMOT,14:35:29.492,950,950,950,950,0,0,0,0
GNAV,14:35:29.492,0,0,0,0
GPAR,14:35:29.492,2916,0,0,0
GDBG,14:35:29.492,0,0,0,0
GRAW,14:35:29.572,-8,-6,254,0,0,0
GATT,14:35:29.572,-1,-1
GMAG,14:35:29.572,-53,128,109,30,9
GRCC,14:35:29.572,1500,1500,1500,1500
GRCX,14:35:29.572,1500,1500,1500,1500
GMOT,14:35:29.572,950,950,950,950,0,0,0,0
GNAV,14:35:29.572,0,0,0,0
GPAR,14:35:29.572,2636,0,0,0
GDBG,14:35:29.572,0,0,0,0
GRAW,14:35:29.650,-8,-6,254,0,0,0
GATT,14:35:29.650,-1,-1
GMAG,14:35:29.650,-53,128,109,32,9
GRCC,14:35:29.650,1500,1500,1500,1500
GRCX,14:35:29.650,1500,1500,1500,1500
GMOT,14:35:29.650,950,950,950,950,0,0,0,0
GNAV,14:35:29.650,0,0,0,0
GPAR,14:35:29.650,2832,0,0,0
GDBG,14:35:29.650,0,0,0,0
GRAW,14:35:29.727,-8,-6,254,0,0,0
GATT,14:35:29.727,-1,-1
GMAG,14:35:29.727,-53,128,109,32,6
GRCC,14:35:29.727,1500,1500,1500,1500
GRCX,14:35:29.727,1500,1500,1500,1500
GMOT,14:35:29.727,950,950,950,950,0,0,0,0
GNAV,14:35:29.727,0,0,0,0
GPAR,14:35:29.727,2956,0,0,0
GDBG,14:35:29.727,0,0,0,0
GRAW,14:35:29.807,-8,-6,254,0,0,0
GATT,14:35:29.807,-1,-1
GMAG,14:35:29.807,-53,128,109,31,4
GRCC,14:35:29.807,1500,1500,1500,1500
GRCX,14:35:29.807,1500,1500,1500,1500
GMOT,14:35:29.807,950,950,950,950,0,0,0,0
GNAV,14:35:29.807,0,0,0,0
GPAR,14:35:29.807,2636,0,0,0
GDBG,14:35:29.807,0,0,0,0
GRAW,14:35:29.881,-8,-6,254,0,0,0
GATT,14:35:29.881,-1,-1
GMAG,14:35:29.881,-53,128,109,31,3
GRCC,14:35:29.881,1500,1500,1500,1500
GRCX,14:35:29.881,1500,1500,1500,1500
GMOT,14:35:29.881,950,950,950,950,0,0,0,0
GNAV,14:35:29.881,0,0,0,0
GPAR,14:35:29.881,3124,0,0,0
GDBG,14:35:29.881,0,0,0,0
GRAW,14:35:29.959,-8,-6,254,0,0,0
GATT,14:35:29.959,-1,-1
GMAG,14:35:29.959,-53,128,109,31,3
GRCC,14:35:29.959,1500,1500,1500,1500
GRCX,14:35:29.959,1500,1500,1500,1500
GMOT,14:35:29.959,950,950,950,950,0,0,0,0
GNAV,14:35:29.959,0,0,0,0
GPAR,14:35:29.959,2640,0,0,0
GDBG,14:35:29.959,0,0,0,0
GRAW,14:35:30.038,-8,-6,254,0,0,0
GATT,14:35:30.038,-1,-1
GMAG,14:35:30.038,-53,128,109,31,3
GRCC,14:35:30.038,1500,1500,1500,1500
GRCX,14:35:30.038,1500,1500,1500,1500
GMOT,14:35:30.038,950,950,950,950,0,0,0,0
GNAV,14:35:30.038,0,0,0,0
GPAR,14:35:30.038,2656,0,0,0
GDBG,14:35:30.038,0,0,0,0
GRAW,14:35:30.116,-8,-6,254,0,0,0
GATT,14:35:30.116,-1,-1
GMAG,14:35:30.116,-53,128,109,31,1
GRCC,14:35:30.116,1500,1500,1500,1500
GRCX,14:35:30.116,1500,1500,1500,1500
GMOT,14:35:30.116,950,950,950,950,0,0,0,0
GNAV,14:35:30.116,0,0,0,0
GPAR,14:35:30.116,2644,0,0,0
GDBG,14:35:30.116,0,0,0,0
GRAW,14:35:30.195,-8,-6,254,0,0,0
GATT,14:35:30.195,-1,-1
GMAG,14:35:30.195,-53,128,109,31,0
GRCC,14:35:30.195,1500,1500,1500,1500
GRCX,14:35:30.195,1500,1500,1500,1500
GMOT,14:35:30.195,950,950,950,950,0,0,0,0
GNAV,14:35:30.195,0,0,0,0
GPAR,14:35:30.195,2628,0,0,0
GDBG,14:35:30.195,0,0,0,0
GRAW,14:35:30.269,-8,-6,254,0,0,0
GATT,14:35:30.269,-1,-1
GMAG,14:35:30.269,-53,128,109,31,-2
GRCC,14:35:30.269,1500,1500,1500,1500
GRCX,14:35:30.269,1500,1500,1500,1500
GMOT,14:35:30.269,950,950,950,950,0,0,0,0
GNAV,14:35:30.269,0,0,0,0
GPAR,14:35:30.269,2628,0,0,0
GDBG,14:35:30.269,0,0,0,0
GRAW,14:35:30.353,-8,-6,254,0,0,0
GATT,14:35:30.353,-1,-1
GMAG,14:35:30.353,-53,128,109,31,-3
GRCC,14:35:30.353,1500,1500,1500,1500
GRCX,14:35:30.353,1500,1500,1500,1500
GMOT,14:35:30.353,950,950,950,950,0,0,0,0
GNAV,14:35:30.353,0,0,0,0
GPAR,14:35:30.353,2612,0,0,0
GDBG,14:35:30.353,0,0,0,0
GRAW,14:35:30.433,-8,-6,254,0,0,0
GATT,14:35:30.433,-1,-1
GMAG,14:35:30.433,-53,128,109,30,-6
GRCC,14:35:30.433,1500,1500,1500,1500
GRCX,14:35:30.433,1500,1500,1500,1500
GMOT,14:35:30.433,950,950,950,950,0,0,0,0
GNAV,14:35:30.433,0,0,0,0
GPAR,14:35:30.433,2884,0,0,0
GDBG,14:35:30.433,0,0,0,0
GRAW,14:35:30.505,-8,-6,254,0,0,0
GATT,14:35:30.505,-1,-1
GMAG,14:35:30.505,-53,128,109,30,-7
GRCC,14:35:30.505,1500,1500,1500,1500
GRCX,14:35: