MultiWii telemetry log. Start time:2015/11/18 16:21:19.177
GRAW,16:21:26.342,0,0,0,0,0,0
GATT,16:21:26.342,-1,-2
GMAG,16:21:26.342,0,0,0,61,18
GRCC,16:21:26.342,1066,1493,1493,1499
GRCX,16:21:26.342,1070,1493,1500,1500
GMOT,16:21:26.342,950,950,950,950,0,0,0,0
GNAV,16:21:26.342,0,0,0,0
GPAR,16:21:26.342,2660,0,0,0
GDBG,16:21:26.342,0,0,0,0
GRAW,16:21:26.443,0,0,0,0,0,0
GATT,16:21:26.443,-1,-2
GMAG,16:21:26.443,0,0,0,61,18
GRCC,16:21:26.443,1066,1493,1493,1499
GRCX,16:21:26.443,1070,1493,1500,1500
GMOT,16:21:26.443,950,950,950,950,0,0,0,0
GNAV,16:21:26.443,0,0,0,0
GPAR,16:21:26.443,2660,0,0,0
GDBG,16:21:26.443,0,0,0,0
GRAW,16:21:26.578,0,0,0,0,0,0
GATT,16:21:26.578,-1,-2
GMAG,16:21:26.578,0,0,0,61,1
GRCC,16:21:26.578,1066,1493,1495,1499
GRCX,16:21:26.578,1070,1495,1500,1500
GMOT,16:21:26.578,950,950,950,950,0,0,0,0
GNAV,16:21:26.578,0,0,0,0
GPAR,16:21:26.578,2824,0,0,0
GDBG,16:21:26.578,0,0,0,0
GRAW,16:21:26.736,0,0,0,0,0,0
GATT,16:21:26.736,-1,-2
GMAG,16:21:26.736,0,0,0,61,4
GRCC,16:21:26.736,1066,1493,1495,1499
GRCX,16:21:26.736,1070,1495,1500,1500
GMOT,16:21:26.736,950,950,950,950,0,0,0,0
GNAV,16:21:26.736,0,0,0,0
GPAR,16:21:26.736,2648,0,0,0
GDBG,16:21:26.736,0,0,0,0
GRAW,16:21:26.888,0,0,0,0,0,0
GATT,16:21:26.888,-1,-2
GMAG,16:21:26.888,0,0,0,61,0
GRCC,16:21:26.888,1066,1493,1495,1499
GRCX,16:21:26.888,1070,1495,1500,1500
GMOT,16:21:26.888,950,950,950,950,0,0,0,0
GNAV,16:21:26.888,0,0,0,0
GPAR,16:21:26.888,2856,0,0,0
GDBG,16:21:26.888,0,0,0,0
GRAW,16:21:27.045,0,0,0,0,0,0
GATT,16:21:27.045,-1,-2
GMAG,16:21:27.045,0,0,0,61,-3
GRCC,16:21:27.045,1066,1493,1495,1499
GRCX,16:21:27.045,1070,1495,1500,1500
GMOT,16:21:27.045,950,950,950,950,0,0,0,0
GNAV,16:21:27.045,0,0,0,0
GPAR,16:21:27.045,2684,0,0,0
GDBG,16:21:27.045,0,0,0,0
GRAW,16:21:27.201,0,0,0,0,0,0
GATT,16:21:27.201,-1,-2
GMAG,16:21:27.201,0,0,0,61,1
GRCC,16:21:27.201,1066,1493,1495,1499
GRCX,16:21:27.201,1070,1495,1500,1500
GMOT,16:21:27.201,950,950,950,950,0,0,0,0
GNAV,16:21:27.201,0,0,0,0
GPAR,16:21:27.201,2676,0,0,0
GDBG,16:21:27.201,0,0,0,0
GRAW,16:21:27.357,0,0,0,0,0,0
GATT,16:21:27.357,-1,-2
GMAG,16:21:27.357,0,0,0,61,7
GRCC,16:21:27.357,1066,1493,1495,1499
GRCX,16:21:27.357,1070,1495,1500,1500
GMOT,16:21:27.357,950,950,950,950,0,0,0,0
GNAV,16:21:27.357,0,0,0,0
GPAR,16:21:27.357,2700,0,0,0
GDBG,16:21:27.357,0,0,0,0
GRAW,16:21:27.515,0,0,0,0,0,0
GATT,16:21:27.515,-1,-2
GMAG,16:21:27.515,0,0,0,61,12
GRCC,16:21:27.515,1066,1493,1495,1499
GRCX,16:21:27.515,1070,1495,1500,1500
GMOT,16:21:27.515,950,950,950,950,0,0,0,0
GNAV,16:21:27.515,0,0,0,0
GPAR,16:21:27.515,2852,0,0,0
GDBG,16:21:27.515,0,0,0,0
GRAW,16:21:27.672,0,0,0,0,0,0
GATT,16:21:27.672,-1,-2
GMAG,16:21:27.672,0,0,0,61,19
GRCC,16:21:27.672,1066,1493,1495,1499
GRCX,16:21:27.672,1070,1495,1500,1500
GMOT,16:21:27.672,950,950,950,950,0,0,0,0
GNAV,16:21:27.672,0,0,0,0
GPAR,16:21:27.672,2828,0,0,0
GDBG,16:21:27.672,0,0,0,0
GRAW,16:21:27.825,0,0,0,0,0,0
GATT,16:21:27.825,-1,-2
GMAG,16:21:27.825,0,0,0,61,28
GRCC,16:21:27.825,1066,1493,1495,1499
GRCX,16:21:27.825,1070,1495,1500,1500
GMOT,16:21:27.825,950,950,950,950,0,0,0,0
GNAV,16:21:27.825,0,0,0,0
GPAR,16:21:27.825,2932,0,0,0
GDBG,16:21:27.825,0,0,0,0
GRAW,16:21:28.012,0,0,0,0,0,0
GATT,16:21:28.012,-1,-2
GMAG,16:21:28.012,0,0,0,61,32
GRCC,16:21:28.012,1066,1493,1495,1499
GRCX,16:21:28.012,1070,1495,1500,1500
GMOT,16:21:28.012,950,950,950,950,0,0,0,0
GNAV,16:21:28.012,0,0,0,0
GPAR,16:21:28.012,2784,0,0,0
GDBG,16:21:28.012,0,0,0,0
GRAW,16:21:28.202,0,0,0,0,0,0
GATT,16:21:28.202,-1,-2
GMAG,16:21:28.202,0,0,0,61,28
GRCC,16:21:28.202,1066,1493,1495,1499
GRCX,16:21:28.202,1070,1495,1500,1500
GMOT,16:21:28.202,950,950,950,950,0,0,0,0
GNAV,16:21:28.202,0,0,0,0
GPAR,16:21:28.202,2640,0,0,0
GDBG,16:21:28.202,0,0,0,0
GRAW,16:21:28.388,0,0,0,0,0,0
GATT,16:21:28.388,-1,-2
GMAG,16:21:28.388,0,0,0,61,27
GRCC,16:21:28.388,1066,1493,1495,1499
GRCX,16:21:28.388,1070,1495,1500,1500
GMOT,16:21:28.388,950,950,950,950,0,0,0,0
GNAV,16:21:28.388,0,0,0,0
GPAR,16:21:28.388,2632,0,0,0
GDBG,16:21:28.388,0,0,0,0
GRAW,16:21:28.577,0,0,0,0,0,0
GATT,16:21:28.577,-1,-2
GMAG,16:21:28.577,0,0,0,61,26
GRCC,16:21:28.577,1066,1493,1495,1499
GRCX,16:21:28.577,1070,1495,1500,1500
GMOT,16:21:28.577,950,950,950,950,0,0,0,0
GNAV,16:21:28.577,0,0,0,0
GPAR,16:21:28.577,2616,0,0,0
GDBG,16:21:28.577,0,0,0,0
GRAW,16:21:28.765,0,0,0,0,0,0
GATT,16:21:28.765,-1,-2
GMAG,16:21:28.765,0,0,0,61,21
GRCC,16:21:28.765,1066,1493,1495,1499
GRCX,16:21:28.765,1070,1495,1500,1500
GMOT,16:21:28.765,950,950,950,950,0,0,0,0
GNAV,16:21:28.765,0,0,0,0
GPAR,16:21:28.765,2652,0,0,0
GDBG,16:21:28.765,0,0,0,0
GRAW,16:21:28.950,0,0,0,0,0,0
GATT,16:21:28.950,-1,-2
GMAG,16:21:28.950,0,0,0,61,20
GRCC,16:21:28.950,1066,1493,1495,1499
GRCX,16:21:28.950,1070,1495,1500,1500
GMOT,16:21:28.950,950,950,950,950,0,0,0,0
GNAV,16:21:28.950,0,0,0,0
GPAR,16:21:28.950,3100,0,0,0
GDBG,16:21:28.950,0,0,0,0
GRAW,16:21:29.136,0,0,0,0,0,0
GATT,16:21:29.136,-1,-2
GMAG,16:21:29.136,0,0,0,61,19
GRCC,16:21:29.136,1066,1493,1495,1499
GRCX,16:21:29.136,1070,1495,1500,1500
GMOT,16:21:29.136,950,950,950,950,0,0,0,0
GNAV,16:21:29.136,0,0,0,0
GPAR,16:21:29.136,2636,0,0,0
GDBG,16:21:29.136,0,0,0,0
GRAW,16:21:29.323,0,0,0,0,0,0
GATT,16:21:29.323,-1,-2
GMAG,16:21:29.323,0,0,0,61,21
GRCC,16:21:29.323,1066,1493,1495,1499
GRCX,16:21:29.323,1070,1495,1500,1500
GMOT,16:21:29.323,950,950,950,950,0,0,0,0
GNAV,16:21:29.323,0,0,0,0
GPAR,16:21:29.323,2648,0,0,0
GDBG,16:21:29.323,0,0,0,0
GRAW,16:21:29.510,0,0,0,0,0,0
GATT,16:21:29.510,-1,-2
GMAG,16:21:29.510,0,0,0,61,22
GRCC,16:21:29.510,1066,1493,1493,1499
GRCX,16:21:29.510,1070,1495,1500,1500
GMOT,16:21:29.510,950,950,950,950,0,0,0,0
GNAV,16:21:29.510,0,0,0,0
GPAR,16:21:29.510,2860,0,0,0
GDBG,16:21:29.510,0,0,0,0
GRAW,16:21:29.697,0,0,0,0,0,0
GATT,16:21:29.697,-1,-2
GMAG,16:21:29.697,0,0,0,61,26
GRCC,16:21:29.697,1066,1493,1493,1499
GRCX,16:21:29.697,1070,1495,1500,1500
GMOT,16:21:29.697,950,950,950,950,0,0,0,0
GNAV,16:21:29.697,0,0,0,0
GPAR,16:21:29.697,3112,0,0,0
GDBG,16:21:29.697,0,0,0,0
GRAW,16:21:29.884,0,0,0,0,0,0
GATT,16:21:29.884,-1,-2
GMAG,16:21:29.884,0,0,0,61,31
GRCC,16:21:29.884,1066,1493,1493,1499
GRCX,16:21:29.884,1070,1495,1500,1500
GMOT,16:21:29.884,950,950,950,950,0,0,0,0
GNAV,16:21:29.884,0,0,0,0
GPAR,16:21:29.884,2636,0,0,0
GDBG,16:21:29.884,0,0,0,0
GRAW,16:21:30.072,0,0,0,0,0,0
GATT,16:21:30.072,-1,-2
GMAG,16:21:30.072,0,0,0,61,37
GRCC,16:21:30.072,1066,1493,1493,1499
GRCX,16:21:30.072,1070,1495,1500,1500
GMOT,16:21:30.072,950,950,950,950,0,0,0,0
GNAV,16:21:30.072,0,0,0,0
GPAR,16:21:30.072,2636,0,0,0
GDBG,16:21:30.072,0,0,0,0
GRAW,16:21:30.261,0,0,0,0,0,0
GATT,16:21:30.261,-1,-2
GMAG,16:21:30.261,0,0,0,61,39
GRCC,16:21:30.261,1066,1493,1493,1499
GRCX,16:21:30.261,1070,1495,1500,1500
GMOT,16:21:30.261,950,950,950,950,0,0,0,0
GNAV,16:21:30.261,0,0,0,0
GPAR,16:21:30.261,2680,0,0,0
GDBG,16:21:30.261,0,0,0,0
GRAW,16:21:30.448,0,0,0,0,0,0
GATT,16:21:30.448,-1,-2
GMAG,16:21:30.448,0,0,0,61,40
GRCC,16:21:30.448,1066,1493,1493,1499
GRCX,16:21:30.448,1070,1495,1500,1500
GMOT,16:21:30.448,950,950,950,950,0,0,0,0
GNAV,16:21:30.448,0,0,0,0
GPAR,16:21:30.448,2904,0,0,0
GDBG,16:21:30.448,0,0,0,0
GRAW,16:21:30.635,0,0,0,0,0,0
GATT,16:21:30.635,-1,-2
GMAG,16:21:30.635,0,0,0,61,40
GRCC,16:21:30.635,1066,1493,1493,1499
GRCX,16:21:30.635,1070,1495,1500,1500
GMOT,16:21:30.635,950,950,950,950,0,0,0,0
GNAV,16:21:30.635,0,0,0,0
GPAR,16:21:30.635,2632,0,0,0
GDBG,16:21:30.635,0,0,0,0
GRAW,16:21:30.823,0,0,0,0,0,0
GATT,16:21:30.823,-1,-2
GMAG,16:21:30.823,0,0,0,61,44
GRCC,16:21:30.823,1066,1493,1493,1499
GRCX,16:21:30.823,1070,1495,1500,1500
GMOT,16:21:30.823,950,950,950,950,0,0,0,0
GNAV,16:21:30.823,0,0,0,0
GPAR,16:21:30.823,2676,0,0,0
GDBG,16:21:30.823,0,0,0,0
GRAW,16:21:31.008,0,0,0,0,0,0
GATT,16:21:31.008,-1,-2
GMAG,16:21:31.008,0,0,0,60,49
GRCC,16:21:31.008,1066,1493,1493,1499
GRCX,16:21:31.008,1070,1495,1500,1500
GMOT,16:21:31.008,950,950,950,950,0,0,0,0
GNAV,16:21:31.008,0,0,0,0
GPAR,16:21:31.009,2944,0,0,0
GDBG,16:21:31.009,0,0,0,0
GRAW,16:21:31.194,0,0,0,0,0,0
GATT,16:21:31.194,-1,-2
GMAG,16:21:31.194,0,0,0,60,49
GRCC,16:21:31.194,1066,1493,1493,1499
GRCX,16:21:31.194,1070,1495,1500,1500
GMOT,16:21:31.194,950,950,950,950,0,0,0,0
GNAV,16:21:31.194,0,0,0,0
GPAR,16:21:31.194,2904,0,0,0
GDBG,16:21:31.194,0,0,0,0
GRAW,16:21:31.382,0,0,0,0,0,0
GATT,16:21:31.382,-1,-2
GMAG,16:21:31.382,0,0,0,60,49
GRCC,16:21:31.382,1066,1493,1493,1499
GRCX,16:21:31.382,1070,1495,1500,1500
GMOT,16:21:31.382,950,950,950,950,0,0,0,0
GNAV,16:21:31.382,0,0,0,0
GPAR,16:21:31.382,2888,0,0,0
GDBG,16:21:31.382,0,0,0,0
GRAW,16:21:31.572,0,0,0,0,0,0
GATT,16:21:31.572,-1,-2
GMAG,16:21:31.572,0,0,0,57,46
GRCC,16:21:31.572,1066,1493,1493,1499
GRCX,16:21:31.572,1070,1495,1500,1500
GMOT,16:21:31.572,950,950,950,950,0,0,0,0
GNAV,16:21:31.572,0,0,0,0
GPAR,16:21:31.572,2624,0,0,0
GDBG,16:21:31.572,0,0,0,0
GRAW,16:21:31.759,0,0,0,0,0,0
GATT,16:21:31.759,-1,-2
GMAG,16:21:31.759,0,0,0,57,35
GRCC,16:21:31.759,1066,1493,1493,1499
GRCX,16:21:31.759,1070,1495,1500,1500
GMOT,16:21:31.759,950,950,950,950,0,0,0,0
GNAV,16:21:31.759,0,0,0,0
GPAR,16:21:31.759,2924,0,0,0
GDBG,16:21:31.759,0,0,0,0
GRAW,16:21:31.944,0,0,0,0,0,0
GATT,16:21:31.944,-1,-2
GMAG,16:21:31.944,0,0,0,57,27
GRCC,16:21:31.944,1066,1493,1493,1499
GRCX,16:21:31.944,1070,1495,1500,1500
GMOT,16:21:31.944,950,950,950,950,0,0,0,0
GNAV,16:21:31.944,0,0,0,0
GPAR,16:21:31.944,2672,0,0,0
GDBG,16:21:31.944,0,0,0,0
GRAW,16:21:32.131,0,0,0,0,0,0
GATT,16:21:32.131,-1,-2
GMAG,16:21:32.131,0,0,0,54,20
GRCC,16:21:32.131,1066,1493,1493,1499
GRCX,16:21:32.131,1070,1495,1500,1500
GMOT,16:21:32.131,950,950,950,950,0,0,0,0
GNAV,16:21:32.131,0,0,0,0
GPAR,16:21:32.131,2644,0,0,0
GDBG,16:21:32.131,0,0,0,0
GRAW,16:21:32.319,0,0,0,0,0,0
GATT,16:21:32.319,-1,-2
GMAG,16:21:32.319,0,0,0,48,6
GRCC,16:21:32.319,1066,1493,1493,1499
GRCX,16:21:32.319,1070,1495,1500,1500
GMOT,16:21:32.319,950,950,950,950,0,0,0,0
GNAV,16:21:32.319,0,0,0,0
GPAR,16:21:32.319,2636,0,0,0
GDBG,16:21:32.319,0,0,0,0
GRAW,16:21:32.507,0,0,0,0,0,0
GATT,16:21:32.507,-1,-2
GMAG,16:21:32.507,0,0,0,48,-2
GRCC,16:21:32.507,1066,1493,1493,1499
GRCX,16:21:32.507,1070,1495,1500,1500
GMOT,16:21:32.507,950,950,950,950,0,0,0,0
GNAV,16:21:32.507,0,0,0,0
GPAR,16:21:32.507,2968,0,0,0
GDBG,16:21:32.507,0,0,0,0
GRAW,16:21:32.693,0,0,0,0,0,0
GATT,16:21:32.693,-1,-2
GMAG,16:21:32.693,0,0,0,48,-2
GRCC,16:21:32.693,1066,1493,1493,1499
GRCX,16:21:32.693,1070,1495,1500,1500
GMOT,16:21:32.693,950,950,950,950,0,0,0,0
GNAV,16:21:32.693,0,0,0,0
GPAR,16:21:32.693,2668,0,0,0
GDBG,16:21:32.693,0,0,0,0
GRAW,16:21:32.882,0,0,0,0,0,0
GATT,16:21:32.882,-1,-1
GMAG,16:21:32.882,0,0,0,35,3
GRCC,16:21:32.882,1066,1493,1493,1499
GRCX,16:21:32.882,1070,1495,1500,1500
GMOT,16:21:32.882,950,950,950,950,0,0,0,0
GNAV,16:21:32.882,0,0,0,0
GPAR,16:21:32.882,2600,0,0,0
GDBG,16:21:32.882,0,0,0,0
GRAW,16:21:33.067,0,0,0,0,0,0
GATT,16:21:33.067,-1,-1
GMAG,16:21:33.067,0,0,0,39,10
GRCC,16:21:33.067,1066,1493,1493,1499
GRCX,16:21:33.067,1070,1495,1500,1500
GMOT,16:21:33.067,950,950,950,950,0,0,0,0
GNAV,16:21:33.067,0,0,0,0
GPAR,16:21:33.067,2640,0,0,0
GDBG,16:21:33.067,0,0,0,0
GRAW,16:21:33.255,0,0,0,0,0,0
GATT,16:21:33.255,-1,-1
GMAG,16:21:33.255,0,0,0,46,18
GRCC,16:21:33.255,1066,1493,1493,1499
GRCX,16:21:33.255,1070,1495,1500,1500
GMOT,16:21:33.255,950,950,950,950,0,0,0,0
GNAV,16:21:33.255,0,0,0,0
GPAR,16:21:33.255,2624,0,0,0
GDBG,16:21:33.255,0,0,0,0
GRAW,16:21:33.443,0,0,0,0,0,0
GATT,16:21:33.443,-1,-2
GMAG,16:21:33.443,0,0,0,52,21
GRCC,16:21:33.443,1066,1493,1493,1499
GRCX,16:21:33.443,1070,1495,1500,1500
GMOT,16:21:33.443,950,950,950,950,0,0,0,0
GNAV,16:21:33.443,0,0,0,0
GPAR,16:21:33.443,2668,0,0,0
GDBG,16:21:33.443,0,0,0,0
GRAW,16:21:33.629,0,0,0,0,0,0
GATT,16:21:33.629,-1,-2
GMAG,16:21:33.629,0,0,0,54,25
GRCC,16:21:33.629,1066,1493,1493,1499
GRCX,16:21:33.629,1070,1495,1500,1500
GMOT,16:21:33.629,950,950,950,950,0,0,0,0
GNAV,16:21:33.629,0,0,0,0
GPAR,16:21:33.629,2660,0,0,0
GDBG,16:21:33.629,0,0,0,0
GRAW,16:21:33.815,0,0,0,0,0,0
GATT,16:21:33.815,-1,-2
GMAG,16:21:33.815,0,0,0,54,28
GRCC,16:21:33.815,1066,1493,1493,1499
GRCX,16:21:33.815,1070,1495,1500,1500
GMOT,16:21:33.815,950,950,950,950,0,0,0,0
GNAV,16:21:33.815,0,0,0,0
GPAR,16:21:33.815,2840,0,0,0
GDBG,16:21:33.815,0,0,0,0
GRAW,16:21:34.003,0,0,0,0,0,0
GATT,16:21:34.003,-1,-2
GMAG,16:21:34.003,0,0,0,58,30
GRCC,16:21:34.003,1066,1493,1493,1499
GRCX,16:21:34.003,1070,1495,1500,1500
GMOT,16:21:34.003,950,950,950,950,0,0,0,0
GNAV,16:21:34.003,0,0,0,0
GPAR,16:21:34.003,2672,0,0,0
GDBG,16:21:34.003,0,0,0,0
GRAW,16:21:34.193,0,0,0,0,0,0
GATT,16:21:34.193,-1,-2
GMAG,16:21:34.193,0,0,0,58,30
GRCC,16:21:34.193,1066,1493,1493,1499
GRCX,16:21:34.193,1070,1495,1500,1500
GMOT,16:21:34.193,950,950,950,950,0,0,0,0
GNAV,16:21:34.193,0,0,0,0
GPAR,16:21:34.193,2940,0,0,0
GDBG,16:21:34.193,0,0,0,0
GRAW,16:21:34.379,0,0,0,0,0,0
GATT,16:21:34.379,0,-2
GMAG,16:21:34.379,0,0,0,64,29
GRCC,16:21:34.379,1066,1493,1493,1499
GRCX,16:21:34.379,1070,1495,1500,1500
GMOT,16:21:34.379,950,950,950,950,0,0,0,0
GNAV,16:21:34.379,0,0,0,0
GPAR,16:21:34.379,2848,0,0,0
GDBG,16:21:34.379,0,0,0,0
GRAW,16:21:34.565,0,0,0,0,0,0
GATT,16:21:34.565,0,-2
GMAG,16:21:34.565,0,0,0,64,26
GRCC,16:21:34.565,1066,1493,1493,1499
GRCX,16:21:34.565,1070,1495,1500,1500
GMOT,16:21:34.565,950,950,950,950,0,0,0,0
GNAV,16:21:34.565,0,0,0,0
GPAR,16:21:34.565,2660,0,0,0
GDBG,16:21:34.565,0,0,0,0
GRAW,16:21:34.752,0,0,0,0,0,0
GATT,16:21:34.752,0,-2
GMAG,16:21:34.752,0,0,0,64,19
GRCC,16:21:34.752,1066,1493,1493,1499
GRCX,16:21:34.752,1070,1495,1500,1500
GMOT,16:21:34.752,950,950,950,950,0,0,0,0
GNAV,16:21:34.752,0,0,0,0
GPAR,16:21:34.752,2872,0,0,0
GDBG,16:21:34.752,0,0,0,0
GRAW,16:21:34.939,0,0,0,0,0,0
GATT,16:21:34.939,0,-2
GMAG,16:21:34.939,0,0,0,65,17
GRCC,16:21:34.939,1066,1493,1493,1499
GRCX,16:21:34.939,1070,1495,1500,1500
GMOT,16:21:34.939,950,950,950,950,0,0,0,0
GNAV,16:21:34.939,0,0,0,0
GPAR,16:21:34.939,2620,0,0,0
GDBG,16:21:34.939,0,0,0,0
GRAW,16:21:35.127,0,0,0,0,0,0
GATT,16:21:35.127,0,-2
GMAG,16:21:35.127,0,0,0,65,18
GRCC,16:21:35.127,1066,1493,1493,1499
GRCX,16:21:35.127,1070,1495,1500,1500
GMOT,16:21:35.127,950,950,950,950,0,0,0,0
GNAV,16:21:35.127,0,0,0,0
GPAR,16:21:35.127,2856,0,0,0
GDBG,16:21:35.127,0,0,0,0
GRAW,16:21:35.314,0,0,0,0,0,0
GATT,16:21:35.314,0,-2
GMAG,16:21:35.314,0,0,0,65,18
GRCC,16:21:35.314,1066,1493,1493,1499
GRCX,16:21:35.314,1070,1495,1500,1500
GMOT,16:21:35.314,950,950,950,950,0,0,0,0
GNAV,16:21:35.314,0,0,0,0
GPAR,16:21:35.314,2844,0,0,0
GDBG,16:21:35.314,0,0,0,0
GRAW,16:21:35.501,0,0,0,0,0,0
GATT,16:21:35.501,0,-2
GMAG,16:21:35.501,0,0,0,65,22
GRCC,16:21:35.501,1066,1493,1493,1499
GRCX,16:21:35.501,1070,1495,1500,1500
GMOT,16:21:35.501,950,950,950,950,0,0,0,0
GNAV,16:21:35.501,0,0,0,0
GPAR,16:21:35.501,2632,0,0,0
GDBG,16:21:35.501,0,0,0,0
GRAW,16:21:35.689,0,0,0,0,0,0
GATT,16:21:35.689,0,-2
GMAG,16:21:35.689,0,0,0,65,28
GRCC,16:21:35.689,1066,1493,1493,1499
GRCX,16:21:35.689,1070,1495,1500,1500
GMOT,16:21:35.689,950,950,950,950,0,0,0,0
GNAV,16:21:35.689,0,0,0,0
GPAR,16:21:35.689,2972,0,0,0
GDBG,16:21:35.689,0,0,0,0
GRAW,16:21:35.875,0,0,0,0,0,0
GATT,16:21:35.875,0,-2
GMAG,16:21:35.875,0,0,0,65,36
GRCC,16:21:35.875,1066,1493,1493,1499
GRCX,16:21:35.875,1070,1495,1500,1500
GMOT,16:21:35.875,950,950,950,950,0,0,0,0
GNAV,16:21:35.875,0,0,0,0
GPAR,16:21:35.875,2632,0,0,0
GDBG,16:21:35.875,0,0,0,0
GRAW,16:21:36.063,0,0,0,0,0,0
GATT,16:21:36.063,0,-2
GMAG,16:21:36.063,0,0,0,65,37
GRCC,16:21:36.063,1066,1493,1493,1499
GRCX,16:21:36.063,1070,1495,1500,1500
GMOT,16:21:36.063,950,950,950,950,0,0,0,0
GNAV,16:21:36.063,0,0,0,0
GPAR,16:21:36.063,2888,0,0,0
GDBG,16:21:36.063,0,0,0,0
GRAW,16:21:36.253,0,0,0,0,0,0
GATT,16:21:36.253,0,-2
GMAG,16:21:36.253,0,0,0,65,49
GRCC,16:21:36.253,1066,1493,1493,1499
GRCX,16:21:36.253,1070,1495,1500,1500
GMOT,16:21:36.253,950,950,950,950,0,0,0,0
GNAV,16:21:36.253,0,0,0,0
GPAR,16:21:36.253,2668,0,0,0
GDBG,16:21:36.253,0,0,0,0
GRAW,16:21:36.467,0,0,0,0,0,0
GATT,16:21:36.467,0,-2
GMAG,16:21:36.467,0,0,0,65,54
GRCC,16:21:36.467,1066,1493,1493,1499
GRCX,16:21:36.467,1070,1495,1500,1500
GMOT,16:21:36.467,950,950,950,950,0,0,0,0
GNAV,16:21:36.467,0,0,0,0
GPAR,16:21:36.467,2648,0,0,0
GDBG,16:21:36.467,0,0,0,0
GRAW,16:21:36.656,0,0,0,0,0,0
GATT,16:21:36.656,0,-2
GMAG,16:21:36.656,0,0,0,65,51
GRCC,16:21:36.656,1066,1493,1493,1499
GRCX,16:21:36.656,1070,1495,1500,1500
GMOT,16:21:36.656,950,950,950,950,0,0,0,0
GNAV,16:21:36.656,0,0,0,0
GPAR,16:21:36.656,2648,0,0,0
GDBG,16:21:36.656,0,0,0,0
GRAW,16:21:36.841,0,0,0,0,0,0
GATT,16:21:36.841,0,-2
GMAG,16:21:36.841,0,0,0,65,55
GRCC,16:21:36.841,1066,1493,1493,1499
GRCX,16:21:36.841,1070,1495,1500,1500
GMOT,16:21:36.841,950,950,950,950,0,0,0,0
GNAV,16:21:36.841,0,0,0,0
GPAR,16:21:36.841,2628,0,0,0
GDBG,16:21:36.841,0,0,0,0
GRAW,16:21:37.030,0,0,0,0,0,0
GATT,16:21:37.030,0,-2
GMAG,16:21:37.030,0,0,0,65,55
GRCC,16:21:37.030,1066,1493,1493,1499
GRCX,16:21:37.030,1070,1495,1500,1500
GMOT,16:21:37.030,950,950,950,950,0,0,0,0
GNAV,16:21:37.030,0,0,0,0
GPAR,16:21:37.030,2624,0,0,0
GDBG,16:21:37.030,0,0,0,0
GRAW,16:21:37.216,0,0,0,0,0,0
GATT,16:21:37.216,0,-2
GMAG,16:21:37.216,0,0,0,65,50
GRCC,16:21:37.216,1066,1493,1493,1499
GRCX,16:21:37.216,1070,1495,1500,1500
GMOT,16:21:37.216,950,950,950,950,0,0,0,0
GNAV,16:21:37.216,0,0,0,0
GPAR,16:21:37.216,2644,0,0,0
GDBG,16:21:37.216,0,0,0,0
GRAW,16:21:37.405,0,0,0,0,0,0
GATT,16:21:37.405,0,-2
GMAG,16:21:37.405,0,0,0,65,47
GRCC,16:21:37.405,1066,1493,1493,1499
GRCX,16:21:37.405,1070,1495,1500,1500
GMOT,16:21:37.405,950,950,950,950,0,0,0,0
GNAV,16:21:37.405,0,0,0,0
GPAR,16:21:37.405,2892,0,0,0
GDBG,16:21:37.405,0,0,0,0
GRAW,16:21:37.592,0,0,0,0,0,0
GATT,16:21:37.592,0,-2
GMAG,16:21:37.592,0,0,0,65,50
GRCC,16:21:37.592,1066,1493,1493,1499
GRCX,16:21:37.592,1070,1495,1500,1500
GMOT,16:21:37.592,950,950,950,950,0,0,0,0
GNAV,16:21:37.592,0,0,0,0
GPAR,16:21:37.592,2680,0,0,0
GDBG,16:21:37.592,0,0,0,0
GRAW,16:21:37.781,0,0,0,0,0,0
GATT,16:21:37.781,0,-2
GMAG,16:21:37.781,0,0,0,65,48
GRCC,16:21:37.781,1066,1493,1493,1499
GRCX,16:21:37.781,1070,1495,1500,1500
GMOT,16:21:37.781,950,950,950,950,0,0,0,0
GNAV,16:21:37.781,0,0,0,0
GPAR,16:21:37.781,2868,0,0,0
GDBG,16:21:37.781,0,0,0,0
GRAW,16:21:37.964,0,0,0,0,0,0
GATT,16:21:37.964,0,-2
GMAG,16:21:37.964,0,0,0,65,52
GRCC,16:21:37.964,1066,1493,1493,1499
GRCX,16:21:37.964,1070,1495,1500,1500
GMOT,16:21:37.964,950,950,950,950,0,0,0,0
GNAV,16:21:37.964,0,0,0,0
GPAR,16:21:37.964,2640,0,0,0
GDBG,16:21:37.964,0,0,0,0
GRAW,16:21:38.155,0,0,0,0,0,0
GATT,16:21:38.155,0,-2
GMAG,16:21:38.155,0,0,0,66,55
GRCC,16:21:38.155,1066,1493,1493,1499
GRCX,16:21:38.155,1070,1495,1500,1500
GMOT,16:21:38.155,950,950,950,950,0,0,0,0
GNAV,16:21:38.155,0,0,0,0
GPAR,16:21:38.155,2808,0,0,0
GDBG,16:21:38.155,0,0,0,0
GRAW,16:21:38.341,0,0,0,0,0,0
GATT,16:21:38.341,0,-2
GMAG,16:21:38.341,0,0,0,65,56
GRCC,16:21:38.341,1066,1493,1493,1499
GRCX,16:21:38.341,1070,1495,1500,1500
GMOT,16:21:38.341,950,950,950,950,0,0,0,0
GNAV,16:21:38.341,0,0,0,0
GPAR,16:21:38.341,2616,0,0,0
GDBG,16:21:38.341,0,0,0,0
GRAW,16:21:38.528,0,0,0,0,0,0
GATT,16:21:38.528,0,-2
GMAG,16:21:38.528,0,0,0,65,61
GRCC,16:21:38.528,1066,1493,1493,1499
GRCX,16:21:38.528,1070,1495,1500,1500
GMOT,16:21:38.528,950,950,950,950,0,0,0,0
GNAV,16:21:38.528,0,0,0,0
GPAR,16:21:38.528,2648,0,0,0
GDBG,16:21:38.528,0,0,0,0
GRAW,16:21:38.713,0,0,0,0,0,0
GATT,16:21:38.713,0,-2
GMAG,16:21:38.713,0,0,0,65,56
GRCC,16:21:38.713,1066,1493,1493,1499
GRCX,16:21:38.713,1070,1495,1500,1500
GMOT,16:21:38.713,950,950,950,950,0,0,0,0
GNAV,16:21:38.713,0,0,0,0
GPAR,16:21:38.713,2648,0,0,0
GDBG,16:21:38.713,0,0,0,0
GRAW,16:21:38.900,0,0,0,0,0,0
GATT,16:21:38.900,0,-2
GMAG,16:21:38.900,0,0,0,65,50
GRCC,16:21:38.900,1066,1493,1493,1499
GRCX,16:21:38.900,1070,1495,1500,1500
GMOT,16:21:38.900,950,950,950,950,0,0,0,0
GNAV,16:21:38.900,0,0,0,0
GPAR,16:21:38.900,2868,0,0,0
GDBG,16:21:38.900,0,0,0,0
GRAW,16:21:39.088,0,0,0,0,0,0
GATT,16:21:39.088,0,-2
GMAG,16:21:39.088,0,0,0,66,44
GRCC,16:21:39.088,1066,1493,1493,1499
GRCX,16:21:39.088,1070,1495,1500,1500
GMOT,16:21:39.088,950,950,950,950,0,0,0,0
GNAV,16:21:39.088,0,0,0,0
GPAR,16:21:39.088,2644,0,0,0
GDBG,16:21:39.088,0,0,0,0
GRAW,16:21:39.276,0,0,0,0,0,0
GATT,16:21:39.276,0,-2
GMAG,16:21:39.276,0,0,0,65,39
GRCC,16:21:39.276,1066,1493,1493,1499
GRCX,16:21:39.276,1070,1495,1500,1500
GMOT,16:21:39.276,950,950,950,950,0,0,0,0
GNAV,16:21:39.276,0,0,0,0
GPAR,16:21:39.276,2852,0,0,0
GDBG,16:21:39.276,0,0,0,0
GRAW,16:21:39.465,0,0,0,0,0,0
GATT,16:21:39.465,0,-2
GMAG,16:21:39.465,0,0,0,65,36
GRCC,16:21:39.465,1066,1493,1493,1499
GRCX,16:21:39.465,1070,1495,1500,1500
GMOT,16:21:39.465,950,950,950,950,0,0,0,0
GNAV,16:21:39.465,0,0,0,0
GPAR,16:21:39.465,2924,0,0,0
GDBG,16:21:39.465,0,0,0,0
GRAW,16:21:39.649,0,0,0,0,0,0
GATT,16:21:39.649,0,-2
GMAG,16:21:39.649,0,0,0,65,42
GRCC,16:21:39.649,1066,1493,1493,1499
GRCX,16:21:39.649,1070,1495,1500,1500
GMOT,16:21:39.649,950,950,950,950,0,0,0,0
GNAV,16:21:39.649,0,0,0,0
GPAR,16:21:39.649,2648,0,0,0
GDBG,16:21:39.649,0,0,0,0
GRAW,16:21:39.837,0,0,0,0,0,0
GATT,16:21:39.837,0,-2
GMAG,16:21:39.837,0,0,0,66,43
GRCC,16:21:39.837,1066,1493,1493,1499
GRCX,16:21:39.837,1070,1495,1500,1500
GMOT,16:21:39.837,950,950,950,950,0,0,0,0
GNAV,16:21:39.837,0,0,0,0
GPAR,16:21:39.837,2648,0,0,0
GDBG,16:21:39.837,0,0,0,0
GRAW,16:21:40.025,0,0,0,0,0,0
GATT,16:21:40.025,0,-2
GMAG,16:21:40.025,0,0,0,66,44
GRCC,16:21:40.025,1066,1493,1493,1499
GRCX,16:21:40.025,1070,1495,1500,1500
GMOT,16:21:40.025,950,950,950,950,0,0,0,0
GNAV,16:21:40.025,0,0,0,0
GPAR,16:21:40.025,2620,0,0,0
GDBG,16:21:40.025,0,0,0,0
GRAW,16:21:40.212,0,0,0,0,0,0
GATT,16:21:40.212,0,-2
GMAG,16:21:40.212,0,0,0,65,47
GRCC,16:21:40.212,1066,1493,1493,1499
GRCX,16:21:40.212,1070,1495,1500,1500
GMOT,16:21:40.212,950,950,950,950,0,0,0,0
GNAV,16:21:40.212,0,0,0,0
GPAR,16:21:40.212,2808,0,0,0
GDBG,16:21:40.212,0,0,0,0
GRAW,16:21:40.402,0,0,0,0,0,0
GATT,16:21:40.402,0,-2
GMAG,16:21:40.402,0,0,0,65,44
GRCC,16:21:40.402,1066,1493,1493,1499
GRCX,16:21:40.402,1070,1495,1500,1500
GMOT,16:21:40.402,950,950,950,950,0,0,0,0
GNAV,16:21:40.402,0,0,0,0
GPAR,16:21:40.402,2632,0,0,0
GDBG,16:21:40.402,0,0,0,0
GRAW,16:21:40.586,0,0,0,0,0,0
GATT,16:21:40.586,0,-2
GMAG,16:21:40.586,0,0,0,65,36
GRCC,16:21:40.586,1066,1493,1493,1499
GRCX,16:21:40.586,1070,1495,1500,1500
GMOT,16:21:40.586,950,950,950,950,0,0,0,0
GNAV,16:21:40.586,0,0,0,0
GPAR,16:21:40.586,2644,0,0,0
GDBG,16:21:40.586,0,0,0,0
GRAW,16:21:40.776,0,0,0,0,0,0
GATT,16:21:40.776,0,-2
GMAG,16:21:40.776,0,0,0,65,34
GRCC,16:21:40.776,1066,1493,1493,1499
GRCX,16:21:40.776,1070,1495,1500,1500
GMOT,16:21:40.776,950,950,950,950,0,0,0,0
GNAV,16:21:40.776,0,0,0,0
GPAR,16:21:40.776,2848,0,0,0
GDBG,16:21:40.776,0,0,0,0
GRAW,16:21:40.963,0,0,0,0,0,0
GATT,16:21:40.963,0,-2
GMAG,16:21:40.963,0,0,0,65,27
GRCC,16:21:40.963,1066,1493,1493,1499
GRCX,16:21:40.963,1070,1495,1500,1500
GMOT,16:21:40.963,950,950,950,950,0,0,0,0
GNAV,16:21:40.963,0,0,0,0
GPAR,16:21:40.963,2652,0,0,0
GDBG,16:21:40.963,0,0,0,0
GRAW,16:21:41.149,0,0,0,0,0,0
GATT,16:21:41.149,0,-2
GMAG,16:21:41.149,0,0,0,65,17
GRCC,16:21:41.149,1066,1493,1493,1499
GRCX,16:21:41.149,1070,1495,1500,1500
GMOT,16:21:41.149,950,950,950,950,0,0,0,0
GNAV,16:21:41.149,0,0,0,0
GPAR,16:21:41.149,2868,0,0,0
GDBG,16:21:41.149,0,0,0,0
GRAW,16:21:41.338,0,0,0,0,0,0
GATT,16:21:41.338,0,-2
GMAG,16:21:41.338,0,0,0,65,14
GRCC,16:21:41.338,1066,1493,1493,1499
GRCX,16:21:41.338,1070,1495,1500,1500
GMOT,16:21:41.338,950,950,950,950,0,0,0,0
GNAV,16:21:41.338,0,0,0,0
GPAR,16:21:41.338,2644,0,0,0
GDBG,16:21:41.338,0,0,0,0
GRAW,16:21:41.523,0,0,0,0,0,0
GATT,16:21:41.523,0,-2
GMAG,16:21:41.523,0,0,0,65,12
GRCC,16:21:41.523,1066,1493,1493,1499
GRCX,16:21:41.523,1070,1495,1500,1500
GMOT,16:21:41.523,950,950,950,950,0,0,0,0
GNAV,16:21:41.523,0,0,0,0
GPAR,16:21:41.523,2816,0,0,0
GDBG,16:21:41.523,0,0,0,0
GRAW,16:21:41.710,0,0,0,0,0,0
GATT,16:21:41.710,0,-2
GMAG,16:21:41.710,0,0,0,65,4
GRCC,16:21:41.710,1066,1493,1493,1499
GRCX,16:21:41.710,1070,1495,1500,1500
GMOT,16:21:41.710,950,950,950,950,0,0,0,0
GNAV,16:21:41.710,0,0,0,0
GPAR,16:21:41.710,2620,0,0,0
GDBG,16:21:41.710,0,0,0,0
GRAW,16:21:41.896,0,0,0,0,0,0
GATT,16:21:41.896,0,-2
GMAG,16:21:41.896,0,0,0,65,8
GRCC,16:21:41.896,1066,1493,1493,1499
GRCX,16:21:41.896,1070,1495,1500,1500
GMOT,16:21:41.896,950,950,950,950,0,0,0,0
GNAV,16:21:41.896,0,0,0,0
GPAR,16:21:41.896,2840,0,0,0
GDBG,16:21:41.896,0,0,0,0
GRAW,16:21:42.087,0,0,0,0,0,0
GATT,16:21:42.087,0,-2
GMAG,16:21:42.087,0,0,0,65,6
GRCC,16:21:42.087,1066,1493,1493,1499
GRCX,16:21:42.087,1070,1495,1500,1500
GMOT,16:21:42.087,950,950,950,950,0,0,0,0
GNAV,16:21:42.087,0,0,0,0
GPAR,16:21:42.087,2900,0,0,0
GDBG,16:21:42.087,0,0,0,0
GRAW,16:21:42.273,0,0,0,0,0,0
GATT,16:21:42.273,0,-2
GMAG,16:21:42.273,0,0,0,65,6
GRCC,16:21:42.273,1066,1493,1493,1499
GRCX,16:21:42.273,1070,1495,1500,1500
GMOT,16:21:42.273,950,950,950,950,0,0,0,0
GNAV,16:21:42.273,0,0,0,0
GPAR,16:21:42.273,2624,0,0,0
GDBG,16:21:42.273,0,0,0,0
GRAW,16:21:42.458,0,0,0,0,0,0
GATT,16:21:42.458,0,-2
GMAG,16:21:42.458,0,0,0,65,7
GRCC,16:21:42.458,1066,1493,1493,1499
GRCX,16:21:42.458,1070,1495,1500,1500
GMOT,16:21:42.458,950,950,950,950,0,0,0,0
GNAV,16:21:42.458,0,0,0,0
GPAR,16:21:42.458,2632,0,0,0
GDBG,16:21:42.458,0,0,0,0
GRAW,16:21:42.648,0,0,0,0,0,0
GATT,16:21:42.648,0,-2
GMAG,16:21:42.648,0,0,0,65,11
GRCC,16:21:42.648,1066,1493,1493,1499
GRCX,16:21:42.648,1070,1495,1500,1500
GMOT,16:21:42.648,950,950,950,950,0,0,0,0
GNAV,16:21:42.648,0,0,0,0
GPAR,16:21:42.648,2924,0,0,0
GDBG,16:21:42.648,0,0,0,0
GRAW,16:21:42.835,0,0,0,0,0,0
GATT,16:21:42.835,0,-2
GMAG,16:21:42.835,0,0,0,65,12
GRCC,16:21:42.835,1066,1493,1493,1499
GRCX,16:21:42.835,1070,1495,1500,1500
GMOT,16:21:42.835,950,950,950,950,0,0,0,0
GNAV,16:21:42.835,0,0,0,0
GPAR,16:21:42.835,2668,0,0,0
GDBG,16:21:42.835,0,0,0,0
GRAW,16:21:43.020,0,0,0,0,0,0
GATT,16:21:43.020,0,-2
GMAG,16:21:43.020,0,0,0,65,14
GRCC,16:21:43.020,1066,1493,1493,1499
GRCX,16:21:43.020,1070,1495,1500,1500
GMOT,16:21:43.020,950,950,950,950,0,0,0,0
GNAV,16:21:43.020,0,0,0,0
GPAR,16:21:43.020,2676,0,0,0
GDBG,16:21:43.020,0,0,0,0
GRAW,16:21:43.209,0,0,0,0,0,0
GATT,16:21:43.209,0,-2
GMAG,16:21:43.209,0,0,0,65,9
GRCC,16:21:43.209,1066,1493,1493,1499
GRCX,16:21:43.209,1070,1495,1500,1500
GMOT,16:21:43.209,950,950,950,950,0,0,0,0
GNAV,16:21:43.209,0,0,0,0
GPAR,16:21:43.209,2644,0,0,0
GDBG,16:21:43.209,0,0,0,0
GRAW,16:21:43.395,0,0,0,0,0,0
GATT,16:21:43.395,0,-2
GMAG,16:21:43.395,0,0,0,65,2
GRCC,16:21:43.395,1066,1493,1493,1499
GRCX,16:21:43.395,1070,1495,1500,1500
GMOT,16:21:43.395,950,950,950,950,0,0,0,0
GNAV,16:21:43.395,0,0,0,0
GPAR,16:21:43.395,3092,0,0,0
GDBG,16:21:43.395,0,0,0,0
GRAW,16:21:43.584,0,0,0,0,0,0
GATT,16:21:43.584,0,-2
GMAG,16:21:43.584,0,0,0,65,-5
GRCC,16:21:43.584,1066,1493,1493,1499
GRCX,16:21:43.584,1070,1495,1500,1500
GMOT,16:21:43.584,950,950,950,950,0,0,0,0
GNAV,16:21:43.584,0,0,0,0
GPAR,16:21:43.584,2924,0,0,0
GDBG,16:21:43.584,0,0,0,0
GRAW,16:21:43.769,0,0,0,0,0,0
GATT,16:21:43.769,0,-2
GMAG,16:21:43.769,0,0,0,65,-7
GRCC,16:21:43.769,1066,1493,1493,1499
GRCX,16:21:43.769,1070,1495,1500,1500
GMOT,16:21:43.769,950,950,950,950,0,0,0,0
GNAV,16:21:43.769,0,0,0,0
GPAR,16:21:43.769,2620,0,0,0
GDBG,16:21:43.769,0,0,0,0
GRAW,16:21:43.956,0,0,0,0,0,0
GATT,16:21:43.956,0,-2
GMAG,16:21:43.956,0,0,0,65,2
GRCC,16:21:43.956,1066,1493,1493,1499
GRCX,16:21:43.956,1070,1495,1500,1500
GMOT,16:21:43.956,950,950,950,950,0,0,0,0
GNAV,16:21:43.956,0,0,0,0
GPAR,16:21:43.956,2692,0,0,0
GDBG,16:21:43.956,0,0,0,0
GRAW,16:21:44.145,0,0,0,0,0,0
GATT,16:21:44.145,0,-2
GMAG,16:21:44.145,0,0,0,65,10
GRCC,16:21:44.145,1066,1493,1493,1499
GRCX,16:21:44.145,1070,1495,1500,1500
GMOT,16:21:44.145,950,950,950,950,0,0,0,0
GNAV,16:21:44.145,0,0,0,0
GPAR,16:21:44.145,2640,0,0,0
GDBG,16:21:44.145,0,0,0,0
GRAW,16:21:44.335,0,0,0,0,0,0
GATT,16:21:44.335,0,-2
GMAG,16:21:44.335,0,0,0,65,13
GRCC,16:21:44.335,1066,1493,1493,1499
GRCX,16:21:44.335,1070,1495,1500,1500
GMOT,16:21:44.335,950,950,950,950,0,0,0,0
GNAV,16:21:44.335,0,0,0,0
GPAR,16:21:44.335,2644,0,0,0
GDBG,16:21:44.335,0,0,0,0
GRAW,16:21:44.517,0,0,0,0,0,0
GATT,16:21:44.517,0,-2
GMAG,16:21:44.517,0,0,0,65,15
GRCC,16:21:44.517,1066,1493,1493,1499
GRCX,16:21:44.517,1070,1495,1500,1500
GMOT,16:21:44.517,950,950,950,950,0,0,0,0
GNAV,16:21:44.517,0,0,0,0
GPAR,16:21:44.517,2636,0,0,0
GDBG,16:21:44.517,0,0,0,0
GRAW,16:21:44.704,0,0,0,0,0,0
GATT,16:21:44.704,0,-2
GMAG,16:21:44.704,0,0,0,65,7
GRCC,16:21:44.704,1066,1493,1493,1499
GRCX,16:21:44.704,1070,1495,1500,1500
GMOT,16:21:44.704,950,950,950,950,0,0,0,0
GNAV,16:21:44.704,0,0,0,0
GPAR,16:21:44.704,2848,0,0,0
GDBG,16:21:44.704,0,0,0,0
GRAW,16:21:44.894,0,0,0,0,0,0
GATT,16:21:44.894,0,-2
GMAG,16:21:44.894,0,0,0,65,-1
GRCC,16:21:44.894,1066,1493,1493,1499
GRCX,16:21:44.894,1070,1495,1500,1500
GMOT,16:21:44.894,950,950,950,950,0,0,0,0
GNAV,16:21:44.894,0,0,0,0
GPAR,16:21:44.894,2908,0,0,0
GDBG,16:21:44.894,0,0,0,0
GRAW,16:21:45.080,0,0,0,0,0,0
GATT,16:21:45.080,0,-2
GMAG,16:21:45.080,0,0,0,65,-2
GRCC,16:21:45.080,1066,1493,1493,1499
GRCX,16:21:45.080,1070,1495,1500,1500
GMOT,16:21:45.080,950,950,950,950,0,0,0,0
GNAV,16:21:45.080,0,0,0,0
GPAR,16:21:45.080,2864,0,0,0
GDBG,16:21:45.080,0,0,0,0
GRAW,16:21:45.270,0,0,0,0,0,0
GATT,16:21:45.270,0,-2
GMAG,16:21:45.270,0,0,0,65,-11
GRCC,16:21:45.270,1066,1493,1493,1499
GRCX,16:21:45.270,1070,1495,1500,1500
GMOT,16:21:45.270,950,950,950,950,0,0,0,0
GNAV,16:21:45.270,0,0,0,0
GPAR,16:21:45.270,2624,0,0,0
GDBG,16:21:45.270,0,0,0,0
GRAW,16:21:45.454,0,0,0,0,0,0
GATT,16:21:45.454,0,-2
GMAG,16:21:45.454,0,0,0,65,-13
GRCC,16:21:45.454,1066,1493,1493,1499
GRCX,16:21:45.454,1070,1495,1500,1500
GMOT,16:21:45.454,950,950,950,950,0,0,0,0
GNAV,16:21:45.454,0,0,0,0
GPAR,16:21:45.454,2852,0,0,0
GDBG,16:21:45.454,0,0,0,0
GRAW,16:21:45.641,0,0,0,0,0,0
GATT,16:21:45.641,0,-2
GMAG,16:21:45.641,0,0,0,65,-15
GRCC,16:21:45.641,1066,1493,1493,1499
GRCX,16:21:45.641,1070,1495,1500,1500
GMOT,16:21:45.641,950,950,950,950,0,0,0,0
GNAV,16:21:45.641,0,0,0,0
GPAR,16:21:45.641,2632,0,0,0
GDBG,16:21:45.641,0,0,0,0
GRAW,16:21:45.828,0,0,0,0,0,0
GATT,16:21:45.828,0,-2
GMAG,16:21:45.828,0,0,0,65,-17
GRCC,16:21:45.828,1066,1493,1493,1499
GRCX,16:21:45.828,1070,1495,1500,1500
GMOT,16:21:45.828,950,950,950,950,0,0,0,0
GNAV,16:21:45.828,0,0,0,0
GPAR,16:21:45.828,2916,0,0,0
GDBG,16:21:45.828,0,0,0,0
GRAW,16:21:46.015,0,0,0,0,0,0
GATT,16:21:46.015,0,-2
GMAG,16:21:46.015,0,0,0,65,-10
GRCC,16:21:46.015,1066,1493,1493,1499
GRCX,16:21:46.015,1070,1495,1500,1500
GMOT,16:21:46.015,950,950,950,950,0,0,0,0
GNAV,16:21:46.015,0,0,0,0
GPAR,16:21:46.015,2644,0,0,0
GDBG,16:21:46.015,0,0,0,0
GRAW,16:21:46.206,0,0,0,0,0,0
GATT,16:21:46.206,0,-2
GMAG,16:21:46.206,0,0,0,65,-5
GRCC,16:21:46.206,1066,1493,1493,1499
GRCX,16:21:46.206,1070,1495,1500,1500
GMOT,16:21:46.206,950,950,950,950,0,0,0,0
GNAV,16:21:46.206,0,0,0,0
GPAR,16:21:46.206,2668,0,0,0
GDBG,16:21:46.206,0,0,0,0
GRAW,16:21:46.389,0,0,0,0,0,0
GATT,16:21:46.389,0,-2
GMAG,16:21:46.389,0,0,0,65,-3
GRCC,16:21:46.389,1066,1493,1493,1499
GRCX,16:21:46.389,1070,1495,1500,1500
GMOT,16:21:46.389,950,950,950,950,0,0,0,0
GNAV,16:21:46.389,0,0,0,0
GPAR,16:21:46.389,2628,0,0,0
GDBG,16:21:46.389,0,0,0,0
GRAW,16:21:46.576,0,0,0,0,0,0
GATT,16:21:46.576,0,-2
GMAG,16:21:46.576,0,0,0,65,-1
GRCC,16:21:46.576,1066,1493,1493,1499
GRCX,16:21:46.576,1070,1495,1500,1500
GMOT,16:21:46.576,950,950,950,950,0,0,0,0
GNAV,16:21:46.576,0,0,0,0
GPAR,16:21:46.576,2660,0,0,0
GDBG,16:21:46.576,0,0,0,0
GRAW,16:21:46.766,0,0,0,0,0,0
GATT,16:21:46.766,0,-2
GMAG,16:21:46.766,0,0,0,65,-7
GRCC,16:21:46.766,1066,1493,1493,1499
GRCX,16:21:46.766,1070,1495,1500,1500
GMOT,16:21:46.766,950,950,950,950,0,0,0,0
GNAV,16:21:46.766,0,0,0,0
GPAR,16:21:46.766,2832,0,0,0
GDBG,16:21:46.766,0,0,0,0
GRAW,16:21:46.954,0,0,0,0,0,0
GATT,16:21:46.954,0,-2
GMAG,16:21:46.954,0,0,0,65,-12
GRCC,16:21:46.954,1066,1493,1493,1499
GRCX,16:21:46.954,1070,1495,1500,1500
GMOT,16:21:46.954,950,950,950,950,0,0,0,0
GNAV,16:21:46.954,0,0,0,0
GPAR,16:21:46.954,2848,0,0,0
GDBG,16:21:46.954,0,0,0,0
GRAW,16:21:47.142,0,0,0,0,0,0
GATT,16:21:47.142,0,-2
GMAG,16:21:47.142,0,0,0,65,-12
GRCC,16:21:47.142,1066,1493,1493,1499
GRCX,16:21:47.142,1070,1495,1500,1500
GMOT,16:21:47.142,950,950,950,950,0,0,0,0
GNAV,16:21:47.142,0,0,0,0
GPAR,16:21:47.142,2672,0,0,0
GDBG,16:21:47.142,0,0,0,0
GRAW,16:21:47.327,0,0,0,0,0,0
GATT,16:21:47.327,0,-2
GMAG,16:21:47.327,0,0,0,65,-8
GRCC,16:21:47.327,1066,1493,1493,1499
GRCX,16:21:47.327,1070,1495,1500,1500
GMOT,16:21:47.327,950,950,950,950,0,0,0,0
GNAV,16:21:47.327,0,0,0,0
GPAR,16:21:47.327,2836,0,0,0
GDBG,16:21:47.327,0,0,0,0
GRAW,16:21:47.514,0,0,0,0,0,0
GATT,16:21:47.514,0,-2
GMAG,16:21:47.514,0,0,0,65,1
GRCC,16:21:47.514,1066,1493,1493,1499
GRCX,16:21:47.514,1070,1495,1500,1500
GMOT,16:21:47.514,950,950,950,950,0,0,0,0
GNAV,16:21:47.514,0,0,0,0
GPAR,16:21:47.514,2636,0,0,0
GDBG,16:21:47.514,0,0,0,0
GRAW,16:21:47.701,0,0,0,0,0,0
GATT,16:21:47.701,0,-2
GMAG,16:21:47.701,0,0,0,65,11
GRCC,16:21:47.701,1066,1493,1493,1499
GRCX,16:21:47.701,1070,1495,1500,1500
GMOT,16:21:47.701,950,950,950,950,0,0,0,0
GNAV,16:21:47.701,0,0,0,0
GPAR,16:21:47.701,2664,0,0,0
GDBG,16:21:47.701,0,0,0,0
GRAW,16:21:47.888,0,0,0,0,0,0
GATT,16:21:47.888,0,-2
GMAG,16:21:47.888,0,0,0,65,22
GRCC,16:21:47.888,1066,1493,1493,1499
GRCX,16:21:47.888,1070,1495,1500,1500
GMOT,16:21:47.888,950,950,950,950,0,0,0,0
GNAV,16:21:47.888,0,0,0,0
GPAR,16:21:47.888,2640,0,0,0
GDBG,16:21:47.888,0,0,0,0
GRAW,16:21:48.078,0,0,0,0,0,0
GATT,16:21:48.078,0,-2
GMAG,16:21:48.078,0,0,0,65,23
GRCC,16:21:48.078,1066,1493,1493,1499
GRCX,16:21:48.078,1070,1495,1500,1500
GMOT,16:21:48.078,950,950,950,950,0,0,0,0
GNAV,16:21:48.078,0,0,0,0
GPAR,16:21:48.078,2848,0,0,0
GDBG,16:21:48.078,0,0,0,0
GRAW,16:21:48.262,0,0,0,0,0,0
GATT,16:21:48.262,0,-2
GMAG,16:21:48.262,0,0,0,65,22
GRCC,16:21:48.262,1066,1493,1493,1499
GRCX,16:21:48.262,1070,1495,1500,1500
GMOT,16:21:48.262,950,950,950,950,0,0,0,0
GNAV,16:21:48.262,0,0,0,0
GPAR,16:21:48.262,2968,0,0,0
GDBG,16:21:48.262,0,0,0,0
GRAW,16:21:48.449,0,0,0,0,0,0
GATT,16:21:48.449,0,-2
GMAG,16:21:48.449,0,0,0,65,17
GRCC,16:21:48.449,1066,1493,1493,1499
GRCX,16:21:48.449,1070,1495,1500,1500
GMOT,16:21:48.449,950,950,950,950,0,0,0,0
GNAV,16:21:48.449,0,0,0,0
GPAR,16:21:48.449,3128,0,0,0
GDBG,16:21:48.449,0,0,0,0
GRAW,16:21:48.635,0,0,0,0,0,0
GATT,16:21:48.635,0,-2
GMAG,16:21:48.635,0,0,0,65,11
GRCC,16:21:48.635,1066,1493,1493,1499
GRCX,16:21:48.635,1070,1495,1500,1500
GMOT,16:21:48.635,950,950,950,950,0,0,0,0
GNAV,16:21:48.635,0,0,0,0
GPAR,16:21:48.635,2636,0,0,0
GDBG,16:21:48.635,0,0,0,0
GRAW,16:21:48.825,0,0,0,0,0,0
GATT,16:21:48.825,0,-2
GMAG,16:21:48.825,0,0,0,65,10
GRCC,16:21:48.825,1066,1493,1493,1499
GRCX,16:21:48.825,1070,1495,1500,1500
GMOT,16:21:48.825,950,950,950,950,0,0,0,0
GNAV,16:21:48.825,0,0,0,0
GPAR,16:21:48.825,2836,0,0,0
GDBG,16:21:48.825,0,0,0,0
GRAW,16:21:49.011,0,0,0,0,0,0
GATT,16:21:49.011,0,-2
GMAG,16:21:49.011,0,0,0,65,8
GRCC,16:21:49.011,1066,1493,1493,1499
GRCX,16:21:49.011,1070,1495,1500,1500
GMOT,16:21:49.011,950,950,950,950,0,0,0,0
GNAV,16:21:49.011,0,0,0,0
GPAR,16:21:49.011,2624,0,0,0
GDBG,16:21:49.011,0,0,0,0
GRAW,16:21:49.200,0,0,0,0,0,0
GATT,16:21:49.200,0,-2
GMAG,16:21:49.200,0,0,0,65,7
GRCC,16:21:49.200,1066,1493,1493,1499
GRCX,16:21:49.200,1070,1495,1500,1500
GMOT,16:21:49.200,950,950,950,950,0,0,0,0
GNAV,16:21:49.200,0,0,0,0
GPAR,16:21:49.200,2632,0,0,0
GDBG,16:21:49.200,0,0,0,0
GRAW,16:21:49.385,0,0,0,0,0,0
GATT,16:21:49.385,0,-2
GMAG,16:21:49.385,0,0,0,65,14
GRCC,16:21:49.385,1066,1493,1493,1499
GRCX,16:21:49.385,1070,1495,1500,1500
GMOT,16:21:49.385,950,950,950,950,0,0,0,0
GNAV,16:21:49.385,0,0,0,0
GPAR,16:21:49.385,2668,0,0,0
GDBG,16:21:49.385,0,0,0,0
GRAW,16:21:49.573,0,0,0,0,0,0
GATT,16:21:49.573,0,-2
GMAG,16:21:49.573,0,0,0,65,14
GRCC,16:21:49.573,1066,1493,1493,1499
GRCX,16:21:49.573,1070,1495,1500,1500
GMOT,16:21:49.573,950,950,950,950,0,0,0,0
GNAV,16:21:49.573,0,0,0,0
GPAR,16:21:49.573,2892,0,0,0
GDBG,16:21:49.573,0,0,0,0
GRAW,16:21:49.790,0,0,0,0,0,0
GATT,16:21:49.790,0,-2
GMAG,16:21:49.790,0,0,0,65,18
GRCC,16:21:49.790,1066,1493,1493,1499
GRCX,16:21:49.790,1070,1495,1500,1500
GMOT,16:21:49.790,950,950,950,950,0,0,0,0
GNAV,16:21:49.790,0,0,0,0
GPAR,16:21:49.790,2612,0,0,0
GDBG,16:21:49.790,0,0,0,0
GRAW,16:21:49.977,0,0,0,0,0,0
GATT,16:21:49.977,0,-2
GMAG,16:21:49.977,0,0,0,65,28
GRCC,16:21:49.977,1066,1493,1493,1499
GRCX,16:21:49.977,1070,1495,1500,1500
GMOT,16:21:49.977,950,950,950,950,0,0,0,0
GNAV,16:21:49.977,0,0,0,0
GPAR,16:21:49.977,2640,0,0,0
GDBG,16:21:49.977,0,0,0,0
GRAW,16:21:50.165,0,0,0,0,0,0
GATT,16:21:50.165,0,-2
GMAG,16:21:50.165,0,0,0,65,26
GRCC,16:21:50.165,1066,1493,1493,1499
GRCX,16:21:50.165,1070,1495,1500,1500
GMOT,16:21:50.165,950,950,950,950,0,0,0,0
GNAV,16:21:50.165,0,0,0,0
GPAR,16:21:50.165,2956,0,0,0
GDBG,16:21:50.166,0,0,0,0
GRAW,16:21:50.354,0,0,0,0,0,0
GATT,16:21:50.354,0,-2
GMAG,16:21:50.354,0,0,0,65,24
GRCC,16:21:50.354,1066,1493,1493,1499
GRCX,16:21:50.354,1070,1495,1500,1500
GMOT,16:21:50.354,950,950,950,950,0,0,0,0
GNAV,16:21:50.354,0,0,0,0
GPAR,16:21:50.354,2680,0,0,0
GDBG,16:21:50.354,0,0,0,0
GRAW,16:21:50.541,0,0,0,0,0,0
GATT,16:21:50.541,0,-2
GMAG,16:21:50.541,0,0,0,65,21
GRCC,16:21:50.541,1066,1493,1493,1499
GRCX,16:21:50.541,1070,1495,1500,1500
GMOT,16:21:50.541,950,950,950,950,0,0,0,0
GNAV,16:21:50.541,0,0,0,0
GPAR,16:21:50.541,2852,0,0,0
GDBG,16:21:50.541,0,0,0,0
GRAW,16:21:50.726,0,0,0,0,0,0
GATT,16:21:50.726,0,-2
GMAG,16:21:50.726,0,0,0,65,14
GRCC,16:21:50.726,1066,1493,1493,1499
GRCX,16:21:50.726,1070,1495,1500,1500
GMOT,16:21:50.726,950,950,950,950,0,0,0,0
GNAV,16:21:50.726,0,0,0,0
GPAR,16:21:50.726,2632,0,0,0
GDBG,16:21:50.726,0,0,0,0
GRAW,16:21:50.917,0,0,0,0,0,0
GATT,16:21:50.917,0,-2
GMAG,16:21:50.917,0,0,0,65,10
GRCC,16:21:50.917,1066,1493,1493,1499
GRCX,16:21:50.917,1070,1495,1500,1500
GMOT,16:21:50.917,950,950,950,950,0,0,0,0
GNAV,16:21:50.917,0,0,0,0
GPAR,16:21:50.917,2868,0,0,0
GDBG,16:21:50.917,0,0,0,0
GRAW,16:21:51.101,0,0,0,0,0,0
GATT,16:21:51.102,0,-2
GMAG,16:21:51.102,0,0,0,65,6
GRCC,16:21:51.102,1066,1493,1493,1499
GRCX,16:21:51.102,1070,1495,1500,1500
GMOT,16:21:51.102,950,950,950,950,0,0,0,0
GNAV,16:21:51.102,0,0,0,0
GPAR,16:21:51.102,2824,0,0,0
GDBG,16:21:51.102,0,0,0,0
GRAW,16:21:51.288,0,0,0,0,0,0
GATT,16:21:51.288,0,-2
GMAG,16:21:51.288,0,0,0,65,0
GRCC,16:21:51.288,1066,1493,1493,1499
GRCX,16:21:51.288,1070,1495,1500,1500
GMOT,16:21:51.288,950,950,950,950,0,0,0,0
GNAV,16:21:51.288,0,0,0,0
GPAR,16:21:51.288,2628,0,0,0
GDBG,16:21:51.288,0,0,0,0
GRAW,16:21:51.477,0,0,0,0,0,0
GATT,16:21:51.477,0,-2
GMAG,16:21:51.477,0,0,0,65,-5
GRCC,16:21:51.477,1066,1493,1493,1499
GRCX,16:21:51.477,1070,1495,1500,1500
GMOT,16:21:51.477,950,950,950,950,0,0,0,0
GNAV,16:21:51.477,0,0,0,0
GPAR,16:21:51.477,2640,0,0,0
GDBG,16:21:51.477,0,0,0,0
GRAW,16:21:51.666,0,0,0,0,0,0
GATT,16:21:51.666,0,-2
GMAG,16:21:51.666,0,0,0,65,-2
GRCC,16:21:51.666,1066,1493,1493,1499
GRCX,16:21:51.666,1070,1495,1500,1500
GMOT,16:21:51.666,950,950,950,950,0,0,0,0
GNAV,16:21:51.666,0,0,0,0
GPAR,16:21:51.666,2844,0,0,0
GDBG,16:21:51.666,0,0,0,0
GRAW,16:21:51.853,0,0,0,0,0,0
GATT,16:21:51.853,0,-2
GMAG,16:21:51.853,0,0,0,65,0
GRCC,16:21:51.853,1066,1493,1493,1499
GRCX,16:21:51.853,1070,1495,1500,1500
GMOT,16:21:51.853,950,950,950,950,0,0,0,0
GNAV,16:21:51.853,0,0,0,0
GPAR,16:21:51.853,2644,0,0,0
GDBG,16:21:51.853,0,0,0,0
GRAW,16:21:52.037,0,0,0,0,0,0
GATT,16:21:52.037,0,-2
GMAG,16:21:52.037,0,0,0,65,2
GRCC,16:21:52.037,1066,1493,1493,1499
GRCX,16:21:52.037,1070,1495,1500,1500
GMOT,16:21:52.037,950,950,950,950,0,0,0,0
GNAV,16:21:52.037,0,0,0,0
GPAR,16:21:52.037,2936,0,0,0
GDBG,16:21:52.037,0,0,0,0
GRAW,16:21:52.290,0,0,0,0,0,0
GATT,16:21:52.290,0,-2
GMAG,16:21:52.290,0,0,0,65,2
GRCC,16:21:52.290,1066,1493,1493,1499
GRCX,16:21:52.290,1070,1495,1500,1500
GMOT,16:21:52.290,950,950,950,950,0,0,0,0
GNAV,16:21:52.290,0,0,0,0
GPAR,16:21:52.290,2788,0,0,0
GDBG,16:21:52.290,0,0,0,0
GRAW,16:21:52.473,0,0,0,0,0,0
GATT,16:21:52.473,0,-2
GMAG,16:21:52.473,0,0,0,65,-3
GRCC,16:21:52.473,1066,1493,1493,1499
GRCX,16:21:52.473,1070,1495,1500,1500
GMOT,16:21:52.473,950,950,950,950,0,0,0,0
GNAV,16:21:52.473,0,0,0,0
GPAR,16:21:52.473,2636,0,0,0
GDBG,16:21:52.473,0,0,0,0
GRAW,16:21:52.661,0,0,0,0,0,0
GATT,16:21:52.661,0,-2
GMAG,16:21:52.661,0,0,0,65,-8
GRCC,16:21:52.661,1066,1493,1493,1499
GRCX,16:21:52.661,1070,1495,1500,1500
GMOT,16:21:52.661,950,950,950,950,0,0,0,0
GNAV,16:21:52.661,0,0,0,0
GPAR,16:21:52.661,2620,0,0,0
GDBG,16:21:52.661,0,0,0,0
GRAW,16:21:52.849,0,0,0,0,0,0
GATT,16:21:52.849,0,-2
GMAG,16:21:52.849,0,0,0,65,-7
GRCC,16:21:52.849,1066,1493,1493,1499
GRCX,16:21:52.849,1070,1495,1500,1500
GMOT,16:21:52.849,950,950,950,950,0,0,0,0
GNAV,16:21:52.849,0,0,0,0
GPAR,16:21:52.849,2648,0,0,0
GDBG,16:21:52.849,0,0,0,0
GRAW,16:21:53.036,0,0,0,0,0,0
GATT,16:21:53.036,0,-2
GMAG,16:21:53.036,0,0,0,65,-4
GRCC,16:21:53.036,1066,1493,1493,1499
GRCX,16:21:53.036,1070,1495,1500,1500
GMOT,16:21:53.036,950,950,950,950,0,0,0,0
GNAV,16:21:53.036,0,0,0,0
GPAR,16:21:53.036,2636,0,0,0
GDBG,16:21:53.036,0,0,0,0
GRAW,16:21:53.222,0,0,0,0,0,0
GATT,16:21:53.222,0,-2
GMAG,16:21:53.222,0,0,0,65,-8
GRCC,16:21:53.222,1066,1493,1493,1499
GRCX,16:21:53.222,1070,1495,1500,1500
GMOT,16:21:53.222,950,950,950,950,0,0,0,0
GNAV,16:21:53.222,0,0,0,0
GPAR,16:21:53.222,2652,0,0,0
GDBG,16:21:53.222,0,0,0,0
GRAW,16:21:53.412,0,0,0,0,0,0
GATT,16:21:53.412,0,-2
GMAG,16:21:53.412,0,0,0,65,-5
GRCC,16:21:53.412,1066,1493,1493,1499
GRCX,16:21:53.412,1070,1495,1500,1500
GMOT,16:21:53.412,950,950,950,950,0,0,0,0
GNAV,16:21:53.412,0,0,0,0
GPAR,16:21:53.412,2616,0,0,0
GDBG,16:21:53.412,0,0,0,0
GRAW,16:21:53.596,0,0,0,0,0,0
GATT,16:21:53.596,0,-2
GMAG,16:21:53.596,0,0,0,65,-1
GRCC,16:21:53.596,1066,1493,1493,1499
GRCX,16:21:53.596,1070,1495,1500,1500
GMOT,16:21:53.596,950,950,950,950,0,0,0,0
GNAV,16:21:53.596,0,0,0,0
GPAR,16:21:53.596,2968,0,0,0
GDBG,16:21:53.596,0,0,0,0
GRAW,16:21:53.785,0,0,0,0,0,0
GATT,16:21:53.785,0,-2
GMAG,16:21:53.785,0,0,0,65,5
GRCC,16:21:53.785,1066,1493,1493,1499
GRCX,16:21:53.785,1070,1495,1500,1500
GMOT,16:21:53.785,950,950,950,950,0,0,0,0
GNAV,16:21:53.785,0,0,0,0
GPAR,16:21:53.785,3096,0,0,0
GDBG,16:21:53.785,0,0,0,0
GRAW,16:21:53.972,0,0,0,0,0,0
GATT,16:21:53.972,0,-2
GMAG,16:21:53.972,0,0,0,65,10
GRCC,16:21:53.972,1066,1493,1493,1499
GRCX,16:21:53.972,1070,1495,1500,1500
GMOT,16:21:53.972,950,950,950,950,0,0,0,0
GNAV,16:21:53.972,0,0,0,0
GPAR,16:21:53.972,2648,0,0,0
GDBG,16:21:53.972,0,0,0,0
GRAW,16:21:54.157,0,0,0,0,0,0
GATT,16:21:54.157,0,-2
GMAG,16:21:54.157,0,0,0,65,18
GRCC,16:21:54.157,1066,1493,1493,1499
GRCX,16:21:54.157,1070,1493,1500,1500
GMOT,16:21:54.157,950,950,950,950,0,0,0,0
GNAV,16:21:54.157,0,0,0,0
GPAR,16:21:54.157,2668,0,0,0
GDBG,16:21:54.157,0,0,0,0
GRAW,16:21:54.348,0,0,0,0,0,0
GATT,16:21:54.348,0,-2
GMAG,16:21:54.348,0,0,0,65,19
GRCC,16:21:54.348,1066,1493,1493,1499
GRCX,16:21:54.348,1070,1493,1500,1500
GMOT,16:21:54.348,950,950,950,950,0,0,0,0
GNAV,16:21:54.348,0,0,0,0
GPAR,16:21:54.348,2640,0,0,0
GDBG,16:21:54.348,0,0,0,0
GRAW,16:21:54.534,0,0,0,0,0,0
GATT,16:21:54.534,0,-2
GMAG,16:21:54.534,0,0,0,65,17
GRCC,16:21:54.534,1066,1493,1493,1499
GRCX,16:21:54.534,1070,1493,1500,1500
GMOT,16:21:54.534,950,950,950,950,0,0,0,0
GNAV,16:21:54.534,0,0,0,0
GPAR,16:21:54.534,2632,0,0,0
GDBG,16:21:54.534,0,0,0,0
GRAW,16:21:54.721,0,0,0,0,0,0
GATT,16:21:54.721,0,-2
GMAG,16:21:54.721,0,0,0,65,14
GRCC,16:21:54.721,1066,1493,1493,1499
GRCX,16:21:54.721,1070,1493,1500,1500
GMOT,16:21:54.721,950,950,950,950,0,0,0,0
GNAV,16:21:54.721,0,0,0,0
GPAR,16:21:54.721,2644,0,0,0
GDBG,16:21:54.721,0,0,0,0
GRAW,16:21:54.909,0,0,0,0,0,0
GATT,16:21:54.909,0,-2
GMAG,16:21:54.909,0,0,0,65,14
GRCC,16:21:54.909,1066,1493,1493,1499
GRCX,16:21:54.909,1070,1493,1500,1500
GMOT,16:21:54.909,950,950,950,950,0,0,0,0
GNAV,16:21:54.909,0,0,0,0
GPAR,16:21:54.909,2868,0,0,0
GDBG,16:21:54.909,0,0,0,0
GRAW,16:21:55.094,0,0,0,0,0,0
GATT,16:21:55.094,0,-2
GMAG,16:21:55.094,0,0,0,65,14
GRCC,16:21:55.094,1066,1493,1493,1499
GRCX,16:21:55.094,1070,1493,1500,1500
GMOT,16:21:55.094,950,950,950,950,0,0,0,0
GNAV,16:21:55.094,0,0,0,0
GPAR,16:21:55.094,2808,0,0,0
GDBG,16:21:55.094,0,0,0,0
GRAW,16:21:55.284,0,0,0,0,0,0
GATT,16:21:55.284,0,-2
GMAG,16:21:55.284,0,0,0,65,13
GRCC,16:21:55.284,1066,1493,1493,1499
GRCX,16:21:55.284,1070,1493,1500,1500
GMOT,16:21:55.284,950,950,950,950,0,0,0,0
GNAV,16:21:55.284,0,0,0,0
GPAR,16:21:55.284,2664,0,0,0
GDBG,16:21:55.284,0,0,0,0
GRAW,16:21:55.469,0,0,0,0,0,0
GATT,16:21:55.469,0,-2
GMAG,16:21:55.469,0,0,0,65,17
GRCC,16:21:55.469,1066,1493,1493,1499
GRCX,16:21:55.469,1070,1493,1500,1500
GMOT,16:21:55.469,950,950,950,950,0,0,0,0
GNAV,16:21:55.469,0,0,0,0
GPAR,16:21:55.469,2640,0,0,0
GDBG,16:21:55.469,0,0,0,0
GRAW,16:21:55.656,0,0,0,0,0,0
GATT,16:21:55.656,0,-2
GMAG,16:21:55.656,0,0,0,65,17
GRCC,16:21:55.656,1066,1493,1493,1499
GRCX,16:21:55.656,1070,1493,1500,1500
GMOT,16:21:55.656,950,950,950,950,0,0,0,0
GNAV,16:21:55.656,0,0,0,0
GPAR,16:21:55.656,2632,0,0,0
GDBG,16:21:55.656,0,0,0,0
GRAW,16:21:55.843,0,0,0,0,0,0
GATT,16:21:55.843,0,-2
GMAG,16:21:55.843,0,0,0,65,17
GRCC,16:21:55.843,1066,1493,1493,1499
GRCX,16:21:55.843,1070,1493,1500,1500
GMOT,16:21:55.843,950,950,950,950,0,0,0,0
GNAV,16:21:55.843,0,0,0,0
GPAR,16:21:55.843,2640,0,0,0
GDBG,16:21:55.843,0,0,0,0
GRAW,16:21:56.033,0,0,0,0,0,0
GATT,16:21:56.033,0,-2
GMAG,16:21:56.033,0,0,0,65,14
GRCC,16:21:56.033,1066,1493,1493,1499
GRCX,16:21:56.033,1070,1493,1500,1500
GMOT,16:21:56.033,950,950,950,950,0,0,0,0
GNAV,16:21:56.033,0,0,0,0
GPAR,16:21:56.033,2636,0,0,0
GDBG,16:21:56.033,0,0,0,0
GRAW,16:21:56.221,0,0,0,0,0,0
GATT,16:21:56.221,0,-2
GMAG,16:21:56.221,0,0,0,65,11
GRCC,16:21:56.221,1066,1493,1493,1499
GRCX,16:21:56.221,1070,1493,1500,1500
GMOT,16:21:56.221,950,950,950,950,0,0,0,0
GNAV,16:21:56.221,0,0,0,0
GPAR,16:21:56.221,2908,0,0,0
GDBG,16:21:56.221,0,0,0,0
GRAW,16:21:56.405,0,0,0,0,0,0
GATT,16:21:56.405,0,-2
GMAG,16:21:56.405,0,0,0,65,5
GRCC,16:21:56.405,1066,1493,1493,1499
GRCX,16:21:56.405,1070,1493,1500,1500
GMOT,16:21:56.405,950,950,950,950,0,0,0,0
GNAV,16:21:56.405,0,0,0,0
GPAR,16:21:56.405,2796,0,0,0
GDBG,16:21:56.405,0,0,0,0
GRAW,16:21:56.593,0,0,0,0,0,0
GATT,16:21:56.593,0,-2
GMAG,16:21:56.593,0,0,0,65,0
GRCC,16:21:56.593,1066,1493,1493,1499
GRCX,16:21:56.593,1070,1493,1500,1500
GMOT,16:21:56.593,950,950,950,950,0,0,0,0
GNAV,16:21:56.593,0,0,0,0
GPAR,16:21:56.593,2860,0,0,0
GDBG,16:21:56.593,0,0,0,0
GRAW,16:21:56.780,0,0,0,0,0,0
GATT,16:21:56.780,0,-2
GMAG,16:21:56.780,0,0,0,65,-6
GRCC,16:21:56.780,1066,1493,1493,1499
GRCX,16:21:56.780,1070,1493,1500,1500
GMOT,16:21:56.780,950,950,950,950,0,0,0,0
GNAV,16:21:56.780,0,0,0,0
GPAR,16:21:56.780,2824,0,0,0
GDBG,16:21:56.780,0,0,0,0
GRAW,16:21:56.965,0,0,0,0,0,0
GATT,16:21:56.965,0,-2
GMAG,16:21:56.965,0,0,0,65,-11
GRCC,16:21:56.965,1066,1493,1493,1499
GRCX,16:21:56.965,1070,1493,1500,1500
GMOT,16:21:56.965,950,950,950,950,0,0,0,0
GNAV,16:21:56.965,0,0,0,0
GPAR,16:21:56.965,2680,0,0,0
GDBG,16:21:56.965,0,0,0,0
GRAW,16:21:57.152,0,0,0,0,0,0
GATT,16:21:57.152,0,-2
GMAG,16:21:57.152,0,0,0,65,-17
GRCC,16:21:57.152,1066,1493,1493,1499
GRCX,16:21:57.152,1070,1493,1500,1500
GMOT,16:21:57.152,950,950,950,950,0,0,0,0
GNAV,16:21:57.152,0,0,0,0
GPAR,16:21:57.152,3088,0,0,0
GDBG,16:21:57.152,0,0,0,0
GRAW,16:21:57.343,0,0,0,0,0,0
GATT,16:21:57.343,0,-2
GMAG,16:21:57.343,0,0,0,65,-11
GRCC,16:21:57.343,1066,1493,1493,1499
GRCX,16:21:57.343,1070,1493,1500,1500
GMOT,16:21:57.343,950,950,950,950,0,0,0,0
GNAV,16:21:57.343,0,0,0,0
GPAR,16:21:57.343,2640,0,0,0
GDBG,16:21:57.343,0,0,0,0
GRAW,16:21:57.528,0,0,0,0,0,0
GATT,16:21:57.528,0,-2
GMAG,16:21:57.528,0,0,0,65,-5
GRCC,16:21:57.528,1066,1493,1493,1499
GRCX,16:21:57.528,1070,1493,1500,1500
GMOT,16:21:57.528,950,950,950,950,0,0,0,0
GNAV,16:21:57.528,0,0,0,0
GPAR,16:21:57.528,2632,0,0,0
GDBG,16:21:57.528,0,0,0,0
GRAW,16:21:57.717,0,0,0,0,0,0
GATT,16:21:57.717,0,-2
GMAG,16:21:57.717,0,0,0,65,6
GRCC,16:21:57.717,1066,1493,1493,1499
GRCX,16:21:57.717,1070,1493,1500,1500
GMOT,16:21:57.717,950,950,950,950,0,0,0,0
GNAV,16:21:57.717,0,0,0,0
GPAR,16:21:57.717,2632,0,0,0
GDBG,16:21:57.717,0,0,0,0
GRAW,16:21:57.902,0,0,0,0,0,0
GATT,16:21:57.902,0,-2
GMAG,16:21:57.902,0,0,0,65,12
GRCC,16:21:57.902,1066,1493,1493,1499
GRCX,16:21:57.902,1070,1493,1500,1500
GMOT,16:21:57.902,950,950,950,950,0,0,0,0
GNAV,16:21:57.902,0,0,0,0
GPAR,16:21:57.902,2916,0,0,0
GDBG,16:21:57.902,0,0,0,0
GRAW,16:21:58.090,0,0,0,0,0,0
GATT,16:21:58.090,0,-2
GMAG,16:21:58.090,0,0,0,65,17
GRCC,16:21:58.090,1066,1493,1493,1499
GRCX,16:21:58.090,1070,1493,1500,1500
GMOT,16:21:58.090,950,950,950,950,0,0,0,0
GNAV,16:21:58.090,0,0,0,0
GPAR,16:21:58.090,2668,0,0,0
GDBG,16:21:58.090,0,0,0,0
GRAW,16:21:58.277,0,0,0,0,0,0
GATT,16:21:58.277,0,-2
GMAG,16:21:58.277,0,0,0,65,15
GRCC,16:21:58.277,1066,1493,1493,1499
GRCX,16:21:58.277,1070,1493,1500,1500
GMOT,16:21:58.277,950,950,950,950,0,0,0,0
GNAV,16:21:58.277,0,0,0,0
GPAR,16:21:58.277,2660,0,0,0
GDBG,16:21:58.277,0,0,0,0
GRAW,16:21:58.466,0,0,0,0,0,0
GATT,16:21:58.466,0,-2
GMAG,16:21:58.466,0,0,0,65,10
GRCC,16:21:58.466,1066,1493,1493,1499
GRCX,16:21:58.466,1070,1493,1500,1500
GMOT,16:21:58.466,950,950,950,950,0,0,0,0
GNAV,16:21:58.466,0,0,0,0
GPAR,16:21:58.466,2932,0,0,0
GDBG,16:21:58.466,0,0,0,0
GRAW,16:21:58.652,0,0,0,0,0,0
GATT,16:21:58.652,0,-2
GMAG,16:21:58.652,0,0,0,65,3
GRCC,16:21:58.652,1066,1493,1493,1499
GRCX,16:21:58.652,1070,1493,1500,1500
GMOT,16:21:58.652,950,950,950,950,0,0,0,0
GNAV,16:21:58.652,0,0,0,0
GPAR,16:21:58.652,2636,0,0,0
GDBG,16:21:58.652,0,0,0,0
GRAW,16:21:58.839,0,0,0,0,0,0
GATT,16:21:58.839,0,-2
GMAG,16:21:58.839,0,0,0,65,-8
GRCC,16:21:58.839,1066,1493,1493,1499
GRCX,16:21:58.839,1070,1493,1500,1500
GMOT,16:21:58.839,950,950,950,950,0,0,0,0
GNAV,16:21:58.839,0,0,0,0
GPAR,16:21:58.839,2924,0,0,0
GDBG,16:21:58.839,0,0,0,0
GRAW,16:21:59.029,0,0,0,0,0,0
GATT,16:21:59.029,0,-2
GMAG,16:21:59.029,0,0,0,65,-12
GRCC,16:21:59.029,1066,1493,1493,1499
GRCX,16:21:59.029,1070,1493,1500,1500
GMOT,16:21:59.029,950,950,950,950,0,0,0,0
GNAV,16:21:59.029,0,0,0,0
GPAR,16:21:59.029,2632,0,0,0
GDBG,16:21:59.029,0,0,0,0
GRAW,16:21:59.213,0,0,0,0,0,0
GATT,16:21:59.213,0,-2
GMAG,16:21:59.213,0,0,0,65,-8
GRCC,16:21:59.213,1066,1493,1493,1499
GRCX,16:21:59.213,1070,1493,1500,1500
GMOT,16:21:59.213,950,950,950,950,0,0,0,0
GNAV,16:21:59.213,0,0,0,0
GPAR,16:21:59.213,2632,0,0,0
GDBG,16:21:59.213,0,0,0,0
GRAW,16:21:59.403,0,0,0,0,0,0
GATT,16:21:59.403,0,-2
GMAG,16:21:59.403,0,0,0,65,0
GRCC,16:21:59.403,1066,1493,1493,1499
GRCX,16:21:59.403,1070,1493,1500,1500
GMOT,16:21:59.403,950,950,950,950,0,0,0,0
GNAV,16:21:59.403,0,0,0,0
GPAR,16:21:59.403,2620,0,0,0
GDBG,16:21:59.403,0,0,0,0
GRAW,16:21:59.590,0,0,0,0,0,0
GATT,16:21:59.590,0,-2
GMAG,16:21:59.590,0,0,0,65,10
GRCC,16:21:59.590,1066,1493,1493,1499
GRCX,16:21:59.590,1070,1493,1500,1500
GMOT,16:21:59.590,950,950,950,950,0,0,0,0
GNAV,16:21:59.590,0,0,0,0
GPAR,16:21:59.590,2648,0,0,0
GDBG,16:21:59.590,0,0,0,0
GRAW,16:21:59.745,0,0,0,0,0,0
GATT,16:21:59.745,0,-2
GMAG,16:21:59.745,0,0,0,65,11
GRCC,16:21:59.745,1066,1493,1493,1499
GRCX,16:21:59.745,1070,1493,1500,1500
GMOT,16:21:59.745,950,950,950,950,0,0,0,0
GNAV,16:21:59.745,0,0,0,0
GPAR,16:21:59.745,2660,0,0,0
GDBG,16:21:59.745,0,0,0,0
GRAW,16:21:59.900,0,0,0,0,0,0
GATT,16:21:59.901,0,-2
GMAG,16:21:59.901,0,0,0,65,11
GRCC,16:21:59.901,1066,1493,1493,1499
GRCX,16:21:59.901,1070,1493,1500,1500
GMOT,16:21:59.901,950,950,950,950,0,0,0,0
GNAV,16:21:59.901,0,0,0,0
GPAR,16:21:59.901,2660,0,0,0
GDBG,16:21:59.901,0,0,0,0
GRAW,16:22:00.056,0,0,0,0,0,0
GATT,16:22:00.056,0,-2
GMAG,16:22:00.056,0,0,0,65,5
GRCC,16:22:00.056,1066,1493,1493,1499
GRCX,16:22:00.056,1070,1493,1500,1500
GMOT,16:22:00.056,950,950,950,950,0,0,0,0
GNAV,16:22:00.056,0,0,0,0
GPAR,16:22:00.056,2632,0,0,0
GDBG,16:22:00.056,0,0,0,0
GRAW,16:22:00.242,0,0,0,0,0,0
GATT,16:22:00.242,0,-2
GMAG,16:22:00.242,0,0,0,65,-3
GRCC,16:22:00.242,1066,1493,1493,1499
GRCX,16:22:00.242,1070,1493,1500,1500
GMOT,16:22:00.242,950,950,950,950,0,0,0,0
GNAV,16:22:00.242,0,0,0,0
GPAR,16:22:00.242,2616,0,0,0
GDBG,16:22:00.242,0,0,0,0
GRAW,16:22:00.402,0,0,0,0,0,0
GATT,16:22:00.402,0,-2
GMAG,16:22:00.402,0,0,0,65,-6
GRCC,16:22:00.402,1066,1493,1493,1499
GRCX,16:22:00.402,1070,1493,1500,1500
GMOT,16:22:00.402,950,950,950,950,0,0,0,0
GNAV,16:22:00.402,0,0,0,0
GPAR,16:22:00.402,2644,0,0,0
GDBG,16:22:00.402,0,0,0,0
GRAW,16:22:00.589,0,0,0,0,0,0
GATT,16:22:00.589,0,-2
GMAG,16:22:00.589,0,0,0,65,-11
GRCC,16:22:00.589,1066,1493,1493,1499
GRCX,16:22:00.589,1070,1493,1500,1500
GMOT,16:22:00.589,950,950,950,950,0,0,0,0
GNAV,16:22:00.589,0,0,0,0
GPAR,16:22:00.589,2836,0,0,0
GDBG,16:22:00.589,0,0,0,0
GRAW,16:22:00.742,0,0,0,0,0,0
GATT,16:22:00.742,0,-2
GMAG,16:22:00.742,0,0,0,65,-11
GRCC,16:22:00.742,1066,1493,1493,1499
GRCX,16:22:00.742,1070,1493,1500,1500
GMOT,16:22:00.742,950,950,950,950,0,0,0,0
GNAV,16:22:00.742,0,0,0,0
GPAR,16:22:00.742,2652,0,0,0
GDBG,16:22:00.742,0,0,0,0
GRAW,16:22:00.901,0,0,0,0,0,0
GATT,16:22:00.901,0,-2
GMAG,16:22:00.901,0,0,0,65,-10
GRCC,16:22:00.901,1066,1493,1493,1499
GRCX,16:22:00.901,1070,1493,1500,1500
GMOT,16:22:00.901,950,950,950,950,0,0,0,0
GNAV,16:22:00.901,0,0,0,0
GPAR,16:22:00.901,2872,0,0,0
GDBG,16:22:00.901,0,0,0,0
GRAW,16:22:01.056,0,0,0,0,0,0
GATT,16:22:01.056,0,-2
GMAG,16:22:01.056,0,0,0,65,-6
GRCC,16:22:01.056,1066,1493,1493,1499
GRCX,16:22:01.056,1070,1493,1500,1500
GMOT,16:22:01.056,950,950,950,950,0,0,0,0
GNAV,16:22:01.056,0,0,0,0
GPAR,16:22:01.056,2880,0,0,0
GDBG,16:22:01.056,0,0,0,0
GRAW,16:22:01.209,0,0,0,0,0,0
GATT,16:22:01.209,0,-2
GMAG,16:22:01.209,0,0,0,65,-8
GRCC,16:22:01.209,1066,1493,1493,1499
GRCX,16:22:01.209,1070,1493,1500,1500
GMOT,16:22:01.209,950,950,950,950,0,0,0,0
GNAV,16:22:01.209,0,0,0,0
GPAR,16:22:01.209,3120,0,0,0
GDBG,16:22:01.209,0,0,0,0
GRAW,16:22:01.369,0,0,0,0,0,0
GATT,16:22:01.369,0,-2
GMAG,16:22:01.369,0,0,0,65,-9
GRCC,16:22:01.369,1066,1493,1493,1499
GRCX,16:22:01.369,1070,1493,1500,1500
GMOT,16:22:01.369,950,950,950,950,0,0,0,0
GNAV,16:22:01.369,0,0,0,0
GPAR,16:22:01.369,2636,0,0,0
GDBG,16:22:01.369,0,0,0,0
GRAW,16:22:01.524,0,0,0,0,0,0
GATT,16:22:01.524,0,-2
GMAG,16:22:01.524,0,0,0,65,-10
GRCC,16:22:01.524,1066,1493,1493,1499
GRCX,16:22:01.524,1070,1493,1500,1500
GMOT,16:22:01.524,950,950,950,950,0,0,0,0
GNAV,16:22:01.524,0,0,0,0
GPAR,16:22:01.524,2640,0,0,0
GDBG,16:22:01.524,0,0,0,0
GRAW,16:22:01.681,0,0,0,0,0,0
GATT,16:22:01.681,0,-2
GMAG,16:22:01.681,0,0,0,65,-11
GRCC,16:22:01.681,1066,1493,1493,1499
GRCX,16:22:01.681,1070,1493,1500,1500
GMOT,16:22:01.681,950,950,950,950,0,0,0,0
GNAV,16:22:01.681,0,0,0,0
GPAR,16:22:01.681,2832,0,0,0
GDBG,16:22:01.681,0,0,0,0
GRAW,16:22:01.833,0,0,0,0,0,0
GATT,16:22:01.833,0,-2
GMAG,16:22:01.833,0,0,0,65,-11
GRCC,16:22:01.833,1066,1493,1493,1499
GRCX,16:22:01.833,1070,1493,1500,1500
GMOT,16:22:01.833,950,950,950,950,0,0,0,0
GNAV,16:22:01.833,0,0,0,0
GPAR,16:22:01.833,2912,0,0,0
GDBG,16:22:01.833,0,0,0,0
GRAW,16:22:01.992,0,0,0,0,0,0
GATT,16:22:01.992,0,-2
GMAG,16:22:01.992,0,0,0,65,-12
GRCC,16:22:01.992,1066,1493,1493,1499
GRCX,16:22:01.992,1070,1493,1500,1500
GMOT,16:22:01.992,950,950,950,950,0,0,0,0
GNAV,16:22:01.992,0,0,0,0
GPAR,16:22:01.992,2792,0,0,0
GDBG,16:22:01.992,0,0,0,0
GRAW,16:22:02.147,0,0,0,0,0,0
GATT,16:22:02.147,0,-2
GMAG,16:22:02.147,0,0,0,65,-11
GRCC,16:22:02.147,1066,1493,1493,1499
GRCX,16:22:02.147,1070,1493,1500,1500
GMOT,16:22:02.147,950,950,950,950,0,0,0,0
GNAV,16:22:02.147,0,0,0,0
GPAR,16:22:02.147,2640,0,0,0
GDBG,16:22:02.147,0,0,0,0
GRAW,16:22:02.301,0,0,0,0,0,0
GATT,16:22:02.301,0,-2
GMAG,16:22:02.301,0,0,0,65,-4
GRCC,16:22:02.301,1066,1493,1493,1499
GRCX,16:22:02.301,1070,1493,1500,1500
GMOT,16:22:02.301,950,950,950,950,0,0,0,0
GNAV,16:22:02.301,0,0,0,0
GPAR,16:22:02.301,2644,0,0,0
GDBG,16:22:02.301,0,0,0,0
GRAW,16:22:02.458,0,0,0,0,0,0
GATT,16:22:02.458,0,-2
GMAG,16:22:02.458,0,0,0,65,0
GRCC,16:22:02.458,1066,1493,1493,1499
GRCX,16:22:02.458,1070,1493,1500,1500
GMOT,16:22:02.458,950,950,950,950,0,0,0,0
GNAV,16:22:02.458,0,0,0,0
GPAR,16:22:02.458,2628,0,0,0
GDBG,16:22:02.458,0,0,0,0
GRAW,16:22:02.616,0,0,0,0,0,0
GATT,16:22:02.616,0,-2
GMAG,16:22:02.616,0,0,0,65,-2
GRCC,16:22:02.616,1066,1493,1493,1499
GRCX,16:22:02.616,1070,1493,1500,1500
GMOT,16:22:02.616,950,950,950,950,0,0,0,0
GNAV,16:22:02.616,0,0,0,0
GPAR,16:22:02.616,2896,0,0,0
GDBG,16:22:02.616,0,0,0,0
GRAW,16:22:02.772,0,0,0,0,0,0
GATT,16:22:02.772,0,-2
GMAG,16:22:02.772,0,0,0,65,-3
GRCC,16:22:02.772,1066,1493,1493,1499
GRCX,16:22:02.773,1070,1493,1500,1500
GMOT,16:22:02.773,950,950,950,950,0,0,0,0
GNAV,16:22:02.773,0,0,0,0
GPAR,16:22:02.773,3080,0,0,0
GDBG,16:22:02.773,0,0,0,0
GRAW,16:22:02.924,0,0,0,0,0,0
GATT,16:22:02.924,0,-2
GMAG,16:22:02.924,0,0,0,65,-2
GRCC,16:22:02.924,1066,1493,1493,1499
GRCX,16:22:02.925,1070,1493,1500,1500
GMOT,16:22:02.925,950,950,950,950,0,0,0,0
GNAV,16:22:02.925,0,0,0,0
GPAR,16:22:02.925,2892,0,0,0
GDBG,16:22:02.925,0,0,0,0
GRAW,16:22:03.083,0,0,0,0,0,0
GATT,16:22:03.083,0,-2
GMAG,16:22:03.083,0,0,0,65,-5
GRCC,16:22:03.083,1066,1493,1493,1499
GRCX,16:22:03.083,1070,1493,1500,1500
GMOT,16:22:03.083,950,950,950,950,0,0,0,0
GNAV,16:22:03.083,0,0,0,0
GPAR,16:22:03.083,2632,0,0,0
GDBG,16:22:03.083,0,0,0,0
GRAW,16:22:03.237,0,0,0,0,0,0
GATT,16:22:03.237,0,-2
GMAG,16:22:03.237,0,0,0,65,-4
GRCC,16:22:03.237,1066,1493,1493,1499
GRCX,16:22:03.237,1070,1493,1500,1500
GMOT,16:22:03.237,950,950,950,950,0,0,0,0
GNAV,16:22:03.237,0,0,0,0
GPAR,16:22:03.237,2656,0,0,0
GDBG,16:22:03.237,0,0,0,0
GRAW,16:22:03.396,0,0,0,0,0,0
GATT,16:22:03.396,0,-2
GMAG,16:22:03.396,0,0,0,65,3
GRCC,16:22:03.396,1066,1493,1493,1499
GRCX,16:22:03.396,1070,1493,1500,1500
GMOT,16:22:03.396,950,950,950,950,0,0,0,0
GNAV,16:22:03.396,0,0,0,0
GPAR,16:22:03.396,2816,0,0,0
GDBG,16:22:03.396,0,0,0,0
GRAW,16:23:03.058,0,0,0,0,0,0
GATT,16:23:03.058,0,-2
GMAG,16:23:03.058,0,0,0,65,3
GRCC,16:23:03.058,1066,1493,1493,1499
GRCX,16:23:03.058,1070,1493,1500,1500
GMOT,16:23:03.058,950,950,950,950,0,0,0,0
GNAV,16:23:03.058,0,0,0,0
GPAR,16:23:03.058,3120,0,0,0
GDBG,16:23:03.058,0,0,0,0
GRAW,16:23:03.161,0,0,0,0,0,0
GATT,16:23:03.161,0,-2
GMAG,16:23:03.161,0,0,0,65,-4
GRCC,16:23:03.161,1066,1493,1493,1499
GRCX,16:23:03.161,1070,1493,1500,1500
GMOT,16:23:03.161,950,950,950,950,0,0,0,0
GNAV,16:23:03.161,0,0,0,0
GPAR,16:23:03.161,3120,0,0,0
GDBG,16:23:03.161,0,0,0,0
GRAW,16:23:03.313,0,0,0,0,0,0
GATT,16:23:03.313,-1,-2
GMAG,16:23:03.313,0,0,0,60,-5
GRCC,16:23:03.313,1066,1493,1493,1499
GRCX,16:23:03.313,1070,1493,1500,1500
GMOT,16:23:03.313,950,950,950,950,0,0,0,0
GNAV,16:23:03.313,0,0,0,0
GPAR,16:23:03.313,2812,0,0,0
GDBG,16:23:03.313,0,0,0,0
GRAW,16:23:03.472,0,0,0,0,0,0
GATT,16:23:03.472,0,-2
GMAG,16:23:03.472,0,0,0,60,-1
GRCC,16:23:03.472,1066,1493,1493,1499
GRCX,16:23:03.472,1070,1493,1500,1500
GMOT,16:23:03.472,950,950,950,950,0,0,0,0
GNAV,16:23:03.472,0,0,0,0
GPAR,16:23:03.472,2844,0,0,0
GDBG,16:23:03.472,0,0,0,0
GRAW,16:23:03.627,0,0,0,0,0,0
GATT,16:23:03.627,-1,-2
GMAG,16:23:03.627,0,0,0,60,2
GRCC,16:23:03.627,1066,1493,1493,1499
GRCX,16:23:03.627,1070,1493,1500,1500
GMOT,16:23:03.627,950,950,950,950,0,0,0,0
GNAV,16:23:03.627,0,0,0,0
GPAR,16:23:03.627,2632,0,0,0
GDBG,16:23:03.627,0,0,0,0
GRAW,16:23:03.783,0,0,0,0,0,0
GATT,16:23:03.783,-1,-2
GMAG,16:23:03.783,0,0,0,60,12
GRCC,16:23:03.783,1066,1493,1493,1499
GRCX,16:23:03.783,1070,1493,1500,1500
GMOT,16:23:03.783,950,950,950,950,0,0,0,0
GNAV,16:23:03.783,0,0,0,0
GPAR,16:23:03.783,2844,0,0,0
GDBG,16:23:03.783,0,0,0,0
GRAW,16:23:03.937,0,0,0,0,0,0
GATT,16:23:03.937,-1,-2
GMAG,16:23:03.937,0,0,0,60,18
GRCC,16:23:03.937,1066,1493,1493,1499
GRCX,16:23:03.937,1070,1493,1500,1500
GMOT,16:23:03.937,950,950,950,950,0,0,0,0
GNAV,16:23:03.937,0,0,0,0
GPAR,16:23:03.937,2612,0,0,0
GDBG,16:23:03.937,0,0,0,0
GRAW,16:23:04.097,0,0,0,0,0,0
GATT,16:23:04.097,-1,-2
GMAG,16:23:04.097,0,0,0,60,21
GRCC,16:23:04.097,1066,1493,1493,1499
GRCX,16:23:04.097,1070,1493,1500,1500
GMOT,16:23:04.097,950,950,950,950,0,0,0,0
GNAV,16:23:04.097,0,0,0,0
GPAR,16:23:04.097,2636,0,0,0
GDBG,16:23:04.097,0,0,0,0
GRAW,16:23:04.252,0,0,0,0,0,0
GATT,16:23:04.252,-1,-2
GMAG,16:23:04.252,0,0,0,60,20
GRCC,16:23:04.252,1066,1493,1493,1499
GRCX,16:23:04.252,1070,1493,1500,1500
GMOT,16:23:04.252,950,950,950,950,0,0,0,0
GNAV,16:23:04.252,0,0,0,0
GPAR,16:23:04.252,2948,0,0,0
GDBG,16:23:04.252,0,0,0,0
GRAW,16:23:04.408,0,0,0,0,0,0
GATT,16:23:04.408,-1,-2
GMAG,16:23:04.408,0,0,0,60,17
GRCC,16:23:04.408,1066,1493,1493,1499
GRCX,16:23:04.408,1070,1493,1500,1500
GMOT,16:23:04.408,950,950,950,950,0,0,0,0
GNAV,16:23:04.408,0,0,0,0
GPAR,16:23:04.408,2892,0,0,0
GDBG,16:23:04.408,0,0,0,0
GRAW,16:23:04.561,0,0,0,0,0,0
GATT,16:23:04.561,-1,-2
GMAG,16:23:04.561,0,0,0,60,15
GRCC,16:23:04.561,1066,1493,1493,1499
GRCX,16:23:04.561,1070,1493,1500,1500
GMOT,16:23:04.561,950,950,950,950,0,0,0,0
GNAV,16:23:04.561,0,0,0,0
GPAR,16:23:04.561,2628,0,0,0
GDBG,16:23:04.561,0,0,0,0
GRAW,16:23:04.720,0,0,0,0,0,0
GATT,16:23:04.720,-1,-2
GMAG,16:23:04.720,0,0,0,60,10
GRCC,16:23:04.720,1066,1493,1493,1499
GRCX,16:23:04.720,1070,1493,1500,1500
GMOT,16:23:04.720,950,950,950,950,0,0,0,0
GNAV,16:23:04.720,0,0,0,0
GPAR,16:23:04.720,2624,0,0,0
GDBG,16:23:04.720,0,0,0,0
GRAW,16:23:04.873,0,0,0,0,0,0
GATT,16:23:04.873,-1,-2
GMAG,16:23:04.873,0,0,0,60,5
GRCC,16:23:04.873,1066,1493,1493,1499
GRCX,16:23:04.873,1070,1493,1500,1500
GMOT,16:23:04.873,950,950,950,950,0,0,0,0
GNAV,16:23:04.873,0,0,0,0
GPAR,16:23:04.873,2608,0,0,0
GDBG,16:23:04.873,0,0,0,0
GRAW,16:23:05.032,0,0,0,0,0,0
GATT,16:23:05.032,0,-2
GMAG,16:23:05.032,0,0,0,60,0
GRCC,16:23:05.032,1066,1493,1493,1499
GRCX,16:23:05.032,1070,1493,1500,1500
GMOT,16:23:05.032,950,950,950,950,0,0,0,0
GNAV,16:23:05.032,0,0,0,0
GPAR,16:23:05.032,2868,0,0,0
GDBG,16:23:05.032,0,0,0,0
GRAW,16:23:05.189,0,0,0,0,0,0
GATT,16:23:05.189,-1,-2
GMAG,16:23:05.189,0,0,0,60,3
GRCC,16:23:05.189,1066,1493,1493,1499
GRCX,16:23:05.189,1070,1493,1500,1500
GMOT,16:23:05.189,950,950,950,950,0,0,0,0
GNAV,16:23:05.189,0,0,0,0
GPAR,16:23:05.189,2648,0,0,0
GDBG,16:23:05.189,0,0,0,0
GRAW,16:23:05.345,0,0,0,0,0,0
GATT,16:23:05.345,-1,-2
GMAG,16:23:05.345,0,0,0,60,4
GRCC,16:23:05.345,1066,1493,1493,1499
GRCX,16:23:05.345,1070,1493,1500,1500
GMOT,16:23:05.345,950,950,950,950,0,0,0,0
GNAV,16:23:05.345,0,0,0,0
GPAR,16:23:05.345,2636,0,0,0
GDBG,16:23:05.345,0,0,0,0
GRAW,16:23:05.498,0,0,0,0,0,0
GATT,16:23:05.498,-1,-2
GMAG,16:23:05.498,0,0,0,60,10
GRCC,16:23:05.498,1066,1493,1493,1499
GRCX,16:23:05.498,1070,1493,1500,1500
GMOT,16:23:05.498,950,950,950,950,0,0,0,0
GNAV,16:23:05.498,0,0,0,0
GPAR,16:23:05.498,2632,0,0,0
GDBG,16:23:05.498,0,0,0,0
GRAW,16:23:05.654,0,0,0,0,0,0
GATT,16:23:05.654,-1,-2
GMAG,16:23:05.654,0,0,0,60,16
GRCC,16:23:05.654,1066,1493,1493,1499
GRCX,16:23:05.654,1070,1493,1500,1500
GMOT,16:23:05.654,950,950,950,950,0,0,0,0
GNAV,16:23:05.654,0,0,0,0
GPAR,16:23:05.654,2912,0,0,0
GDBG,16:23:05.654,0,0,0,0
GRAW,16:23:05.813,0,0,0,0,0,0
GATT,16:23:05.813,-1,-2
GMAG,16:23:05.813,0,0,0,60,16
GRCC,16:23:05.813,1066,1493,1493,1499
GRCX,16:23:05.813,1070,1493,1500,1500
GMOT,16:23:05.813,950,950,950,950,0,0,0,0
GNAV,16:23:05.813,0,0,0,0
GPAR,16:23:05.813,2664,0,0,0
GDBG,16:23:05.813,0,0,0,0
GRAW,16:23:05.969,0,0,0,0,0,0
GATT,16:23:05.969,-1,-2
GMAG,16:23:05.969,0,0,0,60,13
GRCC,16:23:05.969,1066,1493,1493,1499
GRCX,16:23:05.969,1070,1493,1500,1500
GMOT,16:23:05.969,950,950,950,950,0,0,0,0
GNAV,16:23:05.969,0,0,0,0
GPAR,16:23:05.969,2816,0,0,0
GDBG,16:23:05.969,0,0,0,0
GRAW,16:23:06.123,0,0,0,0,0,0
GATT,16:23:06.123,-1,-2
GMAG,16:23:06.123,0,0,0,60,8
GRCC,16:23:06.123,1066,1493,1493,1499
GRCX,16:23:06.123,1070,1493,1500,1500
GMOT,16:23:06.123,950,950,950,950,0,0,0,0
GNAV,16:23:06.123,0,0,0,0
GPAR,16:23:06.123,2676,0,0,0
GDBG,16:23:06.123,0,0,0,0
GRAW,16:23:06.278,0,0,0,0,0,0
GATT,16:23:06.278,-1,-2
GMAG,16:23:06.278,0,0,0,60,7
GRCC,16:23:06.278,1066,1493,1493,1499
GRCX,16:23:06.278,1070,1493,1500,1500
GMOT,16:23:06.278,950,950,950,950,0,0,0,0
GNAV,16:23:06.278,0,0,0,0
GPAR,16:23:06.278,2636,0,0,0
GDBG,16:23:06.278,0,0,0,0
GRAW,16:23:06.433,0,0,0,0,0,0
GATT,16:23:06.433,0,-2
GMAG,16:23:06.433,0,0,0,60,3
GRCC,16:23:06.433,1066,1493,1493,1499
GRCX,16:23:06.433,1070,1493,1500,1500
GMOT,16:23:06.433,950,950,950,950,0,0,0,0
GNAV,16:23:06.433,0,0,0,0
GPAR,16:23:06.433,2648,0,0,0
GDBG,16:23:06.433,0,0,0,0
GRAW,16:23:06.590,0,0,0,0,0,0
GATT,16:23:06.590,-1,-2
GMAG,16:23:06.590,0,0,0,60,3
GRCC,16:23:06.590,1066,1493,1493,1499
GRCX,16:23:06.590,1070,1493,1500,1500
GMOT,16:23:06.590,950,950,950,950,0,0,0,0
GNAV,16:23:06.590,0,0,0,0
GPAR,16:23:06.590,2632,0,0,0
GDBG,16:23:06.590,0,0,0,0
GRAW,16:23:06.745,0,0,0,0,0,0
GATT,16:23:06.745,-1,-2
GMAG,16:23:06.745,0,0,0,60,8
GRCC,16:23:06.745,1066,1493,1493,1499
GRCX,16:23:06.745,1070,1493,1500,1500
GMOT,16:23:06.745,950,950,950,950,0,0,0,0
GNAV,16:23:06.745,0,0,0,0
GPAR,16:23:06.745,2644,0,0,0
GDBG,16:23:06.745,0,0,0,0
GRAW,16:23:06.903,0,0,0,0,0,0
GATT,16:23:06.903,-1,-2
GMAG,16:23:06.903,0,0,0,60,12
GRCC,16:23:06.903,1066,1493,1493,1499
GRCX,16:23:06.903,1070,1493,1500,1500
GMOT,16:23:06.903,950,950,950,950,0,0,0,0
GNAV,16:23:06.903,0,0,0,0
GPAR,16:23:06.903,2648,0,0,0
GDBG,16:23:06.903,0,0,0,0
GRAW,16:23:07.060,0,0,0,0,0,0
GATT,16:23:07.060,-1,-2
GMAG,16:23:07.060,0,0,0,60,18
GRCC,16:23:07.060,1066,1493,1493,1499
GRCX,16:23:07.060,1070,1493,1500,1500
GMOT,16:23:07.060,950,950,950,950,0,0,0,0
GNAV,16:23:07.060,0,0,0,0
GPAR,16:23:07.060,2912,0,0,0
GDBG,16:23:07.060,0,0,0,0
GRAW,16:23:07.213,0,0,0,0,0,0
GATT,16:23:07.213,-1,-2
GMAG,16:23:07.213,0,0,0,60,22
GRCC,16:23:07.213,1066,1493,1493,1499
GRCX,16:23:07.213,1070,1493,1500,1500
GMOT,16:23:07.213,950,950,950,950,0,0,0,0
GNAV,16:23:07.213,0,0,0,0
GPAR,16:23:07.213,2628,0,0,0
GDBG,16:23:07.213,0,0,0,0
GRAW,16:23:07.373,0,0,0,0,0,0
GATT,16:23:07.373,0,-2
GMAG,16:23:07.373,0,0,0,60,26
GRCC,16:23:07.373,1066,1493,1493,1499
GRCX,16:23:07.373,1070,1493,1500,1500
GMOT,16:23:07.373,950,950,950,950,0,0,0,0
GNAV,16:23:07.373,0,0,0,0
GPAR,16:23:07.373,2644,0,0,0
GDBG,16:23:07.373,0,0,0,0
GRAW,16:23:07.526,0,0,0,0,0,0
GATT,16:23:07.526,0,-2
GMAG,16:23:07.526,0,0,0,60,31
GRCC,16:23:07.526,1066,1493,1493,1499
GRCX,16:23:07.526,1070,1493,1500,1500
GMOT,16:23:07.526,950,950,950,950,0,0,0,0
GNAV,16:23:07.526,0,0,0,0
GPAR,16:23:07.526,2848,0,0,0
GDBG,16:23:07.526,0,0,0,0
GRAW,16:23:07.683,0,0,0,0,0,0
GATT,16:23:07.683,0,-2
GMAG,16:23:07.683,0,0,0,60,34
GRCC,16:23:07.683,1066,1493,1493,1499
GRCX,16:23:07.683,1070,1493,1500,1500
GMOT,16:23:07.683,950,950,950,950,0,0,0,0
GNAV,16:23:07.683,0,0,0,0
GPAR,16:23:07.683,3104,0,0,0
GDBG,16:23:07.683,0,0,0,0
GRAW,16:23:07.839,0,0,0,0,0,0
GATT,16:23:07.839,-1,-2
GMAG,16:23:07.839,0,0,0,60,37
GRCC,16:23:07.839,1066,1493,1493,1499
GRCX,16:23:07.839,1070,1493,1500,1500
GMOT,16:23:07.839,950,950,950,950,0,0,0,0
GNAV,16:23:07.839,0,0,0,0
GPAR,16:23:07.839,2652,0,0,0
GDBG,16:23:07.839,0,0,0,0
GRAW,16:23:07.993,0,0,0,0,0,0
GATT,16:23:07.993,-1,-2
GMAG,16:23:07.993,0,0,0,60,36
GRCC,16:23:07.993,1066,1493,1493,1499
GRCX,16:23:07.993,1070,1493,1500,1500
GMOT,16:23:07.993,950,950,950,950,0,0,0,0
GNAV,16:23:07.993,0,0,0,0
GPAR,16:23:07.993,2840,0,0,0
GDBG,16:23:07.993,0,0,0,0
GRAW,16:23:08.150,0,0,0,0,0,0
GATT,16:23:08.150,-1,-2
GMAG,16:23:08.150,0,0,0,60,37
GRCC,16:23:08.150,1066,1493,1493,1499
GRCX,16:23:08.150,1070,1493,1500,1500
GMOT,16:23:08.150,950,950,950,950,0,0,0,0
GNAV,16:23:08.150,0,0,0,0
GPAR,16:23:08.150,2612,0,0,0
GDBG,16:23:08.150,0,0,0,0
GRAW,16:23:08.305,0,0,0,0,0,0
GATT,16:23:08.305,-1,-2
GMAG,16:23:08.305,0,0,0,60,37
GRCC,16:23:08.305,1066,1493,1493,1499
GRCX,16:23:08.305,1070,1493,1500,1500
GMOT,16:23:08.305,950,950,950,950,0,0,0,0
GNAV,16:23:08.305,0,0,0,0
GPAR,16:23:08.305,2920,0,0,0
GDBG,16:23:08.305,0,0,0,0
GRAW,16:23:08.462,0,0,0,0,0,0
GATT,16:23:08.462,-1,-2
GMAG,16:23:08.462,0,0,0,60,36
GRCC,16:23:08.462,1066,1493,1493,1499
GRCX,16:23:08.462,1070,1493,1500,1500
GMOT,16:23:08.462,950,950,950,950,0,0,0,0
GNAV,16:23:08.462,0,0,0,0
GPAR,16:23:08.462,2616,0,0,0
GDBG,16:23:08.462,0,0,0,0
GRAW,16:23:08.618,0,0,0,0,0,0
GATT,16:23:08.618,-1,-2
GMAG,16:23:08.618,0,0,0,60,34
GRCC,16:23:08.618,1066,1493,1493,1499
GRCX,16:23:08.618,1070,1493,1500,1500
GMOT,16:23:08.618,950,950,950,950,0,0,0,0
GNAV,16:23:08.618,0,0,0,0
GPAR,16:23:08.618,2620,0,0,0
GDBG,16:23:08.618,0,0,0,0
GRAW,16:23:08.776,0,0,0,0,0,0
GATT,16:23:08.776,-1,-2
GMAG,16:23:08.776,0,0,0,60,31
GRCC,16:23:08.776,1066,1493,1493,1499
GRCX,16:23:08.776,1070,1493,1500,1500
GMOT,16:23:08.776,950,950,950,950,0,0,0,0
GNAV,16:23:08.776,0,0,0,0
GPAR,16:23:08.776,2788,0,0,0
GDBG,16:23:08.776,0,0,0,0
GRAW,16:23:08.930,0,0,0,0,0,0
GATT,16:23:08.930,-1,-2
GMAG,16:23:08.930,0,0,0,60,28
GRCC,16:23:08.930,1066,1493,1493,1499
GRCX,16:23:08.930,1070,1493,1500,1500
GMOT,16:23:08.930,950,950,950,950,0,0,0,0
GNAV,16:23:08.930,0,0,0,0
GPAR,16:23:08.930,2900,0,0,0
GDBG,16:23:08.930,0,0,0,0
GRAW,16:23:09.088,0,0,0,0,0,0
GATT,16:23:09.088,0,-2
GMAG,16:23:09.088,0,0,0,60,25
GRCC,16:23:09.088,1066,1493,1493,1499
GRCX,16:23:09.088,1070,1493,1500,1500
GMOT,16:23:09.088,950,950,950,950,0,0,0,0
GNAV,16:23:09.088,0,0,0,0
GPAR,16:23:09.088,2836,0,0,0
GDBG,16:23:09.088,0,0,0,0
GRAW,16:23:09.240,0,0,0,0,0,0
GATT,16:23:09.241,-1,-2
GMAG,16:23:09.241,0,0,0,60,22
GRCC,16:23:09.241,1066,1493,1493,1499
GRCX,16:23:09.241,1070,1493,1500,1500
GMOT,16:23:09.241,950,950,950,950,0,0,0,0
GNAV,16:23:09.241,0,0,0,0
GPAR,16:23:09.241,2892,0,0,0
GDBG,16:23:09.241,0,0,0,0
GRAW,16:23:09.398,0,0,0,0,0,0
GATT,16:23:09.398,0,-2
GMAG,16:23:09.398,0,0,0,60,19
GRCC,16:23:09.398,1066,1493,1493,1499
GRCX,16:23:09.398,1070,1493,1500,1500
GMOT,16:23:09.398,950,950,950,950,0,0,0,0
GNAV,16:23:09.398,0,0,0,0
GPAR,16:23:09.398,2652,0,0,0
GDBG,16:23:09.398,0,0,0,0
GRAW,16:23:09.553,0,0,0,0,0,0
GATT,16:23:09.553,0,-2
GMAG,16:23:09.553,0,0,0,60,17
GRCC,16:23:09.553,1066,1493,1493,1499
GRCX,16:23:09.553,1070,1493,1500,1500
GMOT,16:23:09.553,950,950,950,950,0,0,0,0
GNAV,16:23:09.553,0,0,0,0
GPAR,16:23:09.553,2632,0,0,0
GDBG,16:23:09.553,0,0,0,0
GRAW,16:23:09.710,0,0,0,0,0,0
GATT,16:23:09.710,-1,-2
GMAG,16:23:09.710,0,0,0,60,20
GRCC,16:23:09.710,1066,1493,1493,1499
GRCX,16:23:09.710,1070,1493,1500,1500
GMOT,16:23:09.710,950,950,950,950,0,0,0,0
GNAV,16:23:09.710,0,0,0,0
GPAR,16:23:09.710,2688,0,0,0
GDBG,16:23:09.710,0,0,0,0
GRAW,16:23:09.866,0,0,0,0,0,0
GATT,16:23:09.866,-1,-2
GMAG,16:23:09.866,0,0,0,60,28
GRCC,16:23:09.866,1066,1493,1493,1499
GRCX,16:23:09.866,1070,1493,1500,1500
GMOT,16:23:09.866,950,950,950,950,0,0,0,0
GNAV,16:23:09.866,0,0,0,0
GPAR,16:23:09.866,2932,0,0,0
GDBG,16:23:09.866,0,0,0,0
GRAW,16:23:10.021,0,0,0,0,0,0
GATT,16:23:10.021,0,-2
GMAG,16:23:10.021,0,0,0,60,27
GRCC,16:23:10.021,1066,1493,1493,1499
GRCX,16:23:10.021,1070,1493,1500,1500
GMOT,16:23:10.021,950,950,950,950,0,0,0,0
GNAV,16:23:10.021,0,0,0,0
GPAR,16:23:10.021,2820,0,0,0
GDBG,16:23:10.021,0,0,0,0
GRAW,16:23:10.180,0,0,0,0,0,0
GATT,16:23:10.180,0,-2
GMAG,16:23:10.180,0,0,0,60,31
GRCC,16:23:10.180,1066,1493,1493,1499
GRCX,16:23:10.180,1070,1493,1500,1500
GMOT,16:23:10.180,950,950,950,950,0,0,0,0
GNAV,16:23:10.180,0,0,0,0
GPAR,16:23:10.180,2808,0,0,0
GDBG,16:23:10.180,0,0,0,0
GRAW,16:23:10.333,0,0,0,0,0,0
GATT,16:23:10.333,0,-2
GMAG,16:23:10.333,0,0,0,60,32
GRCC,16:23:10.333,1066,1493,1493,1499
GRCX,16:23:10.333,1070,1493,1500,1500
GMOT,16:23:10.333,950,950,950,950,0,0,0,0
GNAV,16:23:10.333,0,0,0,0
GPAR,16:23:10.333,2900,0,0,0
GDBG,16:23:10.333,0,0,0,0
GRAW,16:23:10.490,0,0,0,0,0,0
GATT,16:23:10.490,-1,-2
GMAG,16:23:10.490,0,0,0,60,36
GRCC,16:23:10.490,1066,1493,1493,1499
GRCX,16:23:10.490,1070,1493,1500,1500
GMOT,16:23:10.490,950,950,950,950,0,0,0,0
GNAV,16:23:10.490,0,0,0,0
GPAR,16:23:10.490,3128,0,0,0
GDBG,16:23:10.490,0,0,0,0
GRAW,16:23:10.645,0,0,0,0,0,0
GATT,16:23:10.645,0,-2
GMAG,16:23:10.645,0,0,0,60,36
GRCC,16:23:10.645,1066,1493,1493,1499
GRCX,16:23:10.645,1070,1493,1500,1500
GMOT,16:23:10.645,950,950,950,950,0,0,0,0
GNAV,16:23:10.645,0,0,0,0
GPAR,16:23:10.645,2968,0,0,0
GDBG,16:23:10.645,0,0,0,0
GRAW,16:23:10.802,0,0,0,0,0,0
GATT,16:23:10.802,0,-2
GMAG,16:23:10.802,0,0,0,60,35
GRCC,16:23:10.802,1066,1493,1493,1499
GRCX,16:23:10.802,1070,1493,1500,1500
GMOT,16:23:10.802,950,950,950,950,0,0,0,0
GNAV,16:23:10.802,0,0,0,0
GPAR,16:23:10.802,2668,0,0,0
GDBG,16:23:10.802,0,0,0,0
GRAW,16:23:10.959,0,0,0,0,0,0
GATT,16:23:10.959,-1,-2
GMAG,16:23:10.959,0,0,0,60,33
GRCC,16:23:10.959,1066,1493,1493,1499
GRCX,16:23:10.959,1070,1493,1500,1500
GMOT,16:23:10.959,950,950,950,950,0,0,0,0
GNAV,16:23:10.959,0,0,0,0
GPAR,16:23:10.959,2948,0,0,0
GDBG,16:23:10.959,0,0,0,0
GRAW,16:23:11.113,0,0,0,0,0,0
GATT,16:23:11.113,-1,-2
GMAG,16:23:11.113,0,0,0,60,29
GRCC,16:23:11.113,1066,1493,1493,1499
GRCX,16:23:11.113,1070,1493,1500,1500
GMOT,16:23:11.113,950,950,950,950,0,0,0,0
GNAV,16:23:11.113,0,0,0,0
GPAR,16:23:11.113,3132,0,0,0
GDBG,16:23:11.113,0,0,0,0
GRAW,16:23:11.270,0,0,0,0,0,0
GATT,16:23:11.270,-1,-2
GMAG,16:23:11.270,0,0,0,60,21
GRCC,16:23:11.270,1066,1493,1493,1499
GRCX,16:23:11.270,1070,1493,1500,1500
GMOT,16:23:11.270,950,950,950,950,0,0,0,0
GNAV,16:23:11.270,0,0,0,0
GPAR,16:23:11.270,2660,0,0,0
GDBG,16:23:11.270,0,0,0,0
GRAW,16:23:11.428,0,0,0,0,0,0
GATT,16:23:11.428,-1,-2
GMAG,16:23:11.428,0,0,0,60,15
GRCC,16:23:11.428,1066,1493,1493,1499
GRCX,16:23:11.428,1070,1493,1500,1500
GMOT,16:23:11.428,950,950,950,950,0,0,0,0
GNAV,16:23:11.428,0,0,0,0
GPAR,16:23:11.428,2660,0,0,0
GDBG,16:23:11.428,0,0,0,0
GRAW,16:23:11.582,0,0,0,0,0,0
GATT,16:23:11.582,-1,-2
GMAG,16:23:11.582,0,0,0,61,10
GRCC,16:23:11.582,1066,1493,1493,1499
GRCX,16:23:11.582,1070,1493,1500,1500
GMOT,16:23:11.582,950,950,950,950,0,0,0,0
GNAV,16:23:11.582,0,0,0,0
GPAR,16:23:11.582,2808,0,0,0
GDBG,16:23:11.582,0,0,0,0
GRAW,16:23:11.737,0,0,0,0,0,0
GATT,16:23:11.737,-1,-2
GMAG,16:23:11.737,0,0,0,61,8
GRCC,16:23:11.737,1066,1493,1493,1499
GRCX,16:23:11.737,1070,1493,1500,1500
GMOT,16:23:11.737,950,950,950,950,0,0,0,0
GNAV,16:23:11.737,0,0,0,0
GPAR,16:23:11.737,3100,0,0,0
GDBG,16:23:11.737,0,0,0,0
GRAW,16:23:11.894,0,0,0,0,0,0
GATT,16:23:11.894,-1,-2
GMAG,16:23:11.894,0,0,0,61,8
GRCC,16:23:11.894,1066,1493,1493,1499
GRCX,16:23:11.894,1070,1493,1500,1500
GMOT,16:23:11.894,950,950,950,950,0,0,0,0
GNAV,16:23:11.894,0,0,0,0
GPAR,16:23:11.894,2648,0,0,0
GDBG,16:23:11.894,0,0,0,0
GRAW,16:23:12.051,0,0,0,0,0,0
GATT,16:23:12.051,-1,-2
GMAG,16:23:12.051,0,0,0,61,17
GRCC,16:23:12.051,1066,1493,1493,1499
GRCX,16:23:12.051,1070,1493,1500,1500
GMOT,16:23:12.051,950,950,950,950,0,0,0,0
GNAV,16:23:12.051,0,0,0,0
GPAR,16:23:12.051,2644,0,0,0
GDBG,16:23:12.051,0,0,0,0
GRAW,16:23:12.206,0,0,0,0,0,0
GATT,16:23:12.206,-1,-2
GMAG,16:23:12.206,0,0,0,61,23
GRCC,16:23:12.206,1066,1493,1493,1499
GRCX,16:23:12.206,1070,1493,1500,1500
GMOT,16:23:12.206,950,950,950,950,0,0,0,0
GNAV,16:23:12.206,0,0,0,0
GPAR,16:23:12.206,3104,0,0,0
GDBG,16:23:12.206,0,0,0,0
GRAW,16:23:12.364,0,0,0,0,0,0
GATT,16:23:12.364,0,-2
GMAG,16:23:12.364,0,0,0,61,25
GRCC,16:23:12.364,1068,1493,1493,1499
GRCX,16:23:12.364,1070,1493,1500,1500
GMOT,16:23:12.364,950,950,950,950,0,0,0,0
GNAV,16:23:12.364,0,0,0,0
GPAR,16:23:12.364,2656,0,0,0
GDBG,16:23:12.364,0,0,0,0
GRAW,16:23:12.517,0,0,0,0,0,0
GATT,16:23:12.517,0,-2
GMAG,16:23:12.517,0,0,0,61,28
GRCC,16:23:12.517,1068,1493,1493,1499
GRCX,16:23:12.517,1070,1493,1500,1500
GMOT,16:23:12.517,950,950,950,950,0,0,0,0
GNAV,16:23:12.517,0,0,0,0
GPAR,16:23:12.517,2636,0,0,0
GDBG,16:23:12.517,0,0,0,0
GRAW,16:23:12.674,0,0,0,0,0,0
GATT,16:23:12.674,0,-2
GMAG,16:23:12.674,0,0,0,61,31
GRCC,16:23:12.674,1068,1493,1493,1499
GRCX,16:23:12.674,1070,1493,1500,1500
GMOT,16:23:12.674,950,950,950,950,0,0,0,0
GNAV,16:23:12.674,0,0,0,0
GPAR,16:23:12.674,2636,0,0,0
GDBG,16:23:12.674,0,0,0,0
GRAW,16:23:12.830,0,0,0,0,0,0
GATT,16:23:12.830,0,-2
GMAG,16:23:12.830,0,0,0,61,30
GRCC,16:23:12.830,1068,1493,1493,1499
GRCX,16:23:12.830,1070,1493,1500,1500
GMOT,16:23:12.830,950,950,950,950,0,0,0,0
GNAV,16:23:12.830,0,0,0,0
GPAR,16:23:12.830,2640,0,0,0
GDBG,16:23:12.830,0,0,0,0
GRAW,16:23:12.986,0,0,0,0,0,0
GATT,16:23:12.986,0,-2
GMAG,16:23:12.986,0,0,0,60,24
GRCC,16:23:12.986,1068,1493,1493,1499
GRCX,16:23:12.986,1070,1493,1500,1500
GMOT,16:23:12.986,950,950,950,950,0,0,0,0
GNAV,16:23:12.986,0,0,0,0
GPAR,16:23:12.986,2856,0,0,0
GDBG,16:23:12.986,0,0,0,0
GRAW,16:23:13.141,0,0,0,0,0,0
GATT,16:23:13.141,0,-2
GMAG,16:23:13.141,0,0,0,60,21
GRCC,16:23:13.141,1068,1493,1493,1499
GRCX,16:23:13.141,1070,1493,1500,1500
GMOT,16:23:13.141,950,950,950,950,0,0,0,0
GNAV,16:23:13.141,0,0,0,0
GPAR,16:23:13.141,2816,0,0,0
GDBG,16:23:13.141,0,0,0,0
GRAW,16:23:13.300,0,0,0,0,0,0
GATT,16:23:13.300,0,-2
GMAG,16:23:13.300,0,0,0,60,20
GRCC,16:23:13.300,1068,1493,1493,1499
GRCX,16:23:13.300,1070,1493,150