MultiWii telemetry log. Start time:2015/11/18 14:25:20.158
GRAW,14:25:26.007,16,2,254,0,0,0
GATT,14:25:26.007,23,0
GMAG,14:25:26.007,-149,-119,93,127,232
GRCC,14:25:26.007,1500,1500,1500,1500
GRCX,14:25:26.008,1500,1500,1500,1500
GMOT,14:25:26.008,950,950,950,950,0,0,0,0
GNAV,14:25:26.008,0,0,0,0
GPAR,14:25:26.008,2956,0,0,0
GDBG,14:25:26.008,0,0,0,0
GRAW,14:25:26.206,16,2,254,0,0,0
GATT,14:25:26.206,-1,0
GMAG,14:25:26.206,-149,-119,93,6,14
GRCC,14:25:26.206,1500,1500,1500,1500
GRCX,14:25:26.206,1500,1500,1500,1500
GMOT,14:25:26.206,950,950,950,950,0,0,0,0
GNAV,14:25:26.206,0,0,0,0
GPAR,14:25:26.206,2956,0,0,0
GDBG,14:25:26.206,0,0,0,0
GRAW,14:25:26.314,16,2,254,0,0,0
GATT,14:25:26.314,-1,0
GMAG,14:25:26.314,-149,-119,93,6,15
GRCC,14:25:26.314,1500,1500,1500,1500
GRCX,14:25:26.314,1500,1500,1500,1500
GMOT,14:25:26.314,950,950,950,950,0,0,0,0
GNAV,14:25:26.314,0,0,0,0
GPAR,14:25:26.314,2784,0,0,0
GDBG,14:25:26.314,0,0,0,0
GRAW,14:25:26.422,16,2,254,0,0,0
GATT,14:25:26.422,-1,0
GMAG,14:25:26.422,-149,-119,93,6,15
GRCC,14:25:26.422,1500,1500,1500,1500
GRCX,14:25:26.422,1500,1500,1500,1500
GMOT,14:25:26.422,950,950,950,950,0,0,0,0
GNAV,14:25:26.422,0,0,0,0
GPAR,14:25:26.422,2784,0,0,0
GDBG,14:25:26.422,0,0,0,0
GRAW,14:25:26.535,16,2,254,0,0,0
GATT,14:25:26.535,-1,0
GMAG,14:25:26.535,-149,-119,93,6,16
GRCC,14:25:26.535,1500,1500,1500,1500
GRCX,14:25:26.535,1500,1500,1500,1500
GMOT,14:25:26.535,950,950,950,950,0,0,0,0
GNAV,14:25:26.535,0,0,0,0
GPAR,14:25:26.535,2796,0,0,0
GDBG,14:25:26.535,0,0,0,0
GRAW,14:25:26.640,16,2,254,0,0,0
GATT,14:25:26.640,-1,0
GMAG,14:25:26.640,-149,-119,93,6,15
GRCC,14:25:26.640,1500,1500,1500,1500
GRCX,14:25:26.641,1500,1500,1500,1500
GMOT,14:25:26.641,950,950,950,950,0,0,0,0
GNAV,14:25:26.641,0,0,0,0
GPAR,14:25:26.641,2836,0,0,0
GDBG,14:25:26.641,0,0,0,0
GRAW,14:25:26.741,16,2,254,0,0,0
GATT,14:25:26.741,-1,0
GMAG,14:25:26.741,-149,-119,93,6,14
GRCC,14:25:26.741,1500,1500,1500,1500
GRCX,14:25:26.741,1500,1500,1500,1500
GMOT,14:25:26.741,950,950,950,950,0,0,0,0
GNAV,14:25:26.741,0,0,0,0
GPAR,14:25:26.741,2812,0,0,0
GDBG,14:25:26.741,0,0,0,0
GRAW,14:25:26.832,16,2,254,0,0,0
GATT,14:25:26.832,-1,-1
GMAG,14:25:26.832,-149,-119,93,6,16
GRCC,14:25:26.832,1500,1500,1500,1500
GRCX,14:25:26.832,1500,1500,1500,1500
GMOT,14:25:26.832,950,950,950,950,0,0,0,0
GNAV,14:25:26.832,0,0,0,0
GPAR,14:25:26.832,2624,0,0,0
GDBG,14:25:26.832,0,0,0,0
GRAW,14:25:26.920,16,2,254,0,0,0
GATT,14:25:26.920,-1,-1
GMAG,14:25:26.920,-149,-119,93,6,16
GRCC,14:25:26.920,1500,1500,1500,1500
GRCX,14:25:26.920,1500,1500,1500,1500
GMOT,14:25:26.920,950,950,950,950,0,0,0,0
GNAV,14:25:26.920,0,0,0,0
GPAR,14:25:26.920,2664,0,0,0
GDBG,14:25:26.920,0,0,0,0
GRAW,14:25:27.014,16,2,254,0,0,0
GATT,14:25:27.014,-1,-1
GMAG,14:25:27.014,-149,-119,93,6,14
GRCC,14:25:27.014,1500,1500,1500,1500
GRCX,14:25:27.014,1500,1500,1500,1500
GMOT,14:25:27.014,950,950,950,950,0,0,0,0
GNAV,14:25:27.014,0,0,0,0
GPAR,14:25:27.014,2648,0,0,0
GDBG,14:25:27.014,0,0,0,0
GRAW,14:25:27.130,16,2,254,0,0,0
GATT,14:25:27.130,-1,0
GMAG,14:25:27.130,-149,-119,93,6,14
GRCC,14:25:27.130,1500,1500,1500,1500
GRCX,14:25:27.130,1500,1500,1500,1500
GMOT,14:25:27.130,950,950,950,950,0,0,0,0
GNAV,14:25:27.130,0,0,0,0
GPAR,14:25:27.130,2784,0,0,0
GDBG,14:25:27.130,0,0,0,0
GRAW,14:25:27.238,16,2,254,0,0,0
GATT,14:25:27.238,-1,-1
GMAG,14:25:27.238,-149,-119,93,6,10
GRCC,14:25:27.238,1500,1500,1500,1500
GRCX,14:25:27.238,1500,1500,1500,1500
GMOT,14:25:27.238,950,950,950,950,0,0,0,0
GNAV,14:25:27.238,0,0,0,0
GPAR,14:25:27.238,2644,0,0,0
GDBG,14:25:27.238,0,0,0,0
GRAW,14:25:27.342,16,2,254,0,0,0
GATT,14:25:27.342,-1,0
GMAG,14:25:27.342,-149,-119,93,6,7
GRCC,14:25:27.342,1500,1500,1500,1500
GRCX,14:25:27.342,1500,1500,1500,1500
GMOT,14:25:27.342,950,950,950,950,0,0,0,0
GNAV,14:25:27.342,0,0,0,0
GPAR,14:25:27.342,2896,0,0,0
GDBG,14:25:27.342,0,0,0,0
GRAW,14:25:27.443,16,2,254,0,0,0
GATT,14:25:27.443,-1,0
GMAG,14:25:27.443,-149,-119,93,6,5
GRCC,14:25:27.443,1500,1500,1500,1500
GRCX,14:25:27.443,1500,1500,1500,1500
GMOT,14:25:27.443,950,950,950,950,0,0,0,0
GNAV,14:25:27.443,0,0,0,0
GPAR,14:25:27.443,2824,0,0,0
GDBG,14:25:27.443,0,0,0,0
GRAW,14:25:27.545,16,2,254,0,0,0
GATT,14:25:27.545,-15,1
GMAG,14:25:27.545,-149,-119,93,4,5
GRCC,14:25:27.545,1500,1500,1500,1500
GRCX,14:25:27.545,1500,1500,1500,1500
GMOT,14:25:27.545,950,950,950,950,0,0,0,0
GNAV,14:25:27.545,0,0,0,0
GPAR,14:25:27.545,2932,0,0,0
GDBG,14:25:27.545,0,0,0,0
GRAW,14:25:27.645,16,2,254,0,0,0
GATT,14:25:27.645,-20,2
GMAG,14:25:27.645,-149,-119,93,5,3
GRCC,14:25:27.645,1500,1500,1500,1500
GRCX,14:25:27.645,1500,1500,1500,1500
GMOT,14:25:27.645,950,950,950,950,0,0,0,0
GNAV,14:25:27.645,0,0,0,0
GPAR,14:25:27.646,2676,0,0,0
GDBG,14:25:27.646,0,0,0,0
GRAW,14:25:27.747,16,2,254,0,0,0
GATT,14:25:27.747,-16,1
GMAG,14:25:27.747,-149,-119,93,4,0
GRCC,14:25:27.747,1500,1500,1500,1500
GRCX,14:25:27.747,1500,1500,1500,1500
GMOT,14:25:27.747,950,950,950,950,0,0,0,0
GNAV,14:25:27.747,0,0,0,0
GPAR,14:25:27.747,2664,0,0,0
GDBG,14:25:27.747,0,0,0,0
GRAW,14:25:27.895,16,2,254,0,0,0
GATT,14:25:27.895,-6,1
GMAG,14:25:27.895,-149,-119,93,5,0
GRCC,14:25:27.895,1500,1500,1500,1500
GRCX,14:25:27.895,1500,1500,1500,1500
GMOT,14:25:27.895,950,950,950,950,0,0,0,0
GNAV,14:25:27.895,0,0,0,0
GPAR,14:25:27.895,2664,0,0,0
GDBG,14:25:27.895,0,0,0,0
GRAW,14:25:28.028,16,2,254,0,0,0
GATT,14:25:28.028,-6,1
GMAG,14:25:28.028,-149,-119,93,5,0
GRCC,14:25:28.028,1500,1500,1500,1500
GRCX,14:25:28.028,1500,1500,1500,1500
GMOT,14:25:28.028,950,950,950,950,0,0,0,0
GNAV,14:25:28.028,0,0,0,0
GPAR,14:25:28.028,2944,0,0,0
GDBG,14:25:28.028,0,0,0,0
GRAW,14:25:28.160,16,2,254,0,0,0
GATT,14:25:28.160,-6,1
GMAG,14:25:28.160,-149,-119,93,5,1
GRCC,14:25:28.160,1500,1500,1500,1500
GRCX,14:25:28.160,1500,1500,1500,1500
GMOT,14:25:28.160,950,950,950,950,0,0,0,0
GNAV,14:25:28.160,0,0,0,0
GPAR,14:25:28.160,3112,0,0,0
GDBG,14:25:28.160,0,0,0,0
GRAW,14:25:28.294,16,2,254,0,0,0
GATT,14:25:28.294,-6,1
GMAG,14:25:28.294,-149,-119,93,5,-2
GRCC,14:25:28.294,1500,1500,1500,1500
GRCX,14:25:28.294,1500,1500,1500,1500
GMOT,14:25:28.294,950,950,950,950,0,0,0,0
GNAV,14:25:28.294,0,0,0,0
GPAR,14:25:28.294,2656,0,0,0
GDBG,14:25:28.294,0,0,0,0
GRAW,14:25:28.439,16,2,254,0,0,0
GATT,14:25:28.439,-6,1
GMAG,14:25:28.439,-149,-119,93,5,-2
GRCC,14:25:28.439,1500,1500,1500,1500
GRCX,14:25:28.439,1500,1500,1500,1500
GMOT,14:25:28.439,950,950,950,950,0,0,0,0
GNAV,14:25:28.439,0,0,0,0
GPAR,14:25:28.439,2876,0,0,0
GDBG,14:25:28.439,0,0,0,0
GRAW,14:25:28.576,16,2,254,0,0,0
GATT,14:25:28.576,-6,1
GMAG,14:25:28.576,-149,-119,93,5,-2
GRCC,14:25:28.576,1500,1500,1500,1500
GRCX,14:25:28.576,1500,1500,1500,1500
GMOT,14:25:28.576,950,950,950,950,0,0,0,0
GNAV,14:25:28.576,0,0,0,0
GPAR,14:25:28.576,2796,0,0,0
GDBG,14:25:28.576,0,0,0,0
GRAW,14:25:28.718,16,2,254,0,0,0
GATT,14:25:28.718,2,5
GMAG,14:25:28.718,-149,-119,93,9,-2
GRCC,14:25:28.718,1500,1500,1500,1500
GRCX,14:25:28.718,1500,1500,1500,1500
GMOT,14:25:28.718,950,950,950,950,0,0,0,0
GNAV,14:25:28.718,0,0,0,0
GPAR,14:25:28.718,2952,0,0,0
GDBG,14:25:28.718,0,0,0,0
GRAW,14:25:28.857,16,2,254,0,0,0
GATT,14:25:28.857,2,5
GMAG,14:25:28.857,-149,-119,93,9,-1
GRCC,14:25:28.857,1500,1500,1500,1500
GRCX,14:25:28.857,1500,1500,1500,1500
GMOT,14:25:28.857,950,950,950,950,0,0,0,0
GNAV,14:25:28.857,0,0,0,0
GPAR,14:25:28.857,2624,0,0,0
GDBG,14:25:28.857,0,0,0,0
GRAW,14:25:28.996,16,2,254,0,0,0
GATT,14:25:28.996,-3,1
GMAG,14:25:28.996,-149,-119,93,5,1
GRCC,14:25:28.996,1500,1500,1500,1500
GRCX,14:25:28.996,1500,1500,1500,1500
GMOT,14:25:28.996,950,950,950,950,0,0,0,0
GNAV,14:25:28.996,0,0,0,0
GPAR,14:25:28.996,2852,0,0,0
GDBG,14:25:28.996,0,0,0,0
GRAW,14:25:29.137,16,2,254,0,0,0
GATT,14:25:29.138,-3,1
GMAG,14:25:29.138,-149,-119,93,5,4
GRCC,14:25:29.138,1500,1500,1500,1500
GRCX,14:25:29.138,1500,1500,1500,1500
GMOT,14:25:29.138,950,950,950,950,0,0,0,0
GNAV,14:25:29.138,0,0,0,0
GPAR,14:25:29.138,2852,0,0,0
GDBG,14:25:29.138,0,0,0,0
GRAW,14:25:29.280,16,2,254,0,0,0
GATT,14:25:29.280,-7,1
GMAG,14:25:29.280,-149,-119,93,-2,6
GRCC,14:25:29.280,1500,1500,1500,1500
GRCX,14:25:29.280,1500,1500,1500,1500
GMOT,14:25:29.280,950,950,950,950,0,0,0,0
GNAV,14:25:29.280,0,0,0,0
GPAR,14:25:29.280,2852,0,0,0
GDBG,14:25:29.280,0,0,0,0
GRAW,14:25:29.425,16,2,254,0,0,0
GATT,14:25:29.425,-8,1
GMAG,14:25:29.425,-149,-119,93,-3,9
GRCC,14:25:29.425,1500,1500,1500,1500
GRCX,14:25:29.425,1500,1500,1500,1500
GMOT,14:25:29.425,950,950,950,950,0,0,0,0
GNAV,14:25:29.425,0,0,0,0
GPAR,14:25:29.425,3116,0,0,0
GDBG,14:25:29.425,0,0,0,0
GRAW,14:25:29.572,16,2,254,0,0,0
GATT,14:25:29.572,-10,3
GMAG,14:25:29.572,-149,-119,93,-3,14
GRCC,14:25:29.572,1500,1500,1500,1500
GRCX,14:25:29.572,1500,1500,1500,1500
GMOT,14:25:29.572,950,950,950,950,0,0,0,0
GNAV,14:25:29.572,0,0,0,0
GPAR,14:25:29.572,2652,0,0,0
GDBG,14:25:29.572,0,0,0,0
GRAW,14:25:29.712,16,2,254,0,0,0
GATT,14:25:29.712,-12,4
GMAG,14:25:29.712,-149,-119,93,-2,10
GRCC,14:25:29.712,1500,1500,1500,1500
GRCX,14:25:29.712,1500,1500,1500,1500
GMOT,14:25:29.712,950,950,950,950,0,0,0,0
GNAV,14:25:29.712,0,0,0,0
GPAR,14:25:29.712,2652,0,0,0
GDBG,14:25:29.712,0,0,0,0
GRAW,14:25:29.838,16,2,254,0,0,0
GATT,14:25:29.838,-12,4
GMAG,14:25:29.838,-149,-119,93,-2,10
GRCC,14:25:29.838,1500,1500,1500,1500
GRCX,14:25:29.838,1500,1500,1500,1500
GMOT,14:25:29.838,950,950,950,950,0,0,0,0
GNAV,14:25:29.838,0,0,0,0
GPAR,14:25:29.838,2640,0,0,0
GDBG,14:25:29.838,0,0,0,0
GRAW,14:25:29.964,16,2,254,0,0,0
GATT,14:25:29.964,-12,4
GMAG,14:25:29.964,-149,-119,93,-2,11
GRCC,14:25:29.964,1500,1500,1500,1500
GRCX,14:25:29.965,1500,1500,1500,1500
GMOT,14:25:29.965,950,950,950,950,0,0,0,0
GNAV,14:25:29.965,0,0,0,0
GPAR,14:25:29.965,2636,0,0,0
GDBG,14:25:29.965,0,0,0,0
GRAW,14:25:30.102,16,2,254,0,0,0
GATT,14:25:30.102,-12,4
GMAG,14:25:30.102,-149,-119,93,-2,11
GRCC,14:25:30.102,1500,1500,1500,1500
GRCX,14:25:30.102,1500,1500,1500,1500
GMOT,14:25:30.102,950,950,950,950,0,0,0,0
GNAV,14:25:30.102,0,0,0,0
GPAR,14:25:30.102,2636,0,0,0
GDBG,14:25:30.102,0,0,0,0
GRAW,14:25:30.233,16,2,254,0,0,0
GATT,14:25:30.233,-12,4
GMAG,14:25:30.233,-149,-119,93,-2,9
GRCC,14:25:30.233,1500,1500,1500,1500
GRCX,14:25:30.233,1500,1500,1500,1500
GMOT,14:25:30.233,950,950,950,950,0,0,0,0
GNAV,14:25:30.233,0,0,0,0
GPAR,14:25:30.233,2644,0,0,0
GDBG,14:25:30.233,0,0,0,0
GRAW,14:25:30.373,16,2,254,0,0,0
GATT,14:25:30.373,-12,4
GMAG,14:25:30.373,-149,-119,93,-2,9
GRCC,14:25:30.373,1500,1500,1500,1500
GRCX,14:25:30.373,1500,1500,1500,1500
GMOT,14:25:30.373,950,950,950,950,0,0,0,0
GNAV,14:25:30.373,0,0,0,0
GPAR,14:25:30.373,2940,0,0,0
GDBG,14:25:30.373,0,0,0,0
GRAW,14:25:30.514,16,2,254,0,0,0
GATT,14:25:30.514,-12,4
GMAG,14:25:30.514,-149,-119,93,-2,10
GRCC,14:25:30.514,1500,1500,1500,1500
GRCX,14:25:30.514,1500,1500,1500,1500
GMOT,14:25:30.514,950,950,950,950,0,0,0,0
GNAV,14:25:30.514,0,0,0,0
GPAR,14:25:30.514,2648,0,0,0
GDBG,14:25:30.514,0,0,0,0
GRAW,14:25:30.634,16,2,254,0,0,0
GATT,14:25:30.634,-12,4
GMAG,14:25:30.634,-149,-119,93,-2,12
GRCC,14:25:30.634,1500,1500,1500,1500
GRCX,14:25:30.634,1500,1500,1500,1500
GMOT,14:25:30.634,950,950,950,950,0,0,0,0
GNAV,14:25:30.634,0,0,0,0
GPAR,14:25:30.634,2652,0,0,0
GDBG,14:25:30.634,0,0,0,0
GRAW,14:25:30.757,16,2,254,0,0,0
GATT,14:25:30.757,-12,4
GMAG,14:25:30.757,-149,-119,93,-2,13
GRCC,14:25:30.757,1500,1500,1500,1500
GRCX,14:25:30.757,1500,1500,1500,1500
GMOT,14:25:30.757,950,950,950,950,0,0,0,0
GNAV,14:25:30.757,0,0,0,0
GPAR,14:25:30.757,2864,0,0,0
GDBG,14:25:30.757,0,0,0,0
GRAW,14:25:30.882,16,2,254,0,0,0
GATT,14:25:30.882,-9,6
GMAG,14:25:30.882,-149,-119,93,-54,15
GRCC,14:25:30.883,1500,1500,1500,1500
GRCX,14:25:30.883,1500,1500,1500,1500
GMOT,14:25:30.883,950,950,950,950,0,0,0,0
GNAV,14:25:30.883,0,0,0,0
GPAR,14:25:30.883,2644,0,0,0
GDBG,14:25:30.883,0,0,0,0
GRAW,14:25:31.009,16,2,254,0,0,0
GATT,14:25:31.009,-9,7
GMAG,14:25:31.009,-149,-119,93,-62,17
GRCC,14:25:31.009,1500,1500,1500,1500
GRCX,14:25:31.009,1500,1500,1500,1500
GMOT,14:25:31.009,950,950,950,950,0,0,0,0
GNAV,14:25:31.009,0,0,0,0
GPAR,14:25:31.009,2644,0,0,0
GDBG,14:25:31.009,0,0,0,0
GRAW,14:25:31.136,16,2,254,0,0,0
GATT,14:25:31.136,-9,7
GMAG,14:25:31.136,-149,-119,93,-67,19
GRCC,14:25:31.136,1500,1500,1500,1500
GRCX,14:25:31.136,1500,1500,1500,1500
GMOT,14:25:31.136,950,950,950,950,0,0,0,0
GNAV,14:25:31.136,0,0,0,0
GPAR,14:25:31.136,2652,0,0,0
GDBG,14:25:31.136,0,0,0,0
GRAW,14:25:31.257,16,2,254,0,0,0
GATT,14:25:31.257,-9,7
GMAG,14:25:31.257,-149,-119,93,-67,23
GRCC,14:25:31.257,1500,1500,1500,1500
GRCX,14:25:31.258,1500,1500,1500,1500
GMOT,14:25:31.258,950,950,950,950,0,0,0,0
GNAV,14:25:31.258,0,0,0,0
GPAR,14:25:31.258,2664,0,0,0
GDBG,14:25:31.258,0,0,0,0
GRAW,14:25:31.387,16,2,254,0,0,0
GATT,14:25:31.387,-9,7
GMAG,14:25:31.387,-149,-119,93,-67,27
GRCC,14:25:31.387,1500,1500,1500,1500
GRCX,14:25:31.387,1500,1500,1500,1500
GMOT,14:25:31.387,950,950,950,950,0,0,0,0
GNAV,14:25:31.387,0,0,0,0
GPAR,14:25:31.387,2664,0,0,0
GDBG,14:25:31.387,0,0,0,0
GRAW,14:25:31.514,16,2,254,0,0,0
GATT,14:25:31.514,-9,7
GMAG,14:25:31.514,-149,-119,93,-67,27
GRCC,14:25:31.514,1500,1500,1500,1500
GRCX,14:25:31.514,1500,1500,1500,1500
GMOT,14:25:31.514,950,950,950,950,0,0,0,0
GNAV,14:25:31.514,0,0,0,0
GPAR,14:25:31.514,2660,0,0,0
GDBG,14:25:31.514,0,0,0,0
GRAW,14:25:31.638,16,2,254,0,0,0
GATT,14:25:31.638,-9,7
GMAG,14:25:31.638,-149,-119,93,-67,25
GRCC,14:25:31.638,1500,1500,1500,1500
GRCX,14:25:31.638,1500,1500,1500,1500
GMOT,14:25:31.638,950,950,950,950,0,0,0,0
GNAV,14:25:31.638,0,0,0,0
GPAR,14:25:31.638,2908,0,0,0
GDBG,14:25:31.638,0,0,0,0
GRAW,14:25:31.755,16,2,254,0,0,0
GATT,14:25:31.755,-9,7
GMAG,14:25:31.755,-149,-119,93,-67,21
GRCC,14:25:31.755,1500,1500,1500,1500
GRCX,14:25:31.755,1500,1500,1500,1500
GMOT,14:25:31.755,950,950,950,950,0,0,0,0
GNAV,14:25:31.755,0,0,0,0
GPAR,14:25:31.755,2972,0,0,0
GDBG,14:25:31.756,0,0,0,0
GRAW,14:25:31.884,16,2,254,0,0,0
GATT,14:25:31.884,-10,8
GMAG,14:25:31.884,-149,-119,93,-77,17
GRCC,14:25:31.884,1500,1500,1500,1500
GRCX,14:25:31.884,1500,1500,1500,1500
GMOT,14:25:31.884,950,950,950,950,0,0,0,0
GNAV,14:25:31.884,0,0,0,0
GPAR,14:25:31.884,2972,0,0,0
GDBG,14:25:31.884,0,0,0,0
GRAW,14:25:32.005,16,2,254,0,0,0
GATT,14:25:32.005,-11,8
GMAG,14:25:32.005,-149,-119,93,-77,15
GRCC,14:25:32.005,1500,1500,1500,1500
GRCX,14:25:32.005,1500,1500,1500,1500
GMOT,14:25:32.005,950,950,950,950,0,0,0,0
GNAV,14:25:32.005,0,0,0,0
GPAR,14:25:32.005,2660,0,0,0
GDBG,14:25:32.005,0,0,0,0
GRAW,14:25:32.130,16,2,254,0,0,0
GATT,14:25:32.130,-11,8
GMAG,14:25:32.130,-149,-119,93,-77,10
GRCC,14:25:32.130,1500,1500,1500,1500
GRCX,14:25:32.130,1500,1500,1500,1500
GMOT,14:25:32.130,950,950,950,950,0,0,0,0
GNAV,14:25:32.130,0,0,0,0
GPAR,14:25:32.130,2656,0,0,0
GDBG,14:25:32.130,0,0,0,0
GRAW,14:25:32.264,16,2,254,0,0,0
GATT,14:25:32.264,-11,9
GMAG,14:25:32.264,-149,-119,93,-77,7
GRCC,14:25:32.264,1500,1500,1500,1500
GRCX,14:25:32.264,1500,1500,1500,1500
GMOT,14:25:32.264,950,950,950,950,0,0,0,0
GNAV,14:25:32.264,0,0,0,0
GPAR,14:25:32.