MultiWii telemetry log. Start time:2015/11/18 14:51:41.765
GRAW,14:51:41.805,-8,-6,254,0,0,0
GATT,14:51:41.805,-2,0
GMAG,14:51:41.805,-53,128,109,-40,35
GRCC,14:51:41.805,1500,1500,1500,1500
GRCX,14:51:41.805,1500,1500,1500,1500
GMOT,14:51:41.805,950,950,950,950,0,0,0,0
GNAV,14:51:41.805,0,0,0,0
GPAR,14:51:41.805,2536,0,0,0
GDBG,14:51:41.805,0,0,0,0
GRAW,14:51:41.927,-8,-6,254,0,0,0
GATT,14:51:41.927,-2,0
GMAG,14:51:41.927,-53,128,109,-40,36
GRCC,14:51:41.927,1500,1500,1500,1500
GRCX,14:51:41.927,1500,1500,1500,1500
GMOT,14:51:41.927,950,950,950,950,0,0,0,0
GNAV,14:51:41.927,0,0,0,0
GPAR,14:51:41.927,2568,0,0,0
GDBG,14:51:41.927,0,0,0,0
GRAW,14:51:42.049,-8,-6,254,0,0,0
GATT,14:51:42.049,-2,0
GMAG,14:51:42.049,-53,128,109,-40,34
GRCC,14:51:42.049,1500,1500,1500,1500
GRCX,14:51:42.049,1500,1500,1500,1500
GMOT,14:51:42.049,950,950,950,950,0,0,0,0
GNAV,14:51:42.049,0,0,0,0
GPAR,14:51:42.049,2552,0,0,0
GDBG,14:51:42.049,0,0,0,0
GRAW,14:51:42.175,-8,-6,254,0,0,0
GATT,14:51:42.175,-2,0
GMAG,14:51:42.175,-53,128,109,-40,30
GRCC,14:51:42.175,1500,1500,1500,1500
GRCX,14:51:42.176,1500,1500,1500,1500
GMOT,14:51:42.176,950,950,950,950,0,0,0,0
GNAV,14:51:42.176,0,0,0,0
GPAR,14:51:42.176,2552,0,0,0
GDBG,14:51:42.176,0,0,0,0
GRAW,14:51:42.314,-8,-6,254,0,0,0
GATT,14:51:42.314,-2,0
GMAG,14:51:42.314,-53,128,109,-40,28
GRCC,14:51:42.314,1500,1500,1500,1500
GRCX,14:51:42.314,1500,1500,1500,1500
GMOT,14:51:42.314,950,950,950,950,0,0,0,0
GNAV,14:51:42.314,0,0,0,0
GPAR,14:51:42.314,2564,0,0,0
GDBG,14:51:42.314,0,0,0,0
GRAW,14:51:42.438,-8,-6,254,0,0,0
GATT,14:51:42.438,-2,0
GMAG,14:51:42.438,-53,128,109,-40,26
GRCC,14:51:42.438,1500,1500,1500,1500
GRCX,14:51:42.438,1500,1500,1500,1500
GMOT,14:51:42.438,950,950,950,950,0,0,0,0
GNAV,14:51:42.438,0,0,0,0
GPAR,14:51:42.438,2564,0,0,0
GDBG,14:51:42.438,0,0,0,0
GRAW,14:51:42.561,-8,-6,254,0,0,0
GATT,14:51:42.561,-2,0
GMAG,14:51:42.561,-53,128,109,-40,24
GRCC,14:51:42.561,1500,1500,1500,1500
GRCX,14:51:42.561,1500,1500,1500,1500
GMOT,14:51:42.561,950,950,950,950,0,0,0,0
GNAV,14:51:42.561,0,0,0,0
GPAR,14:51:42.561,2564,0,0,0
GDBG,14:51:42.561,0,0,0,0
GRAW,14:51:42.687,-8,-6,254,0,0,0
GATT,14:51:42.687,-2,0
GMAG,14:51:42.687,-53,128,109,-40,23
GRCC,14:51:42.687,1500,1500,1500,1500
GRCX,14:51:42.687,1500,1500,1500,1500
GMOT,14:51:42.687,950,950,950,950,0,0,0,0
GNAV,14:51:42.687,0,0,0,0
GPAR,14:51:42.688,2564,0,0,0
GDBG,14:51:42.688,0,0,0,0
GRAW,14:51:42.827,-8,-6,254,0,0,0
GATT,14:51:42.827,-2,0
GMAG,14:51:42.827,-53,128,109,-40,23
GRCC,14:51:42.827,1500,1500,1500,1500
GRCX,14:51:42.827,1500,1500,1500,1500
GMOT,14:51:42.827,950,950,950,950,0,0,0,0
GNAV,14:51:42.827,0,0,0,0
GPAR,14:51:42.827,2564,0,0,0
GDBG,14:51:42.827,0,0,0,0
GRAW,14:51:42.972,-8,-6,254,0,0,0
GATT,14:51:42.972,-2,0
GMAG,14:51:42.972,-53,128,109,-40,21
GRCC,14:51:42.972,1500,1500,1500,1500
GRCX,14:51:42.972,1500,1500,1500,1500
GMOT,14:51:42.972,950,950,950,950,0,0,0,0
GNAV,14:51:42.972,0,0,0,0
GPAR,14:51:42.972,2760,0,0,0
GDBG,14:51:42.972,0,0,0,0
GRAW,14:51:43.112,-8,-6,254,0,0,0
GATT,14:51:43.112,-2,0
GMAG,14:51:43.112,-53,128,109,-40,23
GRCC,14:51:43.112,1500,1500,1500,1500
GRCX,14:51:43.112,1500,1500,1500,1500
GMOT,14:51:43.112,950,950,950,950,0,0,0,0
GNAV,14:51:43.112,0,0,0,0
GPAR,14:51:43.112,2532,0,0,0
GDBG,14:51:43.112,0,0,0,0
GRAW,14:51:43.250,-8,-6,254,0,0,0
GATT,14:51:43.250,-2,0
GMAG,14:51:43.250,-53,128,109,-40,24
GRCC,14:51:43.250,1500,1500,1500,1500
GRCX,14:51:43.250,1500,1500,1500,1500
GMOT,14:51:43.250,950,950,950,950,0,0,0,0
GNAV,14:51:43.250,0,0,0,0
GPAR,14:51:43.250,3012,0,0,0
GDBG,14:51:43.250,0,0,0,0
GRAW,14:51:43.388,-8,-6,254,0,0,0
GATT,14:51:43.388,-2,0
GMAG,14:51:43.388,-53,128,109,-40,25
GRCC,14:51:43.388,1500,1500,1500,1500
GRCX,14:51:43.388,1500,1500,1500,1500
GMOT,14:51:43.388,950,950,950,950,0,0,0,0
GNAV,14:51:43.388,0,0,0,0
GPAR,14:51:43.388,2804,0,0,0
GDBG,14:51:43.388,0,0,0,0
