MultiWii telemetry log. Start time:2015/11/18 16:20:43.798
GRAW,16:20:49.677,0,0,0,0,0,0
GATT,16:20:49.677,0,-1
GMAG,16:20:49.677,0,0,0,34,11
GRCC,16:20:49.677,1066,1493,1493,1498
GRCX,16:20:49.677,1070,1492,1500,1500
GMOT,16:20:49.677,950,950,950,950,0,0,0,0
GNAV,16:20:49.677,0,0,0,0
GPAR,16:20:49.677,2668,0,0,0
GDBG,16:20:49.677,0,0,0,0
GRAW,16:20:50.075,0,0,0,0,0,0
GATT,16:20:50.075,0,-2
GMAG,16:20:50.075,0,0,0,58,-7
GRCC,16:20:50.075,1067,1494,1494,1501
GRCX,16:20:50.075,1069,1494,1500,1500
GMOT,16:20:50.075,950,950,950,950,0,0,0,0
GNAV,16:20:50.075,0,0,0,0
GPAR,16:20:50.075,2668,0,0,0
GDBG,16:20:50.075,0,0,0,0
GRAW,16:20:50.262,0,0,0,0,0,0
GATT,16:20:50.262,0,-2
GMAG,16:20:50.262,0,0,0,58,-7
GRCC,16:20:50.262,1067,1494,1494,1501
GRCX,16:20:50.262,1069,1494,1500,1500
GMOT,16:20:50.262,950,950,950,950,0,0,0,0
GNAV,16:20:50.262,0,0,0,0
GPAR,16:20:50.262,2608,0,0,0
GDBG,16:20:50.262,0,0,0,0
GRAW,16:20:50.416,0,0,0,0,0,0
GATT,16:20:50.416,0,-2
GMAG,16:20:50.416,0,0,0,58,-7
GRCC,16:20:50.416,1067,1494,1494,1501
GRCX,16:20:50.416,1069,1494,1500,1500
GMOT,16:20:50.416,950,950,950,950,0,0,0,0
GNAV,16:20:50.416,0,0,0,0
GPAR,16:20:50.416,2628,0,0,0
GDBG,16:20:50.416,0,0,0,0
GRAW,16:20:50.572,0,0,0,0,0,0
GATT,16:20:50.572,0,-2
GMAG,16:20:50.572,0,0,0,58,-9
GRCC,16:20:50.572,1067,1494,1494,1501
GRCX,16:20:50.572,1069,1494,1500,1500
GMOT,16:20:50.572,950,950,950,950,0,0,0,0
GNAV,16:20:50.572,0,0,0,0
GPAR,16:20:50.572,2916,0,0,0
GDBG,16:20:50.572,0,0,0,0
GRAW,16:20:50.730,0,0,0,0,0,0
GATT,16:20:50.730,0,-2
GMAG,16:20:50.730,0,0,0,58,-15
GRCC,16:20:50.730,1067,1494,1494,1501
GRCX,16:20:50.730,1069,1494,1500,1500
GMOT,16:20:50.730,950,950,950,950,0,0,0,0
GNAV,16:20:50.730,0,0,0,0
GPAR,16:20:50.730,2672,0,0,0
GDBG,16:20:50.730,0,0,0,0
GRAW,16:20:50.977,0,0,0,0,0,0
GATT,16:20:50.977,0,-2
GMAG,16:20:50.977,0,0,0,58,-14
GRCC,16:20:50.977,1067,1494,1494,1501
GRCX,16:20:50.977,1069,1494,1500,1500
GMOT,16:20:50.977,950,950,950,950,0,0,0,0
GNAV,16:20:50.977,0,0,0,0
GPAR,16:20:50.977,2656,0,0,0
GDBG,16:20:50.977,0,0,0,0
GRAW,16:20:51.135,0,0,0,0,0,0
GATT,16:20:51.135,0,-2
GMAG,16:20:51.135,0,0,0,58,-7
GRCC,16:20:51.135,1067,1494,1494,1501
GRCX,16:20:51.135,1069,1494,1500,1500
GMOT,16:20:51.135,950,950,950,950,0,0,0,0
GNAV,16:20:51.135,0,0,0,0
GPAR,16:20:51.135,2620,0,0,0
GDBG,16:20:51.135,0,0,0,0
GRAW,16:20:51.321,0,0,0,0,0,0
GATT,16:20:51.321,0,-2
GMAG,16:20:51.321,0,0,0,58,-7
GRCC,16:20:51.321,1067,1494,1494,1501
GRCX,16:20:51.321,1069,1494,1500,1500
GMOT,16:20:51.321,950,950,950,950,0,0,0,0
GNAV,16:20:51.321,0,0,0,0
GPAR,16:20:51.321,2620,0,0,0
GDBG,16:20:51.321,0,0,0,0
GRAW,16:20:51.476,0,0,0,0,0,0
GATT,16:20:51.476,0,-2
GMAG,16:20:51.476,0,0,0,58,-5
GRCC,16:20:51.476,1067,1494,1494,1501
GRCX,16:20:51.476,1069,1494,1500,1500
GMOT,16:20:51.476,950,950,950,950,0,0,0,0
GNAV,16:20:51.476,0,0,0,0
GPAR,16:20:51.476,2656,0,0,0
GDBG,16:20:51.476,0,0,0,0
GRAW,16:20:53.942,0,0,0,0,0,0
GATT,16:20:53.942,0,-2
GMAG,16:20:53.942,0,0,0,58,-32
GRCC,16:20:53.942,1067,1494,1494,1501
GRCX,16:20:53.942,1069,1494,1500,1500
GMOT,16:20:53.942,950,950,950,950,0,0,0,0
GNAV,16:20:53.942,0,0,0,0
GPAR,16:20:53.942,2656,0,0,0
GDBG,16:20:53.942,0,0,0,0
GRAW,16:20:54.130,0,0,0,0,0,0
GATT,16:20:54.130,0,-2
GMAG,16:20:54.130,0,0,0,58,-32
GRCC,16:20:54.130,1067,1494,1494,1501
GRCX,16:20:54.130,1069,1494,1500,1500
GMOT,16:20:54.130,950,950,950,950,0,0,0,0
GNAV,16:20:54.130,0,0,0,0
GPAR,16:20:54.130,3100,0,0,0
GDBG,16:20:54.130,0,0,0,0
GRAW,16:20:54.320,0,0,0,0,0,0
GATT,16:20:54.320,0,-2
GMAG,16:20:54.320,0,0,0,58,-30
GRCC,16:20:54.320,1067,1494,1494,1501
GRCX,16:20:54.320,1069,1494,1500,1500
GMOT,16:20:54.320,950,950,950,950,0,0,0,0
GNAV,16:20:54.320,0,0,0,0
GPAR,16:20:54.320,2628,0,0,0
GDBG,16:20:54.320,0,0,0,0
GRAW,16:20:54.507,0,0,0,0,0,0
GATT,16:20:54.507,0,-2
GMAG,16:20:54.507,0,0,0,58,-25
GRCC,16:20:54.507,1067,1494,1494,1501
GRCX,16:20:54.507,1069,1494,1500,1500
GMOT,16:20:54.507,950,950,950,950,0,0,0,0
GNAV,16:20:54.507,0,0,0,0
GPAR,16:20:54.507,3080,0,0,0
GDBG,16:20:54.507,0,0,0,0
GRAW,16:20:54.690,0,0,0,0,0,0
GATT,16:20:54.690,0,-2
GMAG,16:20:54.690,0,0,0,58,-23
GRCC,16:20:54.690,1067,1494,1494,1501
GRCX,16:20:54.690,1069,1494,1500,1500
GMOT,16:20:54.690,950,950,950,950,0,0,0,0
GNAV,16:20:54.690,0,0,0,0
GPAR,16:20:54.690,2920,0,0,0
GDBG,16:20:54.690,0,0,0,0
GRAW,16:20:54.847,0,0,0,0,0,0
GATT,16:20:54.847,0,-2
GMAG,16:20:54.847,0,0,0,58,-26
GRCC,16:20:54.847,1067,1494,1494,1501
GRCX,16:20:54.847,1069,1494,1500,1500
GMOT,16:20:54.847,950,950,950,950,0,0,0,0
GNAV,16:20:54.847,0,0,0,0
GPAR,16:20:54.847,3112,0,0,0
GDBG,16:20:54.847,0,0,0,0
GRAW,16:20:55.002,0,0,0,0,0,0
GATT,16:20:55.002,0,-2
GMAG,16:20:55.002,0,0,0,58,-29
GRCC,16:20:55.002,1067,1494,1494,1501
GRCX,16:20:55.002,1069,1494,1500,1500
GMOT,16:20:55.002,950,950,950,950,0,0,0,0
GNAV,16:20:55.002,0,0,0,0
GPAR,16:20:55.002,2788,0,0,0
GDBG,16:20:55.002,0,0,0,0
GRAW,16:20:55.191,0,0,0,0,0,0
GATT,16:20:55.191,0,-2
GMAG,16:20:55.191,0,0,0,58,-32
GRCC,16:20:55.191,1067,1494,1494,1501
GRCX,16:20:55.191,1069,1494,1500,1500
GMOT,16:20:55.191,950,950,950,950,0,0,0,0
GNAV,16:20:55.191,0,0,0,0
GPAR,16:20:55.191,2812,0,0,0
GDBG,16:20:55.191,0,0,0,0
GRAW,16:20:55.377,0,0,0,0,0,0
GATT,16:20:55.377,0,-2
GMAG,16:20:55.377,0,0,0,58,-32
GRCC,16:20:55.377,1067,1494,1494,1501
GRCX,16:20:55.377,1069,1494,1500,1500
GMOT,16:20:55.377,950,950,950,950,0,0,0,0
GNAV,16:20:55.377,0,0,0,0
GPAR,16:20:55.377,2624,0,0,0
GDBG,16:20:55.377,0,0,0,0
MultiWii telemetry log. Start time:2015/11/18 16:21:01.403
GRAW,16:21:11.004,0,0,0,0,0,0
GATT,16:21:11.004,0,-2
GMAG,16:21:11.004,0,0,0,58,-32
GRCC,16:21:11.004,1067,1494,1494,1501
GRCX,16:21:11.004,1069,1494,1500,1500
GMOT,16:21:11.004,950,950,950,950,0,0,0,0
GNAV,16:21:11.004,0,0,0,0
GPAR,16:21:11.004,2676,0,0,0
GDBG,16:21:11.004,0,0,0,0
GRAW,16:21:11.241,0,0,0,0,0,0
GATT,16:21:11.241,-1,-2
GMAG,16:21:11.241,0,0,0,61,0
GRCC,16:21:11.241,1066,1493,1493,1499
GRCX,16:21:11.241,1070,1493,1500,1500
GMOT,16:21:11.241,950,950,950,950,0,0,0,0
GNAV,16:21:11.241,0,0,0,0
GPAR,16:21:11.241,2676,0,0,0
GDBG,16:21:11.241,0,0,0,0
GRAW,16:21:11.402,0,0,0,0,0,0
GATT,16:21:11.402,-1,-2
GMAG,16:21:11.402,0,0,0,61,0
GRCC,16:21:11.402,1066,1493,1493,1499
GRCX,16:21:11.402,1070,1493,1500,1500
GMOT,16:21:11.402,950,950,950,950,0,0,0,0
GNAV,16:21:11.402,0,0,0,0
GPAR,16:21:11.402,2652,0,0,0
GDBG,16:21:11.402,0,0,0,0
GRAW,16:21:11.553,0,0,0,0,0,0
GATT,16:21:11.553,-1,-2
GMAG,16:21:11.553,0,0,0,61,0
GRCC,16:21:11.553,1066,1493,1493,1499
GRCX,16:21:11.553,1070,1493,1500,1500
GMOT,16:21:11.553,950,950,950,950,0,0,0,0
GNAV,16:21:11.553,0,0,0,0
GPAR,16:21:11.553,2792,0,0,0
GDBG,16:21:11.553,0,0,0,0
GRAW,16:21:11.709,0,0,0,0,0,0
GATT,16:21:11.709,-1,-2
GMAG,16:21:11.709,0,0,0,61,0
GRCC,16:21:11.709,1066,1493,1493,1499
GRCX,16:21:11.709,1070,1493,1500,1500
GMOT,16:21:11.709,950,950,950,950,0,0,0,0
GNAV,16:21:11.709,0,0,0,0
GPAR,16:21:11.709,3064,0,0,0
GDBG,16:21:11.709,0,0,0,0
GRAW,16:21:11.866,0,0,0,0,0,0
GATT,16:21:11.866,-1,-2
GMAG,16:21:11.866,0,0,0,61,0
GRCC,16:21:11.866,1066,1493,1493,1499
GRCX,16:21:11.866,1070,1493,1500,1500
GMOT,16:21:11.866,950,950,950,950,0,0,0,0
GNAV,16:21:11.866,0,0,0,0
GPAR,16:21:11.866,2652,0,0,0
GDBG,16:21:11.866,0,0,0,0
GRAW,16:21:12.025,0,0,0,0,0,0
GATT,16:21:12.025,-1,-2
GMAG,16:21:12.025,0,0,0,61,0
GRCC,16:21:12.025,1066,1493,1493,1499
GRCX,16:21:12.025,1070,1493,1500,1500
GMOT,16:21:12.025,950,950,950,950,0,0,0,0
GNAV,16:21:12.025,0,0,0,0
GPAR,16:21:12.025,2644,0,0,0
GDBG,16:21:12.025,0,0,0,0
GRAW,16:21:12.177,0,0,0,0,0,0
GATT,16:21:12.177,-1,-2
GMAG,16:21:12.177,0,0,0,61,7
GRCC,16:21:12.177,1066,1493,1493,1499
GRCX,16:21:12.177,1070,1493,1500,1500
GMOT,16:21:12.177,950,950,950,950,0,0,0,0
GNAV,16:21:12.177,0,0,0,0
GPAR,16:21:12.177,3120,0,0,0
GDBG,16:21:12.177,0,0,0,0
GRAW,16:21:12.337,0,0,0,0,0,0
GATT,16:21:12.337,-1,-2
GMAG,16:21:12.337,0,0,0,61,10
GRCC,16:21:12.337,1066,1493,1493,1499
GRCX,16:21:12.337,1070,1493,1500,1500
GMOT,16:21:12.337,950,950,950,950,0,0,0,0
GNAV,16:21:12.337,0,0,0,0
GPAR,16:21:12.337,2972,0,0,0
GDBG,16:21:12.337,0,0,0,0
GRAW,16:21:12.492,0,0,0,0,0,0
GATT,16:21:12.492,-1,-2
GMAG,16:21:12.492,0,0,0,61,11
GRCC,16:21:12.492,1066,1493,1493,1499
GRCX,16:21:12.492,1070,1493,1500,1500
GMOT,16:21:12.492,950,950,950,950,0,0,0,0
GNAV,16:21:12.492,0,0,0,0
GPAR,16:21:12.492,2880,0,0,0
GDBG,16:21:12.492,0,0,0,0
GRAW,16:21:12.647,0,0,0,0,0,0
GATT,16:21:12.647,0,-2
GMAG,16:21:12.647,0,0,0,61,14
GRCC,16:21:12.647,1066,1493,1493,1499
GRCX,16:21:12.647,1070,1493,1500,1500
GMOT,16:21:12.647,950,950,950,950,0,0,0,0
GNAV,16:21:12.647,0,0,0,0
GPAR,16:21:12.647,2644,0,0,0
GDBG,16:21:12.647,0,0,0,0
GRAW,16:21:12.804,0,0,0,0,0,0
GATT,16:21:12.804,0,-2
GMAG,16:21:12.804,0,0,0,61,17
GRCC,16:21:12.804,1066,1493,1493,1499
GRCX,16:21:12.804,1070,1493,1500,1500
GMOT,16:21:12.804,950,950,950,950,0,0,0,0
GNAV,16:21:12.804,0,0,0,0
GPAR,16:21:12.804,2640,0,0,0
GDBG,16:21:12.804,0,0,0,0
GRAW,16:21:12.958,0,0,0,0,0,0
GATT,16:21:12.958,0,-2
GMAG,16:21:12.958,0,0,0,61,17
GRCC,16:21:12.958,1066,1493,1493,1499
GRCX,16:21:12.958,1070,1493,1500,1500
GMOT,16:21:12.958,950,950,950,950,0,0,0,0
GNAV,16:21:12.958,0,0,0,0
GPAR,16:21:12.958,2828,0,0,0
GDBG,16:21:12.958,0,0,0,0
GRAW,16:21:13.117,0,0,0,0,0,0
GATT,16:21:13.117,0,-2
GMAG,16:21:13.117,0,0,0,61,14
GRCC,16:21:13.117,1066,1493,1493,1499
GRCX,16:21:13.117,1070,1493,1500,1500
GMOT,16:21:13.117,950,950,950,950,0,0,0,0
GNAV,16:21:13.117,0,0,0,0
GPAR,16:21:13.117,2792,0,0,0
GDBG,16:21:13.117,0,0,0,0
GRAW,16:21:13.273,0,0,0,0,0,0
GATT,16:21:13.273,0,-2
GMAG,16:21:13.273,0,0,0,61,12
GRCC,16:21:13.273,1066,1493,1493,1499
GRCX,16:21:13.273,1070,1493,1500,1500
GMOT,16:21:13.273,950,950,950,950,0,0,0,0
GNAV,16:21:13.273,0,0,0,0
GPAR,16:21:13.273,2684,0,0,0
GDBG,16:21:13.273,0,0,0,0
GRAW,16:21:13.426,0,0,0,0,0,0
GATT,16:21:13.426,0,-2
GMAG,16:21:13.426,0,0,0,61,17
GRCC,16:21:13.426,1066,1493,1493,1499
GRCX,16:21:13.426,1070,1493,1500,1500
GMOT,16:21:13.426,950,950,950,950,0,0,0,0
GNAV,16:21:13.426,0,0,0,0
GPAR,16:21:13.426,2680,0,0,0
GDBG,16:21:13.426,0,0,0,0
GRAW,16:21:13.582,0,0,0,0,0,0
GATT,16:21:13.582,0,-2
GMAG,16:21:13.582,0,0,0,61,22
GRCC,16:21:13.582,1066,1493,1493,1499
GRCX,16:21:13.582,1070,1493,1500,1500
GMOT,16:21:13.582,950,950,950,950,0,0,0,0
GNAV,16:21:13.582,0,0,0,0
GPAR,16:21:13.582,2648,0,0,0
GDBG,16:21:13.582,0,0,0,0
GRAW,16:21:13.741,0,0,0,0,0,0
GATT,16:21:13.741,0,-2
GMAG,16:21:13.741,0,0,0,61,23
GRCC,16:21:13.741,1066,1493,1493,1499
GRCX,16:21:13.741,1070,1493,1500,1500
GMOT,16:21:13.741,950,950,950,950,0,0,0,0
GNAV,16:21:13.741,0,0,0,0
GPAR,16:21:13.741,2872,0,0,0
GDBG,16:21:13.741,0,0,0,0
GRAW,16:21:13.897,0,0,0,0,0,0
GATT,16:21:13.897,0,-2
GMAG,16:21:13.897,0,0,0,61,22
GRCC,16:21:13.897,1066,1493,1493,1499
GRCX,16:21:13.897,1070,1493,1500,1500
GMOT,16:21:13.897,950,950,950,950,0,0,0,0
GNAV,16:21:13.897,0,0,0,0
GPAR,16:21:13.897,2644,0,0,0
GDBG,16:21:13.897,0,0,0,0
GRAW,16:21:14.050,0,0,0,0,0,0
GATT,16:21:14.050,0,-2
GMAG,16:21:14.050,0,0,0,61,26
GRCC,16:21:14.050,1066,1493,1493,1499
GRCX,16:21:14.050,1070,1493,1500,1500
GMOT,16:21:14.050,950,950,950,950,0,0,0,0
GNAV,16:21:14.050,0,0,0,0
GPAR,16:21:14.050,2664,0,0,0
GDBG,16:21:14.050,0,0,0,0
GRAW,16:21:14.206,0,0,0,0,0,0
GATT,16:21:14.206,0,-2
GMAG,16:21:14.206,0,0,0,61,27
GRCC,16:21:14.206,1066,1493,1493,1499
GRCX,16:21:14.206,1070,1493,1500,1500
GMOT,16:21:14.206,950,950,950,950,0,0,0,0
GNAV,16:21:14.206,0,0,0,0
GPAR,16:21:14.206,2644,0,0,0
GDBG,16:21:14.206,0,0,0,0
GRAW,16:21:14.363,0,0,0,0,0,0
GATT,16:21:14.363,-1,-2
GMAG,16:21:14.363,0,0,0,61,25
GRCC,16:21:14.363,1066,1493,1493,1499
GRCX,16:21:14.363,1070,1493,1500,1500
GMOT,16:21:14.363,950,950,950,950,0,0,0,0
GNAV,16:21:14.363,0,0,0,0
GPAR,16:21:14.363,2804,0,0,0
GDBG,16:21:14.363,0,0,0,0
GRAW,16:21:14.521,0,0,0,0,0,0
GATT,16:21:14.521,-1,-2
GMAG,16:21:14.521,0,0,0,61,17
GRCC,16:21:14.521,1066,1493,1493,1499
GRCX,16:21:14.521,1070,1493,1500,1500
GMOT,16:21:14.521,950,950,950,950,0,0,0,0
GNAV,16:21:14.521,0,0,0,0
GPAR,16:21:14.521,2916,0,0,0
GDBG,16:21:14.521,0,0,0,0
GRAW,16:21:14.673,0,0,0,0,0,0
GATT,16:21:14.673,-1,-2
GMAG,16:21:14.673,0,0,0,61,15
GRCC,16:21:14.673,1066,1493,1493,1499
GRCX,16:21:14.673,1070,1493,1500,1500
GMOT,16:21:14.673,950,950,950,950,0,0,0,0
GNAV,16:21:14.673,0,0,0,0
GPAR,16:21:14.673,2644,0,0,0
GDBG,16:21:14.673,0,0,0,0
GRAW,16:21:14.832,0,0,0,0,0,0
GATT,16:21:14.832,-1,-2
GMAG,16:21:14.832,0,0,0,61,13
GRCC,16:21:14.832,1066,1493,1493,1499
GRCX,16:21:14.832,1070,1493,1500,1500
GMOT,16:21:14.832,950,950,950,950,0,0,0,0
GNAV,16:21:14.832,0,0,0,0
GPAR,16:21:14.832,2628,0,0,0
GDBG,16:21:14.832,0,0,0,0
GRAW,16:21:14.989,0,0,0,0,0,0
GATT,16:21:14.989,0,-2
GMAG,16:21:14.989,0,0,0,61,13
GRCC,16:21:14.989,1066,1493,1493,1499
GRCX,16:21:14.989,1070,1493,1500,1500
GMOT,16:21:14.989,950,950,950,950,0,0,0,0
GNAV,16:21:14.989,0,0,0,0
GPAR,16:21:14.989,2624,0,0,0
GDBG,16:21:14.989,0,0,0,0
GRAW,16:21:15.145,0,0,0,0,0,0
GATT,16:21:15.145,-1,-2
GMAG,16:21:15.145,0,0,0,61,14
GRCC,16:21:15.145,1066,1493,1493,1499
GRCX,16:21:15.145,1070,1493,1500,1500
GMOT,16:21:15.145,950,950,950,950,0,0,0,0
GNAV,16:21:15.145,0,0,0,0
GPAR,16:21:15.145,2624,0,0,0
GDBG,16:21:15.145,0,0,0,0
GRAW,16:21:15.300,0,0,0,0,0,0
GATT,16:21:15.300,-1,-2
GMAG,16:21:15.300,0,0,0,61,16
GRCC,16:21:15.300,1066,1493,1493,1499
GRCX,16:21:15.300,1070,1493,1500,1500
GMOT,16:21:15.300,950,950,950,950,0,0,0,0
GNAV,16:21:15.300,0,0,0,0
GPAR,16:21:15.300,2652,0,0,0
GDBG,16:21:15.300,0,0,0,0
GRAW,16:21:15.455,0,0,0,0,0,0
GATT,16:21:15.455,-1,-2
GMAG,16:21:15.455,0,0,0,61,17
GRCC,16:21:15.455,1066,1493,1493,1499
GRCX,16:21:15.455,1070,1493,1500,1500
GMOT,16:21:15.455,950,950,950,950,0,0,0,0
GNAV,16:21:15.455,0,0,0,0
GPAR,16:21:15.455,2644,0,0,0
GDBG,16:21:15.455,0,0,0,0
GRAW,16:21:15.611,0,0,0,0,0,0
GATT,16:21:15.611,-1,-2
GMAG,16:21:15.611,0,0,0,61,20
GRCC,16:21:15.611,1066,1493,1493,1499
GRCX,16:21:15.611,1070,1493,1500,1500
GMOT,16:21:15.611,950,950,950,950,0,0,0,0
GNAV,16:21:15.611,0,0,0,0
GPAR,16:21:15.611,3136,0,0,0
GDBG,16:21:15.611,0,0,0,0
