MultiWii telemetry log. Start time:2015/11/18 14:47:09.279
GRAW,14:47:25.810,-8,-6,254,0,0,0
GATT,14:47:25.810,-1,-1
GMAG,14:47:25.810,-53,128,109,30,-11
GRCC,14:47:25.810,1500,1500,1500,1500
GRCX,14:47:25.810,1500,1500,1500,1500
GMOT,14:47:25.810,950,950,950,950,0,0,0,0
GNAV,14:47:25.810,0,0,0,0
GPAR,14:47:25.810,2640,0,0,0
GDBG,14:47:25.810,0,0,0,0
GRAW,14:47:25.992,-8,-6,254,0,0,0
GATT,14:47:25.992,-1,-1
GMAG,14:47:25.992,-53,128,109,30,-18
GRCC,14:47:25.992,1500,1500,1500,1500
GRCX,14:47:25.992,1500,1500,1500,1500
GMOT,14:47:25.992,950,950,950,950,0,0,0,0
GNAV,14:47:25.992,0,0,0,0
GPAR,14:47:25.992,2640,0,0,0
GDBG,14:47:25.992,0,0,0,0
GRAW,14:47:26.098,-8,-6,254,0,0,0
GATT,14:47:26.098,-1,-1
GMAG,14:47:26.098,-53,128,109,34,-21
GRCC,14:47:26.098,1500,1500,1500,1500
GRCX,14:47:26.098,1500,1500,1500,1500
GMOT,14:47:26.098,950,950,950,950,0,0,0,0
GNAV,14:47:26.098,0,0,0,0
GPAR,14:47:26.098,2644,0,0,0
GDBG,14:47:26.098,0,0,0,0
GRAW,14:47:26.193,-8,-6,254,0,0,0
GATT,14:47:26.193,-1,-1
GMAG,14:47:26.193,-53,128,109,34,-26
GRCC,14:47:26.193,1500,1500,1500,1500
GRCX,14:47:26.193,1500,1500,1500,1500
GMOT,14:47:26.193,950,950,950,950,0,0,0,0
GNAV,14:47:26.193,0,0,0,0
GPAR,14:47:26.193,2904,0,0,0
GDBG,14:47:26.193,0,0,0,0
GRAW,14:47:26.283,-8,-6,254,0,0,0
GATT,14:47:26.283,-1,-1
GMAG,14:47:26.283,-53,128,109,34,-29
GRCC,14:47:26.283,1500,1500,1500,1500
GRCX,14:47:26.283,1500,1500,1500,1500
GMOT,14:47:26.283,950,950,950,950,0,0,0,0
GNAV,14:47:26.283,0,0,0,0
GPAR,14:47:26.283,2648,0,0,0
GDBG,14:47:26.283,0,0,0,0
GRAW,14:47:26.379,-8,-6,254,0,0,0
GATT,14:47:26.379,-1,-1
GMAG,14:47:26.379,-53,128,109,34,-32
GRCC,14:47:26.379,1500,1500,1500,1500
GRCX,14:47:26.379,1500,1500,1500,1500
GMOT,14:47:26.379,950,950,950,950,0,0,0,0
GNAV,14:47:26.379,0,0,0,0
GPAR,14:47:26.379,2620,0,0,0
GDBG,14:47:26.379,0,0,0,0
GRAW,14:47:26.469,-8,-6,254,0,0,0
GATT,14:47:26.469,-1,-1
GMAG,14:47:26.469,-53,128,109,34,-35
GRCC,14:47:26.469,1500,1500,1500,1500
GRCX,14:47:26.469,1500,1500,1500,1500
GMOT,14:47:26.469,950,950,950,950,0,0,0,0
GNAV,14:47:26.469,0,0,0,0
GPAR,14:47:26.469,2832,0,0,0
GDBG,14:47:26.469,0,0,0,0
GRAW,14:47:26.567,-8,-6,254,0,0,0
GATT,14:47:26.567,-1,-1
GMAG,14:47:26.567,-53,128,109,34,-41
GRCC,14:47:26.567,1500,1500,1500,1500
GRCX,14:47:26.567,1500,1500,1500,1500
GMOT,14:47:26.567,950,950,950,950,0,0,0,0
GNAV,14:47:26.567,0,0,0,0
GPAR,14:47:26.567,2648,0,0,0
GDBG,14:47:26.567,0,0,0,0
GRAW,14:47:26.658,-8,-6,254,0,0,0
GATT,14:47:26.658,-1,-1
GMAG,14:47:26.658,-53,128,109,34,-43
GRCC,14:47:26.658,1500,1500,1500,1500
GRCX,14:47:26.658,1500,1500,1500,1500
GMOT,14:47:26.658,950,950,950,950,0,0,0,0
GNAV,14:47:26.658,0,0,0,0
GPAR,14:47:26.658,2928,0,0,0
GDBG,14:47:26.658,0,0,0,0
GRAW,14:47:26.759,-8,-6,254,0,0,0
GATT,14:47:26.759,-1,-1
GMAG,14:47:26.759,-53,128,109,34,-44
GRCC,14:47:26.759,1500,1500,1500,1500
GRCX,14:47:26.759,1500,1500,1500,1500
GMOT,14:47:26.759,950,950,950,950,0,0,0,0
GNAV,14:47:26.759,0,0,0,0
GPAR,14:47:26.759,2804,0,0,0
GDBG,14:47:26.759,0,0,0,0
GRAW,14:47:26.847,-8,-6,254,0,0,0
GATT,14:47:26.847,-1,-1
GMAG,14:47:26.847,-53,128,109,34,-45
GRCC,14:47:26.847,1500,1500,1500,1500
GRCX,14:47:26.847,1500,1500,1500,1500
GMOT,14:47:26.847,950,950,950,950,0,0,0,0
GNAV,14:47:26.847,0,0,0,0
GPAR,14:47:26.847,2852,0,0,0
GDBG,14:47:26.847,0,0,0,0
GRAW,14:47:26.944,-8,-6,254,0,0,0
GATT,14:47:26.944,-1,-1
GMAG,14:47:26.944,-53,128,109,34,-44
GRCC,14:47:26.944,1500,1500,1500,1500
GRCX,14:47:26.944,1500,1500,1500,1500
GMOT,14:47:26.944,950,950,950,950,0,0,0,0
GNAV,14:47:26.944,0,0,0,0
GPAR,14:47:26.944,2672,0,0,0
GDBG,14:47:26.944,0,0,0,0
GRAW,14:47:27.079,-8,-6,254,0,0,0
GATT,14:47:27.079,-1,-1
GMAG,14:47:27.079,-53,128,109,34,-43
GRCC,14:47:27.079,1500,1500,1500,1500
GRCX,14:47:27.079,1500,1500,1500,1500
GMOT,14:47:27.079,950,950,950,950,0,0,0,0
GNAV,14:47:27.079,0,0,0,0
GPAR,14:47:27.079,2780,0,0,0
GDBG,14:47:27.079,0,0,0,0
GRAW,14:47:27.241,-8,-6,254,0,0,0
GATT,14:47:27.241,-1,-1
GMAG,14:47:27.241,-53,128,109,34,-43
GRCC,14:47:27.241,1500,1500,1500,1500
GRCX,14:47:27.241,1500,1500,1500,1500
GMOT,14:47:27.241,950,950,950,950,0,0,0,0
GNAV,14:47:27.241,0,0,0,0
GPAR,14:47:27.241,2912,0,0,0
GDBG,14:47:27.241,0,0,0,0
GRAW,14:47:27.392,-8,-6,254,0,0,0
GATT,14:47:27.392,-1,-1
GMAG,14:47:27.392,-53,128,109,34,-45
GRCC,14:47:27.392,1500,1500,1500,1500
GRCX,14:47:27.392,1500,1500,1500,1500
GMOT,14:47:27.392,950,950,950,950,0,0,0,0
GNAV,14:47:27.392,0,0,0,0
GPAR,14:47:27.392,3104,0,0,0
GDBG,14:47:27.392,0,0,0,0
GRAW,14:47:27.532,-8,-6,254,0,0,0
GATT,14:47:27.532,-1,-1
GMAG,14:47:27.532,-53,128,109,34,-48
GRCC,14:47:27.532,1500,1500,1500,1500
GRCX,14:47:27.532,1500,1500,1500,1500
GMOT,14:47:27.532,950,950,950,950,0,0,0,0
GNAV,14:47:27.532,0,0,0,0
GPAR,14:47:27.532,2616,0,0,0
GDBG,14:47:27.532,0,0,0,0
GRAW,14:47:27.679,-8,-6,254,0,0,0
GATT,14:47:27.679,-1,-1
GMAG,14:47:27.679,-53,128,109,34,-52
GRCC,14:47:27.679,1500,1500,1500,1500
GRCX,14:47:27.679,1500,1500,1500,1500
GMOT,14:47:27.679,950,950,950,950,0,0,0,0
GNAV,14:47:27.679,0,0,0,0
GPAR,14:47:27.679,2820,0,0,0
GDBG,14:47:27.679,0,0,0,0
GRAW,14:47:27.812,-8,-6,254,0,0,0
GATT,14:47:27.812,-1,-1
GMAG,14:47:27.812,-53,128,109,34,-55
GRCC,14:47:27.812,1500,1500,1500,1500
GRCX,14:47:27.812,1500,1500,1500,1500
GMOT,14:47:27.812,950,950,950,950,0,0,0,0
GNAV,14:47:27.812,0,0,0,0
GPAR,14:47:27.812,2632,0,0,0
GDBG,14:47:27.812,0,0,0,0
GRAW,14:47:27.943,-8,-6,254,0,0,0
GATT,14:47:27.943,-1,-1
GMAG,14:47:27.943,-53,128,109,34,-53
GRCC,14:47:27.943,1500,1500,1500,1500
GRCX,14:47:27.943,1500,1500,1500,1500
GMOT,14:47:27.943,950,950,950,950,0,0,0,0
GNAV,14:47:27.943,0,0,0,0
GPAR,14:47:27.943,2632,0,0,0
GDBG,14:47:27.943,0,0,0,0
GRAW,14:47:28.077,-8,-6,254,0,0,0
GATT,14:47:28.078,-1,-1
GMAG,14:47:28.078,-53,128,109,33,-49
GRCC,14:47:28.078,1500,1500,1500,1500
GRCX,14:47:28.078,1500,1500,1500,1500
GMOT,14:47:28.078,950,950,950,950,0,0,0,0
GNAV,14:47:28.078,0,0,0,0
GPAR,14:47:28.078,2656,0,0,0
GDBG,14:47:28.078,0,0,0,0
GRAW,14:47:28.203,-8,-6,254,0,0,0
GATT,14:47:28.203,-1,-1
GMAG,14:47:28.203,-53,128,109,33,-47
GRCC,14:47:28.203,1500,1500,1500,1500
GRCX,14:47:28.203,1500,1500,1500,1500
GMOT,14:47:28.203,950,950,950,950,0,0,0,0
GNAV,14:47:28.203,0,0,0,0
GPAR,14:47:28.203,2656,0,0,0
GDBG,14:47:28.203,0,0,0,0
GRAW,14:47:28.344,-8,-6,254,0,0,0
GATT,14:47:28.344,-1,-1
GMAG,14:47:28.344,-53,128,109,33,-44
GRCC,14:47:28.344,1500,1500,1500,1500
GRCX,14:47:28.344,1500,1500,1500,1500
GMOT,14:47:28.344,950,950,950,950,0,0,0,0
GNAV,14:47:28.344,0,0,0,0
GPAR,14:47:28.344,2656,0,0,0
GDBG,14:47:28.344,0,0,0,0
GRAW,14:47:28.491,-8,-6,254,0,0,0
GATT,14:47:28.491,-1,-1
GMAG,14:47:28.491,-53,128,109,33,-36
GRCC,14:47:28.491,1500,1500,1500,1500
GRCX,14:47:28.491,1500,1500,1500,1500
GMOT,14:47:28.491,950,950,950,950,0,0,0,0
GNAV,14:47:28.491,0,0,0,0
GPAR,14:47:28.491,2784,0,0,0
GDBG,14:47:28.491,0,0,0,0
GRAW,14:47:28.631,-8,-6,254,0,0,0
GATT,14:47:28.631,-1,-1
GMAG,14:47:28.631,-53,128,109,33,-32
GRCC,14:47:28.631,1500,1500,1500,1500
GRCX,14:47:28.631,1500,1500,1500,1500
GMOT,14:47:28.631,950,950,950,950,0,0,0,0
GNAV,14:47:28.631,0,0,0,0
GPAR,14:47:28.631,3116,0,0,0
GDBG,14:47:28.631,0,0,0,0
GRAW,14:47:28.764,-8,-6,254,0,0,0
GATT,14:47:28.764,-1,-1
GMAG,14:47:28.764,-53,128,109,33,-30
GRCC,14:47:28.764,1500,1500,1500,1500
GRCX,14:47:28.764,1500,1500,1500,1500
GMOT,14:47:28.764,950,950,950,950,0,0,0,0
GNAV,14:47:28.764,0,0,0,0
GPAR,14:47:28.764,2632,0,0,0
GDBG,14:47:28.764,0,0,0,0
GRAW,14:47:28.910,-8,-6,254,0,0,0
GATT,14:47:28.910,-1,-1
GMAG,14:47:28.910,-53,128,109,33,-30
GRCC,14:47:28.910,1500,1500,1500,1500
GRCX,14:47:28.910,1500,1500,1500,1500
GMOT,14:47:28.910,950,950,950,950,0,0,0,0
GNAV,14:47:28.910,0,0,0,0
GPAR,14:47:28.910,2632,0,0,0
GDBG,14:47:28.910,0,0,0,0
GRAW,14:47:29.061,-8,-6,254,0,0,0
GATT,14:47:29.061,-1,-1
GMAG,14:47:29.061,-53,128,109,27,-25
GRCC,14:47:29.061,1500,1500,1500,1500
GRCX,14:47:29.061,1500,1500,1500,1500
GMOT,14:47:29.061,950,950,950,950,0,0,0,0
GNAV,14:47:29.061,0,0,0,0
GPAR,14:47:29.061,2652,0,0,0
GDBG,14:47:29.061,0,0,0,0
GRAW,14:47:29.201,-8,-6,254,0,0,0
GATT,14:47:29.201,-1,0
GMAG,14:47:29.201,-53,128,109,25,-22
GRCC,14:47:29.201,1500,1500,1500,1500
GRCX,14:47:29.201,1500,1500,1500,1500
GMOT,14:47:29.201,950,950,950,950,0,0,0,0
GNAV,14:47:29.201,0,0,0,0
GPAR,14:47:29.201,2944,0,0,0
GDBG,14:47:29.201,0,0,0,0
GRAW,14:47:29.340,-8,-6,254,0,0,0
GATT,14:47:29.340,-1,0
GMAG,14:47:29.340,-53,128,109,24,-22
GRCC,14:47:29.340,1500,1500,1500,1500
GRCX,14:47:29.340,1500,1500,1500,1500
GMOT,14:47:29.340,950,950,950,950,0,0,0,0
GNAV,14:47:29.340,0,0,0,0
GPAR,14:47:29.340,2656,0,0,0
GDBG,14:47:29.340,0,0,0,0
GRAW,14:47:29.469,-8,-6,254,0,0,0
GATT,14:47:29.469,-1,0
GMAG,14:47:29.469,-53,128,109,24,-21
GRCC,14:47:29.470,1500,1500,1500,1500
GRCX,14:47:29.470,1500,1500,1500,1500
GMOT,14:47:29.470,950,950,950,950,0,0,0,0
GNAV,14:47:29.470,0,0,0,0
GPAR,14:47:29.470,2644,0,0,0
GDBG,14:47:29.470,0,0,0,0
GRAW,14:47:29.611,-8,-6,254,0,0,0
GATT,14:47:29.611,-1,0
GMAG,14:47:29.611,-53,128,109,25,-16
GRCC,14:47:29.612,1500,1500,1500,1500
GRCX,14:47:29.612,1500,1500,1500,1500
GMOT,14:47:29.612,950,950,950,950,0,0,0,0
GNAV,14:47:29.612,0,0,0,0
GPAR,14:47:29.612,2608,0,0,0
GDBG,14:47:29.612,0,0,0,0
GRAW,14:47:29.781,-8,-6,254,0,0,0
GATT,14:47:29.781,-1,-1
GMAG,14:47:29.781,-53,128,109,29,-10
GRCC,14:47:29.781,1500,1500,1500,1500
GRCX,14:47:29.781,1500,1500,1500,1500
GMOT,14:47:29.781,950,950,950,950,0,0,0,0
GNAV,14:47:29.781,0,0,0,0
GPAR,14:47:29.781,2624,0,0,0
GDBG,14:47:29.781,0,0,0,0
GRAW,14:47:29.916,-8,-6,254,0,0,0
GATT,14:47:29.916,-1,-1
GMAG,14:47:29.916,-53,128,109,32,-5
GRCC,14:47:29.916,1500,1500,1500,1500
GRCX,14:47:29.916,1500,1500,1500,1500
GMOT,14:47:29.916,950,950,950,950,0,0,0,0
GNAV,14:47:29.916,0,0,0,0
GPAR,14:47:29.916,2920,0,0,0
GDBG,14:47:29.916,0,0,0,0
GRAW,14:47:30.049,-8,-6,254,0,0,0
GATT,14:47:30.049,-1,-1
GMAG,14:47:30.049,-53,128,109,33,-3
GRCC,14:47:30.049,1500,1500,1500,1500
GRCX,14:47:30.049,1500,1500,1500,1500
GMOT,14:47:30.049,950,950,950,950,0,0,0,0
GNAV,14:47:30.049,0,0,0,0
GPAR,14:47:30.049,2920,0,0,0
GDBG,14:47:30.049,0,0,0,0
GRAW,14:47:30.155,-8,-6,254,0,0,0
GATT,14:47:30.155,-1,-1
GMAG,14:47:30.155,-53,128,109,33,-3
GRCC,14:47:30.155,1500,1500,1500,1500
GRCX,14:47:30.155,1500,1500,1500,1500
GMOT,14:47:30.155,950,950,950,950,0,0,0,0
GNAV,14:47:30.155,0,0,0,0
GPAR,14:47:30.155,2876,0,0,0
GDBG,14:47:30.155,0,0,0,0
GRAW,14:47:30.283,-8,-6,254,0,0,0
GATT,14:47:30.283,-1,-1
GMAG,14:47:30.283,-53,128,109,33,-3
GRCC,14:47:30.283,1500,1500,1500,1500
GRCX,14:47:30.283,1500,1500,1500,1500
GMOT,14:47:30.283,950,950,950,950,0,0,0,0
GNAV,14:47:30.283,0,0,0,0
GPAR,14:47:30.283,2652,0,0,0
GDBG,14:47:30.283,0,0,0,0
GRAW,14:47:30.401,-8,-6,254,0,0,0
GATT,14:47:30.401,-1,-1
GMAG,14:47:30.401,-53,128,109,33,-2
GRCC,14:47:30.401,1500,1500,1500,1500
GRCX,14:47:30.401,1500,1500,1500,1500
GMOT,14:47:30.401,950,950,950,950,0,0,0,0
GNAV,14:47:30.401,0,0,0,0
GPAR,14:47:30.401,2624,0,0,0
GDBG,14:47:30.401,0,0,0,0
GRAW,14:47:30.527,-8,-6,254,0,0,0
GATT,14:47:30.527,-1,-1
GMAG,14:47:30.527,-53,128,109,33,-6
GRCC,14:47:30.527,1500,1500,1500,1500
GRCX,14:47:30.527,1500,1500,1500,1500
GMOT,14:47:30.527,950,950,950,950,0,0,0,0
GNAV,14:47:30.527,0,0,0,0
GPAR,14:47:30.527,2624,0,0,0
GDBG,14:47:30.527,0,0,0,0
GRAW,14:47:30.639,-8,-6,254,0,0,0
GATT,14:47:30.639,-1,-1
GMAG,14:47:30.639,-53,128,109,34,-8
GRCC,14:47:30.639,1500,1500,1500,1500
GRCX,14:47:30.639,1500,1500,1500,1500
GMOT,14:47:30.639,950,950,950,950,0,0,0,0
GNAV,14:47:30.639,0,0,0,0
GPAR,14:47:30.639,2644,0,0,0
GDBG,14:47:30.639,0,0,0,0
GRAW,14:47:30.744,-8,-6,254,0,0,0
GATT,14:47:30.744,-1,-1
GMAG,14:47:30.744,-53,128,109,34,-11
GRCC,14:47:30.744,1500,1500,1500,1500
GRCX,14:47:30.744,1500,1500,1500,1500
GMOT,14:47:30.744,950,950,950,950,0,0,0,0
GNAV,14:47:30.744,0,0,0,0
GPAR,14:47:30.744,2644,0,0,0
GDBG,14:47:30.744,0,0,0,0
GRAW,14:47:30.869,-8,-6,254,0,0,0
GATT,14:47:30.869,-1,-1
GMAG,14:47:30.869,-53,128,109,34,-11
GRCC,14:47:30.869,1500,1500,1500,1500
GRCX,14:47:30.869,1500,1500,1500,1500
GMOT,14:47:30.869,950,950,950,950,0,0,0,0
GNAV,14:47:30.869,0,0,0,0
GPAR,14:47:30.869,3124,0,0,0
GDBG,14:47:30.869,0,0,0,0
GRAW,14:47:31.018,-8,-6,254,0,0,0
GATT,14:47:31.018,-1,-1
GMAG,14:47:31.018,-53,128,109,34,-11
GRCC,14:47:31.018,1500,1500,1500,1500
GRCX,14:47:31.018,1500,1500,1500,1500
GMOT,14:47:31.018,950,950,950,950,0,0,0,0
GNAV,14:47:31.018,0,0,0,0
GPAR,14:47:31.018,3124,0,0,0
GDBG,14:47:31.018,0,0,0,0
GRAW,14:47:31.154,-8,-6,254,0,0,0
GATT,14:47:31.154,-1,-1
GMAG,14:47:31.154,-53,128,109,34,-7
GRCC,14:47:31.154,1500,1500,1500,1500
GRCX,14:47:31.154,1500,1500,1500,1500
GMOT,14:47:31.154,950,950,950,950,0,0,0,0
GNAV,14:47:31.154,0,0,0,0
GPAR,14:47:31.154,2616,0,0,0
GDBG,14:47:31.154,0,0,0,0
GRAW,14:47:31.292,-8,-6,254,0,0,0
GATT,14:47:31.293,-1,-1
GMAG,14:47:31.293,-53,128,109,34,-7
GRCC,14:47:31.293,1500,1500,1500,1500
GRCX,14:47:31.293,1500,1500,1500,1500
GMOT,14:47:31.293,950,950,950,950,0,0,0,0
GNAV,14:47:31.293,0,0,0,0
GPAR,14:47:31.293,2616,0,0,0
GDBG,14:47:31.293,0,0,0,0
GRAW,14:47:31.435,-8,-6,254,0,0,0
GATT,14:47:31.435,-1,-1
GMAG,14:47:31.435,-53,128,109,34,-7
GRCC,14:47:31.435,1500,1500,1500,1500
GRCX,14:47:31.435,1500,1500,1500,1500
GMOT,14:47:31.435,950,950,950,950,0,0,0,0
GNAV,14:47:31.435,0,0,0,0
GPAR,14:47:31.435,2616,0,0,0
GDBG,14:47:31.435,0,0,0,0
GRAW,14:47:31.580,-8,-6,254,0,0,0
GATT,14:47:31.580,-1,-1
GMAG,14:47:31.580,-53,128,109,34,-19
GRCC,14:47:31.580,1500,1500,1500,1500
GRCX,14:47:31.580,1500,1500,1500,1500
GMOT,14:47:31.580,950,950,950,950,0,0,0,0
GNAV,14:47:31.580,0,0,0,0
GPAR,14:47:31.580,2616,0,0,0
GDBG,14:47:31.580,0,0,0,0
GRAW,14:47:31.720,-8,-6,254,0,0,0
GATT,14:47:31.720,-1,-1
GMAG,14:47:31.720,-53,128,109,34,-23
GRCC,14:47:31.720,1500,1500,1500,1500
GRCX,14:47:31.720,1500,1500,1500,1500
GMOT,14:47:31.720,950,950,950,950,0,0,0,0
GNAV,14:47:31.720,0,0,0,0
GPAR,14:47:31.720,2616,0,0,0
GDBG,14:47:31.720,0,0,0,0
GRAW,14:47:31.860,-8,-6,254,0,0,0
GATT,14:47:31.860,-1,-1
GMAG,14:47:31.860,-53,128,109,34,-26
GRCC,14:47:31.860,1500,1500,1500,1500
GRCX,14:47:31.860,1500,1500,1500,1500
GMOT,14:47:31.860,950,950,950,950,0,0,0,0
GNAV,14:47:31.860,0,0,0,0
GPAR,14:47:31.860,2604,0,0,0
GDBG,14:47:31.860,0,0,0,0
GRAW,14:47:31.998,-8,-6,254,0,0,0
GATT,14:47:31.998,-1,-1
GMAG,14:47:31.998,-53,128,109,34,-28
GRCC,14:47:31.998,1500,1500,1500,1500
GRCX,14:47:31.998,1500,1500,1500,1500
GMOT,14:47:31.998,950,950,950,950,0,0,0,0
GNAV,14:47:31.998,0,0,0,0
GPAR,14:47:31.998,2780,0,0,0
GDBG,14:47:31.998,0,0,0,0
GRAW,14:47:32.140,-8,-6,254,0,0,0
GATT,14:47:32.140,-1,-1
GMAG,14:47:32.140,-53,128,109,34,-27
GRCC,14:47:32.140,1500,1500,1500,1500
GRCX,14:47:32.140,1500,1500,1500,1500
GMOT,14:47:32.140,950,950,950,950,0,0,0,0
GNAV,14:47:32.140,0,0,0,0
GPAR,14:47:32.140,2608,0,0,0
GDBG,14:47:32.140,0,0,0,0
GRAW,14:47:32.275,-8,-6,254,0,0,0
GATT,14:47:32.275,-1,-1
GMAG,14:47:32.275,-53,128,109,34,-24
GRCC,14:47:32.275,1500,1500,1500,1500
GRCX,14:47:32.275,1500,1500,1500,1500
GMOT,14:47:32.275,950,950,950,950,0,0,0,0
GNAV,14:47:32.275,0,0,0,0
GPAR,14:47:32.275,2616,0,0,0
GDBG,14:47:32.275,0,0,0,0
GRAW,14:47:32.405,-8,-6,254,0,0,0
GATT,14:47:32.405,-1,-1
GMAG,14:47:32.405,-53,128,109,34,-23
GRCC,14:47:32.405,1500,1500,1500,1500
GRCX,14:47:32.405,1500,1500,1500,1500
GMOT,14:47:32.405,950,950,950,950,0,0,0,0
GNAV,14:47:32.405,0,0,0,0
GPAR,14:47:32.405,2792,0,0,0
GDBG,14:47:32.405,0,0,0,0
GRAW,14:47:32.545,-8,-6,254,0,0,0
GATT,14:47:32.545,-1,-1
GMAG,14:47:32.545,-53,128,109,34,-25
GRCC,14:47:32.545,1500,1500,1500,1500
GRCX,14:47:32.545,1500,1500,1500,1500
GMOT,14:47:32.545,950,950,950,950,0,0,0,0
GNAV,14:47:32.545,0,0,0,0
GPAR,14:47:32.545,2784,0,0,0
GDBG,14:47:32.545,0,0,0,0
GRAW,14:47:32.679,-8,-6,254,0,0,0
GATT,14:47:32.679,-1,-1
GMAG,14:47:32.679,-53,128,109,34,-28
GRCC,14:47:32.679,1500,1500,1500,1500
GRCX,14:47:32.679,1500,1500,1500,1500
GMOT,14:47:32.679,950,950,950,950,0,0,0,0
GNAV,14:47:32.679,0,0,0,0
GPAR,14:47:32.679,2624,0,0,0
GDBG,14:47:32.679,0,0,0,0
GRAW,14:47:32.822,-8,-6,254,0,0,0
GATT,14:47:32.822,-1,-1
GMAG,14:47:32.822,-53,128,109,34,-29
GRCC,14:47:32.822,1500,1500,1500,1500
GRCX,14:47:32.822,1500,1500,1500,1500
GMOT,14:47:32.822,950,950,950,950,0,0,0,0
GNAV,14:47:32.822,0,0,0,0
GPAR,14:47:32.822,2636,0,0,0
GDBG,14:47:32.822,0,0,0,0
GRAW,14:47:32.944,-8,-6,254,0,0,0
GATT,14:47:32.944,-1,-1
GMAG,14:47:32.944,-53,128,109,34,-28
GRCC,14:47:32.944,1500,1500,1500,1500
GRCX,14:47:32.944,1500,1500,1500,1500
GMOT,14:47:32.944,950,950,950,950,0,0,0,0
GNAV,14:47:32.944,0,0,0,0
GPAR,14:47:32.944,2636,0,0,0
GDBG,14:47:32.944,0,0,0,0
GRAW,14:47:33.060,-8,-6,254,0,0,0
GATT,14:47:33.060,-1,-1
GMAG,14:47:33.060,-53,128,109,34,-29
GRCC,14:47:33.060,1500,1500,1500,1500
GRCX,14:47:33.060,1500,1500,1500,1500
GMOT,14:47:33.060,950,950,950,950,0,0,0,0
GNAV,14:47:33.060,0,0,0,0
GPAR,14:47:33.060,2624,0,0,0
GDBG,14:47:33.060,0,0,0,0
GRAW,14:47:33.197,-8,-6,254,0,0,0
GATT,14:47:33.197,-1,-1
GMAG,14:47:33.197,-53,128,109,34,-27
GRCC,14:47:33.197,1500,1500,1500,1500
GRCX,14:47:33.197,1500,1500,1500,1500
GMOT,14:47:33.197,950,950,950,950,0,0,0,0
GNAV,14:47:33.197,0,0,0,0
GPAR,14:47:33.197,2796,0,0,0
GDBG,14:47:33.197,0,0,0,0
GRAW,14:47:33.326,-8,-6,254,0,0,0
GATT,14:47:33.326,-1,-1
GMAG,14:47:33.326,-53,128,109,34,-29
GRCC,14:47:33.326,1500,1500,1500,1500
GRCX,14:47:33.326,1500,1500,1500,1500
GMOT,14:47:33.326,950,950,950,950,0,0,0,0
GNAV,14:47:33.326,0,0,0,0
GPAR,14:47:33.326,2632,0,0,0
GDBG,14:47:33.326,0,0,0,0
GRAW,14:47:33.458,-8,-6,254,0,0,0
GATT,14:47:33.458,-1,-1
GMAG,14:47:33.458,-53,128,109,34,-28
GRCC,14:47:33.458,1500,1500,1500,1500
GRCX,14:47:33.458,1500,1500,1500,1500
GMOT,14:47:33.458,950,950,950,950,0,0,0,0
GNAV,14:47:33.458,0,0,0,0
GPAR,14:47:33.458,2912,0,0,0
GDBG,14:47:33.458,0,0,0,0
GRAW,14:47:33.585,-8,-6,254,0,0,0
GATT,14:47:33.585,-1,-1
GMAG,14:47:33.585,-53,128,109,34,-25
GRCC,14:47:33.585,1500,1500,1500,1500
GRCX,14:47:33.585,1500,1500,1500,1500
GMOT,14:47:33.585,950,950,950,950,0,0,0,0
GNAV,14:47:33.585,0,0,0,0
GPAR,14:47:33.585,2912,0,0,0
GDBG,14:47:33.585,0,0,0,0
GRAW,14:47:33.698,-8,-6,254,0,0,0
GATT,14:47:33.698,-1,-1
GMAG,14:47:33.698,-53,128,109,34,-25
GRCC,14:47:33.698,1500,1500,1500,1500
GRCX,14:47:33.698,1500,1500,1500,1500
GMOT,14:47:33.698,950,950,950,950,0,0,0,0
GNAV,14:47:33.698,0,0,0,0
GPAR,14:47:33.698,2792,0,0,0
GDBG,14:47:33.698,0,0,0,0
GRAW,14:47:33.816,-8,-6,254,0,0,0
GATT,14:47:33.816,-1,-1
GMAG,14:47:33.816,-53,128,109,34,-26
GRCC,14:47:33.816,1500,1500,1500,1500
GRCX,14:47:33.816,1500,1500,1500,1500
GMOT,14:47:33.816,950,950,950,950,0,0,0,0
GNAV,14:47:33.816,0,0,0,0
GPAR,14:47:33.816,2848,0,0,0
GDBG,14:47:33.816,0,0,0,0
GRAW,14:47:33.951,-8,-6,254,0,0,0
GATT,14:47:33.951,-1,-1
GMAG,14:47:33.951,-53,128,109,34,-29
GRCC,14:47:33.951,1500,1500,1500,1500
GRCX,14:47:33.951,1500,1500,1500,1500
GMOT,14:47:33.951,950,950,950,950,0,0,0,0
GNAV,14:47:33.951,0,0,0,0
GPAR,14:47:33.951,2848,0,0,0
GDBG,14:47:33.951,0,0,0,0
GRAW,14:47:34.073,-8,-6,254,0,0,0
GATT,14:47:34.073,-1,-1
GMAG,14:47:34.073,-53,128,109,34,-33
GRCC,14:47:34.073,1500,1500,1500,1500
GRCX,14:47:34.073,1500,1500,1500,1500
GMOT,14:47:34.073,950,950,950,950,0,0,0,0
GNAV,14:47:34.073,0,0,0,0
GPAR,14:47:34.073,2628,0,0,0
GDBG,14:47:34.073,0,0,0,0
GRAW,14:47:34.214,-8,-6,254,0,0,0
GATT,14:47:34.214,-1,-1
GMAG,14:47:34.214,-53,128,109,34,-33
GRCC,14:47:34.214,1500,1500,1500,1500
GRCX,14:47:34.214,1500,1500,1500,1500
GMOT,14:47:34.214,950,950,950,950,0,0,0,0
GNAV,14:47:34.214,0,0,0,0
GPAR,14:47:34.214,2628,0,0,0
GDBG,14:47:34.214,0,0,0,0
GRAW,14:47:34.352,-8,-6,254,0,0,0
GATT,14:47:34.352,-1,-1
GMAG,14:47:34.352,-53,128,109,34,-35
GRCC,14:47:34.352,1500,1500,1500,1500
GRCX,14:47:34.352,1500,1500,1500,1500
GMOT,14:47:34.352,950,950,950,950,0,0,0,0
GNAV,14:47:34.352,0,0,0,0
GPAR,14:47:34.352,2652,0,0,0
GDBG,14:47:34.352,0,0,0,0
GRAW,14:47:34.488,-8,-6,254,0,0,0
GATT,14:47:34.488,-1,-1
GMAG,14:47:34.488,-53,128,109,34,-36
GRCC,14:47:34.488,1500,1500,1500,1500
GRCX,14:47:34.488,1500,1500,1500,1500
GMOT,14:47:34.488,950,950,950,950,0,0,0,0
GNAV,14:47:34.488,0,0,0,0
GPAR,14:47:34.488,3080,0,0,0
GDBG,14:47:34.488,0,0,0,0
GRAW,14:47:34.637,-8,-6,254,0,0,0
GATT,14:47:34.637,-1,-1
GMAG,14:47:34.637,-53,128,109,34,-36
GRCC,14:47:34.637,1500,1500,1500,1500
GRCX,14:47:34.637,1500,1500,1500,1500
GMOT,14:47:34.637,950,950,950,950,0,0,0,0
GNAV,14:47:34.637,0,0,0,0
GPAR,14:47:34.637,2848,0,0,0
GDBG,14:47:34.637,0,0,0,0
GRAW,14:47:34.784,-8,-6,254,0,0,0
GATT,14:47:34.784,-1,-1
GMAG,14:47:34.784,-53,128,109,34,-36
GRCC,14:47:34.784,1500,1500,1500,1500
GRCX,14:47:34.784,1500,1500,1500,1500
GMOT,14:47:34.784,950,950,950,950,0,0,0,0
GNAV,14:47:34.784,0,0,0,0
GPAR,14:47:34.784,2624,0,0,0
GDBG,14:47:34.784,0,0,0,0
GRAW,14:47:34.925,-8,-6,254,0,0,0
GATT,14:47:34.925,-1,-1
GMAG,14:47:34.925,-53,128,109,34,-37
GRCC,14:47:34.925,1500,1500,1500,1500
GRCX,14:47:34.925,1500,1500,1500,1500
GMOT,14:47:34.925,950,950,950,950,0,0,0,0
GNAV,14:47:34.925,0,0,0,0
GPAR,14:47:34.925,2624,0,0,0
GDBG,14:47:34.931,0,0,0,0
GRAW,14:47:35.084,-8,-6,254,0,0,0
GATT,14:47:35.084,-1,-1
GMAG,14:47:35.084,-53,128,109,34,-42
GRCC,14:47:35.084,1500,1500,1500,1500
GRCX,14:47:35.084,1500,1500,1500,1500
GMOT,14:47:35.084,950,950,950,950,0,0,0,0
GNAV,14:47:35.084,0,0,0,0
GPAR,14:47:35.084,2644,0,0,0
GDBG,14:47:35.084,0,0,0,0
GRAW,14:47:35.222,-8,-6,254,0,0,0
GATT,14:47:35.222,-1,-1
GMAG,14:47:35.222,-53,128,109,34,-48
GRCC,14:47:35.222,1500,1500,1500,1500
GRCX,14:47:35.222,1500,1500,1500,1500
GMOT,14:47:35.222,950,950,950,950,0,0,0,0
GNAV,14:47:35.222,0,0,0,0
GPAR,14:47:35.222,2936,0,0,0
GDBG,14:47:35.222,0,0,0,0
GRAW,14:47:35.370,-8,-6,254,0,0,0
GATT,14:47:35.370,-1,-1
GMAG,14:47:35.370,-53,128,109,34,-53
GRCC,14:47:35.370,1500,1500,1500,1500
GRCX,14:47:35.370,1500,1500,1500,1500
GMOT,14:47:35.370,950,950,950,950,0,0,0,0
GNAV,14:47:35.370,0,0,0,0
GPAR,14:47:35.370,2936,0,0,0
GDBG,14:47:35.370,0,0,0,0
GRAW,14:47:35.523,-8,-6,254,0,0,0
GATT,14:47:35.523,-1,-1
GMAG,14:47:35.523,-53,128,109,34,-53
GRCC,14:47:35.523,1500,1500,1500,1500
GRCX,14:47:35.523,1500,1500,1500,1500
GMOT,14:47:35.523,950,950,950,950,0,0,0,0
GNAV,14:47:35.523,0,0,0,0
GPAR,14:47:35.523,2612,0,0,0
GDBG,14:47:35.523,0,0,0,0
GRAW,14:47:35.658,-8,-6,254,0,0,0
GATT,14:47:35.658,-1,-1
GMAG,14:47:35.658,-53,128,109,34,-50
GRCC,14:47:35.658,1500,1500,1500,1500
GRCX,14:47:35.658,1500,1500,1500,1500
GMOT,14:47:35.658,950,950,950,950,0,0,0,0
GNAV,14:47:35.658,0,0,0,0
GPAR,14:47:35.658,2860,0,0,0
GDBG,14:47:35.658,0,0,0,0
GRAW,14:47:35.797,-8,-6,254,0,0,0
GATT,14:47:35.797,-1,-1
GMAG,14:47:35.797,-53,128,109,34,-49
GRCC,14:47:35.797,1500,1500,1500,1500
GRCX,14:47:35.797,1500,1500,1500,1500
GMOT,14:47:35.797,950,950,950,950,0,0,0,0
GNAV,14:47:35.797,0,0,0,0
GPAR,14:47:35.797,2792,0,0,0
GDBG,14:47:35.797,0,0,0,0
GRAW,14:47:35.939,-8,-6,254,0,0,0
GATT,14:47:35.939,-1,-1
GMAG,14:47:35.939,-53,128,109,34,-42
GRCC,14:47:35.939,1500,1500,1500,1500
GRCX,14:47:35.939,1500,1500,1500,1500
GMOT,14:47:35.939,950,950,950,950,0,0,0,0
GNAV,14:47:35.939,0,0,0,0
GPAR,14:47:35.939,2792,0,0,0
GDBG,14:47:35.939,0,0,0,0
GRAW,14:47:36.071,-8,-6,254,0,0,0
GATT,14:47:36.071,-1,-1
GMAG,14:47:36.071,-53,128,109,34,-34
GRCC,14:47:36.071,1500,1500,1500,1500
GRCX,14:47:36.071,1500,1500,1500,1500
GMOT,14:47:36.071,950,950,950,950,0,0,0,0
GNAV,14:47:36.071,0,0,0,0
GPAR,14:47:36.071,2644,0,0,0
GDBG,14:47:36.071,0,0,0,0
GRAW,14:47:36.205,-8,-6,254,0,0,0
GATT,14:47:36.205,-1,-1
GMAG,14:47:36.205,-53,128,109,34,-28
GRCC,14:47:36.205,1500,1500,1500,1500
GRCX,14:47:36.205,1500,1500,1500,1500
GMOT,14:47:36.205,950,950,950,950,0,0,0,0
GNAV,14:47:36.205,0,0,0,0
GPAR,14:47:36.205,2628,0,0,0
GDBG,14:47:36.205,0,0,0,0
GRAW,14:47:36.353,-8,-6,254,0,0,0
GATT,14:47:36.353,-1,-1
GMAG,14:47:36.353,-53,128,109,34,-26
GRCC,14:47:36.353,1500,1500,1500,1500
GRCX,14:47:36.353,1500,1500,1500,1500
GMOT,14:47:36.353,950,950,950,950,0,0,0,0
GNAV,14:47:36.353,0,0,0,0
GPAR,14:47:36.353,2788,0,0,0
GDBG,14:47:36.353,0,0,0,0
GRAW,14:47:36.489,-8,-6,254,0,0,0
GATT,14:47:36.489,-1,-1
GMAG,14:47:36.489,-53,128,109,34,-24
GRCC,14:47:36.489,1500,1500,1500,1500
GRCX,14:47:36.489,1500,1500,1500,1500
GMOT,14:47:36.489,950,950,950,950,0,0,0,0
GNAV,14:47:36.489,0,0,0,0
GPAR,14:47:36.489,2852,0,0,0
GDBG,14:47:36.489,0,0,0,0
GRAW,14:47:36.634,-8,-6,254,0,0,0
GATT,14:47:36.634,-1,-1
GMAG,14:47:36.634,-53,128,109,34,-24
GRCC,14:47:36.634,1500,1500,1500,1500
GRCX,14:47:36.634,1500,1500,1500,1500
GMOT,14:47:36.634,950,950,950,950,0,0,0,0
GNAV,14:47:36.634,0,0,0,0
GPAR,14:47:36.634,2780,0,0,0
GDBG,14:47:36.634,0,0,0,0
GRAW,14:47:36.767,-8,-6,254,0,0,0
GATT,14:47:36.767,-1,-1
GMAG,14:47:36.767,-53,128,109,34,-30
GRCC,14:47:36.767,1500,1500,1500,1500
GRCX,14:47:36.767,1500,1500,1500,1500
GMOT,14:47:36.767,950,950,950,950,0,0,0,0
GNAV,14:47:36.767,0,0,0,0
GPAR,14:47:36.767,2904,0,0,0
GDBG,14:47:36.767,0,0,0,0
GRAW,14:47:36.892,-8,-6,254,0,0,0
GATT,14:47:36.892,-1,-1
GMAG,14:47:36.892,-53,128,109,34,-32
GRCC,14:47:36.892,1500,1500,1500,1500
GRCX,14:47:36.893,1500,1500,1500,1500
GMOT,14:47:36.893,950,950,950,950,0,0,0,0
GNAV,14:47:36.893,0,0,0,0
GPAR,14:47:36.893,2852,0,0,0
GDBG,14:47:36.893,0,0,0,0
GRAW,14:47:37.036,-8,-6,254,0,0,0
GATT,14:47:37.036,-1,-1
GMAG,14:47:37.036,-53,128,109,34,-38
GRCC,14:47:37.036,1500,1500,1500,1500
GRCX,14:47:37.036,1500,1500,1500,1500
GMOT,14:47:37.036,950,950,950,950,0,0,0,0
GNAV,14:47:37.036,0,0,0,0
GPAR,14:47:37.036,2852,0,0,0
GDBG,14:47:37.036,0,0,0,0
GRAW,14:47:37.174,-8,-6,254,0,0,0
GATT,14:47:37.174,-1,-1
GMAG,14:47:37.174,-53,128,109,34,-36
GRCC,14:47:37.174,1500,1500,1500,1500
GRCX,14:47:37.174,1500,1500,1500,1500
GMOT,14:47:37.174,950,950,950,950,0,0,0,0
GNAV,14:47:37.174,0,0,0,0
GPAR,14:47:37.174,2664,0,0,0
GDBG,14:47:37.174,0,0,0,0
GRAW,14:47:37.319,-8,-6,254,0,0,0
GATT,14:47:37.319,-1,-1
GMAG,14:47:37.319,-53,128,109,34,-32
GRCC,14:47:37.319,1500,1500,1500,1500
GRCX,14:47:37.319,1500,1500,1500,1500
GMOT,14:47:37.319,950,950,950,950,0,0,0,0
GNAV,14:47:37.319,0,0,0,0
GPAR,14:47:37.319,2664,0,0,0
GDBG,14:47:37.319,0,0,0,0
GRAW,14:47:37.457,-8,-6,254,0,0,0
GATT,14:47:37.457,-1,-1
GMAG,14:47:37.457,-53,128,109,34,-26
GRCC,14:47:37.457,1500,1500,1500,1500
GRCX,14:47:37.457,1500,1500,1500,1500
GMOT,14:47:37.457,950,950,950,950,0,0,0,0
GNAV,14:47:37.457,0,0,0,0
GPAR,14:47:37.457,2796,0,0,0
GDBG,14:47:37.457,0,0,0,0
GRAW,14:47:37.594,-8,-6,254,0,0,0
GATT,14:47:37.594,-1,-1
GMAG,14:47:37.595,-53,128,109,34,-17
GRCC,14:47:37.595,1500,1500,1500,1500
GRCX,14:47:37.595,1500,1500,1500,1500
GMOT,14:47:37.595,950,950,950,950,0,0,0,0
GNAV,14:47:37.595,0,0,0,0
GPAR,14:47:37.595,2608,0,0,0
GDBG,14:47:37.595,0,0,0,0
GRAW,14:47:37.736,-8,-6,254,0,0,0
GATT,14:47:37.736,-1,-1
GMAG,14:47:37.736,-53,128,109,34,-16
GRCC,14:47:37.736,1500,1500,1500,1500
GRCX,14:47:37.736,1500,1500,1500,1500
GMOT,14:47:37.736,950,950,950,950,0,0,0,0
GNAV,14:47:37.736,0,0,0,0
GPAR,14:47:37.736,2608,0,0,0
GDBG,14:47:37.736,0,0,0,0
GRAW,14:47:37.883,-8,-6,254,0,0,0
GATT,14:47:37.883,-1,-1
GMAG,14:47:37.883,-53,128,109,34,-16
GRCC,14:47:37.883,1500,1500,1500,1500
GRCX,14:47:37.883,1500,1500,1500,1500
GMOT,14:47:37.883,950,950,950,950,0,0,0,0
GNAV,14:47:37.883,0,0,0,0
GPAR,14:47:37.883,2608,0,0,0
GDBG,14:47:37.883,0,0,0,0
GRAW,14:47:38.038,-8,-6,254,0,0,0
GATT,14:47:38.038,-1,-1
GMAG,14:47:38.038,-53,128,109,34,-10
GRCC,14:47:38.038,1500,1500,1500,1500
GRCX,14:47:38.038,1500,1500,1500,1500
GMOT,14:47:38.038,950,950,950,950,0,0,0,0
GNAV,14:47:38.038,0,0,0,0
GPAR,14:47:38.038,2644,0,0,0
GDBG,14:47:38.038,0,0,0,0
GRAW,14:47:38.173,-8,-6,254,0,0,0
GATT,14:47:38.173,-1,-1
GMAG,14:47:38.173,-53,128,109,34,-12
GRCC,14:47:38.173,1500,1500,1500,1500
GRCX,14:47:38.173,1500,1500,1500,1500
GMOT,14:47:38.173,950,950,950,950,0,0,0,0
GNAV,14:47:38.173,0,0,0,0
GPAR,14:47:38.173,2628,0,0,0
GDBG,14:47:38.173,0,0,0,0
GRAW,14:47:38.320,-8,-6,254,0,0,0
GATT,14:47:38.320,-1,-1
GMAG,14:47:38.320,-53,128,109,33,-15
GRCC,14:47:38.320,1500,1500,1500,1500
GRCX,14:47:38.320,1500,1500,1500,1500
GMOT,14:47:38.320,950,950,950,950,0,0,0,0
GNAV,14:47:38.320,0,0,0,0
GPAR,14:47:38.320,2780,0,0,0
GDBG,14:47:38.320,0,0,0,0
GRAW,14:47:38.451,-8,-6,254,0,0,0
GATT,14:47:38.451,-1,-1
GMAG,14:47:38.451,-53,128,109,33,-15
GRCC,14:47:38.451,1500,1500,1500,1500
GRCX,14:47:38.451,1500,1500,1500,1500
GMOT,14:47:38.451,950,950,950,950,0,0,0,0
GNAV,14:47:38.451,0,0,0,0
GPAR,14:47:38.451,2624,0,0,0
GDBG,14:47:38.451,0,0,0,0
GRAW,14:47:38.596,-8,-6,254,0,0,0
GATT,14:47:38.596,-1,-1
GMAG,14:47:38.596,-53,128,109,32,-12
GRCC,14:47:38.596,1500,1500,1500,1500
GRCX,14:47:38.596,1500,1500,1500,1500
GMOT,14:47:38.596,950,950,950,950,0,0,0,0
GNAV,14:47:38.596,0,0,0,0
GPAR,14:47:38.596,2668,0,0,0
GDBG,14:47:38.596,0,0,0,0
GRAW,14:47:38.750,-8,-6,254,0,0,0
GATT,14:47:38.750,-1,-1
GMAG,14:47:38.750,-53,128,109,32,-14
GRCC,14:47:38.750,1500,1500,1500,1500
GRCX,14:47:38.750,1500,1500,1500,1500
GMOT,14:47:38.750,950,950,950,950,0,0,0,0
GNAV,14:47:38.750,0,0,0,0
GPAR,14:47:38.750,2620,0,0,0
GDBG,14:47:38.750,0,0,0,0
GRAW,14:47:38.895,-8,-6,254,0,0,0
GATT,14:47:38.895,-1,-1
GMAG,14:47:38.895,-53,128,109,33,-18
GRCC,14:47:38.895,1500,1500,1500,1500
GRCX,14:47:38.895,1500,1500,1500,1500
GMOT,14:47:38.895,950,950,950,950,0,0,0,0
GNAV,14:47:38.895,0,0,0,0
GPAR,14:47:38.895,2656,0,0,0
GDBG,14:47:38.895,0,0,0,0
GRAW,14:47:39.046,-8,-6,254,0,0,0
GATT,14:47:39.046,-1,-1
GMAG,14:47:39.046,-53,128,109,32,-19
GRCC,14:47:39.046,1500,1500,1500,1500
GRCX,14:47:39.046,1500,1500,1500,1500
GMOT,14:47:39.046,950,950,950,950,0,0,0,0
GNAV,14:47:39.046,0,0,0,0
GPAR,14:47:39.046,2792,0,0,0
GDBG,14:47:39.046,0,0,0,0
GRAW,14:47:39.188,-8,-6,254,0,0,0
GATT,14:47:39.188,-1,-1
GMAG,14:47:39.188,-53,128,109,32,-19
GRCC,14:47:39.188,1500,1500,1500,1500
GRCX,14:47:39.188,1500,1500,1500,1500
GMOT,14:47:39.188,950,950,950,950,0,0,0,0
GNAV,14:47:39.188,0,0,0,0
GPAR,14:47:39.188,2656,0,0,0
GDBG,14:47:39.188,0,0,0,0
GRAW,14:47:39.329,-8,-6,254,0,0,0
GATT,14:47:39.329,-1,-1
GMAG,14:47:39.329,-53,128,109,32,-21
GRCC,14:47:39.329,1500,1500,1500,1500
GRCX,14:47:39.329,1500,1500,1500,1500
GMOT,14:47:39.329,950,950,950,950,0,0,0,0
GNAV,14:47:39.329,0,0,0,0
GPAR,14:47:39.329,2652,0,0,0
GDBG,14:47:39.329,0,0,0,0
GRAW,14:47:39.452,-8,-6,254,0,0,0
GATT,14:47:39.452,-1,-1
GMAG,14:47:39.452,-53,128,109,32,-26
GRCC,14:47:39.452,1500,1500,1500,1500
GRCX,14:47:39.452,1500,1500,1500,1500
GMOT,14:47:39.452,950,950,950,950,0,0,0,0
GNAV,14:47:39.452,0,0,0,0
GPAR,14:47:39.452,2648,0,0,0
GDBG,14:47:39.452,0,0,0,0
GRAW,14:47:39.581,-8,-6,254,0,0,0
GATT,14:47:39.581,-1,-1
GMAG,14:47:39.581,-53,128,109,31,-28
GRCC,14:47:39.586,1500,1500,1500,1500
GRCX,14:47:39.586,1500,1500,1500,1500
GMOT,14:47:39.586,950,950,950,950,0,0,0,0
GNAV,14:47:39.586,0,0,0,0
GPAR,14:47:39.586,2988,0,0,0
GDBG,14:47:39.586,0,0,0,0
GRAW,14:47:39.715,-8,-6,254,0,0,0
GATT,14:47:39.715,-1,-1
GMAG,14:47:39.715,-53,128,109,29,-29
GRCC,14:47:39.715,1500,1500,1500,1500
GRCX,14:47:39.715,1500,1500,1500,1500
GMOT,14:47:39.715,950,950,950,950,0,0,0,0
GNAV,14:47:39.715,0,0,0,0
GPAR,14:47:39.715,2652,0,0,0
GDBG,14:47:39.715,0,0,0,0
GRAW,14:47:39.823,-8,-6,254,0,0,0
GATT,14:47:39.823,-1,-1
GMAG,14:47:39.823,-53,128,109,29,-30
GRCC,14:47:39.823,1500,1500,1500,1500
GRCX,14:47:39.823,1500,1500,1500,1500
GMOT,14:47:39.823,950,950,950,950,0,0,0,0
GNAV,14:47:39.823,0,0,0,0
GPAR,14:47:39.823,2664,0,0,0
GDBG,14:47:39.823,0,0,0,0
GRAW,14:47:39.940,-8,-6,254,0,0,0
GATT,14:47:39.940,-1,-1
GMAG,14:47:39.940,-53,128,109,29,-31
GRCC,14:47:39.940,1500,1500,1500,1500
GRCX,14:47:39.940,1500,1500,1500,1500
GMOT,14:47:39.940,950,950,950,950,0,0,0,0
GNAV,14:47:39.940,0,0,0,0
GPAR,14:47:39.940,2664,0,0,0
GDBG,14:47:39.940,0,0,0,0
GRAW,14:47:40.067,-8,-6,254,0,0,0
GATT,14:47:40.067,-1,-1
GMAG,14:47:40.067,-53,128,109,29,-28
GRCC,14:47:40.067,1500,1500,1500,1500
GRCX,14:47:40.067,1500,1500,1500,1500
GMOT,14:47:40.067,950,950,950,950,0,0,0,0
GNAV,14:47:40.067,0,0,0,0
GPAR,14:47:40.067,2648,0,0,0
GDBG,14:47:40.067,0,0,0,0
GRAW,14:47:40.186,-8,-6,254,0,0,0
GATT,14:47:40.186,-1,-1
GMAG,14:47:40.186,-53,128,109,30,-25
GRCC,14:47:40.186,1500,1500,1500,1500
GRCX,14:47:40.186,1500,1500,1500,1500
GMOT,14:47:40.186,950,950,950,950,0,0,0,0
GNAV,14:47:40.186,0,0,0,0
GPAR,14:47:40.186,2656,0,0,0
GDBG,14:47:40.186,0,0,0,0
GRAW,14:47:40.312,-8,-6,254,0,0,0
GATT,14:47:40.312,-1,-1
GMAG,14:47:40.312,-53,128,109,30,-22
GRCC,14:47:40.312,1500,1500,1500,1500
GRCX,14:47:40.312,1500,1500,1500,1500
GMOT,14:47:40.312,950,950,950,950,0,0,0,0
GNAV,14:47:40.312,0,0,0,0
GPAR,14:47:40.312,2960,0,0,0
GDBG,14:47:40.312,0,0,0,0
GRAW,14:47:40.448,-8,-6,254,0,0,0
GATT,14:47:40.448,-1,-1
GMAG,14:47:40.448,-53,128,109,30,-21
GRCC,14:47:40.448,1500,1500,1500,1500
GRCX,14:47:40.448,1500,1500,1500,1500
GMOT,14:47:40.448,950,950,950,950,0,0,0,0
GNAV,14:47:40.448,0,0,0,0
GPAR,14:47:40.448,2872,0,0,0
GDBG,14:47:40.448,0,0,0,0
GRAW,14:47:40.587,-8,-6,254,0,0,0
GATT,14:47:40.587,-1,0
GMAG,14:47:40.588,-53,128,109,22,-22
GRCC,14:47:40.588,1500,1500,1500,1500
GRCX,14:47:40.588,1500,1500,1500,1500
GMOT,14:47:40.588,950,950,950,950,0,0,0,0
GNAV,14:47:40.588,0,0,0,0
GPAR,14:47:40.588,2872,0,0,0
GDBG,14:47:40.588,0,0,0,0
GRAW,14:47:40.717,-8,-6,254,0,0,0
GATT,14:47:40.717,-1,0
GMAG,14:47:40.717,-53,128,109,22,-22
GRCC,14:47:40.717,1500,1500,1500,1500
GRCX,14:47:40.717,1500,1500,1500,1500
GMOT,14:47:40.717,950,950,950,950,0,0,0,0
GNAV,14:47:40.717,0,0,0,0
GPAR,14:47:40.717,2872,0,0,0
GDBG,14:47:40.717,0,0,0,0
GRAW,14:47:40.855,-8,-6,254,0,0,0
GATT,14:47:40.855,-1,0
GMAG,14:47:40.855,-53,128,109,21,-22
GRCC,14:47:40.855,1500,1500,1500,1500
GRCX,14:47:40.855,1500,1500,1500,1500
GMOT,14:47:40.855,950,950,950,950,0,0,0,0
GNAV,14:47:40.855,0,0,0,0
GPAR,14:47:40.855,3100,0,0,0
GDBG,14:47:40.855,0,0,0,0
GRAW,14:47:41.003,-8,-6,254,0,0,0
GATT,14:47:41.003,-1,0
GMAG,14:47:41.003,-53,128,109,21,-23
GRCC,14:47:41.003,1500,1500,1500,1500
GRCX,14:47:41.003,1500,1500,1500,1500
GMOT,14:47:41.003,950,950,950,950,0,0,0,0
GNAV,14:47:41.003,0,0,0,0
GPAR,14:47:41.003,3100,0,0,0
GDBG,14:47:41.003,0,0,0,0
GRAW,14:47:41.136,-8,-6,254,0,0,0
GATT,14:47:41.136,-1,0
GMAG,14:47:41.136,-53,128,109,21,-18
GRCC,14:47:41.136,1500,1500,1500,1500
GRCX,14:47:41.136,1500,1500,1500,1500
GMOT,14:47:41.136,950,950,950,950,0,0,0,0
GNAV,14:47:41.136,0,0,0,0
GPAR,14:47:41.136,2636,0,0,0
GDBG,14:47:41.136,0,0,0,0
GRAW,14:47:41.281,-8,-6,254,0,0,0
GATT,14:47:41.281,-1,0
GMAG,14:47:41.281,-53,128,109,21,-13
GRCC,14:47:41.281,1500,1500,1500,1500
GRCX,14:47:41.281,1500,1500,1500,1500
GMOT,14:47:41.281,950,950,950,950,0,0,0,0
GNAV,14:47:41.281,0,0,0,0
GPAR,14:47:41.281,3088,0,0,0
GDBG,14:47:41.281,0,0,0,0
GRAW,14:47:41.416,-8,-6,254,0,0,0
GATT,14:47:41.416,-1,0
GMAG,14:47:41.416,-53,128,109,21,-7
GRCC,14:47:41.416,1500,1500,1500,1500
GRCX,14:47:41.416,1500,1500,1500,1500
GMOT,14:47:41.416,950,950,950,950,0,0,0,0
GNAV,14:47:41.416,0,0,0,0
GPAR,14:47:41.416,2596,0,0,0
GDBG,14:47:41.416,0,0,0,0
GRAW,14:47:41.556,-8,-6,254,0,0,0
GATT,14:47:41.556,-1,0
GMAG,14:47:41.556,-53,128,109,20,-3
GRCC,14:47:41.556,1500,1500,1500,1500
GRCX,14:47:41.556,1500,1500,1500,1500
GMOT,14:47:41.556,950,950,950,950,0,0,0,0
GNAV,14:47:41.556,0,0,0,0
GPAR,14:47:41.556,2596,0,0,0
GDBG,14:47:41.556,0,0,0,0
GRAW,14:47:41.688,-8,-6,254,0,0,0
GATT,14:47:41.688,-1,0
GMAG,14:47:41.688,-53,128,109,18,-6
GRCC,14:47:41.688,1500,1500,1500,1500
GRCX,14:47:41.688,1500,1500,1500,1500
GMOT,14:47:41.688,950,950,950,950,0,0,0,0
GNAV,14:47:41.688,0,0,0,0
GPAR,14:47:41.688,2652,0,0,0
GDBG,14:47:41.688,0,0,0,0
GRAW,14:47:41.821,-8,-6,254,0,0,0
GATT,14:47:41.821,-2,0
GMAG,14:47:41.821,-53,128,109,16,-8
GRCC,14:47:41.821,1500,1500,1500,1500
GRCX,14:47:41.821,1500,1500,1500,1500
GMOT,14:47:41.821,950,950,950,950,0,0,0,0
GNAV,14:47:41.821,0,0,0,0
GPAR,14:47:41.821,2900,0,0,0
GDBG,14:47:41.821,0,0,0,0
GRAW,14:47:41.954,-8,-6,254,0,0,0
GATT,14:47:41.954,-2,0
GMAG,14:47:41.954,-53,128,109,15,-12
GRCC,14:47:41.954,1500,1500,1500,1500
GRCX,14:47:41.954,1500,1500,1500,1500
GMOT,14:47:41.954,950,950,950,950,0,0,0,0
GNAV,14:47:41.954,0,0,0,0
GPAR,14:47:41.954,2676,0,0,0
GDBG,14:47:41.954,0,0,0,0
GRAW,14:47:42.092,-8,-6,254,0,0,0
GATT,14:47:42.092,-2,0
GMAG,14:47:42.092,-53,128,109,15,-20
GRCC,14:47:42.092,1500,1500,1500,1500
GRCX,14:47:42.092,1500,1500,1500,1500
GMOT,14:47:42.092,950,950,950,950,0,0,0,0
GNAV,14:47:42.092,0,0,0,0
GPAR,14:47:42.092,2680,0,0,0
GDBG,14:47:42.092,0,0,0,0
GRAW,14:47:42.214,-8,-6,254,0,0,0
GATT,14:47:42.214,-1,0
GMAG,14:47:42.214,-53,128,109,14,-26
GRCC,14:47:42.214,1500,1500,1500,1500
GRCX,14:47:42.214,1500,1500,1500,1500
GMOT,14:47:42.214,950,950,950,950,0,0,0,0
GNAV,14:47:42.215,0,0,0,0
GPAR,14:47:42.215,2668,0,0,0
GDBG,14:47:42.215,0,0,0,0
GRAW,14:47:42.341,-8,-6,254,0,0,0
GATT,14:47:42.341,-1,0
GMAG,14:47:42.341,-53,128,109,14,-27
GRCC,14:47:42.341,1500,1500,1500,1500
GRCX,14:47:42.341,1500,1500,1500,1500
GMOT,14:47:42.341,950,950,950,950,0,0,0,0
GNAV,14:47:42.341,0,0,0,0
GPAR,14:47:42.341,2812,0,0,0
GDBG,14:47:42.341,0,0,0,0
GRAW,14:47:42.464,-8,-6,254,0,0,0
GATT,14:47:42.464,-1,0
GMAG,14:47:42.464,-53,128,109,14,-24
GRCC,14:47:42.464,1500,1500,1500,1500
GRCX,14:47:42.464,1500,1500,1500,1500
GMOT,14:47:42.464,950,950,950,950,0,0,0,0
GNAV,14:47:42.464,0,0,0,0
GPAR,14:47:42.464,2616,0,0,0
GDBG,14:47:42.464,0,0,0,0
GRAW,14:47:42.590,-8,-6,254,0,0,0
GATT,14:47:42.590,-1,0
GMAG,14:47:42.590,-53,128,109,15,-22
GRCC,14:47:42.590,1500,1500,1500,1500
GRCX,14:47:42.590,1500,1500,1500,1500
GMOT,14:47:42.590,950,950,950,950,0,0,0,0
GNAV,14:47:42.590,0,0,0,0
GPAR,14:47:42.590,2620,0,0,0
GDBG,14:47:42.590,0,0,0,0
GRAW,14:47:42.725,-8,-6,254,0,0,0
GATT,14:47:42.725,-1,0
GMAG,14:47:42.725,-53,128,109,15,-22
GRCC,14:47:42.725,1500,1500,1500,1500
GRCX,14:47:42.725,1500,1500,1500,1500
GMOT,14:47:42.725,950,950,950,950,0,0,0,0
GNAV,14:47:42.725,0,0,0,0
GPAR,14:47:42.725,2624,0,0,0
GDBG,14:47:42.725,0,0,0,0
GRAW,14:47:42.866,-8,-6,254,0,0,0
GATT,14:47:42.866,-1,0
GMAG,14:47:42.866,-53,128,109,15,-15
GRCC,14:47:42.866,1500,1500,1500,1500
GRCX,14:47:42.866,1500,1500,1500,1500
GMOT,14:47:42.866,950,950,950,950,0,0,0,0
GNAV,14:47:42.866,0,0,0,0
GPAR,14:47:42.866,2624,0,0,0
GDBG,14:47:42.866,0,0,0,0
GRAW,14:47:43.015,-8,-6,254,0,0,0
GATT,14:47:43.015,-1,0
GMAG,14:47:43.015,-53,128,109,15,-6
GRCC,14:47:43.015,1500,1500,1500,1500
GRCX,14:47:43.015,1500,1500,1500,1500
GMOT,14:47:43.015,950,950,950,950,0,0,0,0
GNAV,14:47:43.015,0,0,0,0
GPAR,14:47:43.015,2624,0,0,0
GDBG,14:47:43.015,0,0,0,0
GRAW,14:47:43.154,-8,-6,254,0,0,0
GATT,14:47:43.154,-1,0
GMAG,14:47:43.154,-53,128,109,15,-3
GRCC,14:47:43.154,1500,1500,1500,1500
GRCX,14:47:43.154,1500,1500,1500,1500
GMOT,14:47:43.154,950,950,950,950,0,0,0,0
GNAV,14:47:43.154,0,0,0,0
GPAR,14:47:43.154,2640,0,0,0
GDBG,14:47:43.154,0,0,0,0
GRAW,14:47:43.292,-8,-6,254,0,0,0
GATT,14:47:43.292,-1,0
GMAG,14:47:43.292,-53,128,109,15,-3
GRCC,14:47:43.292,1500,1500,1500,1500
GRCX,14:47:43.292,1500,1500,1500,1500
GMOT,14:47:43.292,950,950,950,950,0,0,0,0
GNAV,14:47:43.292,0,0,0,0
GPAR,14:47:43.292,2800,0,0,0
GDBG,14:47:43.292,0,0,0,0
GRAW,14:47:43.434,-8,-6,254,0,0,0
GATT,14:47:43.434,-1,0
GMAG,14:47:43.434,-53,128,109,15,-2
GRCC,14:47:43.434,1500,1500,1500,1500
GRCX,14:47:43.434,1500,1500,1500,1500
GMOT,14:47:43.434,950,950,950,950,0,0,0,0
GNAV,14:47:43.434,0,0,0,0
GPAR,14:47:43.434,2628,0,0,0
GDBG,14:47:43.434,0,0,0,0
GRAW,14:47:43.577,-8,-6,254,0,0,0
GATT,14:47:43.577,-1,0
GMAG,14:47:43.577,-53,128,109,15,2
GRCC,14:47:43.577,1500,1500,1500,1500
GRCX,14:47:43.577,1500,1500,1500,1500
GMOT,14:47:43.577,950,950,950,950,0,0,0,0
GNAV,14:47:43.577,0,0,0,0
GPAR,14:47:43.577,2840,0,0,0
GDBG,14:47:43.577,0,0,0,0
GRAW,14:47:43.715,-8,-6,254,0,0,0
GATT,14:47:43.715,-1,0
GMAG,14:47:43.715,-53,128,109,15,2
GRCC,14:47:43.715,1500,1500,1500,1500
GRCX,14:47:43.715,1500,1500,1500,1500
GMOT,14:47:43.715,950,950,950,950,0,0,0,0
GNAV,14:47:43.715,0,0,0,0
GPAR,14:47:43.715,2612,0,0,0
GDBG,14:47:43.715,0,0,0,0
GRAW,14:47:43.848,-8,-6,254,0,0,0
GATT,14:47:43.848,-1,0
GMAG,14:47:43.848,-53,128,109,15,2
GRCC,14:47:43.848,1500,1500,1500,1500
GRCX,14:47:43.848,1500,1500,1500,1500
GMOT,14:47:43.848,950,950,950,950,0,0,0,0
GNAV,14:47:43.848,0,0,0,0
GPAR,14:47:43.848,2904,0,0,0
GDBG,14:47:43.848,0,0,0,0
GRAW,14:47:43.993,-8,-6,254,0,0,0
GATT,14:47:43.993,-1,0
GMAG,14:47:43.993,-53,128,109,15,3
GRCC,14:47:43.993,1500,1500,1500,1500
GRCX,14:47:43.993,1500,1500,1500,1500
GMOT,14:47:43.993,950,950,950,950,0,0,0,0
GNAV,14:47:43.993,0,0,0,0
GPAR,14:47:43.993,2600,0,0,0
GDBG,14:47:43.993,0,0,0,0
GRAW,14:47:44.151,-8,-6,254,0,0,0
GATT,14:47:44.151,-1,0
GMAG,14:47:44.151,-53,128,109,15,9
GRCC,14:47:44.151,1500,1500,1500,1500
GRCX,14:47:44.151,1500,1500,1500,1500
GMOT,14:47:44.151,950,950,950,950,0,0,0,0
GNAV,14:47:44.151,0,0,0,0
GPAR,14:47:44.151,2612,0,0,0
GDBG,14:47:44.151,0,0,0,0
GRAW,14:47:44.305,-8,-6,254,0,0,0
GATT,14:47:44.305,-1,0
GMAG,14:47:44.305,-53,128,109,15,9
GRCC,14:47:44.305,1500,1500,1500,1500
GRCX,14:47:44.305,1500,1500,1500,1500
GMOT,14:47:44.305,950,950,950,950,0,0,0,0
GNAV,14:47:44.305,0,0,0,0
GPAR,14:47:44.305,2632,0,0,0
GDBG,14:47:44.305,0,0,0,0
GRAW,14:47:44.441,-8,-6,254,0,0,0
GATT,14:47:44.441,-1,0
GMAG,14:47:44.441,-53,128,109,15,6
GRCC,14:47:44.441,1500,1500,1500,1500
GRCX,14:47:44.441,1500,1500,1500,1500
GMOT,14:47:44.441,950,950,950,950,0,0,0,0
GNAV,14:47:44.441,0,0,0,0
GPAR,14:47:44.441,2932,0,0,0
GDBG,14:47:44.441,0,0,0,0
GRAW,14:47:44.584,-8,-6,254,0,0,0
GATT,14:47:44.584,-1,0
GMAG,14:47:44.584,-53,128,109,15,1
GRCC,14:47:44.584,1500,1500,1500,1500
GRCX,14:47:44.584,1500,1500,1500,1500
GMOT,14:47:44.584,950,950,950,950,0,0,0,0
GNAV,14:47:44.584,0,0,0,0
GPAR,14:47:44.584,2932,0,0,0
GDBG,14:47:44.584,0,0,0,0
GRAW,14:47:44.742,-8,-6,254,0,0,0
GATT,14:47:44.742,-1,0
GMAG,14:47:44.742,-53,128,109,16,-7
GRCC,14:47:44.742,1500,1500,1500,1500
GRCX,14:47:44.742,1500,1500,1500,1500
GMOT,14:47:44.742,950,950,950,950,0,0,0,0
GNAV,14:47:44.742,0,0,0,0
GPAR,14:47:44.742,2932,0,0,0
GDBG,14:47:44.742,0,0,0,0
GRAW,14:47:44.862,-8,-6,254,0,0,0
GATT,14:47:44.862,-1,0
GMAG,14:47:44.862,-53,128,109,16,-11
GRCC,14:47:44.862,1500,1500,1500,1500
GRCX,14:47:44.862,1500,1500,1500,1500
GMOT,14:47:44.862,950,950,950,950,0,0,0,0
GNAV,14:47:44.862,0,0,0,0
GPAR,14:47:44.862,2608,0,0,0
GDBG,14:47:44.862,0,0,0,0
GRAW,14:47:44.995,-8,-6,254,0,0,0
GATT,14:47:44.995,-1,0
GMAG,14:47:44.995,-53,128,109,16,-11
GRCC,14:47:44.995,1500,1500,1500,1500
GRCX,14:47:44.995,1500,1500,1500,1500
GMOT,14:47:44.995,950,950,950,950,0,0,0,0
GNAV,14:47:44.995,0,0,0,0
GPAR,14:47:44.995,2952,0,0,0
GDBG,14:47:44.995,0,0,0,0
GRAW,14:47:45.135,-8,-6,254,0,0,0
GATT,14:47:45.135,-1,0
GMAG,14:47:45.135,-53,128,109,16,-8
GRCC,14:47:45.135,1500,1500,1500,1500
GRCX,14:47:45.135,1500,1500,1500,1500
GMOT,14:47:45.135,950,950,950,950,0,0,0,0
GNAV,14:47:45.135,0,0,0,0
GPAR,14:47:45.135,2636,0,0,0
GDBG,14:47:45.135,0,0,0,0
GRAW,14:47:45.251,-8,-6,254,0,0,0
GATT,14:47:45.251,-1,0
GMAG,14:47:45.251,-53,128,109,16,-7
GRCC,14:47:45.251,1500,1500,1500,1500
GRCX,14:47:45.251,1500,1500,1500,1500
GMOT,14:47:45.251,950,950,950,950,0,0,0,0
GNAV,14:47:45.251,0,0,0,0
GPAR,14:47:45.251,2884,0,0,0
GDBG,14:47:45.251,0,0,0,0
GRAW,14:47:45.381,-8,-6,254,0,0,0
GATT,14:47:45.381,-1,0
GMAG,14:47:45.381,-53,128,109,15,-4
GRCC,14:47:45.381,1500,1500,1500,1500
GRCX,14:47:45.381,1500,1500,1500,1500
GMOT,14:47:45.381,950,950,950,950,0,0,0,0
GNAV,14:47:45.381,0,0,0,0
GPAR,14:47:45.381,2884,0,0,0
GDBG,14:47:45.382,0,0,0,0
GRAW,14:47:45.506,-8,-6,254,0,0,0
GATT,14:47:45.506,-1,0
GMAG,14:47:45.506,-53,128,109,15,-1
GRCC,14:47:45.506,1500,1500,1500,1500
GRCX,14:47:45.506,1500,1500,1500,1500
GMOT,14:47:45.506,950,950,950,950,0,0,0,0
GNAV,14:47:45.506,0,0,0,0
GPAR,14:47:45.506,2612,0,0,0
GDBG,14:47:45.506,0,0,0,0
GRAW,14:47:45.633,-8,-6,254,0,0,0
GATT,14:47:45.633,-1,0
GMAG,14:47:45.633,-53,128,109,15,1
GRCC,14:47:45.633,1500,1500,1500,1500
GRCX,14:47:45.633,1500,1500,1500,1500
GMOT,14:47:45.633,950,950,950,950,0,0,0,0
GNAV,14:47:45.633,0,0,0,0
GPAR,14:47:45.633,2604,0,0,0
GDBG,14:47:45.633,0,0,0,0
GRAW,14:47:45.754,-8,-6,254,0,0,0
GATT,14:47:45.754,-1,0
GMAG,14:47:45.754,-53,128,109,15,0
GRCC,14:47:45.754,1500,1500,1500,1500
GRCX,14:47:45.754,1500,1500,1500,1500
GMOT,14:47:45.754,950,950,950,950,0,0,0,0
GNAV,14:47:45.754,0,0,0,0
GPAR,14:47:45.754,2908,0,0,0
GDBG,14:47:45.754,0,0,0,0
GRAW,14:47:45.896,-8,-6,254,0,0,0
GATT,14:47:45.896,-1,0
GMAG,14:47:45.896,-53,128,109,16,-7
GRCC,14:47:45.896,1500,1500,1500,1500
GRCX,14:47:45.896,1500,1500,1500,1500
GMOT,14:47:45.896,950,950,950,950,0,0,0,0
GNAV,14:47:45.896,0,0,0,0
GPAR,14:47:45.896,2840,0,0,0
GDBG,14:47:45.896,0,0,0,0
GRAW,14:47:46.034,-8,-6,254,0,0,0
GATT,14:47:46.034,-1,0
GMAG,14:47:46.034,-53,128,109,16,-10
GRCC,14:47:46.034,1500,1500,1500,1500
GRCX,14:47:46.034,1500,1500,1500,1500
GMOT,14:47:46.034,950,950,950,950,0,0,0,0
GNAV,14:47:46.034,0,0,0,0
GPAR,14:47:46.034,2944,0,0,0
GDBG,14:47:46.034,0,0,0,0
GRAW,14:47:46.161,-8,-6,254,0,0,0
GATT,14:47:46.161,-1,0
GMAG,14:47:46.161,-53,128,109,16,-10
GRCC,14:47:46.161,1500,1500,1500,1500
GRCX,14:47:46.161,1500,1500,1500,1500
GMOT,14:47:46.161,950,950,950,950,0,0,0,0
GNAV,14:47:46.161,0,0,0,0
GPAR,14:47:46.161,2944,0,0,0
GDBG,14:47:46.161,0,0,0,0
GRAW,14:47:46.303,-8,-6,254,0,0,0
GATT,14:47:46.303,-1,0
GMAG,14:47:46.303,-53,128,109,16,-12
GRCC,14:47:46.303,1500,1500,1500,1500
GRCX,14:47:46.303,1500,1500,1500,1500
GMOT,14:47:46.303,950,950,950,950,0,0,0,0
GNAV,14:47:46.303,0,0,0,0
GPAR,14:47:46.303,2628,0,0,0
GDBG,14:47:46.303,0,0,0,0
GRAW,14:47:46.439,-8,-6,254,0,0,0
GATT,14:47:46.439,-1,0
GMAG,14:47:46.439,-53,128,109,16,-8
GRCC,14:47:46.439,1500,1500,1500,1500
GRCX,14:47:46.439,1500,1500,1500,1500
GMOT,14:47:46.439,950,950,950,950,0,0,0,0
GNAV,14:47:46.439,0,0,0,0
GPAR,14:47:46.439,2632,0,0,0
GDBG,14:47:46.439,0,0,0,0
GRAW,14:47:46.582,-8,-6,254,0,0,0
GATT,14:47:46.582,-1,0
GMAG,14:47:46.582,-53,128,109,16,-8
GRCC,14:47:46.582,1500,1500,1500,1500
GRCX,14:47:46.582,1500,1500,1500,1500
GMOT,14:47:46.582,950,950,950,950,0,0,0,0
GNAV,14:47:46.582,0,0,0,0
GPAR,14:47:46.582,2600,0,0,0
GDBG,14:47:46.582,0,0,0,0
GRAW,14:47:46.727,-8,-6,254,0,0,0
GATT,14:47:46.727,-1,0
GMAG,14:47:46.727,-53,128,109,16,-5
GRCC,14:47:46.727,1500,1500,1500,1500
GRCX,14:47:46.727,1500,1500,1500,1500
GMOT,14:47:46.727,950,950,950,950,0,0,0,0
GNAV,14:47:46.727,0,0,0,0
GPAR,14:47:46.727,2840,0,0,0
GDBG,14:47:46.727,0,0,0,0
GRAW,14:47:46.861,-8,-6,254,0,0,0
GATT,14:47:46.862,-1,0
GMAG,14:47:46.862,-53,128,109,16,-1
GRCC,14:47:46.862,1500,1500,1500,1500
GRCX,14:47:46.862,1500,1500,1500,1500
GMOT,14:47:46.862,950,950,950,950,0,0,0,0
GNAV,14:47:46.862,0,0,0,0
GPAR,14:47:46.862,2928,0,0,0
GDBG,14:47:46.862,0,0,0,0
GRAW,14:47:47.003,-8,-6,254,0,0,0
GATT,14:47:47.003,-1,0
GMAG,14:47:47.003,-53,128,109,16,-2
GRCC,14:47:47.003,1500,1500,1500,1500
GRCX,14:47:47.003,1500,1500,1500,1500
GMOT,14:47:47.003,950,950,950,950,0,0,0,0
GNAV,14:47:47.003,0,0,0,0
GPAR,14:47:47.003,2928,0,0,0
GDBG,14:47:47.003,0,0,0,0
GRAW,14:47:47.155,-8,-6,254,0,0,0
GATT,14:47:47.155,-1,0
GMAG,14:47:47.155,-53,128,109,16,-5
GRCC,14:47:47.155,1500,1500,1500,1500
GRCX,14:47:47.155,1500,1500,1500,1500
GMOT,14:47:47.155,950,950,950,950,0,0,0,0
GNAV,14:47:47.155,0,0,0,0
GPAR,14:47:47.155,2936,0,0,0
GDBG,14:47:47.155,0,0,0,0
