MultiWii telemetry log. Start time:2015/11/18 15:42:09.629
GRAW,15:42:12.026,0,0,0,0,0,0
GATT,15:42:12.035,0,-1
GMAG,15:42:12.035,0,0,0,34,4
GRCC,15:42:12.035,1066,1493,1493,1498
GRCX,15:42:12.035,1070,1494,1500,1500
GMOT,15:42:12.035,950,950,950,950,0,0,0,0
GNAV,15:42:12.035,0,0,0,0
GPAR,15:42:12.035,2628,0,0,0
GDBG,15:42:12.035,0,0,0,0
GRAW,15:42:12.181,0,0,0,0,0,0
GATT,15:42:12.181,0,-1
GMAG,15:42:12.181,0,0,0,34,-12
GRCC,15:42:12.181,1066,1493,1493,1498
GRCX,15:42:12.181,1070,1494,1500,1500
GMOT,15:42:12.181,950,950,950,950,0,0,0,0
GNAV,15:42:12.181,0,0,0,0
GPAR,15:42:12.181,2628,0,0,0
GDBG,15:42:12.181,0,0,0,0
GRAW,15:42:12.368,0,0,0,0,0,0
GATT,15:42:12.368,0,-1
GMAG,15:42:12.368,0,0,0,34,-10
GRCC,15:42:12.368,1066,1493,1493,1498
GRCX,15:42:12.368,1070,1494,1500,1500
GMOT,15:42:12.368,950,950,950,950,0,0,0,0
GNAV,15:42:12.368,0,0,0,0
GPAR,15:42:12.368,2608,0,0,0
GDBG,15:42:12.368,0,0,0,0
GRAW,15:42:12.557,0,0,0,0,0,0
GATT,15:42:12.557,0,-1
GMAG,15:42:12.557,0,0,0,34,-9
GRCC,15:42:12.557,1066,1493,1493,1498
GRCX,15:42:12.557,1070,1494,1500,1500
GMOT,15:42:12.557,950,950,950,950,0,0,0,0
GNAV,15:42:12.557,0,0,0,0
GPAR,15:42:12.557,2824,0,0,0
GDBG,15:42:12.557,0,0,0,0
GRAW,15:42:12.743,0,0,0,0,0,0
GATT,15:42:12.743,0,-1
GMAG,15:42:12.743,0,0,0,34,-8
GRCC,15:42:12.743,1066,1493,1493,1498
GRCX,15:42:12.743,1070,1494,1500,1500
GMOT,15:42:12.743,950,950,950,950,0,0,0,0
GNAV,15:42:12.743,0,0,0,0
GPAR,15:42:12.743,2888,0,0,0
GDBG,15:42:12.743,0,0,0,0
GRAW,15:42:12.929,0,0,0,0,0,0
GATT,15:42:12.929,0,-1
GMAG,15:42:12.929,0,0,0,35,-5
GRCC,15:42:12.929,1066,1493,1493,1498
GRCX,15:42:12.929,1070,1494,1500,1500
GMOT,15:42:12.929,950,950,950,950,0,0,0,0
GNAV,15:42:12.929,0,0,0,0
GPAR,15:42:12.929,2604,0,0,0
GDBG,15:42:12.929,0,0,0,0
GRAW,15:42:13.117,0,0,0,0,0,0
GATT,15:42:13.117,0,-1
GMAG,15:42:13.117,0,0,0,34,-9
GRCC,15:42:13.117,1066,1493,1493,1498
GRCX,15:42:13.117,1070,1494,1500,1500
GMOT,15:42:13.117,950,950,950,950,0,0,0,0
GNAV,15:42:13.117,0,0,0,0
GPAR,15:42:13.117,2636,0,0,0
GDBG,15:42:13.117,0,0,0,0
GRAW,15:42:13.303,0,0,0,0,0,0
GATT,15:42:13.303,0,-1
GMAG,15:42:13.303,0,0,0,34,-10
GRCC,15:42:13.303,1066,1493,1493,1498
GRCX,15:42:13.303,1070,1494,1500,1500
GMOT,15:42:13.303,950,950,950,950,0,0,0,0
GNAV,15:42:13.303,0,0,0,0
GPAR,15:42:13.303,2612,0,0,0
GDBG,15:42:13.303,0,0,0,0
GRAW,15:42:13.489,0,0,0,0,0,0
GATT,15:42:13.489,0,-1
GMAG,15:42:13.489,0,0,0,34,-7
GRCC,15:42:13.489,1066,1493,1493,1498
GRCX,15:42:13.489,1070,1494,1500,1500
GMOT,15:42:13.489,950,950,950,950,0,0,0,0
GNAV,15:42:13.489,0,0,0,0
GPAR,15:42:13.489,3080,0,0,0
GDBG,15:42:13.489,0,0,0,0
GRAW,15:42:13.676,0,0,0,0,0,0
GATT,15:42:13.676,0,-1
GMAG,15:42:13.676,0,0,0,34,-4
GRCC,15:42:13.676,1066,1493,1493,1498
GRCX,15:42:13.676,1070,1494,1500,1500
GMOT,15:42:13.676,950,950,950,950,0,0,0,0
GNAV,15:42:13.676,0,0,0,0
GPAR,15:42:13.676,2640,0,0,0
GDBG,15:42:13.676,0,0,0,0
GRAW,15:42:13.864,0,0,0,0,0,0
GATT,15:42:13.864,0,-1
GMAG,15:42:13.864,0,0,0,34,-5
GRCC,15:42:13.864,1066,1493,1493,1498
GRCX,15:42:13.864,1070,1494,1500,1500
GMOT,15:42:13.864,950,950,950,950,0,0,0,0
GNAV,15:42:13.864,0,0,0,0
GPAR,15:42:13.864,2608,0,0,0
GDBG,15:42:13.864,0,0,0,0
GRAW,15:42:14.082,0,0,0,0,0,0
GATT,15:42:14.082,0,-1
GMAG,15:42:14.082,0,0,0,34,1
GRCC,15:42:14.082,1066,1493,1493,1498
GRCX,15:42:14.082,1070,1494,1500,1500
GMOT,15:42:14.082,950,950,950,950,0,0,0,0
GNAV,15:42:14.082,0,0,0,0
GPAR,15:42:14.082,2628,0,0,0
GDBG,15:42:14.082,0,0,0,0
GRAW,15:42:14.271,0,0,0,0,0,0
GATT,15:42:14.271,0,-1
GMAG,15:42:14.271,0,0,0,34,0
GRCC,15:42:14.271,1066,1493,1493,1498
GRCX,15:42:14.271,1070,1494,1500,1500
GMOT,15:42:14.271,950,950,950,950,0,0,0,0
GNAV,15:42:14.271,0,0,0,0
GPAR,15:42:14.271,2608,0,0,0
GDBG,15:42:14.271,0,0,0,0
GRAW,15:42:14.456,0,0,0,0,0,0
GATT,15:42:14.456,0,-1
GMAG,15:42:14.456,0,0,0,34,0
GRCC,15:42:14.456,1066,1493,1493,1498
GRCX,15:42:14.456,1070,1494,1500,1500
GMOT,15:42:14.456,950,950,950,950,0,0,0,0
GNAV,15:42:14.456,0,0,0,0
GPAR,15:42:14.456,2800,0,0,0
GDBG,15:42:14.456,0,0,0,0
GRAW,15:42:14.646,0,0,0,0,0,0
GATT,15:42:14.646,0,-1
GMAG,15:42:14.646,0,0,0,34,0
GRCC,15:42:14.646,1066,1493,1493,1498
GRCX,15:42:14.646,1070,1494,1500,1500
GMOT,15:42:14.646,950,950,950,950,0,0,0,0
GNAV,15:42:14.647,0,0,0,0
GPAR,15:42:14.647,2632,0,0,0
GDBG,15:42:14.647,0,0,0,0
GRAW,15:42:14.833,0,0,0,0,0,0
GATT,15:42:14.833,0,-1
GMAG,15:42:14.833,0,0,0,34,0
GRCC,15:42:14.833,1066,1493,1493,1498
GRCX,15:42:14.833,1070,1494,1500,1500
GMOT,15:42:14.833,950,950,950,950,0,0,0,0
GNAV,15:42:14.833,0,0,0,0
GPAR,15:42:14.833,2932,0,0,0
GDBG,15:42:14.833,0,0,0,0
GRAW,15:42:15.017,0,0,0,0,0,0
GATT,15:42:15.017,0,-1
GMAG,15:42:15.017,0,0,0,34,0
GRCC,15:42:15.017,1066,1493,1493,1498
GRCX,15:42:15.017,1070,1494,1500,1500
GMOT,15:42:15.017,950,950,950,950,0,0,0,0
GNAV,15:42:15.017,0,0,0,0
GPAR,15:42:15.017,3104,0,0,0
GDBG,15:42:15.017,0,0,0,0
GRAW,15:42:15.209,0,0,0,0,0,0
GATT,15:42:15.209,0,-1
GMAG,15:42:15.209,0,0,0,34,-6
GRCC,15:42:15.209,1066,1493,1493,1498
GRCX,15:42:15.209,1070,1494,1500,1500
GMOT,15:42:15.209,950,950,950,950,0,0,0,0
GNAV,15:42:15.209,0,0,0,0
GPAR,15:42:15.209,2888,0,0,0
GDBG,15:42:15.209,0,0,0,0
GRAW,15:42:15.393,0,0,0,0,0,0
GATT,15:42:15.393,0,-1
GMAG,15:42:15.393,0,0,0,34,-6
GRCC,15:42:15.393,1066,1493,1493,1498
GRCX,15:42:15.393,1070,1494,1500,1500
GMOT,15:42:15.393,950,950,950,950,0,0,0,0
GNAV,15:42:15.393,0,0,0,0
GPAR,15:42:15.393,2624,0,0,0
GDBG,15:42:15.393,0,0,0,0
GRAW,15:42:18.449,0,0,0,0,0,0
GATT,15:42:18.449,0,-1
GMAG,15:42:18.449,0,0,0,35,2
GRCC,15:42:18.449,1066,1493,1493,1498
GRCX,15:42:18.449,1070,1494,1500,1500
GMOT,15:42:18.449,950,950,950,950,0,0,0,0
GNAV,15:42:18.449,0,0,0,0
GPAR,15:42:18.449,2632,0,0,0
GDBG,15:42:18.449,0,0,0,0
GRAW,15:42:18.605,0,0,0,0,0,0
GATT,15:42:18.605,0,-1
GMAG,15:42:18.605,0,0,0,34,2
GRCC,15:42:18.605,1066,1493,1493,1498
GRCX,15:42:18.605,1070,1494,1500,1500
GMOT,15:42:18.605,950,950,950,950,0,0,0,0
GNAV,15:42:18.605,0,0,0,0
GPAR,15:42:18.605,2608,0,0,0
GDBG,15:42:18.605,0,0,0,0
GRAW,15:42:18.762,0,0,0,0,0,0
GATT,15:42:18.762,0,-1
GMAG,15:42:18.762,0,0,0,34,4
GRCC,15:42:18.762,1066,1493,1493,1498
GRCX,15:42:18.762,1070,1494,1500,1500
GMOT,15:42:18.762,950,950,950,950,0,0,0,0
GNAV,15:42:18.762,0,0,0,0
GPAR,15:42:18.762,2632,0,0,0
GDBG,15:42:18.762,0,0,0,0
GRAW,15:42:18.921,0,0,0,0,0,0
GATT,15:42:18.921,0,-1
GMAG,15:42:18.921,0,0,0,34,4
GRCC,15:42:18.921,1066,1493,1493,1498
GRCX,15:42:18.921,1070,1492,1500,1500
GMOT,15:42:18.921,950,950,950,950,0,0,0,0
GNAV,15:42:18.921,0,0,0,0
GPAR,15:42:18.921,2628,0,0,0
GDBG,15:42:18.921,0,0,0,0
GRAW,15:42:19.073,0,0,0,0,0,0
GATT,15:42:19.073,0,-1
GMAG,15:42:19.073,0,0,0,34,2
GRCC,15:42:19.073,1066,1493,1493,1498
GRCX,15:42:19.073,1070,1492,1500,1500
GMOT,15:42:19.073,950,950,950,950,0,0,0,0
GNAV,15:42:19.073,0,0,0,0
GPAR,15:42:19.073,2888,0,0,0
GDBG,15:42:19.073,0,0,0,0
GRAW,15:42:19.230,0,0,0,0,0,0
GATT,15:42:19.230,0,-1
GMAG,15:42:19.230,0,0,0,34,4
GRCC,15:42:19.230,1066,1493,1493,1498
GRCX,15:42:19.230,1070,1492,1500,1500
GMOT,15:42:19.230,950,950,950,950,0,0,0,0
GNAV,15:42:19.230,0,0,0,0
GPAR,15:42:19.230,2620,0,0,0
GDBG,15:42:19.230,0,0,0,0
GRAW,15:42:19.389,0,0,0,0,0,0
GATT,15:42:19.389,0,-1
GMAG,15:42:19.389,0,0,0,34,6
GRCC,15:42:19.389,1066,1493,1493,1498
GRCX,15:42:19.389,1927,1492,1500,1500
GMOT,15:42:19.389,950,950,950,950,0,0,0,0
GNAV,15:42:19.389,0,0,0,0
GPAR,15:42:19.389,2600,0,0,0
GDBG,15:42:19.389,0,0,0,0
GMOD,15:42:19.542,ARM
GRAW,15:42:19.542,0,0,0,0,0,0
GATT,15:42:19.542,0,-1
GMAG,15:42:19.542,0,0,0,34,6
GRCC,15:42:19.542,1066,1493,1493,1498
GRCX,15:42:19.542,1927,1492,1500,1500
GMOT,15:42:19.542,950,950,950,950,0,0,0,0
GNAV,15:42:19.542,0,0,0,0
GPAR,15:42:19.542,2636,0,0,0
GDBG,15:42:19.542,0,0,0,0
GRAW,15:42:19.702,0,0,0,0,0,0
GATT,15:42:19.702,0,-1
GMAG,15:42:19.702,0,0,0,34,0
GRCC,15:42:19.702,1066,1493,1493,1498
GRCX,15:42:19.702,1927,1492,1500,1500
GMOT,15:42:19.702,950,950,950,950,0,0,0,0
GNAV,15:42:19.702,0,0,0,0
GPAR,15:42:19.702,2908,0,0,0
GDBG,15:42:19.702,0,0,0,0
GRAW,15:42:19.854,0,0,0,0,0,0
GATT,15:42:19.854,0,-1
GMAG,15:42:19.854,0,0,0,34,-1
GRCC,15:42:19.854,1066,1493,1493,1498
GRCX,15:42:19.854,1929,1492,1500,1500
GMOT,15:42:19.854,950,950,950,950,0,0,0,0
GNAV,15:42:19.854,0,0,0,0
GPAR,15:42:19.854,2636,0,0,0
GDBG,15:42:19.854,0,0,0,0
GRAW,15:42:20.014,0,0,0,0,0,0
GATT,15:42:20.014,0,-1
GMAG,15:42:20.014,0,0,0,35,-2
GRCC,15:42:20.014,1066,1493,1493,1498
GRCX,15:42:20.014,1070,1492,1500,1500
GMOT,15:42:20.014,950,950,950,950,0,0,0,0
GNAV,15:42:20.014,0,0,0,0
GPAR,15:42:20.014,2796,0,0,0
GDBG,15:42:20.014,0,0,0,0
GMOD,15:42:20.166
GRAW,15:42:20.166,0,0,0,0,0,0
GATT,15:42:20.166,0,-1
GMAG,15:42:20.166,0,0,0,35,1
GRCC,15:42:20.166,1066,1493,1493,1498
GRCX,15:42:20.166,1070,1492,1500,1500
GMOT,15:42:20.166,950,950,950,950,0,0,0,0
GNAV,15:42:20.166,0,0,0,0
GPAR,15:42:20.166,2608,0,0,0
GDBG,15:42:20.166,0,0,0,0
GRAW,15:42:20.322,0,0,0,0,0,0
GATT,15:42:20.322,0,-1
GMAG,15:42:20.322,0,0,0,34,0
GRCC,15:42:20.322,1066,1493,1493,1498
GRCX,15:42:20.322,1070,1492,1500,1500
GMOT,15:42:20.322,950,950,950,950,0,0,0,0
GNAV,15:42:20.322,0,0,0,0
GPAR,15:42:20.322,2660,0,0,0
GDBG,15:42:20.322,0,0,0,0
GRAW,15:42:20.479,0,0,0,0,0,0
GATT,15:42:20.479,0,-1
GMAG,15:42:20.479,0,0,0,34,1
GRCC,15:42:20.479,1066,1493,1493,1498
GRCX,15:42:20.479,1070,1492,1500,1500
GMOT,15:42:20.479,950,950,950,950,0,0,0,0
GNAV,15:42:20.479,0,0,0,0
GPAR,15:42:20.479,2648,0,0,0
GDBG,15:42:20.479,0,0,0,0
GRAW,15:42:20.635,0,0,0,0,0,0
GATT,15:42:20.635,0,-1
GMAG,15:42:20.635,0,0,0,34,2
GRCC,15:42:20.635,1066,1493,1493,1498
GRCX,15:42:20.635,1070,1492,1500,1500
GMOT,15:42:20.635,950,950,950,950,0,0,0,0
GNAV,15:42:20.635,0,0,0,0
GPAR,15:42:20.635,2624,0,0,0
GDBG,15:42:20.635,0,0,0,0
GRAW,15:42:20.790,0,0,0,0,0,0
GATT,15:42:20.790,0,-1
GMAG,15:42:20.790,0,0,0,34,1
GRCC,15:42:20.790,1066,1493,1493,1498
GRCX,15:42:20.790,1070,1492,1500,1500
GMOT,15:42:20.790,950,950,950,950,0,0,0,0
GNAV,15:42:20.790,0,0,0,0
GPAR,15:42:20.790,2616,0,0,0
GDBG,15:42:20.790,0,0,0,0
GRAW,15:42:20.948,0,0,0,0,0,0
GATT,15:42:20.948,0,-1
GMAG,15:42:20.948,0,0,0,34,5
GRCC,15:42:20.948,1066,1493,1493,1498
GRCX,15:42:20.948,1070,1492,1500,1500
GMOT,15:42:20.948,950,950,950,950,0,0,0,0
GNAV,15:42:20.948,0,0,0,0
GPAR,15:42:20.948,2624,0,0,0
GDBG,15:42:20.948,0,0,0,0
GRAW,15:42:21.106,0,0,0,0,0,0
GATT,15:42:21.106,0,-1
GMAG,15:42:21.106,0,0,0,34,9
GRCC,15:42:21.106,1066,1493,1493,1498
GRCX,15:42:21.106,1070,1492,1500,1500
GMOT,15:42:21.106,950,950,950,950,0,0,0,0
GNAV,15:42:21.106,0,0,0,0
GPAR,15:42:21.106,2856,0,0,0
GDBG,15:42:21.106,0,0,0,0
GRAW,15:42:21.258,0,0,0,0,0,0
GATT,15:42:21.258,0,-1
GMAG,15:42:21.258,0,0,0,34,13
GRCC,15:42:21.258,1066,1493,1493,1498
GRCX,15:42:21.258,1070,1492,1500,1500
GMOT,15:42:21.258,950,950,950,950,0,0,0,0
GNAV,15:42:21.258,0,0,0,0
GPAR,15:42:21.258,3148,0,0,0
GDBG,15:42:21.258,0,0,0,0
GRAW,15:42:21.415,0,0,0,0,0,0
GATT,15:42:21.415,0,-1
GMAG,15:42:21.415,0,0,0,33,17
GRCC,15:42:21.415,1066,1493,1493,1498
GRCX,15:42:21.415,1070,1492,1500,1500
GMOT,15:42:21.415,950,950,950,950,0,0,0,0
GNAV,15:42:21.415,0,0,0,0
GPAR,15:42:21.415,2676,0,0,0
GDBG,15:42:21.415,0,0,0,0
GRAW,15:42:21.574,0,0,0,0,0,0
GATT,15:42:21.574,0,-1
GMAG,15:42:21.574,0,0,0,33,21
GRCC,15:42:21.574,1066,1493,1493,1498
GRCX,15:42:21.574,1070,1492,1500,1500
GMOT,15:42:21.574,950,950,950,950,0,0,0,0
GNAV,15:42:21.574,0,0,0,0
GPAR,15:42:21.574,2620,0,0,0
GDBG,15:42:21.574,0,0,0,0
GRAW,15:42:21.726,0,0,0,0,0,0
GATT,15:42:21.726,-1,-1
GMAG,15:42:21.726,0,0,0,33,21
GRCC,15:42:21.726,1066,1493,1493,1498
GRCX,15:42:21.726,1070,1492,1500,1500
GMOT,15:42:21.726,950,950,950,950,0,0,0,0
GNAV,15:42:21.726,0,0,0,0
GPAR,15:42:21.726,2888,0,0,0
GDBG,15:42:21.726,0,0,0,0
GRAW,15:42:21.882,0,0,0,0,0,0
GATT,15:42:21.882,0,-1
GMAG,15:42:21.882,0,0,0,34,15
GRCC,15:42:21.882,1066,1493,1493,1498
GRCX,15:42:21.882,1070,1492,1500,1500
GMOT,15:42:21.882,950,950,950,950,0,0,0,0
GNAV,15:42:21.882,0,0,0,0
GPAR,15:42:21.882,2656,0,0,0
GDBG,15:42