MultiWii telemetry log. Start time:2016/01/28 12:07:12.482
GRAW,12:07:14.634,0,0,0,0,0,0
GATT,12:07:14.634,0,0
GMAG,12:07:14.634,0,0,0,0,0
GRCC,12:07:14.634,0,0,0,0
GRCX,12:07:14.634,0,0,0,0
GMOT,12:07:14.634,0,0,0,0,0,0,0,0
GNAV,12:07:14.634,0,0,0,0
GPAR,12:07:14.634,0,0,0,0
GDBG,12:07:14.634,0,0,0,0
GRAW,12:07:14.775,0,0,0,0,0,0
GATT,12:07:14.775,0,0
GMAG,12:07:14.775,0,0,0,0,0
GRCC,12:07:14.775,0,0,0,0
GRCX,12:07:14.775,0,0,0,0
GMOT,12:07:14.775,0,0,0,0,0,0,0,0
GNAV,12:07:14.775,0,0,0,0
GPAR,12:07:14.775,0,0,0,0
GDBG,12:07:14.775,0,0,0,0
GRAW,12:07:14.946,0,0,0,0,0,0
GATT,12:07:14.946,-2,1
GMAG,12:07:14.946,0,0,0,-162,27
GRCC,12:07:14.946,1500,1500,1500,1500
GRCX,12:07:14.946,1500,1500,1500,1500
GMOT,12:07:14.946,0,0,0,0,0,0,0,0
GNAV,12:07:14.946,0,0,0,0
GPAR,12:07:14.946,2644,0,0,0
GDBG,12:07:14.946,0,0,0,0
GRAW,12:07:15.102,0,0,0,0,0,0
GATT,12:07:15.102,-2,1
GMAG,12:07:15.102,0,0,0,-162,6
GRCC,12:07:15.102,1500,1500,1500,1500
GRCX,12:07:15.102,1500,1500,1500,1500
GMOT,12:07:15.102,950,950,950,950,0,0,0,0
GNAV,12:07:15.102,0,0,0,0
GPAR,12:07:15.102,2644,0,0,0
GDBG,12:07:15.102,0,0,0,0
GRAW,12:07:15.290,0,0,0,0,0,0
GATT,12:07:15.290,-1,1
GMAG,12:07:15.290,0,0,0,-162,0
GRCC,12:07:15.290,1500,1500,1500,1500
GRCX,12:07:15.290,1500,1500,1500,1500
GMOT,12:07:15.290,950,950,950,950,0,0,0,0
GNAV,12:07:15.290,0,0,0,0
GPAR,12:07:15.290,2636,0,0,0
GDBG,12:07:15.290,0,0,0,0
GRAW,12:07:15.446,0,0,0,0,0,0
GATT,12:07:15.446,-2,1
GMAG,12:07:15.446,0,0,0,-162,0
GRCC,12:07:15.446,1500,1500,1500,1500
GRCX,12:07:15.446,1500,1500,1500,1500
GMOT,12:07:15.446,950,950,950,950,0,0,0,0
GNAV,12:07:15.446,0,0,0,0
GPAR,12:07:15.446,2852,0,0,0
GDBG,12:07:15.446,0,0,0,0
GRAW,12:07:15.633,0,0,0,0,0,0
GATT,12:07:15.633,-2,1
GMAG,12:07:15.633,0,0,0,-162,0
GRCC,12:07:15.633,1500,1500,1500,1500
GRCX,12:07:15.633,1500,1500,1500,1500
GMOT,12:07:15.633,950,950,950,950,0,0,0,0
GNAV,12:07:15.633,0,0,0,0
GPAR,12:07:15.633,2836,0,0,0
GDBG,12:07:15.633,0,0,0,0
GRAW,12:07:15.820,0,0,0,0,0,0
GATT,12:07:15.820,-2,1
GMAG,12:07:15.820,0,0,0,-162,0
GRCC,12:07:15.820,1500,1500,1500,1500
GRCX,12:07:15.820,1500,1500,1500,1500
GMOT,12:07:15.820,950,950,950,950,0,0,0,0
GNAV,12:07:15.820,0,0,0,0
GPAR,12:07:15.820,3064,0,0,0
GDBG,12:07:15.820,0,0,0,0
GRAW,12:07:19.159,0,0,0,0,0,0
GATT,12:07:19.159,-1,1
GMAG,12:07:19.159,0,0,0,-162,0
GRCC,12:07:19.159,1500,1500,1500,1500
GRCX,12:07:19.159,1500,1500,1500,1500
GMOT,12:07:19.159,950,950,950,950,0,0,0,0
GNAV,12:07:19.159,0,0,0,0
GPAR,12:07:19.159,2624,0,0,0
GDBG,12:07:19.159,0,0,0,0
GRAW,12:07:19.346,0,0,0,0,0,0
GATT,12:07:19.346,-1,1
GMAG,12:07:19.346,0,0,0,-162,0
GRCC,12:07:19.346,1500,1500,1500,1500
GRCX,12:07:19.346,1500,1500,1500,1500
GMOT,12:07:19.346,950,950,950,950,0,0,0,0
GNAV,12:07:19.346,0,0,0,0
GPAR,12:07:19.346,3072,0,0,0
GDBG,12:07:19.346,0,0,0,0
GRAW,12:07:19.533,0,0,0,0,0,0
GATT,12:07:19.533,-1,1
GMAG,12:07:19.533,0,0,0,-162,1
GRCC,12:07:19.533,1500,1500,1500,1500
GRCX,12:07:19.533,1500,1500,1500,1500
GMOT,12:07:19.533,950,950,950,950,0,0,0,0
GNAV,12:07:19.533,0,0,0,0
GPAR,12:07:19.533,2604,0,0,0
GDBG,12:07:19.533,0,0,0,0
GRAW,12:07:19.720,0,0,0,0,0,0
GATT,12:07:19.720,-1,1
GMAG,12:07:19.720,0,0,0,-162,5
GRCC,12:07:19.720,1500,1500,1500,1500
GRCX,12:07:19.720,1500,1500,1500,1500
GMOT,12:07:19.720,950,950,950,950,0,0,0,0
GNAV,12:07:19.720,0,0,0,0
GPAR,12:07:19.720,2628,0,0,0
GDBG,12:07:19.720,0,0,0,0
GRAW,12:07:19.907,0,0,0,0,0,0
GATT,12:07:19.907,-1,1
GMAG,12:07:19.907,0,0,0,-162,9
GRCC,12:07:19.907,1500,1500,1500,1500
GRCX,12:07:19.907,1500,1500,1500,1500
GMOT,12:07:19.907,950,950,950,950,0,0,0,0
GNAV,12:07:19.907,0,0,0,0
GPAR,12:07:19.907,2652,0,0,0
GDBG,12:07:19.907,0,0,0,0
GRAW,12:07:20.126,0,0,0,0,0,0
GATT,12:07:20.126,-1,1
GMAG,12:07:20.126,0,0,0,-161,7
GRCC,12:07:20.126,1500,1500,1500,1500
GRCX,12:07:20.126,1500,1500,1500,1500
GMOT,12:07:20.126,950,950,950,950,0,0,0,0
GNAV,12:07:20.126,0,0,0,0
GPAR,12:07:20.126,2636,0,0,0
GDBG,12:07:20.126,0,0,0,0
GRAW,12:07:20.344,0,0,0,0,0,0
GATT,12:07:20.344,0,1
GMAG,12:07:20.344,0,0,0,-160,3
GRCC,12:07:20.344,1500,1500,1500,1500
GRCX,12:07:20.344,1500,1500,1500,1500
GMOT,12:07:20.344,950,950,950,950,0,0,0,0
GNAV,12:07:20.344,0,0,0,0
GPAR,12:07:20.344,2676,0,0,0
GDBG,12:07:20.344,0,0,0,0
GRAW,12:07:20.531,0,0,0,0,0,0
GATT,12:07:20.531,0,1
GMAG,12:07:20.531,0,0,0,-160,-3
GRCC,12:07:20.531,1500,1500,1500,1500
GRCX,12:07:20.531,1500,1500,1500,1500
GMOT,12:07:20.531,950,950,950,950,0,0,0,0
GNAV,12:07:20.531,0,0,0,0
GPAR,12:07:20.531,2656,0,0,0
GDBG,12:07:20.531,0,0,0,0
GRAW,12:07:20.750,0,0,0,0,0,0
GATT,12:07:20.750,2,1
GMAG,12:07:20.750,0,0,0,-160,-12
GRCC,12:07:20.750,1500,1500,1500,1500
GRCX,12:07:20.750,1500,1500,1500,1500
GMOT,12:07:20.750,950,950,950,950,0,0,0,0
GNAV,12:07:20.750,0,0,0,0
GPAR,12:07:20.750,2860,0,0,0
GDBG,12:07:20.750,0,0,0,0
GRAW,12:07:20.968,0,0,0,0,0,0
GATT,12:07:20.968,0,1
GMAG,12:07:20.968,0,0,0,-160,-16
GRCC,12:07:20.968,1500,1500,1500,1500
GRCX,12:07:20.968,1500,1500,1500,1500
GMOT,12:07:20.968,950,950,950,950,0,0,0,0
GNAV,12:07:20.968,0,0,0,0
GPAR,12:07:20.968,2660,0,0,0
GDBG,12:07:20.968,0,0,0,0
GRAW,12:07:21.187,0,0,0,0,0,0
GATT,12:07:21.187,-1,1
GMAG,12:07:21.187,0,0,0,-159,-15
GRCC,12:07:21.187,1500,1500,1500,1500
GRCX,12:07:21.187,1500,1500,1500,1500
GMOT,12:07:21.187,950,950,950,950,0,0,0,0
GNAV,12:07:21.187,0,0,0,0
GPAR,12:07:21.187,2680,0,0,0
GDBG,12:07:21.187,0,0,0,0
GRAW,12:07:21.405,0,0,0,0,0,0
GATT,12:07:21.405,-1,1
GMAG,12:07:21.405,0,0,0,-160,-19
GRCC,12:07:21.405,1500,1500,1500,1500
GRCX,12:07:21.405,1500,1500,1500,1500
GMOT,12:07:21.405,950,950,950,950,0,0,0,0
GNAV,12:07:21.405,0,0,0,0
GPAR,12:07:21.405,2940,0,0,0
GDBG,12:07:21.405,0,0,0,0
GRAW,12:07:21.623,0,0,0,0,0,0
GATT,12:07:21.623,-1,1
GMAG,12:07:21.623,0,0,0,-160,-11
GRCC,12:07:21.623,1500,1500,1500,1500
GRCX,12:07:21.623,1500,1500,1500,1500
GMOT,12:07:21.623,950,950,950,950,0,0,0,0
GNAV,12:07:21.623,0,0,0,0
GPAR,12:07:21.623,2860,0,0,0
GDBG,12:07:21.623,0,0,0,0
GRAW,12:07:21.842,0,0,0,0,0,0
GATT,12:07:21.842,-1,1
GMAG,12:07:21.842,0,0,0,-160,-2
GRCC,12:07:21.842,1500,1500,1500,1500
GRCX,12:07:21.842,1500,1500,1500,1500
GMOT,12:07:21.842,950,950,950,950,0,0,0,0
GNAV,12:07:21.842,0,0,0,0
GPAR,12:07:21.842,2788,0,0,0
GDBG,12:07:21.842,0,0,0,0
GRAW,12:07:22.060,0,0,0,0,0,0
GATT,12:07:22.060,-1,1
GMAG,12:07:22.060,0,0,0,-160,4
GRCC,12:07:22.060,1500,1500,1500,1500
GRCX,12:07:22.060,1500,1500,1500,1500
GMOT,12:07:22.060,950,950,950,950,0,0,0,0
GNAV,12:07:22.060,0,0,0,0
GPAR,12:07:22.060,2816,0,0,0
GDBG,12:07:22.060,0,0,0,0
GRAW,12:07:22.279,0,0,0,0,0,0
GATT,12:07:22.279,-1,1
GMAG,12:07:22.279,0,0,0,-160,12
GRCC,12:07:22.279,1500,1500,1500,1500
GRCX,12:07:22.279,1500,1500,1500,1500
GMOT,12:07:22.279,950,950,950,950,0,0,0,0
GNAV,12:07:22.279,0,0,0,0
GPAR,12:07:22.279,2804,0,0,0
GDBG,12:07:22.279,0,0,0,0
GRAW,12:07:22.497,0,0,0,0,0,0
GATT,12:07:22.497,-1,1
GMAG,12:07:22.497,0,0,0,-161,10
GRCC,12:07:22.497,1500,1500,1500,1500
GRCX,12:07:22.497,1500,1500,1500,1500
GMOT,12:07:22.497,950,950,950,950,0,0,0,0
GNAV,12:07:22.497,0,0,0,0
GPAR,12:07:22.497,2808,0,0,0
GDBG,12:07:22.497,0,0,0,0
GRAW,12:07:22.715,0,0,0,0,0,0
GATT,12:07:22.715,-1,1
GMAG,12:07:22.715,0,0,0,-161,0
GRCC,12:07:22.715,1500,1500,1500,1500
GRCX,12:07:22.715,1500,1500,1500,1500
GMOT,12:07:22.715,950,950,950,950,0,0,0,0
GNAV,12:07:22.715,0,0,0,0
GPAR,12:07:22.715,2828,0,0,0
GDBG,12:07:22.715,0,0,0,0
GRAW,12:07:22.934,0,0,0,0,0,0
GATT,12:07:22.934,-1,1
GMAG,12:07:22.934,0,0,0,-161,-5
GRCC,12:07:22.934,1500,1500,1500,1500
GRCX,12:07:22.934,1500,1500,1500,1500
GMOT,12:07:22.934,950,950,950,950,0,0,0,0
GNAV,12:07:22.934,0,0,0,0
GPAR,12:07:22.934,2632,0,0,0
GDBG,12:07:22.934,0,0,0,0
GRAW,12:07:23.121,0,0,0,0,0,0
GATT,12:07:23.121,-1,1
GMAG,12:07:23.121,0,0,0,-161,-4
GRCC,12:07:23.121,1500,1500,1500,1500
GRCX,12:07:23.121,1500,1500,1500,1500
GMOT,12:07:23.121,950,950,950,950,0,0,0,0
GNAV,12:07:23.121,0,0,0,0
GPAR,12:07:23.121,2632,0,0,0
GDBG,12:07:23.121,0,0,0,0
GRAW,12:07:23.339,0,0,0,0,0,0