MultiWii telemetry log. Start time:2015/11/18 15:35:09.713
GRAW,15:35:14.064,0,0,0,0,0,0
GATT,15:35:14.064,-1,-1
GMAG,15:35:14.064,0,0,0,31,1
GRCC,15:35:14.064,1491,1491,1498,1179
GRCX,15:35:14.064,1067,1492,1500,1500
GMOT,15:35:14.064,950,950,950,950,0,0,0,0
GNAV,15:35:14.064,0,0,0,0
GPAR,15:35:14.064,2812,0,0,0
GDBG,15:35:14.064,0,0,0,0
GRAW,15:35:14.158,0,0,0,0,0,0
GATT,15:35:14.158,-1,-1
GMAG,15:35:14.158,0,0,0,31,1
GRCC,15:35:14.158,1491,1491,1498,1179
GRCX,15:35:14.158,1067,1492,1500,1500
GMOT,15:35:14.158,950,950,950,950,0,0,0,0
GNAV,15:35:14.158,0,0,0,0
GPAR,15:35:14.158,2812,0,0,0
GDBG,15:35:14.158,0,0,0,0
GRAW,15:35:14.346,0,0,0,0,0,0
GATT,15:35:14.346,-1,-2
GMAG,15:35:14.346,0,0,0,39,6
GRCC,15:35:14.346,1064,1490,1490,1497
GRCX,15:35:14.346,1066,1491,1500,1500
GMOT,15:35:14.346,950,950,950,950,0,0,0,0
GNAV,15:35:14.346,0,0,0,0
GPAR,15:35:14.346,2636,0,0,0
GDBG,15:35:14.346,0,0,0,0
GRAW,15:35:14.531,0,0,0,0,0,0
GATT,15:35:14.531,-1,-1
GMAG,15:35:14.531,0,0,0,39,0
GRCC,15:35:14.531,1064,1490,1490,1497
GRCX,15:35:14.531,1066,1491,1500,1500
GMOT,15:35:14.531,950,950,950,950,0,0,0,0
GNAV,15:35:14.531,0,0,0,0
GPAR,15:35:14.531,2616,0,0,0
GDBG,15:35:14.531,0,0,0,0
GRAW,15:35:14.690,0,0,0,0,0,0
GATT,15:35:14.690,-1,-1
GMAG,15:35:14.690,0,0,0,39,0
GRCC,15:35:14.690,1064,1490,1490,1497
GRCX,15:35:14.690,1066,1491,1500,1500
GMOT,15:35:14.690,950,950,950,950,0,0,0,0
GNAV,15:35:14.690,0,0,0,0
GPAR,15:35:14.690,3116,0,0,0
GDBG,15:35:14.690,0,0,0,0
GRAW,15:35:14.844,0,0,0,0,0,0
GATT,15:35:14.844,-1,-1
GMAG,15:35:14.844,0,0,0,39,0
GRCC,15:35:14.844,1064,1490,1490,1497
GRCX,15:35:14.844,1066,1491,1500,1500
GMOT,15:35:14.844,950,950,950,950,0,0,0,0
GNAV,15:35:14.844,0,0,0,0
GPAR,15:35:14.844,2660,0,0,0
GDBG,15:35:14.845,0,0,0,0
GRAW,15:35:15.000,0,0,0,0,0,0
GATT,15:35:15.000,-1,-1
GMAG,15:35:15.000,0,0,0,39,0
GRCC,15:35:15.000,1064,1490,1490,1497
GRCX,15:35:15.000,1066,1491,1500,1500
GMOT,15:35:15.000,950,950,950,950,0,0,0,0
GNAV,15:35:15.000,0,0,0,0
GPAR,15:35:15.000,3072,0,0,0
GDBG,15:35:15.000,0,0,0,0
GRAW,15:35:15.159,0,0,0,0,0,0
GATT,15:35:15.159,-1,-1
GMAG,15:35:15.159,0,0,0,39,0
GRCC,15:35:15.159,1064,1490,1490,1497
GRCX,15:35:15.159,1066,1491,1500,1500
GMOT,15:35:15.159,950,950,950,950,0,0,0,0
GNAV,15:35:15.159,0,0,0,0
GPAR,15:35:15.159,2880,0,0,0
GDBG,15:35:15.159,0,0,0,0
GRAW,15:35:15.345,0,0,0,0,0,0
GATT,15:35:15.345,-1,-1
GMAG,15:35:15.346,0,0,0,40,0
GRCC,15:35:15.346,1064,1490,1490,1497
GRCX,15:35:15.346,1066,1491,1500,1500
GMOT,15:35:15.346,950,950,950,950,0,0,0,0
GNAV,15:35:15.346,0,0,0,0
GPAR,15:35:15.346,3124,0,0,0
GDBG,15:35:15.346,0,0,0,0
GRAW,15:35:15.501,0,0,0,0,0,0
GATT,15:35:15.501,-1,-1
GMAG,15:35:15.502,0,0,0,39,0
GRCC,15:35:15.502,1064,1490,1490,1497
GRCX,15:35:15.502,1066,1491,1500,1500
GMOT,15:35:15.502,950,950,950,950,0,0,0,0
GNAV,15:35:15.502,0,0,0,0
GPAR,15:35:15.502,2652,0,0,0
GDBG,15:35:15.502,0,0,0,0
GRAW,15:35:15.658,0,0,0,0,0,0
GATT,15:35:15.658,-1,-1
GMAG,15:35:15.658,0,0,0,38,0
GRCC,15:35:15.658,1064,1490,1490,1497
GRCX,15:35:15.658,1066,1491,1500,1500
GMOT,15:35:15.658,950,950,950,950,0,0,0,0
GNAV,15:35:15.658,0,0,0,0
GPAR,15:35:15.658,2636,0,0,0
GDBG,15:35:15.658,0,0,0,0
GRAW,15:35:15.815,0,0,0,0,0,0
GATT,15:35:15.815,-1,-1
GMAG,15:35:15.815,0,0,0,36,0
GRCC,15:35:15.815,1064,1490,1490,1497
GRCX,15:35:15.815,1066,1491,1500,1500
GMOT,15:35:15.815,950,950,950,950,0,0,0,0
GNAV,15:35:15.815,0,0,0,0
GPAR,15:35:15.815,2676,0,0,0
GDBG,15:35:15.815,0,0,0,0
GRAW,15:35:15.971,0,0,0,0,0,0
GATT,15:35:15.971,-1,-1
GMAG,15:35:15.971,0,0,0,36,0
GRCC,15:35:15.971,1064,1490,1490,1497
GRCX,15:35:15.971,1066,1491,1500,1500
GMOT,15:35:15.971,950,950,950,950,0,0,0,0
GNAV,15:35:15.971,0,0,0,0
GPAR,15:35:15.971,2640,0,0,0
GDBG,15:35:15.971,0,0,0,0
GRAW,15:35:16.124,0,0,0,0,0,0
GATT,15:35:16.124,-1,-1
GMAG,15:35:16.124,0,0,0,36,0
GRCC,15:35:16.124,1064,1490,1490,1497
GRCX,15:35:16.124,1066,1491,1500,1500
GMOT,15:35:16.124,950,950,950,950,0,0,0,0
GNAV,15:35:16.124,0,0,0,0
GPAR,15:35:16.124,2632,0,0,0
GDBG,15:35:16.124,0,0,0,0
GRAW,15:35:16.281,0,0,0,0,0,0
GATT,15:35:16.281,-1,-1
GMAG,15:35:16.281,0,0,0,36,0
GRCC,15:35:16.281,1064,1490,1490,1497
GRCX,15:35:16.281,1066,1491,1500,1500
GMOT,15:35:16.281,950,950,950,950,0,0,0,0
GNAV,15:35:16.281,0,0,0,0
GPAR,15:35:16.281,2620,0,0,0
GDBG,15:35:16.281,0,0,0,0
GRAW,15:35:16.440,0,0,0,0,0,0
GATT,15:35:16.440,-1,-1
GMAG,15:35:16.440,0,0,0,35,0
GRCC,15:35:16.440,1064,1490,1490,1497
GRCX,15:35:16.440,1066,1491,1500,1500
GMOT,15:35:16.440,950,950,950,950,0,0,0,0
GNAV,15:35:16.440,0,0,0,0
GPAR,15:35:16.440,3100,0,0,0
GDBG,15:35:16.440,0,0,0,0
GRAW,15:35:16.593,0,0,0,0,0,0
GATT,15:35:16.593,-1,-1
GMAG,15:35:16.593,0,0,0,35,0
GRCC,15:35:16.593,1064,1490,1490,1497
GRCX,15:35:16.593,1066,1491,1500,1500
GMOT,15:35:16.593,950,950,950,950,0,0,0,0
GNAV,15:35:16.593,0,0,0,0
GPAR,15:35:16.593,2668,0,0,0
GDBG,15:35:16.593,0,0,0,0
GRAW,15:35:16.749,0,0,0,0,0,0
GATT,15:35:16.749,-1,-1
GMAG,15:35:16.749,0,0,0,35,0
GRCC,15:35:16.749,1064,1490,1490,1497
GRCX,15:35:16.749,1066,1491,1500,1500
GMOT,15:35:16.749,950,950,950,950,0,0,0,0
GNAV,15:35:16.749,0,0,0,0
GPAR,15:35:16.749,2620,0,0,0
GDBG,15:35:16.749,0,0,0,0
GRAW,15:35:16.908,0,0,0,0,0,0
GATT,15:35:16.908,-1,-1
GMAG,15:35:16.908,0,0,0,35,0
GRCC,15:35:16.908,1064,1490,1490,1497
GRCX,15:35:16.908,1066,1491,1500,1500
GMOT,15:35:16.908,950,950,950,950,0,0,0,0
GNAV,15:35:16.908,0,0,0,0
GPAR,15:35:16.908,2624,0,0,0
GDBG,15:35:16.908,0,0,0,0
GRAW,15:35:17.093,0,0,0,0,0,0
GATT,15:35:17.094,-1,-1
GMAG,15:35:17.094,0,0,0,35,0
GRCC,15:35:17.094,1064,1490,1490,1497
GRCX,15:35:17.094,1066,1491,1500,1500
GMOT,15:35:17.094,950,950,950,950,0,0,0,0
GNAV,15:35:17.094,0,0,0,0
GPAR,15:35:17.094,3132,0,0,0
GDBG,15:35:17.094,0,0,0,0
GRAW,15:35:17.246,0,0,0,0,0,0
GATT,15:35:17.246,-1,-1
GMAG,15:35:17.246,0,0,0,35,0
GRCC,15:35:17.246,1064,1490,1490,1497
GRCX,15:35:17.246,1066,1491,1500,1500
GMOT,15:35:17.246,950,950,950,950,0,0,0,0
GNAV,15:35:17.246,0,0,0,0
GPAR,15:35:17.246,2648,0,0,0
GDBG,15:35:17.246,0,0,0,0
GRAW,15:35:17.402,0,0,0,0,0,0
GATT,15:35:17.402,-1,-1
GMAG,15:35:17.402,0,0,0,35,0
GRCC,15:35:17.402,1064,1490,1490,1497
GRCX,15:35:17.402,1066,1491,1500,1500
GMOT,15:35:17.402,950,950,950,950,0,0,0,0
GNAV,15:35:17.402,0,0,0,0
GPAR,15:35:17.402,3124,0,0,0
GDBG,15:35:17.402,0,0,0,0
GRAW,15:35:17.559,0,0,0,0,0,0
GATT,15:35:17.559,-1,-1
GMAG,15:35:17.559,0,0,0,35,0
GRCC,15:35:17.559,1064,1490,1490,1497
GRCX,15:35:17.559,1066,1491,1500,1500
GMOT,15:35:17.559,950,950,950,950,0,0,0,0
GNAV,15:35:17.559,0,0,0,0
GPAR,15:35:17.559,2660,0,0,0
GDBG,15:35:17.559,0,0,0,0
GRAW,15:35:17.714,0,0,0,0,0,0
GATT,15:35:17.714,-1,-1
GMAG,15:35:17.714,0,0,0,35,0
GRCC,15:35:17.714,1064,1490,1490,1497
GRCX,15:35:17.714,1066,1491,1500,1500
GMOT,15:35:17.714,950,950,950,950,0,0,0,0
GNAV,15:35:17.714,0,0,0,0
GPAR,15:35:17.714,3064,0,0,0
GDBG,15:35:17.714,0,0,0,0
GRAW,15:35:17.874,0,0,0,0,0,0
GATT,15:35:17.874,-1,-1
GMAG,15:35:17.874,0,0,0,35,0
GRCC,15:35:17.874,1064,1490,1490,1497
GRCX,15:35:17.874,1066,1491,1500,1500
GMOT,15:35:17.874,950,950,950,950,0,0,0,0
GNAV,15:35:17.874,0,0,0,0
GPAR,15:35:17.874,2636,0,0,0
GDBG,15:35:17.874,0,0,0,0
GRAW,15:35:18.028,0,0,0,0,0,0
GATT,15:35:18.029,-1,-1
GMAG,15:35:18.029,0,0,0,35,0
GRCC,15:35:18.029,1064,1490,1490,1497
GRCX,15:35:18.029,1066,1491,1500,1500
GMOT,15:35:18.029,950,950,950,950,0,0,0,0
GNAV,15:35:18.029,0,0,0,0
GPAR,15:35:18.029,2668,0,0,0
GDBG,15:35:18.029,0,0,0,0
GRAW,15:35:18.183,0,0,0,0,0,0
GATT,15:35:18.183,-1,-1
GMAG,15:35:18.183,0,0,0,35,0
GRCC,15:35:18.184,1064,1490,1490,1497
GRCX,15:35:18.184,1066,1491,1500,1500
GMOT,15:35:18.184,950,950,950,950,0,0,0,0
GNAV,15:35:18.184,0,0,0,0
GPAR,15:35:18.184,2676,0,0,0
GDBG,15:35:18.184,0,0,0,0
GRAW,15:35:18.338,0,0,0,0,0,0
GATT,15:35:18.338,-1,-1
GMAG,15:35:18.338,0,0,0,35,0
GRCC,15:35:18.338,1064,1490,1490,1497
GRCX,15:35:18.338,1066,1491,1500,1500
GMOT,15:35:18.338,950,950,950,950,0,0,0,0
GNAV,15:35:18.338,0,0,0,0
GPAR,15:35:18.338,2636,0,0,0
GDBG,15:35:18.338,0,0,0,0
GRAW,15:35:18.494,0,0,0,0,0,0
GATT,15:35:18.494,-1,-1
GMAG,15:35:18.494,0,0,0,35,0
GRCC,15:35:18.494,1066,1490,1490,1497
GRCX,15:35:18.494,1066,1491,1500,1500
GMOT,15:35:18.494,950,950,950,950,0,0,0,0
GNAV,15:35:18.494,0,0,0,0
GPAR,15:35:18.494,2672,0,0,0
GDBG,15:35:18.494,0,0,0,0
GRAW,15:35:18.652,0,0,0,0,0,0
GATT,15:35:18.652,-1,-1
GMAG,15:35:18.652,0,0,0,35,1
GRCC,15:35:18.652,1066,1490,1490,1497
GRCX,15:35:18.652,1066,1491,1500,1500
GMOT,15:35:18.652,950,950,950,950,0,0,0,0
GNAV,15:35:18.652,0,0,0,0
GPAR,15:35:18.652,2616,0,0,0
GDBG,15:35:18.652,0,0,0,0
GRAW,15:35:18.809,0,0,0,0,0,0
GATT,15:35:18.809,-1,-1
GMAG,15:35:18.809,0,0,0,35,3
GRCC,15:35:18.809,1066,1490,1490,1497
GRCX,15:35:18.809,1066,1491,1500,1500
GMOT,15:35:18.809,950,950,950,950,0,0,0,0
GNAV,15:35:18.809,0,0,0,0
GPAR,15:35:18.809,2652,0,0,0
GDBG,15:35:18.809,0,0,0,0
GRAW,15:35:18.962,0,0,0,0,0,0
GATT,15:35:18.962,-1,-1
GMAG,15:35:18.962,0,0,0,35,3
GRCC,15:35:18.962,1066,1490,1490,1497
GRCX,15:35:18.962,1066,1491,1500,1500
GMOT,15:35:18.963,950,950,950,950,0,0,0,0
GNAV,15:35:18.963,0,0,0,0
GPAR,15:35:18.963,2656,0,0,0
GDBG,15:35:18.963,0,0,0,0
GRAW,15:35:19.121,0,0,0,0,0,0
GATT,15:35:19.121,-1,-1
GMAG,15:35:19.121,0,0,0,35,2
GRCC,15:35:19.121,1066,1490,1490,1497
GRCX,15:35:19.121,1066,1491,1500,1500
GMOT,15:35:19.121,950,950,950,950,0,0,0,0
GNAV,15:35:19.121,0,0,0,0
GPAR,15:35:19.121,3108,0,0,0
GDBG,15:35:19.121,0,0,0,0
GRAW,15:35:19.274,0,0,0,0,0,0
GATT,15:35:19.274,-1,-1
GMAG,15:35:19.274,0,0,0,35,-8
GRCC,15:35:19.274,1066,1490,1490,1497
GRCX,15:35:19.274,1066,1491,1500,1500
GMOT,15:35:19.274,950,950,950,950,0,0,0,0
GNAV,15:35:19.274,0,0,0,0
GPAR,15:35:19.274,2648,0,0,0
GDBG,15:35:19.274,0,0,0,0
GRAW,15:35:19.432,0,0,0,0,0,0
GATT,15:35:19.432,0,-1
GMAG,15:35:19.432,0,0,0,35,-16
GRCC,15:35:19.432,1066,1490,1490,1497
GRCX,15:35:19.432,1066,1491,1500,1500
GMOT,15:35:19.432,950,950,950,950,0,0,0,0
GNAV,15:35:19.432,0,0,0,0
GPAR,15:35:19.432,2656,0,0,0
GDBG,15:35:19.432,0,0,0,0
GRAW,15:35:19.588,0,0,0,0,0,0
GATT,15:35:19.588,0,-1
GMAG,15:35:19.588,0,0,0,35,-19
GRCC,15:35:19.588,1066,1490,1490,1497
GRCX,15:35:19.588,1066,1491,1500,1500
GMOT,15:35:19.588,950,950,950,950,0,0,0,0
GNAV,15:35:19.588,0,0,0,0
GPAR,15:35:19.588,2796,0,0,0
GDBG,15:35:19.588,0,0,0,0
GRAW,15:35:19.806,0,0,0,0,0,0
GATT,15:35:19.806,0,-1
GMAG,15:35:19.806,0,0,0,35,-23
GRCC,15:35:19.806,1066,1490,1490,1497
GRCX,15:35:19.806,1066,1491,1500,1500
GMOT,15:35:19.806,950,950,950,950,0,0,0,0
GNAV,15:35:19.806,0,0,0,0
GPAR,15:35:19.806,3092,0,0,0
GDBG,15:35:19.806,0,0,0,0
GRAW,15:35:20.026,0,0,0,0,0,0
GATT,15:35:20.026,0,-1
GMAG,15:35:20.026,0,0,0,35,-18
GRCC,15:35:20.026,1066,1490,1490,1497
GRCX,15:35:20.026,1066,1491,1500,1500
GMOT,15:35:20.026,950,950,950,950,0,0,0,0
GNAV,15:35:20.026,0,0,0,0
GPAR,15:35:20.026,2788,0,0,0
GDBG,15:35:20.026,0,0,0,0
GRAW,15:35:20.244,0,0,0,0,0,0
GATT,15:35:20.244,-1,-1
GMAG,15:35:20.244,0,0,0,35,-10
GRCC,15:35:20.244,1066,1490,1490,1497
GRCX,15:35:20.244,1066,1491,1500,1500
GMOT,15:35:20.244,950,950,950,950,0,0,0,0
GNAV,15:35:20.244,0,0,0,0
GPAR,15:35:20.244,2640,0,0,0
GDBG,15:35:20.244,0,0,0,0
GRAW,15:35:20.431,0,0,0,0,0,0
GATT,15:35:20.431,-1,-1
GMAG,15:35:20.431,0,0,0,35,-8
GRCC,15:35:20.431,1066,1490,1490,1497
GRCX,15:35:20.431,1066,1491,1500,1500
GMOT,15:35:20.431,950,950,950,950,0,0,0,0
GNAV,15:35:20.431,0,0,0,0
GPAR,15:35:20.431,2656,0,0,0
GDBG,15:35:20.431,0,0,0,0
GRAW,15:35:20.621,0,0,0,0,0,0
GATT,15:35:20.621,-1,-1
GMAG,15:35:20.621,0,0,0,35,-3
GRCC,15:35:20.621,1066,1490,1490,1497
GRCX,15:35:20.621,1066,1491,1500,1500
GMOT,15:35:20.621,950,950,950,950,0,0,0,0
GNAV,15:35:20.621,0,0,0,0
GPAR,15:35:20.621,2908,0,0,0
GDBG,15:35:20.621,0,0,0,0
GRAW,15:35:20.805,0,0,0,0,0,0
GATT,15:35:20.805,-1,-1
GMAG,15:35:20.805,0,0,0,35,0
GRCC,15:35:20.805,1066,1490,1490,1497
GRCX,15:35:20.805,1066,1491,1500,1500
GMOT,15:35:20.805,950,950,950,950,0,0,0,0
GNAV,15:35:20.805,0,0,0,0
GPAR,15:35:20.805,2648,0,0,0
GDBG,15:35:20.805,0,0,0,0
GRAW,15:35:20.992,0,0,0,0,0,0
GATT,15:35:20.992,-1,-1
GMAG,15:35:20.992,0,0,0,35,1
GRCC,15:35:20.992,1066,1490,1490,1497
GRCX,15:35:20.992,1066,1491,1500,1500
GMOT,15:35:20.992,950,950,950,950,0,0,0,0
GNAV,15:35:20.992,0,0,0,0
GPAR,15:35:20.992,3144,0,0,0
GDBG,15:35:20.992,0,0,0,0
GRAW,15:35:21.179,0,0,0,0,0,0
GATT,15:35:21.179,-1,-1
GMAG,15:35:21.179,0,0,0,35,5
GRCC,15:35:21.179,1066,1490,1490,1497
GRCX,15:35:21.179,1066,1491,1500,1500
GMOT,15:35:21.179,950,950,950,950,0,0,0,0
GNAV,15:35:21.179,0,0,0,0
GPAR,15:35:21.179,2640,0,0,0
GDBG,15:35:21.179,0,0,0,0
GRAW,15:35:21.367,0,0,0,0,0,0
GATT,15:35:21.367,-1,-1
GMAG,15:35:21.367,0,0,0,35,4
GRCC,15:35:21.367,1066,1490,1490,1497
GRCX,15:35:21.367,1066,1491,1500,1500
GMOT,15:35:21.367,950,950,950,950,0,0,0,0
GNAV,15:35:21.367,0,0,0,0
GPAR,15:35:21.367,3084,0,0,0
GDBG,15:35:21.367,0,0,0,0
GRAW,15:35:21.553,0,0,0,0,0,0
GATT,15:35:21.553,-1,-1
GMAG,15:35:21.553,0,0,0,35,-5
GRCC,15:35:21.553,1066,1490,1490,1497
GRCX,15:35:21.553,1066,1491,1500,1500
GMOT,15:35:21.553,950,950,950,950,0,0,0,0
GNAV,15:35:21.553,0,0,0,0
GPAR,15:35:21.553,2652,0,0,0
GDBG,15:35:21.553,0,0,0,0
MultiWii telemetry log. Start time:2015/11/18 15:35:34.149
MultiWii telemetry log. Start time:2015/11/18 15:35:43.180
GRAW,15:35:49.959,0,0,0,0,0,0
GATT,15:35:49.959,-1,-1
GMAG,15:35:49.959,0,0,0,35,-11
GRCC,15:35:49.959,1066,1490,1490,1497
GRCX,15:35:49.959,1066,1491,1500,1500
GMOT,15:35:49.959,950,950,950,950,0,0,0,0
GNAV,15:35:49.959,0,0,0,0
GPAR,15:35:49.959,2940,0,0,0
GDBG,15:35:49.959,0,0,0,0
GRAW,15:35:50.180,0,0,0,0,0,0
GATT,15:35:50.180,-1,-1
GMAG,15:35:50.180,0,0,0,19,12
GRCC,15:35:50.180,1065,1492,1492,1498
GRCX,15:35:50.180,1068,1492,1500,1500
GMOT,15:35:50.180,950,950,950,950,0,0,0,0
GNAV,15:35:50.180,0,0,0,0
GPAR,15:35:50.180,2940,0,0,0
GDBG,15:35:50.180,0,0,0,0
GRAW,15:35:50.339,0,0,0,0,0,0
GATT,15:35:50.339,-1,-1
GMAG,15:35:50.339,0,0,0,19,12
GRCC,15:35:50.339,1065,1492,1492,1498
GRCX,15:35:50.339,1068,1492,1500,1500
GMOT,15:35:50.339,950,950,950,950,0,0,0,0
GNAV,15:35:50.339,0,0,0,0
GPAR,15:35:50.339,3140,0,0,0
GDBG,15:35:50.339,0,0,0,0
GRAW,15:35:50.494,0,0,0,0,0,0
GATT,15:35:50.494,-1,-1
GMAG,15:35:50.494,0,0,0,19,19
GRCC,15:35:50.494,1065,1492,1492,1498
GRCX,15:35:50.494,1068,1492,1500,1500
GMOT,15:35:50.494,950,950,950,950,0,0,0,0
GNAV,15:35:50.494,0,0,0,0
GPAR,15:35:50.494,3000,0,0,0
GDBG,15:35:50.494,0,0,0,0
GRAW,15:35:50.649,0,0,0,0,0,0
GATT,15:35:50.649,-1,-1
GMAG,15:35:50.649,0,0,0,19,29
GRCC,15:35:50.649,1065,1492,1492,1498
GRCX,15:35:50.649,1068,1492,1500,1500
GMOT,15:35:50.649,950,950,950,950,0,0,0,0
GNAV,15:35:50.649,0,0,0,0
GPAR,15:35:50.649,2632,0,0,0
GDBG,15:35:50.649,0,0,0,0
GRAW,15:35:50.806,0,0,0,0,0,0
GATT,15:35:50.806,-1,-1
GMAG,15:35:50.806,0,0,0,19,26
GRCC,15:35:50.806,1065,1492,1492,1498
GRCX,15:35:50.806,1068,1492,1500,1500
GMOT,15:35:50.806,950,950,950,950,0,0,0,0
GNAV,15:35:50.806,0,0,0,0
GPAR,15:35:50.806,2656,0,0,0
GDBG,15:35:50.806,0,0,0,0
GRAW,15:35:50.965,0,0,0,0,0,0
GATT,15:35:50.965,-1,-1
GMAG,15:35:50.965,0,0,0,19,19
GRCC,15:35:50.965,1065,1492,1492,1498
GRCX,15:35:50.965,1068,1492,1500,1500
GMOT,15:35:50.965,950,950,950,950,0,0,0,0
GNAV,15:35:50.965,0,0,0,0
GPAR,15:35:50.965,2640,0,0,0
GDBG,15:35:50.965,0,0,0,0
GRAW,15:35:51.147,0,0,0,0,0,0
GATT,15:35:51.147,-1,-1
GMAG,15:35:51.147,0,0,0,19,15
GRCC,15:35:51.147,1065,1492,1492,1498
GRCX,15:35:51.147,1068,1492,1500,1500
GMOT,15:35:51.147,950,950,950,950,0,0,0,0
GNAV,15:35:51.147,0,0,0,0
GPAR,15:35:51.147,2632,0,0,0
GDBG,15:35:51.147,0,0,0,0
GRAW,15:35:51.333,0,0,0,0,0,0
GATT,15:35:51.333,-1,-1
GMAG,15:35:51.333,0,0,0,19,10
GRCC,15:35:51.333,1065,1492,1492,1498
GRCX,15:35:51.333,1068,1492,1500,1500
GMOT,15:35:51.333,950,950,950,950,0,0,0,0
GNAV,15:35:51.333,0,0,0,0
GPAR,15:35:51.333,2932,0,0,0
GDBG,15:35:51.333,0,0,0,0
GRAW,15:35:51.522,0,0,0,0,0,0
GATT,15:35:51.522,-1,-1
GMAG,15:35:51.522,0,0,0,19,5
GRCC,15:35:51.522,1065,1492,1492,1498
GRCX,15:35:51.522,1068,1492,1500,1500
GMOT,15:35:51.522,950,950,950,950,0,0,0,0
GNAV,15:35:51.522,0,0,0,0
GPAR,15:35:51.522,2632,0,0,0
GDBG,15:35:51.522,0,0,0,0
GRAW,15:35:51.709,0,0,0,0,0,0
GATT,15:35:51.709,-1,-1
GMAG,15:35:51.709,0,0,0,19,8
GRCC,15:35:51.709,1065,1492,1492,1498
GRCX,15:35:51.709,1068,1492,1500,1500
GMOT,15:35:51.709,950,950,950,950,0,0,0,0
GNAV,15:35:51.709,0,0,0,0
GPAR,15:35:51.709,2628,0,0,0
GDBG,15:35:51.709,0,0,0,0
GRAW,15:35:51.899,0,0,0,0,0,0
GATT,15:35:51.899,-1,-1
GMAG,15:35:51.899,0,0,0,19,8
GRCC,15:35:51.899,1065,1492,1492,1498
GRCX,15:35:51.899,1068,1492,1500,1500
GMOT,15:35:51.899,950,950,950,950,0,0,0,0
GNAV,15:35:51.899,0,0,0,0
GPAR,15:35:51.899,2632,0,0,0
GDBG,15:35:51.899,0,0,0,0
GRAW,15:35:52.087,0,0,0,0,0,0
GATT,15:35:52.087,-1,-1
GMAG,15:35:52.087,0,0,0,19,3
GRCC,15:35:52.087,1065,1492,1492,1498
GRCX,15:35:52.087,1068,1492,1500,1500
GMOT,15:35:52.087,950,950,950,950,0,0,0,0
GNAV,15:35:52.087,0,0,0,0
GPAR,15:35:52.087,3148,0,0,0
GDBG,15:35:52.087,0,0,0,0
GRAW,15:35:52.269,0,0,0,0,0,0
GATT,15:35:52.269,-1,-1
GMAG,15:35:52.269,0,0,0,19,2
GRCC,15:35:52.269,1065,1492,1492,1498
GRCX,15:35:52.269,1068,1492,1500,1500
GMOT,15:35:52.269,950,950,950,950,0,0,0,0
GNAV,15:35:52.269,0,0,0,0
GPAR,15:35:52.269,2812,0,0,0
GDBG,15:35:52.269,0,0,0,0
GRAW,15:35:52.458,0,0,0,0,0,0
GATT,15:35:52.458,-1,-1
GMAG,15:35:52.458,0,0,0,19,-3
GRCC,15:35:52.458,1065,1492,1492,1498
GRCX,15:35:52.458,1068,1492,1500,1500
GMOT,15:35:52.458,950,950,950,950,0,0,0,0
GNAV,15:35:52.458,0,0,0,0
GPAR,15:35:52.458,2680,0,0,0
GDBG,15:35:52.458,0,0,0,0
GRAW,15:35:52.646,0,0,0,0,0,0
GATT,15:35:52.646,-1,-1
GMAG,15:35:52.646,0,0,0,19,-7
GRCC,15:35:52.646,1065,1492,1492,1498
GRCX,15:35:52.646,1068,1492,1500,1500
GMOT,15:35:52.646,950,950,950,950,0,0,0,0
GNAV,15:35:52.646,0,0,0,0
GPAR,15:35:52.646,2832,0,0,0
GDBG,15:35:52.646,0,0,0,0
GRAW,15:35:52.830,0,0,0,0,0,0
GATT,15:35:52.830,-1,-1
GMAG,15:35:52.830,0,0,0,19,-2
GRCC,15:35:52.830,1065,1492,1492,1498
GRCX,15:35:52.830,1068,1492,1500,1500
GMOT,15:35:52.830,950,950,950,950,0,0,0,0
GNAV,15:35:52.830,0,0,0,0
GPAR,15:35:52.830,2948,0,0,0
GDBG,15:35:52.830,0,0,0,0
GRAW,15:35:53.020,0,0,0,0,0,0
GATT,15:35:53.020,-1,-1
GMAG,15:35:53.020,0,0,0,19,2
GRCC,15:35:53.020,1065,1492,1492,1498
GRCX,15:35:53.020,1068,1492,1500,1500
GMOT,15:35:53.020,950,950,950,950,0,0,0,0
GNAV,15:35:53.020,0,0,0,0
GPAR,15:35:53.020,2644,0,0,0
GDBG,15:35:53.020,0,0,0,0
GRAW,15:35:53.206,0,0,0,0,0,0
GATT,15:35:53.206,-1,-1
GMAG,15:35:53.206,0,0,0,19,4
GRCC,15:35:53.206,1065,1492,1492,1498
GRCX,15:35:53.206,1068,1492,1500,1500
GMOT,15:35:53.206,950,950,950,950,0,0,0,0
GNAV,15:35:53.206,0,0,0,0
GPAR,15:35:53.206,2660,0,0,0
GDBG,15:35:53.206,0,0,0,0
GRAW,15:35:53.393,0,0,0,0,0,0
GATT,15:35:53.393,-1,-1
GMAG,15:35:53.393,0,0,0,19,8
GRCC,15:35:53.393,1065,1492,1492,1498
GRCX,15:35:53.393,1068,1492,1500,1500
GMOT,15:35:53.393,950,950,950,950,0,0,0,0
GNAV,15:35:53.393,0,0,0,0
GPAR,15:35:53.393,2804,0,0,0
GDBG,15:35:53.393,0,0,0,0
GRAW,15:35:53.583,0,0,0,0,0,0
GATT,15:35:53.583,-1,-1
GMAG,15:35:53.583,0,0,0,19,9
GRCC,15:35:53.583,1065,1492,1492,1498
GRCX,15:35:53.583,1068,1492,1500,1500
GMOT,15:35:53.583,950,950,950,950,0,0,0,0
GNAV,15:35:53.583,0,0,0,0
GPAR,15:35:53.583,2640,0,0,0
GDBG,15:35:53.583,0,0,0,0
GRAW,15:35:53.766,0,0,0,0,0,0
GATT,15:35:53.766,-1,-1
GMAG,15:35:53.766,0,0,0,19,13
GRCC,15:35:53.766,1065,1492,1492,1498
GRCX,15:35:53.766,1068,1492,1500,1500
GMOT,15:35:53.766,950,950,950,950,0,0,0,0
GNAV,15:35:53.766,0,0,0,0
GPAR,15:35:53.766,2628,0,0,0
GDBG,15:35:53.766,0,0,0,0
GRAW,15:35:53.985,0,0,0,0,0,0
GATT,15:35:53.985,-1,-1
GMAG,15:35:53.985,0,0,0,19,17
GRCC,15:35:53.985,1065,1492,1492,1498
GRCX,15:35:53.985,1068,1492,1500,1500
GMOT,15:35:53.985,950,950,950,950,0,0,0,0
GNAV,15:35:53.985,0,0,0,0
GPAR,15:35:53.985,2688,0,0,0
GDBG,15:35:53.985,0,0,0,0
GRAW,15:35:54.172,0,0,0,0,0,0
GATT,15:35:54.172,-1,-1
GMAG,15:35:54.172,0,0,0,19,22
GRCC,15:35:54.172,1065,1492,1492,1498
GRCX,15:35:54.172,1068,1492,1500,1500
GMOT,15:35:54.172,950,950,950,950,0,0,0,0
GNAV,15:35:54.172,0,0,0,0
GPAR,15:35:54.172,2632,0,0,0
GDBG,15:35:54.172,0,0,0,0
GRAW,15:35:54.363,0,0,0,0,0,0
GATT,15:35:54.363,-1,-1
GMAG,15:35:54.363,0,0,0,19,27
GRCC,15:35:54.363,1065,1492,1492,1498
GRCX,15:35:54.363,1068,1492,1500,1500
GMOT,15:35:54.363,950,950,950,950,0,0,0,0
GNAV,15:35:54.363,0,0,0,0
GPAR,15:35:54.363,2808,0,0,0
GDBG,15:35:54.363,0,0,0,0
GRAW,15:35:54.550,0,0,0,0,0,0
GATT,15:35:54.550,-1,-1
GMAG,15:35:54.550,0,0,0,19,27
GRCC,15:35:54.550,1065,1492,1492,1498
GRCX,15:35:54.550,1068,1492,1500,1500
GMOT,15:35:54.550,950,950,950,950,0,0,0,0
GNAV,15:35:54.550,0,0,0,0
GPAR,15:35:54.550,2664,0,0,0
GDBG,15:35:54.550,0,0,0,0
GRAW,15:35:54.734,0,0,0,0,0,0
GATT,15:35:54.734,-1,-1
GMAG,15:35:54.734,0,0,0,19,21
GRCC,15:35:54.734,1065,1492,1492,1498
GRCX,15:35:54.734,1068,1492,1500,1500
GMOT,15:35:54.734,950,950,950,950,0,0,0,0
GNAV,15:35:54.734,0,0,0,0
GPAR,15:35:54.734,2648,0,0,0
GDBG,15:35:54.734,0,0,0,0
GRAW,15:35:54.923,0,0,0,0,0,0
GATT,15:35:54.923,-1,-1
GMAG,15:35:54.923,0,0,0,19,17
GRCC,15:35:54.923,1065,1492,1492,1498
GRCX,15:35:54.923,1068,1492,1500,1500
GMOT,15:35:54.923,950,950,950,950,0,0,0,0
GNAV,15:35:54.923,0,0,0,0
GPAR,15:35:54.923,3100,0,0,0
GDBG,15:35:54.923,0,0,0,0
GRAW,15:35:55.109,0,0,0,0,0,0
GATT,15:35:55.109,-1,-1
GMAG,15:35:55.109,0,0,0,19,10
GRCC,15:35:55.109,1065,1492,1492,1498
GRCX,15:35:55.109,1068,1492,1500,1500
GMOT,15:35:55.109,950,950,950,950,0,0,0,0
GNAV,15:35:55.109,0,0,0,0
GPAR,15:35:55.109,2620,0,0,0
GDBG,15:35:55.109,0,0,0,0
GRAW,15:35:55.300,0,0,0,0,0,0
GATT,15:35:55.300,-1,-1
GMAG,15:35:55.300,0,0,0,19,3
GRCC,15:35:55.300,1065,1492,1492,1498
GRCX,15:35:55.300,1068,1492,1500,1500
GMOT,15:35:55.300,950,950,950,950,0,0,0,0
GNAV,15:35:55.300,0,0,0,0
GPAR,15:35:55.300,3132,0,0,0
GDBG,15:35:55.300,0,0,0,0
GRAW,15:35:55.483,0,0,0,0,0,0
GATT,15:35:55.483,-1,-1
GMAG,15:35:55.483,0,0,0,19,9
GRCC,15:35:55.483,1065,1492,1492,1498
GRCX,15:35:55.483,1068,1492,1500,1500
GMOT,15:35:55.483,950,950,950,950,0,0,0,0
GNAV,15:35:55.483,0,0,0,0
GPAR,15:35:55.483,2660,0,0,0
GDBG,15:35:55.483,0,0,0,0
GRAW,15:35:55.673,0,0,0,0,0,0
GATT,15:35:55.673,-1,-1
GMAG,15:35:55.673,0,0,0,19,11
GRCC,15:35:55.673,1065,1492,1492,1498
GRCX,15:35:55.673,1068,1492,1500,1500
GMOT,15:35:55.673,950,950,950,950,0,0,0,0
GNAV,15:35:55.673,0,0,0,0
GPAR,15:35:55.673,2620,0,0,0
GDBG,15:35:55.673,0,0,0,0
GRAW,15:35:55.858,0,0,0,0,0,0
GATT,15:35:55.858,-1,-1
GMAG,15:35:55.858,0,0,0,19,17
GRCC,15:35:55.858,1065,1492,1492,1498
GRCX,15:35:55.858,1068,1492,1500,1500
GMOT,15:35:55.858,950,950,950,950,0,0,0,0
GNAV,15:35:55.858,0,0,0,0
GPAR,15:35:55.858,2660,0,0,0
GDBG,15:35:55.858,0,0,0,0
GRAW,15:35:56.047,0,0,0,0,0,0
GATT,15:35:56.047,-1,-1
GMAG,15:35:56.047,0,0,0,19,19
GRCC,15:35:56.047,1065,1492,1492,1498
GRCX,15:35:56.047,1068,1492,1500,1500
GMOT,15:35:56.047,950,950,950,950,0,0,0,0
GNAV,15:35:56.047,0,0,0,0
GPAR,15:35:56.047,2620,0,0,0
GDBG,15:35:56.047,0,0,0,0
GRAW,15:35:56.233,0,0,0,0,0,0
GATT,15:35:56.233,-1,-1
GMAG,15:35:56.233,0,0,0,19,14
GRCC,15:35:56.233,1065,1492,1492,1498
GRCX,15:35:56.233,1068,1492,1500,1500
GMOT,15:35:56.233,950,950,950,950,0,0,0,0
GNAV,15:35:56.233,0,0,0,0
GPAR,15:35:56.233,2620,0,0,0
GDBG,15:35:56.233,0,0,0,0
GRAW,15:35:56.419,0,0,0,0,0,0
GATT,15:35:56.419,-1,-1
GMAG,15:35:56.419,0,0,0,19,5
GRCC,15:35:56.419,1065,1492,1492,1498
GRCX,15:35:56.419,1068,1492,1500,1500
GMOT,15:35:56.419,950,950,950,950,0,0,0,0
GNAV,15:35:56.419,0,0,0,0
GPAR,15:35:56.419,2820,0,0,0
GDBG,15:35:56.419,0,0,0,0
GRAW,15:35:56.606,0,0,0,0,0,0
GATT,15:35:56.607,-1,-1
GMAG,15:35:56.607,0,0,0,19,0
GRCC,15:35:56.607,1065,1492,1492,1498
GRCX,15:35:56.607,1068,1492,1500,1500
GMOT,15:35:56.607,950,950,950,950,0,0,0,0
GNAV,15:35:56.607,0,0,0,0
GPAR,15:35:56.607,2624,0,0,0
GDBG,15:35:56.607,0,0,0,0
GRAW,15:35:56.796,0,0,0,0,0,0
GATT,15:35:56.796,-1,-1
GMAG,15:35:56.796,0,0,0,19,-1
GRCC,15:35:56.796,1065,1492,1492,1498
GRCX,15:35:56.796,1068,1492,1500,1500
GMOT,15:35:56.796,950,950,950,950,0,0,0,0
GNAV,15:35:56.796,0,0,0,0
GPAR,15:35:56.796,2812,0,0,0
GDBG,15:35:56.796,0,0,0,0
GRAW,15:35:56.952,0,0,0,0,0,0
GATT,15:35:56.952,-1,-1
GMAG,15:35:56.952,0,0,0,19,8
GRCC,15:35:56.952,1065,1492,1492,1498
GRCX,15:35:56.952,1068,1492,1500,1500
GMOT,15:35:56.952,950,950,950,950,0,0,0,0
GNAV,15:35:56.952,0,0,0,0
GPAR,15:35:56.952,2676,0,0,0
GDBG,15:35:56.952,0,0,0,0
GRAW,15:35:57.139,0,0,0,0,0,0
GATT,15:35:57.139,-1,-1
GMAG,15:35:57.139,0,0,0,19,21
GRCC,15:35:57.139,1065,1492,1492,1498
GRCX,15:35:57.139,1068,1492,1500,1500
GMOT,15:35:57.139,950,950,950,950,0,0,0,0
GNAV,15:35:57.139,0,0,0,0
GPAR,15:35:57.139,2912,0,0,0
GDBG,15:35:57.139,0,0,0,0
GRAW,15:35:57.326,0,0,0,0,0,0
GATT,15:35:57.326,-1,-1
GMAG,15:35:57.326,0,0,0,19,33
GRCC,15:35:57.326,1065,1492,1492,1498
GRCX,15:35:57.326,1068,1492,1500,1500
GMOT,15:35:57.326,950,950,950,950,0,0,0,0
GNAV,15:35:57.326,0,0,0,0
GPAR,15:35:57.326,2636,0,0,0
GDBG,15:35:57.326,0,0,0,0
GRAW,15:35:57.511,0,0,0,0,0,0
GATT,15:35:57.511,-1,0
GMAG,15:35:57.511,0,0,0,19,38
GRCC,15:35:57.511,1065,1492,1492,1498
GRCX,15:35:57.511,1068,1492,1500,1500
GMOT,15:35:57.511,950,950,950,950,0,0,0,0
GNAV,15:35:57.511,0,0,0,0
GPAR,15:35:57.511,2644,0,0,0
GDBG,15:35:57.511,0,0,0,0
GRAW,15:35:57.670,0,0,0,0,0,0
GATT,15:35:57.670,-1,-1
GMAG,15:35:57.670,0,0,0,19,41
GRCC,15:35:57.670,1065,1492,1492,1498
GRCX,15:35:57.670,1068,1492,1500,1500
GMOT,15:35:57.670,950,950,950,950,0,0,0,0
GNAV,15:35:57.670,0,0,0,0
GPAR,15:35:57.670,2616,0,0,0
GDBG,15:35:57.670,0,0,0,0
GRAW,15:35:57.827,0,0,0,0,0,0
GATT,15:35:57.827,-1,-1
GMAG,15:35:57.827,0,0,0,19,36
GRCC,15:35:57.827,1065,1492,1492,1498
GRCX,15:35:57.827,1068,1492,1500,1500
GMOT,15:35:57.827,950,950,950,950,0,0,0,0
GNAV,15:35:57.827,0,0,0,0
GPAR,15:35:57.827,2868,0,0,0
GDBG,15:35:57.827,0,0,0,0
GRAW,15:35:57.983,0,0,0,0,0,0
GATT,15:35:57.983,-1,-1
GMAG,15:35:57.983,0,0,0,19,30
GRCC,15:35:57.983,1065,1492,1492,1498
GRCX,15:35:57.983,1068,1492,1500,1500
GMOT,15:35:57.983,950,950,950,950,0,0,0,0
GNAV,15:35:57.983,0,0,0,0
GPAR,15:35:57.983,2624,0,0,0
GDBG,15:35:57.983,0,0,0,0
GRAW,15:35:58.136,0,0,0,0,0,0
GATT,15:35:58.136,-1,-1
GMAG,15:35:58.136,0,0,0,19,26
GRCC,15:35:58.136,1065,1492,1492,1498
GRCX,15:35:58.136,1068,1492,1500,1500
GMOT,15:35:58.136,950,950,950,950,0,0,0,0
GNAV,15:35:58.136,0,0,0,0
GPAR,15:35:58.136,2628,0,0,0
GDBG,15:35:58.136,0,0,0,0
GRAW,15:35:58.292,0,0,0,0,0,0
GATT,15:35:58.292,-1,-1
GMAG,15:35:58.292,0,0,0,19,25
GRCC,15:35:58.292,1065,1492,1492,1498
GRCX,15:35:58.292,1068,1492,1500,1500
GMOT,15:35:58.292,950,950,950,950,0,0,0,0
GNAV,15:35:58.292,0,0,0,0
GPAR,15:35:58.292,2896,0,0,0
GDBG,15:35:58.292,0,0,0,0
GRAW,15:35:58.480,0,0,0,0,0,0
GATT,15:35:58.480,-1,-1
GMAG,15:35:58.480,0,0,0,19,21
GRCC,15:35:58.480,1065,1492,1492,1498
GRCX,15:35:58.480,1068,1492,1500,1500
GMOT,15:35:58.480,950,950,950,950,0,0,0,0
GNAV,15:35:58.480,0,0,0,0
GPAR,15:35:58.480,2620,0,0,0
GDBG,15:35:58.480,0,0,0,0
GRAW,15:35:58.668,0,0,0,0,0,0
GATT,15:35:58.668,-1,-1
GMAG,15:35:58.