MultiWii telemetry log. Start time:2015/11/18 15:25:42.214
GRAW,15:25:44.440,0,0,0,0,0,0
GATT,15:25:44.440,-1,-1
GMAG,15:25:44.440,0,0,0,40,-31
GRCC,15:25:44.440,1492,1066,1498,1491
GRCX,15:25:44.440,1068,1492,1500,1500
GMOT,15:25:44.440,950,950,950,950,0,0,0,0
GNAV,15:25:44.440,0,0,0,0
GPAR,15:25:44.440,2900,0,0,0
GDBG,15:25:44.440,0,0,0,0
GRAW,15:25:44.615,0,0,0,0,0,0
GATT,15:25:44.615,-1,-1
GMAG,15:25:44.615,0,0,0,40,0
GRCC,15:25:44.615,1497,1490,1490,1065
GRCX,15:25:44.615,1068,1490,1500,1500
GMOT,15:25:44.615,950,950,950,950,0,0,0,0
GNAV,15:25:44.615,0,0,0,0
GPAR,15:25:44.615,2900,0,0,0
GDBG,15:25:44.615,0,0,0,0
GRAW,15:25:44.802,0,0,0,0,0,0
GATT,15:25:44.802,-1,-1
GMAG,15:25:44.802,0,0,0,40,0
GRCC,15:25:44.802,1497,1490,1490,1065
GRCX,15:25:44.802,1068,1490,1500,1500
GMOT,15:25:44.802,950,950,950,950,0,0,0,0
GNAV,15:25:44.802,0,0,0,0
GPAR,15:25:44.802,2620,0,0,0
GDBG,15:25:44.802,0,0,0,0
GRAW,15:25:44.991,0,0,0,0,0,0
GATT,15:25:44.991,-1,-1
GMAG,15:25:44.991,0,0,0,40,0
GRCC,15:25:44.991,1497,1490,1490,1065
GRCX,15:25:44.991,1068,1490,1500,1500
GMOT,15:25:44.991,950,950,950,950,0,0,0,0
GNAV,15:25:44.991,0,0,0,0
GPAR,15:25:44.991,2604,0,0,0
GDBG,15:25:44.991,0,0,0,0
GRAW,15:25:45.178,0,0,0,0,0,0
GATT,15:25:45.178,-1,-1
GMAG,15:25:45.178,0,0,0,40,0
GRCC,15:25:45.178,1497,1490,1490,1065
GRCX,15:25:45.178,1068,1490,1500,1500
GMOT,15:25:45.178,950,950,950,950,0,0,0,0
GNAV,15:25:45.178,0,0,0,0
GPAR,15:25:45.178,2844,0,0,0
GDBG,15:25:45.178,0,0,0,0
GRAW,15:25:45.334,0,0,0,0,0,0
GATT,15:25:45.334,-1,-1
GMAG,15:25:45.334,0,0,0,40,0
GRCC,15:25:45.334,1497,1490,1490,1065
GRCX,15:25:45.334,1068,1490,1500,1500
GMOT,15:25:45.334,950,950,950,950,0,0,0,0
GNAV,15:25:45.334,0,0,0,0
GPAR,15:25:45.334,2628,0,0,0
GDBG,15:25:45.334,0,0,0,0
GRAW,15:25:45.551,0,0,0,0,0,0
GATT,15:25:45.551,-1,-1
GMAG,15:25:45.551,0,0,0,40,0
GRCC,15:25:45.551,1497,1490,1490,1065
GRCX,15:25:45.551,1068,1490,1500,1500
GMOT,15:25:45.551,950,950,950,950,0,0,0,0
GNAV,15:25:45.551,0,0,0,0
GPAR,15:25:45.551,2796,0,0,0
GDBG,15:25:45.551,0,0,0,0
GRAW,15:25:45.739,0,0,0,0,0,0
GATT,15:25:45.739,-1,-1
GMAG,15:25:45.739,0,0,0,40,0
GRCC,15:25:45.739,1497,1490,1490,1065
GRCX,15:25:45.739,1068,1490,1500,1500
GMOT,15:25:45.739,950,950,950,950,0,0,0,0
GNAV,15:25:45.739,0,0,0,0
GPAR,15:25:45.739,2612,0,0,0
GDBG,15:25:45.739,0,0,0,0
GRAW,15:25:45.956,0,0,0,0,0,0
GATT,15:25:45.956,0,-1
GMAG,15:25:45.956,0,0,0,40,0
GRCC,15:25:45.956,1497,1490,1490,1065
GRCX,15:25:45.956,1068,1490,1500,1500
GMOT,15:25:45.956,950,950,950,950,0,0,0,0
GNAV,15:25:45.956,0,0,0,0
GPAR,15:25:45.956,2664,0,0,0
GDBG,15:25:45.956,0,0,0,0
GRAW,15:25:46.175,0,0,0,0,0,0
GATT,15:25:46.175,0,-1
GMAG,15:25:46.175,0,0,0,40,0
GRCC,15:25:46.175,1497,1490,1490,1065
GRCX,15:25:46.175,1068,1490,1500,1500
GMOT,15:25:46.175,950,950,950,950,0,0,0,0
GNAV,15:25:46.175,0,0,0,0
GPAR,15:25:46.175,2880,0,0,0
GDBG,15:25:46.175,0,0,0,0
GRAW,15:25:46.362,0,0,0,0,0,0
GATT,15:25:46.362,0,-1
GMAG,15:25:46.362,0,0,0,41,0
GRCC,15:25:46.362,1497,1490,1490,1065
GRCX,15:25:46.362,1068,1490,1500,1500
GMOT,15:25:46.362,950,950,950,950,0,0,0,0
GNAV,15:25:46.362,0,0,0,0
GPAR,15:25:46.362,2644,0,0,0
GDBG,15:25:46.362,0,0,0,0
GRAW,15:25:46.581,0,0,0,0,0,0
GATT,15:25:46.581,0,-1
GMAG,15:25:46.581,0,0,0,41,0
GRCC,15:25:46.581,1497,1492,1490,1065
GRCX,15:25:46.581,1068,1490,1500,1500
GMOT,15:25:46.581,950,950,950,950,0,0,0,0
GNAV,15:25:46.581,0,0,0,0
GPAR,15:25:46.581,2824,0,0,0
GDBG,15:25:46.581,0,0,0,0
GRAW,15:25:46.771,0,0,0,0,0,0
GATT,15:25:46.771,0,-1
GMAG,15:25:46.771,0,0,0,41,0
GRCC,15:25:46.771,1497,1492,1490,1065
GRCX,15:25:46.771,1068,1490,1500,1500
GMOT,15:25:46.771,950,950,950,950,0,0,0,0
GNAV,15:25:46.771,0,0,0,0
GPAR,15:25:46.771,2800,0,0,0
GDBG,15:25:46.771,0,0,0,0
GRAW,15:25:46.989,0,0,0,0,0,0
GATT,15:25:46.989,-1,-1
GMAG,15:25:46.989,0,0,0,41,0
GRCC,15:25:46.989,1497,1492,1490,1065
GRCX,15:25:46.989,1068,1490,1500,1500
GMOT,15:25:46.989,950,950,950,950,0,0,0,0
GNAV,15:25:46.989,0,0,0,0
GPAR,15:25:46.989,2648,0,0,0
GDBG,15:25:46.989,0,0,0,0
GRAW,15:25:47.208,0,0,0,0,0,0
GATT,15:25:47.208,-1,-1
GMAG,15:25:47.208,0,0,0,41,0
GRCC,15:25:47.208,1497,1492,1490,1065
GRCX,15:25:47.208,1068,1490,1500,1500
GMOT,15:25:47.208,950,950,950,950,0,0,0,0
GNAV,15:25:47.208,0,0,0,0
GPAR,15:25:47.208,3092,0,0,0
GDBG,15:25:47.208,0,0,0,0
GRAW,15:25:47.426,0,0,0,0,0,0
GATT,15:25:47.426,0,-1
GMAG,15:25:47.426,0,0,0,41,0
GRCC,15:25:47.426,1497,1492,1490,1065
GRCX,15:25:47.426,1068,1490,1500,1500
GMOT,15:25:47.426,950,950,950,950,0,0,0,0
GNAV,15:25:47.426,0,0,0,0
GPAR,15:25:47.426,2844,0,0,0
GDBG,15:25:47.426,0,0,0,0
GRAW,15:25:47.611,0,0,0,0,0,0
GATT,15:25:47.611,0,-1
GMAG,15:25:47.611,0,0,0,41,0
GRCC,15:25:47.611,1497,1492,1490,1065
GRCX,15:25:47.611,1068,1490,1500,1500
GMOT,15:25:47.611,950,950,950,950,0,0,0,0
GNAV,15:25:47.611,0,0,0,0
GPAR,15:25:47.611,2640,0,0,0
GDBG,15:25:47.611,0,0,0,0
GRAW,15:25:47.798,0,0,0,0,0,0
GATT,15:25:47.798,-1,-1
GMAG,15:25:47.798,0,0,0,42,0
GRCC,15:25:47.798,1497,1492,1490,1065
GRCX,15:25:47.798,1068,1490,1500,1500
GMOT,15:25:47.798,950,950,950,950,0,0,0,0
GNAV,15:25:47.798,0,0,0,0
GPAR,15:25:47.798,3104,0,0,0
GDBG,15:25:47.798,0,0,0,0
GRAW,15:25:48.018,0,0,0,0,0,0
GATT,15:25:48.018,-1,-1
GMAG,15:25:48.018,0,0,0,43,0
GRCC,15:25:48.018,1497,1492,1490,1065
GRCX,15:25:48.018,1068,1490,1500,1500
GMOT,15:25:48.018,950,950,950,950,0,0,0,0
GNAV,15:25:48.018,0,0,0,0
GPAR,15:25:48.018,2648,0,0,0
GDBG,15:25:48.018,0,0,0,0
GRAW,15:25:48.205,0,0,0,0,0,0
GATT,15:25:48.205,-1,-1
GMAG,15:25:48.205,0,0,0,43,0
GRCC,15:25:48.205,1497,1492,1490,1065
GRCX,15:25:48.205,1068,1490,1500,1500
GMOT,15:25:48.205,950,950,950,950,0,0,0,0
GNAV,15:25:48.205,0,0,0,0
GPAR,15:25:48.205,2632,0,0,0
GDBG,15:25:48.205,0,0,0,0
GRAW,15:25:48.391,0,0,0,0,0,0
GATT,15:25:48.391,-1,-1
GMAG,15:25:48.391,0,0,0,43,0
GRCC,15:25:48.391,1497,1492,1490,1065
GRCX,15:25:48.391,1068,1490,1500,1500
GMOT,15:25:48.391,950,950,950,950,0,0,0,0
GNAV,15:25:48.391,0,0,0,0
GPAR,15:25:48.391,2792,0,0,0
GDBG,15:25:48.391,0,0,0,0
GRAW,15:25:48.580,0,0,0,0,0,0
GATT,15:25:48.580,-1,-1
GMAG,15:25:48.580,0,0,0,43,-5
GRCC,15:25:48.580,1497,1492,1490,1065
GRCX,15:25:48.580,1068,1490,1500,1500
GMOT,15:25:48.580,950,950,950,950,0,0,0,0
GNAV,15:25:48.580,0,0,0,0
GPAR,15:25:48.580,2928,0,0,0
GDBG,15:25:48.580,0,0,0,0
GRAW,15:25:48.765,0,0,0,0,0,0
GATT,15:25:48.765,-1,-1
GMAG,15:25:48.765,0,0,0,43,-12
GRCC,15:25:48.765,1497,1492,1490,1065
GRCX,15:25:48.765,1068,1490,1500,1500
GMOT,15:25:48.765,950,950,950,950,0,0,0,0
GNAV,15:25:48.765,0,0,0,0
GPAR,15:25:48.765,3136,0,0,0
GDBG,15:25:48.765,0,0,0,0
GRAW,15:25:48.983,0,0,0,0,0,0
GATT,15:25:48.983,-1,-1
GMAG,15:25:48.983,0,0,0,43,-12
GRCC,15:25:48.983,1497,1492,1490,1065
GRCX,15:25:48.983,1068,1490,1500,1500
GMOT,15:25:48.983,950,950,950,950,0,0,0,0
GNAV,15:25:48.983,0,0,0,0
GPAR,15:25:48.983,2616,0,0,0
GDBG,15:25:48.983,0,0,0,0
GRAW,15:25:49.204,0,0,0,0,0,0
GATT,15:25:49.204,0,-1
GMAG,15:25:49.204,0,0,0,44,-13
GRCC,15:25:49.204,1497,1492,1490,1065
GRCX,15:25:49.204,1068,1490,1500,1500
GMOT,15:25:49.204,950,950,950,950,0,0,0,0
GNAV,15:25:49.204,0,0,0,0
GPAR,15:25:49.204,2644,0,0,0
GDBG,15:25:49.204,0,0,0,0
GRAW,15:25:49.423,0,0,0,0,0,0
GATT,15:25:49.423,0,-1
GMAG,15:25:49.423,0,0,0,44,-8
GRCC,15:25:49.423,1497,1492,1490,1065
GRCX,15:25:49.423,1068,1490,1500,1500
GMOT,15:25:49.423,950,950,950,950,0,0,0,0
GNAV,15:25:49.423,0,0,0,0
GPAR,15:25:49.423,3104,0,0,0
GDBG,15:25:49.423,0,0,0,0
GRAW,15:25:49.606,0,0,0,0,0,0
GATT,15:25:49.606,0,-1
GMAG,15:25:49.606,0,0,0,44,0
GRCC,15:25:49.606,1497,1492,1490,1065
GRCX,15:25:49.606,1068,1490,1500,1500
GMOT,15:25:49.606,950,950,950,950,0,0,0,0
GNAV,15:25:49.606,0,0,0,0
GPAR,15:25:49.606,2688,0,0,0
GDBG,15:25:49.606,0,0,0,0
GRAW,15:25:49.797,0,0,0,0,0,0
GATT,15:25:49.797,0,-1
GMAG,15:25:49.797,0,0,0,45,6
GRCC,15:25:49.797,1497,1492,1490,1065
GRCX,15:25:49.797,1068,1492,1500,1500
GMOT,15:25:49.797,950,950,950,950,0,0,0,0
GNAV,15:25:49.797,0,0,0,0
GPAR,15:25:49.797,2656,0,0,0
GDBG,15:25:49.797,0,0,0,0
GRAW,15:25:49.981,0,0,0,0,0,0
GATT,15:25:49.981,0,-1
GMAG,15:25:49.981,0,0,0,45,15
GRCC,15:25:49.981,1497,1492,1490,1065
GRCX,15:25:49.981,1068,1492,1500,1500
GMOT,15:25:49.981,950,950,950,950,0,0,0,0
GNAV,15:25:49.981,0,0,0,0
GPAR,15:25:49.981,3152,0,0,0
GDBG,15:25:49.981,0,0,0,0
GRAW,15:25:50.170,0,0,0,0,0,0
GATT,15:25:50.170,0,-1
GMAG,15:25:50.170,0,0,0,45,18
GRCC,15:25:50.170,1497,1492,1490,1065
GRCX,15:25:50.170,1068,1492,1500,1500
GMOT,15:25:50.170,950,950,950,950,0,0,0,0
GNAV,15:25:50.170,0,0,0,0
GPAR,15:25:50.170,2636,0,0,0
GDBG,15:25:50.170,0,0,0,0
GRAW,15:25:50.387,0,0,0,0,0,0
GATT,15:25:50.387,0,-1
GMAG,15:25:50.387,0,0,0,45,9
GRCC,15:25:50.387,1497,1492,1490,1065
GRCX,15:25:50.387,1068,1492,1500,1500
GMOT,15:25:50.387,950,950,950,950,0,0,0,0
GNAV,15:25:50.387,0,0,0,0
GPAR,15:25:50.387,2616,0,0,0
GDBG,15:25:50.387,0,0,0,0
GRAW,15:25:50.607,0,0,0,0,0,0
GATT,15:25:50.607,0,-1
GMAG,15:25:50.607,0,0,0,44,3
GRCC,15:25:50.607,1497,1492,1490,1065
GRCX,15:25:50.607,1068,1492,1500,1500
GMOT,15:25:50.607,950,950,950,950,0,0,0,0
GNAV,15:25:50.607,0,0,0,0
GPAR,15:25:50.607,2668,0,0,0
GDBG,15:25:50.607,0,0,0,0
GRAW,15:25:50.827,0,0,0,0,0,0
GATT,15:25:50.827,0,-1
GMAG,15:25:50.827,0,0,0,44,-7
GRCC,15:25:50.827,1497,1492,1490,1065
GRCX,15:25:50.827,1068,1492,1500,1500
GMOT,15:25:50.828,950,950,950,950,0,0,0,0
GNAV,15:25:50.828,0,0,0,0
GPAR,15:25:50.828,2844,0,0,0
GDBG,15:25:50.828,0,0,0,0
GRAW,15:25:51.042,0,0,0,0,0,0
GATT,15:25:51.042,0,-1
GMAG,15:25:51.042,0,0,0,44,-11
GRCC,15:25:51.042,1497,1492,1490,1065
GRCX,15:25:51.042,1068,1492,1500,1500
GMOT,15:25:51.042,950,950,950,950,0,0,0,0
GNAV,15:25:51.042,0,0,0,0
GPAR,15:25:51.042,2624,0,0,0
GDBG,15:25:51.042,0,0,0,0
GRAW,15:25:51.230,0,0,0,0,0,0
GATT,15:25:51.230,0,-1
GMAG,15:25:51.230,0,0,0,44,-6
GRCC,15:25:51.230,1497,1492,1490,1065
GRCX,15:25:51.230,1068,1492,1500,1500
GMOT,15:25:51.230,950,950,950,950,0,0,0,0
GNAV,15:25:51.230,0,0,0,0
GPAR,15:25:51.230,2900,0,0,0
GDBG,15:25:51.230,0,0,0,0
GRAW,15:25:51.418,0,0,0,0,0,0
GATT,15:25:51.418,0,-1
GMAG,15:25:51.418,0,0,0,44,-5
GRCC,15:25:51.418,1497,1492,1490,1065
GRCX,15:25:51.418,1068,1492,1500,1500
GMOT,15:25:51.418,950,950,950,950,0,0,0,0
GNAV,15:25:51.418,0,0,0,0
GPAR,15:25:51.418,2648,0,0,0
GDBG,15:25:51.418,0,0,0,0
GRAW,15:25:51.607,0,0,0,0,0,0
GATT,15:25:51.607,0,-1
GMAG,15:25:51.607,0,0,0,44,-3
GRCC,15:25:51.607,1497,1348,1478,1065
GRCX,15:25:51.607,1068,1492,1500,1500
GMOT,15:25:51.607,950,950,950,950,0,0,0,0
GNAV,15:25:51.607,0,0,0,0
GPAR,15:25:51.607,2660,0,0,0
GDBG,15:25:51.607,0,0,0,0
GRAW,15:25:51.824,0,0,0,0,0,0
GATT,15:25:51.824,0,-1
GMAG,15:25:51.824,0,0,0,45,2
GRCC,15:25:51.824,1497,1205,1443,1065
GRCX,15:25:51.824,1068,1492,1500,1500
GMOT,15:25:51.824,950,950,950,950,0,0,0,0
GNAV,15:25:51.824,0,0,0,0
GPAR,15:25:51.824,2784,0,0,0
GDBG,15:25:51.824,0,0,0,0
GRAW,15:25:52.011,0,0,0,0,0,0
GATT,15:25:52.011,0,-1
GMAG,15:25:52.011,0,0,0,45,2
GRCC,15:25:52.011,1497,1416,1446,1065
GRCX,15:25:52.011,1068,1492,1500,1500
GMOT,15:25:52.011,950,950,950,950,0,0,0,0
GNAV,15:25:52.011,0,0,0,0
GPAR,15:25:52.011,2640,0,0,0
GDBG,15:25:52.011,0,0,0,0
GRAW,15:25:52.196,0,0,0,0,0,0
GATT,15:25:52.196,0,-1
GMAG,15:25:52.196,0,0,0,45,1
GRCC,15:25:52.196,1497,1425,1453,1065
GRCX,15:25:52.196,1068,1492,1500,1500
GMOT,15:25:52.196,950,950,950,950,0,0,0,0
GNAV,15:25:52.196,0,0,0,0
GPAR,15:25:52.196,3092,0,0,0
GDBG,15:25:52.196,0,0,0,0
GRAW,15:25:52.383,0,0,0,0,0,0
GATT,15:25:52.383,0,-1
GMAG,15:25:52.383,0,0,0,44,-4
GRCC,15:25:52.383,1497,1305,1453,1065
GRCX,15:25:52.383,1068,1492,1500,1500
GMOT,15:25:52.383,950,950,950,950,0,0,0,0
GNAV,15:25:52.383,0,0,0,0
GPAR,15:25:52.383,2640,0,0,0
GDBG,15:25:52.383,0,0,0,0
GRAW,15:25:52.573,0,0,0,0,0,0
GATT,15:25:52.573,0,-1
GMAG,15:25:52.573,0,0,0,44,-8
GRCC,15:25:52.573,1497,1255,1453,1065
GRCX,15:25:52.573,1068,1492,1500,1500
GMOT,15:25:52.573,950,950,950,950,0,0,0,0
GNAV,15:25:52.573,0,0,0,0
GPAR,15:25:52.573,2636,0,0,0
GDBG,15:25:52.573,0,0,0,0
GRAW,15:25:52.759,0,0,0,0,0,0
GATT,15:25:52.759,0,-1
GMAG,15:25:52.759,0,0,0,44,-11
GRCC,15:25:52.759,1497,1108,1464,1065
GRCX,15:25:52.759,1068,1492,1500,1500
GMOT,15:25:52.759,950,950,950,950,0,0,0,0
GNAV,15:25:52.759,0,0,0,0
GPAR,15:25:52.759,2616,0,0,0
GDBG,15:25:52.759,0,0,0,0
GRAW,15:25:52.945,0,0,0,0,0,0
GATT,15:25:52.945,0,-1
GMAG,15:25:52.945,0,0,0,44,-11
GRCC,15:25:52.945,1497,1063,1456,1065
GRCX,15:25:52.945,1068,1492,1500,1500
GMOT,15:25:52.945,950,950,950,950,0,0,0,0
GNAV,15:25:52.945,0,0,0,0
GPAR,15:25:52.945,2644,0,0,0
GDBG,15:25:52.945,0,0,0,0
GRAW,15:25:53.142,0,0,0,0,0,0
GATT,15:25:53.142,0,-1
GMAG,15:25:53.142,0,0,0,44,-14
GRCC,15:25:53.142,1497,1063,1464,1065
GRCX,15:25:53.142,1068,1492,1500,1500
GMOT,15:25:53.142,950,950,950,950,0,0,0,0
GNAV,15:25:53.142,0,0,0,0
GPAR,15:25:53.142,2788,0,0,0
GDBG,15:25:53.142,0,0,0,0
GRAW,15:25:53.350,0,0,0,0,0,0
GATT,15:25:53.350,0,-1
GMAG,15:25:53.350,0,0,0,44,-11
GRCC,15:25:53.350,1497,1418,1464,1065
GRCX,15:25:53.350,1068,1492,1500,1500
GMOT,15:25:53.351,950,950,950,950,0,0,0,0
GNAV,15:25:53.351,0,0,0,0
GPAR,15:25:53.351,2928,0,0,0
GDBG,15:25:53.351,0,0,0,0
GRAW,15:25:53.538,0,0,0,0,0,0
GATT,15:25:53.538,0,-1
GMAG,15:25:53.538,0,0,0,44,-7
GRCC,15:25:53.538,1497,1490,1490,1065
GRCX,15:25:53.538,1068,1492,1500,1500
GMOT,15:25:53.538,950,950,950,950,0,0,0,0
GNAV,15:25:53.538,0,0,0,0
GPAR,15:25:53.538,2944,0,0,0
GDBG,15:25:53.538,0,0,0,0
GRAW,15:25:53.725,0,0,0,0,0,0
GATT,15:25:53.725,0,-1
GMAG,15:25:53.725,0,0,0,44,-12
GRCC,15:25:53.725,1497,1490,1490,1065
GRCX,15:25:53.725,1068,1492,1500,1500
GMOT,15:25:53.725,950,950,950,950,0,0,0,0
GNAV,15:25:53.725,0,0,0,0
GPAR,15:25:53.725,2616,0,0,0
GDBG,15:25:53.725,0,0,0,0
GRAW,15:25:53.915,0,0,0,0,0,0
GATT,15:25:53.915,0,-1
GMAG,15:25:53.915,0,0,0,45,-13
GRCC,15:25:53.915,1497,1490,1502,1065
GRCX,15:25:53.915,1068,1492,1500,1500
GMOT,15:25:53.915,950,950,950,950,0,0,0,0
GNAV,15:25:53.915,0,0,0,0
GPAR,15:25:53.915,2832,0,0,0
GDBG,15:25:53.915,0,0,0,0
GRAW,15:25:54.100,0,0,0,0,0,0
GATT,15:25:54.100,0,-1
GMAG,15:25:54.100,0,0,0,45,-19
GRCC,15:25:54.100,1497,1482,1633,1065
GRCX,15:25:54.100,1068,1492,1500,1500
GMOT,15:25:54.100,950,950,950,950,0,0,0,0
GNAV,15:25:54.100,0,0,0,0
GPAR,15:25:54.100,2668,0,0,0
GDBG,15:25:54.100,0,0,0,0
GRAW,15:25:54.286,0,0,0,0,0,0
GATT,15:25:54.286,0,-1
GMAG,15:25:54.286,0,0,0,45,-24
GRCC,15:25:54.286,1497,1459,1738,1065
GRCX,15:25:54.286,1068,1492,1500,1500
GMOT,15:25:54.286,950,950,950,950,0,0,0,0
GNAV,15:25:54.286,0,0,0,0
GPAR,15:25:54.286,2844,0,0,0
GDBG,15:25:54.286,0,0,0,0
GRAW,15:25:54.474,0,0,0,0,0,0
GATT,15:25:54.474,0,-1
GMAG,15:25:54.474,0,0,0,45,-18
GRCC,15:25:54.474,1497,1418,1825,1065
GRCX,15:25:54.474,1068,1492,1500,1500
GMOT,15:25:54.474,950,950,950,950,0,0,0,0
GNAV,15:25:54.474,0,0,0,0
GPAR,15:25:54.474,2904,0,0,0
GDBG,15:25:54.474,0,0,0,0
GRAW,15:25:54.693,0,0,0,0,0,0
GATT,15:25:54.693,0,-1
GMAG,15:25:54.693,0,0,0,45,-11
GRCC,15:25:54.693,1497,1406,1911,1065
GRCX,15:25:54.693,1068,1492,1500,1500
GMOT,15:25:54.693,950,950,950,950,0,0,0,0
GNAV,15:25:54.693,0,0,0,0
GPAR,15:25:54.693,2620,0,0,0
GDBG,15:25:54.693,0,0,0,0
GRAW,15:25:54.880,0,0,0,0,0,0
GATT,15:25:54.880,0,-1
GMAG,15:25:54.880,0,0,0,45,2
GRCC,15:25:54.880,1497,1411,1899,1065
GRCX,15:25:54.880,1068,1492,1500,1500
GMOT,15:25:54.880,950,950,950,950,0,0,0,0
GNAV,15:25:54.880,0,0,0,0
GPAR,15:25:54.880,2628,0,0,0
GDBG,15:25:54.880,0,0,0,0
GRAW,15:25:55.067,0,0,0,0,0,0
GATT,15:25:55.067,0,-1
GMAG,15:25:55.067,0,0,0,45,12
GRCC,15:25:55.067,1497,1481,1673,1065
GRCX,15:25:55.067,1068,1492,1500,1500
GMOT,15:25:55.067,950,950,950,950,0,0,0,0
GNAV,15:25:55.067,0,0,0,0
GPAR,15:25:55.067,2640,0,0,0
GDBG,15:25:55.067,0,0,0,0
GRAW,15:25:55.284,0,0,0,0,0,0
GATT,15:25:55.284,0,-1
GMAG,15:25:55.284,0,0,0,45,25
GRCC,15:25:55.284,1497,1490,1513,1065
GRCX,15:25:55.284,1068,1492,1500,1500
GMOT,15:25:55.284,950,950,950,950,0,0,0,0
GNAV,15:25:55.284,0,0,0,0
GPAR,15:25:55.284,2824,0,0,0
GDBG,15:25:55.284,0,0,0,0
GRAW,15:25:55.476,0,0,0,0,0,0
GATT,15:25:55.476,0,-1
GMAG,15:25:55.476,0,0,0,45,29
GRCC,15:25:55.476,1497,1490,1494,1065
GRCX,15:25:55.476,1068,1492,1500,1500
GMOT,15:25:55.476,950,950,950,950,0,0,0,0
GNAV,15:25:55.476,0,0,0,0
GPAR,15:25:55.476,2652,0,0,0
GDBG,15:25:55.476,0,0,0,0
GRAW,15:25:55.690,0,0,0,0,0,0
GATT,15:25:55.690,0,-1
GMAG,15:25:55.690,0,0,0,45,28
GRCC,15:25:55.690,1497,1490,1494,1065
GRCX,15:25:55.690,1068,1492,1500,1500
GMOT,15:25:55.690,950,950,950,950,0,0,0,0
GNAV,15:25:55.690,0,0,0,0
GPAR,15:25:55.690,2868,0,0,0
GDBG,15:25:55.690,0,0,0,0
GRAW,15:25:55.878,0,0,0,0,0,0
GATT,15:25:55.878,0,-1
GMAG,15:25:55.878,0,0,0,45,25
GRCC,15:25:55.878,1497,1490,1494,1065
GRCX,15:25:55.878,1068,1492,1500,1500
GMOT,15:25:55.878,950,950,950,950,0,0,0,0
GNAV,15:25:55.878,0,0,0,0
GPAR,15:25:55.878,2892,0,0,0
GDBG,15:25:55.878,0,0,0,0
GRAW,15:25:56.065,0,0,0,0,0,0
GATT,15:25:56.065,0,-1
GMAG,15:25:56.065,0,0,0,45,21
GRCC,15:25:56.065,1497,1490,1494,1065
GRCX,15:25:56.065,1068,1492,1500,1500
GMOT,15:25:56.065,950,950,950,950,0,0,0,0
GNAV,15:25:56.065,0,0,0,0
GPAR,15:25:56.065,2796,0,0,0
GDBG,15:25:56.065,0,0,0,0
GRAW,15:25:56.283,0,0,0,0,0,0
GATT,15:25:56.283,0,-1
GMAG,15:25:56.283,0,0,0,45,16
GRCC,15:25:56.283,1497,1490,1494,1110
GRCX,15:25:56.283,1068,1492,1500,1500
GMOT,15:25:56.283,950,950,950,950,0,0,0,0
GNAV,15:25:56.283,0,0,0,0
GPAR,15:25:56.283,2624,0,0,0
GDBG,15:25:56.283,0,0,0,0
GRAW,15:25:56.502,0,0,0,0,0,0
GATT,15:25:56.502,0,-1
GMAG,15:25:56.502,0,0,0,45,15
GRCC,15:25:56.502,1497,1490,1494,1431
GRCX,15:25:56.502,1068,1492,1500,1500
GMOT,15:25:56.502,950,950,950,950,0,0,0,0
GNAV,15:25:56.502,0,0,0,0
GPAR,15:25:56.502,2928,0,0,0
GDBG,15:25:56.502,0,0,0,0
GRAW,15:25:56.690,0,0,0,0,0,0
GATT,15:25:56.690,0,-1
GMAG,15:25:56.690,0,0,0,45,14
GRCC,15:25:56.690,1497,1490,1494,1431
GRCX,15:25:56.690,1068,1492,1500,1500
GMOT,15:25:56.690,950,950,950,950,0,0,0,0
GNAV,15:25:56.690,0,0,0,0
GPAR,15:25:56.690,2636,0,0,0
GDBG,15:25:56.690,0,0,0,0
GRAW,15:25:56.880,0,0,0,0,0,0
GATT,15:25:56.880,0,-1
GMAG,15:25:56.880,0,0,0,45,10
GRCC,15:25:56.880,1497,1490,1494,1105
GRCX,15:25:56.880,1068,1492,1500,1500
GMOT,15:25:56.880,950,950,950,950,0,0,0,0
GNAV,15:25:56.880,0,0,0,0
GPAR,15:25:56.880,2656,0,0,0
GDBG,15:25:56.880,0,0,0,0
GRAW,15:25:57.063,0,0,0,0,0,0
GATT,15:25:57.063,0,-1
GMAG,15:25:57.063,0,0,0,45,12
GRCC,15:25:57.063,1497,1490,1494,1068
GRCX,15:25:57.063,1068,1492,1500,1500
GMOT,15:25:57.063,950,950,950,950,0,0,0,0
GNAV,15:25:57.063,0,0,0,0
GPAR,15:25:57.063,2656,0,0,0
GDBG,15:25:57.063,0,0,0,0
GRAW,15:25:57.282,0,0,0,0,0,0
GATT,15:25:57.282,0,-1
GMAG,15:25:57.282,0,0,0,45,11
GRCC,15:25:57.282,1497,1490,1494,1066
GRCX,15:25:57.282,1068,1492,1500,1500
GMOT,15:25:57.282,950,950,950,950,0,0,0,0
GNAV,15:25:57.282,0,0,0,0
GPAR,15:25:57.282,2644,0,0,0
GDBG,15:25:57.282,0,0,0,0
GRAW,15:25:57.504,0,0,0,0,0,0
GATT,15:25:57.504,0,-1
GMAG,15:25:57.504,0,0,0,45,0
GRCC,15:25:57.504,1497,1490,1494,1066
GRCX,15:25:57.504,1068,1492,1500,1500
GMOT,15:25:57.504,950,950,950,950,0,0,0,0
GNAV,15:25:57.504,0,0,0,0
GPAR,15:25:57.504,2652,0,0,0
GDBG,15:25:57.504,0,0,0,0
GRAW,15:25:57.687,0,0,0,0,0,0
GATT,15:25:57.687,0,-1
GMAG,15:25:57.687,0,0,0,45,-8
GRCC,15:25:57.687,1497,1490,1494,1192
GRCX,15:25:57.687,1068,1492,1500,1500
GMOT,15:25:57.687,950,950,950,950,0,0,0,0
GNAV,15:25:57.687,0,0,0,0
GPAR,15:25:57.687,2640,0,0,0
GDBG,15:25:57.687,0,0,0,0
GRAW,15:25:57.876,0,0,0,0,0,0
GATT,15:25:57.876,0,-1
GMAG,15:25:57.876,0,0,0,45,-19
GRCC,15:25:57.876,1497,1490,1494,1367
GRCX,15:25:57.876,1068,1492,1500,1500
GMOT,15:25:57.876,950,950,950,950,0,0,0,0
GNAV,15:25:57.876,0,0,0,0
GPAR,15:25:57.876,2696,0,0,0
GDBG,15:25:57.876,0,0,0,0
GRAW,15:25:58.062,0,0,0,0,0,0
GATT,15:25:58.062,0,-1
GMAG,15:25:58.062,0,0,0,45,-24
GRCC,15:25:58.062,1497,1490,1494,1066
GRCX,15:25:58.062,1068,1492,1500,1500
GMOT,15:25:58.062,950,950,950,950,0,0,0,0
GNAV,15:25:58.062,0,0,0,0
GPAR,15:25:58.062,3124,0,0,0
GDBG,15:25:58.062,0,0,0,0
GRAW,15:25:58.252,0,0,0,0,0,0
GATT,15:25:58.252,0,-1
GMAG,15:25:58.252,0,0,0,45,-23
GRCC,15:25:58.252,1497,1490,1494,1066
GRCX,15:25:58.252,1068,1492,1500,1500
GMOT,15:25:58.252,950,950,950,950,0,0,0,0
GNAV,15:25:58.252,0,0,0,0
GPAR,15:25:58.252,2916,0,0,0
GDBG,15:25:58.252,0,0,0,0
GRAW,15:25:58.467,0,0,0,0,0,0
GATT,15:25:58.467,0,-1
GMAG,15:25:58.467,0,0,0,45,-18
GRCC,15:25:58.467,1497,1490,1494,1066
GRCX,15:25:58.467,1068,1492,1500,1500
GMOT,15:25:58.467,950,950,950,950,0,0,0,0
GNAV,15:25:58.467,0,0,0,0
GPAR,15:25:58.467,2632,0,0,0
GDBG,15:25:58.467,0,0,0,0
GRAW,15:25:58.685,0,0,0,0,0,0
GATT,15:25:58.685,0,-1
GMAG,15:25:58.685,0,0,0,45,-19
GRCC,15:25:58.685,1497,1490,1494,1066
GRCX,15:25:58.685,1068,1492,1500,1500
GMOT,15:25:58.685,950,950,950,950,0,0,0,0
GNAV,15:25:58.685,0,0,0,0
GPAR,15:25:58.685,2856,0,0,0
GDBG,15:25:58.685,0,0,0,0
GRAW,15:25:58.903,0,0,0,0,0,0
GATT,15:25:58.903,0,-1
GMAG,15:25:58.903,0,0,0,45,-20
GRCC,15:25:58.903,1497,1490,1490,1066
GRCX,15:25:58.903,1068,1492,1500,1500
GMOT,15:25:58.903,950,950,950,950,0,0,0,0
GNAV,15:25:58.903,0,0,0,0
GPAR,15:25:58.903,2644,0,0,0
GDBG,15:25:58.903,0,0,0,0
GRAW,15:25:59.094,0,0,0,0,0,0
GATT,15:25:59.094,0,-1
GMAG,15:25:59.094,0,0,0,45,-17
GRCC,15:25:59.094,1497,1324,1482,1066
GRCX,15:25:59.094,1068,1492,1500,1500
GMOT,15:25:59.094,950,950,950,950,0,0,0,0
GNAV,15:25:59.094,0,0,0,0
GPAR,15:25:59.094,2636,0,0,0
GDBG,15:25:59.094,0,0,0,0
GRAW,15:25:59.311,0,0,0,0,0,0
GATT,15:25:59.311,0,-1
GMAG,15:25:59.311,0,0,0,45,-8
GRCC,15:25:59.311,1497,1193,1448,1066
GRCX,15:25:59.311,1068,1492,1500,1500
GMOT,15:25:59.311,950,950,950,950,0,0,0,0
GNAV,15:25:59.311,0,0,0,0
GPAR,15:25:59.311,2888,0,0,0
GDBG,15:25:59.311,0,0,0,0
GRAW,15:25:59.527,0,0,0,0,0,0
GATT,15:25:59.527,0,-1
GMAG,15:25:59.527,0,0,0,45,-3
GRCC,15:25:59.527,1497,1133,1430,1066
GRCX,15:25:59.527,1068,1492,1500,1500
GMOT,15:25:59.527,950,950,950,950,0,0,0,0
GNAV,15:25:59.527,0,0,0,0
GPAR,15:25:59.527,2624,0,0,0
GDBG,15:25:59.527,0,0,0,0
GRAW,15:25:59.716,0,0,0,0,0,0
GATT,15:25:59.716,0,-1
GMAG,15:25:59.716,0,0,0,45,1
GRCC,15:25:59.716,1497,1063,1430,1066
GRCX,15:25:59.716,1068,1492,1500,1500
GMOT,15:25:59.716,950,950,950,950,0,0,0,0
GNAV,15:25:59.716,0,0,0,0
GPAR,15:25:59.716,2680,0,0,0
GDBG,15:25:59.716,0,0,0,0
GRAW,15:25:59.936,0,0,0,0,0,0
GATT,15:25:59.936,0,-1
GMAG,15:25:59.936,0,0,0,45,6
GRCC,15:25:59.936,1497,1063,1430,1066
GRCX,15:25:59.936,1068,1492,1500,1500
GMOT,15:25:59.936,950,950,950,950,0,0,0,0
GNAV,15:25:59.936,0,0,0,0
GPAR,15:25:59.936,2612,0,0,0
GDBG,15:25:59.936,0,0,0,0
GRAW,15:26:00.120,0,0,0,0,0,0
GATT,15:26:00.120,0,-1
GMAG,15:26:00.120,0,0,0,45,9
GRCC,15:26:00.120,1497,1063,1430,1066
GRCX,15:26:00.120,1068,1492,1500,1500
GMOT,15:26:00.120,950,950,950,950,0,0,0,0
GNAV,15:26:00.120,0,0,0,0
GPAR,15:26:00.120,2632,0,0,0
GDBG,15:26:00.120,0,0,0,0
GRAW,15:26:00.342,0,0,0,0,0,0
GATT,15:26:00.342,0,-1
GMAG,15:26:00.342,0,0,0,45,16
GRCC,15:26:00.342,1497,1063,1427,1066
GRCX,15:26:00.342,1068,1492,1500,1500
GMOT,15:26:00.342,950,950,950,950,0,0,0,0
GNAV,15:26:00.342,0,0,0,0
GPAR,15:26:00.342,3100,0,0,0
GDBG,15:26:00.342,0,0,0,0
GRAW,15:26:00.559,0,0,0,0,0,0
GATT,15:26:00.559,0,-1
GMAG,15:26:00.559,0,0,0,45,13
GRCC,15:26:00.559,1497,1063,1419,1066
GRCX,15:26:00.559,1068,1492,1500,1500
GMOT,15:26:00.559,950,950,950,950,0,0,0,0
GNAV,15:26:00.559,0,0,0,0
GPAR,15:26:00.559,2624,0,0,0
GDBG,15:26:00.559,0,0,0,0
GRAW,15:26:00.777,0,0,0,0,0,0
GATT,15:26:00.777,0,-1
GMAG,15:26:00.777,0,0,0,45,10
GRCC,15:26:00.777,1497,1065,1419,1066
GRCX,15:26:00.777,1068,1492,1500,1500
GMOT,15:26:00.777,950,950,950,950,0,0,0,0
GNAV,15:26:00.777,0,0,0,0
GPAR,15:26:00.777,2896,0,0,0
GDBG,15:26:00.777,0,0,0,0
GRAW,15:26:00.967,0,0,0,0,0,0
GATT,15:26:00.967,0,-1
GMAG,15:26:00.967,0,0,0,45,0
GRCC,15:26:00.967,1497,1334,1430,1066
GRCX,15:26:00.967,1068,1492,1500,1500
GMOT,15:26:00.967,950,950,950,950,0,0,0,0
GNAV,15:26:00.967,0,0,0,0
GPAR,15:26:00.967,2624,0,0,0
GDBG,15:26:00.967,0,0,0,0
GRAW,15:26:01.182,0,0,0,0,0,0
GATT,15:26:01.182,0,-1
GMAG,15:26:01.182,0,0,0,45,-8
GRCC,15:26:01.182,1497,1484,1490,1066
GRCX,15:26:01.182,1068,1492,1500,1500
GMOT,15:26:01.182,950,950,950,950,0,0,0,0
GNAV,15:26:01.182,0,0,0,0
GPAR,15:26:01.182,2640,0,0,0
GDBG,15:26:01.182,0,0,0,0
GRAW,15:26:01.369,0,0,0,0,0,0
GATT,15:26:01.369,0,-1
GMAG,15:26:01.369,0,0,0,45,-1
GRCC,15:26:01.369,1497,1485,1490,1066
GRCX,15:26:01.369,1068,1492,1500,1500
GMOT,15:26:01.369,950,950,950,950,0,0,0,0
GNAV,15:26:01.369,0,0,0,0
GPAR,15:26:01.369,2624,0,0,0
GDBG,15:26:01.369,0,0,0,0
GRAW,15:26:01.556,0,0,0,0,0,0
GATT,15:26:01.556,0,-1
GMAG,15:26:01.556,0,0,0,45,0
GRCC,15:26:01.556,1497,1484,1562,1066
GRCX,15:26:01.556,1068,1492,1500,1500
GMOT,15:26:01.556,950,950,950,950,0,0,0,0
GNAV,15:26:01.556,0,0,0,0
GPAR,15:26:01.556,2648,0,0,0
GDBG,15:26:01.556,0,0,0,0
GRAW,15:26:01.745,0,0,0,0,0,0
GATT,15:26:01.745,0,-1
GMAG,15:26:01.745,0,0,0,45,5
GRCC,15:26:01.745,1497,1490,1730,1066
GRCX,15:26:01.745,1068,1492,1500,1500
GMOT,15:26:01.745,950,950,950,950,0,0,0,0
GNAV,15:26:01.745,0,0,0,0
GPAR,15:26:01.745,2836,0,0,0
GDBG,15:26:01.745,0,0,0,0
GRAW,15:26:01.931,0,0,0,0,0,0
GATT,15:26:01.931,0,-1
GMAG,15:26:01.931,0,0,0,45,11
GRCC,15:26:01.931,1497,1482,1788,1066
GRCX,15:26:01.931,1068,1492,1500,1500
GMOT,15:26:01.931,950,950,950,950,0,0,0,0
GNAV,15:26:01.931,0,0,0,0
GPAR,15:26:01.931,3108,0,0,0
GDBG,15:26:01.931,0,0,0,0
GRAW,15:26:02.118,0,0,0,0,0,0
GATT,15:26:02.118,0,-1
GMAG,15:26:02.118,0,0,0,45,8
GRCC,15:26:02.118,1497,1482,1815,1066
GRCX,15:26:02.118,1068,1492,1500,1500
GMOT,15:26:02.118,950,950,950,950,0,0,0,0
GNAV,15:26:02.118,0,0,0,0
GPAR,15:26:02.118,2624,0,0,0
GDBG,15:26:02.118,0,0,0,0
GRAW,15:26:02.336,0,0,0,0,0,0
GATT,15:26:02.336,0,-1
GMAG,15:26:02.336,0,0,0,45,3
GRCC,15:26:02.336,1497,1484,1823,1066
GRCX,15:26:02.336,1068,1492,1500,1500
GMOT,15:26:02.336,950,950,950,950,0,0,0,0
GNAV,15:26:02.336,0,0,0,0
GPAR,15:26:02.336,2804,0,0,0
GDBG,15:26:02.336,0,0,0,0
GRAW,15:26:02.555,0,0,0,0,0,0
GATT,15:26:02.555,0,-1
GMAG,15:26:02.555,0,0,0,45,-3
GRCC,15:26:02.555,1497,1490,1823,1066
GRCX,15:26:02.555,1068,1492,1500,1500
GMOT,15:26:02.555,950,950,950,950,0,0,0,0
GNAV,15:26:02.555,0,0,0,0
GPAR,15:26:02.555,2624,0,0,0
GDBG,15:26:02.555,0,0,0,0
GRAW,15:26:02.777,0,0,0,0,0,0
GATT,15:26:02.777,0,-1
GMAG,15:26:02.777,0,0,0,45,-7
GRCC,15:26:02.777,1497,1490,1761,1066
GRCX,15:26:02.777,1068,1492,1500,1500
GMOT,15:26:02.777,950,950,950,950,0,0,0,0
GNAV,15:26:02.777,0,0,0,0
GPAR,15:26:02.777,2628,0,0,0
GDBG,15:26:02.777,0,0,0,0
GRAW,15:26:02.993,0,0,0,0,0,0
GATT,15:26:02.993,0,-1
GMAG,15:26:02.993,0,0,0,45,-7
GRCC,15:26:02.993,1497,1490,1755,1066
GRCX,15:26:02.993,1068,1492,1500,1500
GMOT,15:26:02.993,950,950,950,950,0,0,0,0
GNAV,15:26:02.993,0,0,0,0
GPAR,15:26:02.993,2628,0,0,0
GDBG,15:26:02.993,0,0,0,0
GRAW,15:26:03.179,0,0,0,0,0,0
GATT,15:26:03.179,0,-1
GMAG,15:26:03.179,0,0,0,45,-5
GRCC,15:26:03.179,1497,1490,1829,1066
GRCX,15:26:03.179,1068,1492,1500,1500
GMOT,15:26:03.179,950,950,950,950,0,0,0,0
GNAV,15:26:03.179,0,0,0,0
GPAR,15:26:03.179,2824,0,0,0
GDBG,15:26:03.179,0,0,0,0
GRAW,15:26:03.368,0,0,0,0,0,0
GATT,15:26:03.368,0,-1
GMAG,15:26:03.368,0,0,0,45,-3
GRCC,15:26:03.368,1497,1490,1886,1066
GRCX,15:26:03.368,1068,1492,1500,1500
GMOT,15:26:03.368,950,950,950,950,0,0,0,0
GNAV,15:26:03.368,0,0,0,0
GPAR,15:26:03.368,2892,0,0,0
GDBG,15:26:03.368,0,0,0,0
GRAW,15:26:03.584,0,0,0,0,0,0
GATT,15:26:03.584,0,-1
GMAG,15:26:03.584,0,0,0,45,-2
GRCC,15:26:03.584,1497,1490,1755,1066
GRCX,15:26:03.584,1068,1492,1500,1500
GMOT,15:26:03.584,950,950,950,950,0,0,0,0
GNAV,15:26:03.584,0,0,0,0
GPAR,15:26:03.584,2840,0,0,0
GDBG,15:26:03.584,0,0,0,0
GRAW,15:26:03.771,0,0,0,0,0,0
GATT,15:26:03.771,0,-1
GMAG,15:26:03.771,0,0,0,45,-1
GRCC,15:26:03.771,1497,1490,1570,1066
GRCX,15:26:03.771,1068,1492,1500,1500
GMOT,15:26:03.771,950,950,950,950,0,0,0,0
GNAV,15:26:03.771,0,0,0,0
GPAR,15:26:03.771,2632,0,0,0
GDBG,15:26:03.771,0,0,0,0
GRAW,15:26:03.961,0,0,0,0,0,0
GATT,15:26:03.961,0,-1
GMAG,15:26:03.961,0,0,0,45,-3
GRCC,15:26:03.961,1497,1490,1494,1066
GRCX,15:26:03.961,1068,1492,1500,1500
GMOT,15:26:03.961,950,950,950,950,0,0,0,0
GNAV,15:26:03.961,0,0,0,0
GPAR,15:26:03.961,2900,0,0,0
GDBG,15:26:03.961,0,0,0,0
GRAW,15:26:04.149,0,0,0,0,0,0
GATT,15:26:04.149,0,-1
GMAG,15:26:04.149,0,0,0,45,-3
GRCC,15:26:04.149,1497,1490,1492,1066
GRCX,15:26:04.149,1068,1492,1500,1500
GMOT,15:26:04.149,950,950,950,950,0,0,0,0
GNAV,15:26:04.149,0,0,0,0
GPAR,15:26:04.149,2612,0,0,0
GDBG,15:26:04.149,0,0,0,0
GRAW,15:26:04.365,0,0,0,0,0,0
GATT,15:26:04.365,0,-1
GMAG,15:26:04.365,0,0,0,45,0
GRCC,15:26:04.365,1497,1490,1327,1066
GRCX,15:26:04.365,1068,1492,1500,1500
GMOT,15:26:04.365,950,950,950,950,0,0,0,0
GNAV,15:26:04.365,0,0,0,0
GPAR,15:26:04.365,2632,0,0,0
GDBG,15:26:04.365,0,0,0,0
GRAW,15:26:04.583,0,0,0,0,0,0
GATT,15:26:04.583,0,-1
GMAG,15:26:04.583,0,0,0,45,5
GRCC,15:26:04.583,1497,1490,1215,1066
GRCX,15:26:04.583,1068,1492,1500,1500
GMOT,15:26:04.583,950,950,950,950,0,0,0,0
GNAV,15:26:04.583,0,0,0,0
GPAR,15:26:04.583,2916,0,0,0
GDBG,15:26:04.583,0,0,0,0
GRAW,15:26:04.805,0,0,0,0,0,0
GATT,15:26:04.805,0,-1
GMAG,15:26:04.805,0,0,0,45,7
GRCC,15:26:04.805,1497,1490,1156,1066
GRCX,15:26:04.805,1068,1492,1500,1500
GMOT,15:26:04.805,950,950,950,950,0,0,0,0
GNAV,15:26:04.805,0,0,0,0
GPAR,15:26:04.805,2936,0,0,0
GDBG,15:26:04.805,0,0,0,0
GRAW,15:26:05.021,0,0,0,0,0,0
GATT,15:26:05.021,0,-1
GMAG,15:26:05.021,0,0,0,45,9
GRCC,15:26:05.021,1497,1490,1170,1066
GRCX,15:26:05.021,1068,1492,1500,1500
GMOT,15:26:05.021,950,950,950,950,0,0,0,0
GNAV,15:26:05.021,0,0,0,0
GPAR,15:26:05.021,2652,0,0,0
GDBG,15:26:05.021,0,0,0,0
GRAW,15:26:05.240,0,0,0,0,0,0
GATT,15:26:05.240,0,-1
GMAG,15:26:05.240,0,0,0,45,9
GRCC,15:26:05.240,1497,1490,1388,1066
GRCX,15:26:05.240,1068,1492,1500,1500
GMOT,15:26:05.240,950,950,950,950,0,0,0,0
GNAV,15:26:05.240,0,0,0,0
GPAR,15:26:05.240,2632,0,0,0
GDBG,15:26:05.240,0,0,0,0
GRAW,15:26:05.457,0,0,0,0,0,0
GATT,15:26:05.457,0,-1
GMAG,15:26:05.457,0,0,0,45,10
GRCC,15:26:05.457,1497,1490,1490,1066
GRCX,15:26:05.457,1068,1492,1500,1500
GMOT,15:26:05.457,950,950,950,950,0,0,0,0
GNAV,15:26:05.457,0,0,0,0
GPAR,15:26:05.457,3096,0,0,0
GDBG,15:26:05.457,0,0,0,0
GRAW,15:26:05.676,0,0,0,0,0,0
GATT,15:26:05.676,0,-1
GMAG,15:26:05.676,0,0,0,45,13
GRCC,15:26:05.676,1497,1490,1490,1066
GRCX,15:26:05.676,1068,1492,1500,1500
GMOT,15:26:05.676,950,950,950,950,0,0,0,0
GNAV,15:26:05.676,0,0,0,0
GPAR,15:26:05.676,2616,0,0,0
GDBG,15:26:05.676,0,0,0,0
GRAW,15:26:05.897,0,0,0,0,0,0
GATT,15:26:05.897,0,-1
GMAG,15:26:05.897,0,0,0,45,15
GRCC,15:26:05.897,1497,1490,1490,1066
GRCX,15:26:05.897,1068,1492,1500,1500
GMOT,15:26:05.897,950,950,950,950,0,0,0,0
GNAV,15:26:05.897,0,0,0,0
GPAR,15:26:05.897,2616,0,0,0
GDBG,15:26:05.897,0,0,0,0
GRAW,15:26:06.112,0,0,0,0,0,0
GATT,15:26:06.112,0,-1
GMAG,15:26:06.112,0,0,0,45,8
GRCC,15:26:06.112,1497,1371,1490,1066
GRCX,15:26:06.112,1068,1492,1500,1500
GMOT,15:26:06.112,950,950,950,950,0,0,0,0
GNAV,15:26:06.112,0,0,0,0
GPAR,15:26:06.112,2632,0,0,0
GDBG,15:26:06.112,0,0,0,0
GRAW,15:26:06.300,0,0,0,0,0,0
GATT,15:26:06.300,0,-1
GMAG,15:26:06.300,0,0,0,45,3
GRCC,15:26:06.300,1497,1211,1490,1066
GRCX,15:26:06.300,1068,1492,1500,1500
GMOT,15:26:06.300,950,950,950,950,0,0,0,0
GNAV,15:26:06.300,0,0,0,0
GPAR,15:26:06.300,3108,0,0,0
GDBG,15:26:06.300,0,0,0,0
GRAW,15:26:06.489,0,0,0,0,0,0
GATT,15:26:06.489,0,-1
GMAG,15:26:06.489,0,0,0,45,0
GRCC,15:26:06.489,1497,1177,1490,1066
GRCX,15:26:06.489,1068,1492,1500,1500
GMOT,15:26:06.489,950,950,950,950,0,0,0,0
GNAV,15:26:06.489,0,0,0,0
GPAR,15:26:06.489,2620,0,0,0
GDBG,15:26:06.489,0,0,0,0
GRAW,15:26:06.708,0,0,0,0,0,0
GATT,15:26:06.708,0,-1
GMAG,15:26:06.708,0,0,0,45,-8
GRCC,15:26:06.708,1497,1218,1490,1066
GRCX,15:26:06.708,1068,1492,1500,1500
GMOT,15:26:06.708,950,950,950,950,0,0,0,0
GNAV,15:26:06.708,0,0,0,0
GPAR,15:26:06.708,3128,0,0,0
GDBG,15:26:06.708,0,0,0,0
GRAW,15:26:06.892,0,0,0,0,0,0
GATT,15:26:06.892,0,-1
GMAG,15:26:06.892,0,0,0,45,-5
GRCC,15:26:06.892,1497,1319,1490,1066
GRCX,15:26:06.892,1068,1492,1500,1500
GMOT,15:26:06.892,950,950,950,950,0,0,0,0
GNAV,15:26:06.892,0,0,0,0
GPAR,15:26:06.892,2612,0,0,0
GDBG,15:26:06.892,0,0,0,0
GRAW,15:26:07.082,0,0,0,0,0,0
GATT,15:26:07.082,0,-1
GMAG,15:26:07.082,0,0,0,45,-4
GRCC,15:26:07.082,1497,1484,1490,1066
GRCX,15:26:07.082,1068,1492,1500,1500
GMOT,15:26:07.082,950,950,950,950,0,0,0,0
GNAV,15:26:07.082,0,0,0,0
GPAR,15:26:07.082,2652,0,0,0
GDBG,15:26:07.082,0,0,0,0
GRAW,15:26:07.299,0,0,0,0,0,0
GATT,15:26:07.299,0,-1
GMAG,15:26:07.299,0,0,0,45,-2
GRCC,15:26:07.299,1497,1653,1490,1066
GRCX,15:26:07.299,1068,1492,1500,1500
GMOT,15:26:07.299,950,950,950,950,0,0,0,0
GNAV,15:26:07.299,0,0,0,0
GPAR,15:26:07.299,2608,0,0,0
GDBG,15:26:07.299,0,0,0,0
GRAW,15:26:07.515,0,0,0,0,0,0
GATT,15:26:07.515,0,-1
GMAG,15:26:07.515,0,0,0,45,7
GRCC,15:26:07.515,1497,1680,1490,1066
GRCX,15:26:07.515,1068,1492,1500,1500
GMOT,15:26:07.515,950,950,950,950,0,0,0,0
GNAV,15:26:07.515,0,0,0,0
GPAR,15:26:07.515,2924,0,0,0
GDBG,15:26:07.515,0,0,0,0
GRAW,15:26:07.736,0,0,0,0,0,0
GATT,15:26:07.736,0,-1
GMAG,15:26:07.736,0,0,0,45,8
GRCC,15:26:07.736,1497,1570,1497,1066
GRCX,15:26:07.736,1068,1492,1500,1500
GMOT,15:26:07.736,950,950,950,950,0,0,0,0
GNAV,15:26:07.736,0,0,0,0
GPAR,15:26:07.736,2636,0,0,0
GDBG,15:26:07.736,0,0,0,0
GRAW,15:26:07.956,0,0,0,0,0,0
GATT,15:26:07.956,0,-1
GMAG,15:26:07.956,0,0,0,45,13
GRCC,15:26:07.956,1497,1318,1493,1066
GRCX,15:26:07.956,1068,1492,1500,1500
GMOT,15:26:07.956,950,950,950,950,0,0,0,0
GNAV,15:26:07.956,0,0,0,0
GPAR,15:26:07.956,2884,0,0,0
GDBG,15:26:07.956,0,0,0,0
GRAW,15:26:08.171,0,0,0,0,0,0
GATT,15:26:08.171,0,-1
GMAG,15:26:08.171,0,0,0,45,10
GRCC,15:26:08.171,1497,1148,1493,1066
GRCX,15:26:08.171,1068,1492,1500,1500
GMOT,15:26:08.171,950,950,950,950,0,0,0,0
GNAV,15:26:08.171,0,0,0,0
GPAR,15:26:08.171,2860,0,0,0
GDBG,15:26:08.171,0,0,0,0
GRAW,15:26:08.393,0,0,0,0,0,0
GATT,15:26:08.393,0,-1
GMAG,15:26:08.393,0,0,0,45,10
GRCC,15:26:08.393,1497,1115,1493,1066
GRCX,15:26:08.393,1068,1492,1500,1500
GMOT,15:26:08.393,950,950,950,950,0,0,0,0
GNAV,15:26:08.393,0,0,0,0
GPAR,15:26:08.393,2640,0,0,0
GDBG,15:26:08.393,0,0,0,0
GRAW,15:26:08.610,0,0,0,0,0,0
GATT,15:26:08.610,0,-1
GMAG,15:26:08.610,0,0,0,45,9
GRCC,15:26:08.610,1497,1234,1493,1066
GRCX,15:26:08.610,1068,1492,1500,1500
GMOT,15:26:08.610,950,950,950,950,0,0,0,0
GNAV,15:26:08.610,0,0,0,0
GPAR,15:26:08.610,2656,0,0,0
GDBG,15:26:08.610,0,0,0,0
GRAW,15:26:08.829,0,0,0,0,0,0
GATT,15:26:08.829,0,-1
GMAG,15:26:08.829,0,0,0,45,2
GRCC,15:26:08.829,1497,1478,1493,1066
GRCX,15:26:08.829,1068,1492,1500,1500
GMOT,15:26:08.829,950,950,950,950,0,0,0,0
GNAV,15:26:08.829,0,0,0,0
GPAR,15:26:08.829,3104,0,0,0
GDBG,15:26:08.829,0,0,0,0
GRAW,15:26:09.047,0,0,0,0,0,0
GATT,15:26:09.047,0,-1
GMAG,15:26:09.047,0,0,0,45,-5
GRCC,15:26:09.047,1497,1537,1493,1066
GRCX,15:26:09.047,1068,1492,1500,1500
GMOT,15:26:09.047,950,950,950,950,0,0,0,0
GNAV,15:26:09.047,0,0,0,0
GPAR,15:26:09.047,2648,0,0,0
GDBG,15:26:09.047,0,0,0,0
GRAW,15:26:09.262,0,0,0,0,0,0
GATT,15:26:09.262,0,-1
GMAG,15:26:09.262,0,0,0,45,-17
GRCC,15:26:09.262,1497,1642,1493,1066
GRCX,15:26:09.262,1068,1492,1500,1500
GMOT,15:26:09.262,950,950,950,950,0,0,0,0
GNAV,15:26:09.262,0,0,0,0
GPAR,15:26:09.262,2628,0,0,0
GDBG,15:26:09.262,0,0,0,0
GRAW,15:26:09.451,0,0,0,0,0,0
GATT,15:26:09.451,0,-1
GMAG,15:26:09.451,0,0,0,45,-21
GRCC,15:26:09.451,1497,1642,1493,1066
GRCX,15:26:09.451,1068,1492,1500,1500
GMOT,15:26:09.451,950,950,950,950,0,0,0,0
GNAV,15:26:09.451,0,0,0,0
GPAR,15:26:09.451,2636,0,0,0
GDBG,15:26:09.451,0,0,0,0
GRAW,15:26:09.641,0,0,0,0,0,0
GATT,15:26:09.641,0,-1
GMAG,15:26:09.641,0,0,0,45,-21
GRCC,15:26:09.641,1497,1611,1493,1066
GRCX,15:26:09.641,1068,1492,1500,1500
GMOT,15:26:09.641,950,950,950,950,0,0,0,0
GNAV,15:26:09.641,0,0,0,0
GPAR,15:26:09.641,2868,0,0,0
GDBG,15:26:09.641,0,0,0,0
GRAW,15:26:09.826,0,0,0,0,0,0
GATT,15:26:09.826,0,-1
GMAG,15:26:09.826,0,0,0,45,-21
GRCC,15:26:09.826,1497,1509,1493,1066
GRCX,15:26:09.826,1068,1492,1500,1500
GMOT,15:26:09.826,950,950,950,950,0,0,0,0
GNAV,15:26:09.826,0,0,0,0
GPAR,15:26:09.826,2608,0,0,0
GDBG,15:26:09.826,0,0,0,0
GRAW,15:26:10.011,0,0,0,0,0,0
GATT,15:26:10.011,0,-1
GMAG,15:26:10.011,0,0,0,45,-18
GRCC,15:26:10.011,1497,1507,1493,1066
GRCX,15:26:10.011,1068,1492,1500,1500
GMOT,15:26:10.011,950,950,950,950,0,0,0,0
GNAV,15:26:10.011,0,0,0,0
GPAR,15:26:10.011,2648,0,0,0
GDBG,15:26:10.011,0,0,0,0
GRAW,15:26:10.232,0,0,0,0,0,0
GATT,15:26:10.232,0,-1
GMAG,15:26:10.232,0,0,0,45,-9
GRCC,15:26:10.232,1497,1507,1493,1066
GRCX,15:26:10.232,1068,1492,1500,1500
GMOT,15:26:10.232,950,950,950,950,0,0,0,0
GNAV,15:26:10.232,0,0,0,0
GPAR,15:26:10.232,2948,0,0,0
GDBG,15:26:10.232,0,0,0,0
GRAW,15:26:10.450,0,0,0,0,0,0
GATT,15:26:10.450,0,-1
GMAG,15:26:10.450,0,0,0,45,-6
GRCC,15:26:10.450,1497,1507,1493,1066
GRCX,15:26:10.450,1068,1492,1500,1500
GMOT,15:26:10.450,950,950,950,950,0,0,0,0
GNAV,15:26:10.450,0,0,0,0
GPAR,15:26:10.450,2788,0,0,0
GDBG,15:26:10.450,0,0,0,0
GRAW,15:26:10.636,0,0,0,0,0,0
GATT,15:26:10.636,0,-1
GMAG,15:26:10.636,0,0,0,45,-1
GRCC,15:26:10.636,1497,1507,1493,1066
GRCX,15:26:10.636,1068,1492,1500,1500
GMOT,15:26:10.636,950,950,950,950,0,0,0,0
GNAV,15:26:10.636,0,0,0,0
GPAR,15:26:10.636,2796,0,0,0
GDBG,15:26:10.636,0,0,0,0
GRAW,15:26:10.825,0,0,0,0,0,0
GATT,15:26:10.825,0,-1
GMAG,15:26:10.825,0,0,0,45,7
GRCC,15:26:10.825,1497,1507,1493,1066
GRCX,15:26:10.825,1068,1492,1500,1500
GMOT,15:26:10.825,950,950,950,950,0,0,0,0
GNAV,15:26:10.825,0,0,0,0
GPAR,15:26:10.825,2628,0,0,0
GDBG,15:26:10.825,0,0,0,0
GRAW,15:26:11.041,0,0,0,0,0,0
GATT,15:26:11.041,0,-1
GMAG,15:26:11.041,0,0,0,45,4
GRCC,15:26:11.041,1497,1507,1493,1066
GRCX,15:26:11.041,1068,1492,1500,1500
GMOT,15:26:11.041,950,950,950,950,0,0,0,0
GNAV,15:26:11.041,0,0,0,0
GPAR,15:26:11.041,3184,0,0,0
GDBG,15:26:11.041,0,0,0,0
GRAW,15:26:11.260,0,0,0,0,0,0
GATT,15:26:11.260,0,-1
GMAG,15:26:11.260,0,0,0,45,5
GRCC,15:26:11.260,1497,1507,1493,1066
GRCX,15:26:11.260,1068,1492,1500,1500
GMOT,15:26:11.260,950,950,950,950,0,0,0,0
GNAV,15:26:11.260,0,0,0,0
GPAR,15:26:11.260,2828,0,0,0
GDBG,15:26:11.260,0,0,0,0
GRAW,15:26:11.480,0,0,0,0,0,0
GATT,15:26:11.480,0,-1
GMAG,15:26:11.480,0,0,0,44,9
GRCC,15:26:11.480,1497,1507,1493,1066
GRCX,15:26:11.480,1068,1492,1500,1500
GMOT,15:26:11.480,950,950,950,950,0,0,0,0
GNAV,15:26:11.480,0,0,0,0
GPAR,15:26:11.480,2816,0,0,0
GDBG,15:26:11.480,0,0,0,0
GRAW,15:26:11.701,0,0,0,0,0,0
GATT,15:26:11.701,0,-1
GMAG,15:26:11.701,0,0,0,44,7
GRCC,15:26:11.701,1497,1507,1493,1066
GRCX,15:26:11.701,1068,1492,1500,1500
GMOT,15:26:11.701,950,950,950,950,0,0,0,0
GNAV,15:26:11.701,0,0,0,0
GPAR,15:26:11.701,2780,0,0,0
GDBG,15:26:11.701,0,0,0,0
GRAW,15:26:11.916,0,0,0,0,0,0
GATT,15:26:11.916,0,-1
GMAG,15:26:11.916,0,0,0,44,8
GRCC,15:26:11.916,1497,1507,1493,1066
GRCX,15:26:11.916,1068,1492,1500,1500
GMOT,15:26:11.916,950,950,950,950,0,0,0,0
GNAV,15:26:11.916,0,0,0,0
GPAR,15:26:11.917,2636,0,0,0
GDBG,15:26:11.917,0,0,0,0
GRAW,15:26:12.103,0,0,0,0,0,0
GATT,15:26:12.103,0,-1
GMAG,15:26:12.103,0,0,0,44,10
GRCC,15:26:12.103,1497,1507,1493,1066
GRCX,15:26:12.103,1068,1492,1500,1500
GMOT,15:26:12.103,950,950,950,950,0,0,0,0
GNAV,15:26:12.103,0,0,0,0
GPAR,15:26:12.103,2792,0,0,0
GDBG,15:26:12.103,0,0,0,0
GRAW,15:26:12.323,0,0,0,0,0,0
GATT,15:26:12.323,0,-1
GMAG,15:26:12.323,0,0,0,44,12
GRCC,15:26:12.323,1497,1507,1493,1066
GRCX,15:26:12.323,1068,1492,1500,1500
GMOT,15:26:12.323,950,950,950,950,0,0,0,0
GNAV,15:26:12.323,0,0,0,0
GPAR,15:26:12.323,3116,0,0,0
GDBG,15:26:12.323,0,0,0,0
GRAW,15:26:12.508,0,0,0,0,0,0
GATT,15:26:12.508,0,-1
GMAG,15:26:12.508,0,0,0,44,19
GRCC,15:26:12.508,1497,1507,1493,1066
GRCX,15:26:12.508,1068,1492,1500,1500
GMOT,15:26:12.508,950,950,950,950,0,0,0,0
GNAV,15:26:12.508,0,0,0,0
GPAR,15:26:12.508,2928,0,0,0
GDBG,15:26:12.508,0,0,0,0
GRAW,15:26:12.694,0,0,0,0,0,0
GATT,15:26:12.694,0,-1
GMAG,15:26:12.694,0,0,0,44,25
GRCC,15:26:12.694,1497,1507,1493,1066
GRCX,15:26:12.694,1068,1492,1500,1500
GMOT,15:26:12.694,950,950,950,950,0,0,0,0
GNAV,15:26:12.694,0,0,0,0
GPAR,15:26:12.694,2800,0,0,0
GDBG,15:26:12.694,0,0,0,0
GRAW,15:26:12.883,0,0,0,0,0,0
GATT,15:26:12.883,0,-1
GMAG,15:26:12.883,0,0,0,44,27
GRCC,15:26:12.883,1497,1507,1493,1066
GRCX,15:26:12.883,1068,1492,1500,1500
GMOT,15:26:12.883,950,950,950,950,0,0,0,0
GNAV,15:26:12.883,0,0,0,0
GPAR,15:26:12.883,2832,0,0,0
GDBG,15:26:12.883,0,0,0,0
GRAW,15:26:13.072,0,0,0,0,0,0
GATT,15:26:13.072,0,-1
GMAG,15:26:13.072,0,0,0,44,28
GRCC,15:26:13.072,1497,1507,1493,1066
GRCX,15:26:13.072,1068,1492,1500,1500
GMOT,15:26:13.072,950,950,950,950,0,0,0,0
GNAV,15:26:13.072,0,0,0,0
GPAR,15:26:13.072,2656,0,0,0
GDBG,15:26:13.072,0,0,0,0
GRAW,15:26:13.256,0,0,0,0,0,0
GATT,15:26:13.256,0,-1
GMAG,15:26:13.256,0,0,0,44,25
GRCC,15:26:13.256,1497,1505,1491,1066
GRCX,15:26:13.256,1068,1492,1500,1500
GMOT,15:26:13.256,950,950,950,950,0,0,0,0
GNAV,15:26:13.256,0,0,0,0
GPAR,15:26:13.256,2668,0,0,0
GDBG,15:26:13.256,0,0,0,0
GRAW,15:26:13.443,0,0,0,0,0,0
GATT,15:26:13.443,0,-1
GMAG,15:26:13.443,0,0,0,44,24
GRCC,15:26:13.443,1497,1505,1491,1066
GRCX,15:26:13.443,1068,1492,1500,1500
GMOT,15:26:13.443,950,950,950,950,0,0,0,0
GNAV,15:26:13.443,0,0,0,0
GPAR,15:26:13.443,2652,0,0,0
GDBG,15:26:13.443,0,0,0,0
GRAW,15:26:13.630,0,0,0,0,0,0
GATT,15:26:13.630,0,-1
GMAG,15:26:13.630,0,0,0,44,17
GRCC,15:26:13.630,1497,1505,1491,1066
GRCX,15:26:13.630,1068,1492,1500,1500
GMOT,15:26:13.630,950,950,950,950,0,0,0,0
GNAV,15:26:13.630,0,0,0,0
GPAR,15:26:13.630,3112,0,0,0
GDBG,15:26:13.630,0,0,0,0
GRAW,15:26:13.818,0,0,0,0,0,0
GATT,15:26:13.818,0,-1
GMAG,15:26:13.818,0,0,0,44,8
GRCC,15:26:13.818,1497,1505,1491,1066
GRCX,15:26:13.818,1068,1492,1500,1500
GMOT,15:26:13.818,950,950,950,950,0,0,0,0
GNAV,15:26:13.818,0,0,0,0
GPAR,15:26:13.818,2656,0,0,0
GDBG,15:26:13.818,0,0,0,0
GRAW,15:26:14.008,0,0,0,0,0,0
GATT,15:26:14.008,0,-1
GMAG,15:26:14.008,0,0,0,44,1
GRCC,15:26:14.008,1497,1505,1491,1066
GRCX,15:26:14.008,1068,1492,1500,1500
GMOT,15:26:14.008,950,950,950,950,0,0,0,0
GNAV,15:26:14.008,0,0,0,0
GPAR,15:26:14.008,2820,0,0,0
GDBG,15:26:14.008,0,0,0,0
GRAW,15:26:14.223,0,0,0,0,0,0
GATT,15:26:14.223,0,-1
GMAG,15:26:14.223,0,0,0,44,-4
GRCC,15:26:14.223,1497,1505,1491,1066
GRCX,15:26:14.223,1068,1492,1500,1500
GMOT,15:26:14.223,950,950,950,950,0,0,0,0
GNAV,15:26:14.223,0,0,0,0
GPAR,15:26:14.223,2656,0,0,0
GDBG,15:26:14.223,0,0,0,0
GRAW,15:26:14.442,0,0,0,0,0,0
GATT,15:26:14.442,0,-1
GMAG,15:26:14.442,0,0,0,44,-4
GRCC,15:26:14.442,1497,1505,1491,1066
GRCX,15:26:14.442,1068,1492,1500,1500
GMOT,15:26:14.442,950,950,950,950,0,0,0,0
GNAV,15:26:14.442,0,0,0,0
GPAR,15:26:14.442,2620,0,0,0
GDBG,15:26:14.442,0,0,0,0
GRAW,15:26:14.661,0,0,0,0,0,0
GATT,15:26:14.661,0,-1
GMAG,15:26:14.661,0,0,0,44,-6
GRCC,15:26:14.661,1497,1505,1491,1066
GRCX,15:26:14.661,1068,1492,1500,1500
GMOT,15:26:14.661,950,950,950,950,0,0,0,0
GNAV,15:26:14.661,0,0,0,0
GPAR,15:26:14.661,2660,0,0,0
GDBG,15:26:14.661,0,0,0,0
GRAW,15:26:14.847,0,0,0,0,0,0
GATT,15:26:14.847,0,-1
GMAG,15:26:14.847,0,0,0,44,-8
GRCC,15:26:14.847,1497,1505,1491,1066
GRCX,15:26:14.847,1068,1492,1500,1500
GMOT,15:26:14.847,950,950,950,950,0,0,0,0
GNAV,15:26:14.847,0,0,0,0
GPAR,15:26:14.847,2644,0,0,0
GDBG,15:26:14.847,0,0,0,0
GRAW,15:26:15.065,0,0,0,0,0,0
GATT,15:26:15.065,0,-1
GMAG,15:26:15.065,0,0,0,44,-7
GRCC,15:26:15.065,1497,1505,1491,1066
GRCX,15:26:15.065,1068,1492,1500,1500
GMOT,15:26:15.065,950,950,950,950,0,0,0,0
GNAV,15:26:15.065,0,0,0,0
GPAR,15:26:15.065,2780,0,0,0
GDBG,15:26:15.065,0,0,0,0
GRAW,15:26:15.252,0,0,0,0,0,0
GATT,15:26:15.252,0,-1
GMAG,15:26:15.252,0,0,0,44,-8
GRCC,15:26:15.252,1497,1505,1491,1066
GRCX,15:26:15.252,1068,1492,1500,1500
GMOT,15:26:15.252,950,950,950,950,0,0,0,0
GNAV,15:26:15.252,0,0,0,0
GPAR,15:26:15.252,2816,0,0,0
GDBG,15:26:15.252,0,0,0,0
GRAW,15:26:15.444,0,0,0,0,0,0
GATT,15:26:15.444,0,-1
GMAG,15:26:15.444,0,0,0,44,-8
GRCC,15:26:15.444,1497,1505,1491,1066
GRCX,15:26:15.444,1068,1492,1500,1500
GMOT,15:26:15.444,950,950,950,950,0,0,0,0
GNAV,15:26:15.444,0,0,0,0
GPAR,15:26:15.444,2628,0,0,0
GDBG,15:26:15.444,0,0,0,0
GRAW,15:26:15.628,0,0,0,0,0,0
GATT,15:26:15.628,0,-1
GMAG,15:26:15.628,0,0,0,44,-5
GRCC,15:26:15.628,1497,1505,1491,1066
GRCX,15:26:15.628,1068,1492,1500,1500
GMOT,15:26:15.628,950,950,950,950,0,0,0,0
GNAV,15:26:15.628,0,0,0,0
GPAR,15:26:15.628,2920,0,0,0
GDBG,15:26:15.628,0,0,0,0
GRAW,15:26:15.816,0,0,0,0,0,0
GATT,15:26:15.816,0,-1
GMAG,15:26:15.816,0,0,0,44,-13
GRCC,15:26:15.816,1497,1505,1491,1066
GRCX,15:26:15.816,1068,1492,1500,1500
GMOT,15:26:15.816,950,950,950,950,0,0,0,0
GNAV,15:26:15.816,0,0,0,0
GPAR,15:26:15.816,2644,0,0,0
GDBG,15:26:15.816,0,0,0,0
GRAW,15:26:16.002,0,0,0,0,0,0
GATT,15:26:16.002,0,-1
GMAG,15:26:16.002,0,0,0,44,-18
GRCC,15:26:16.002,1497,1505,1491,1066
GRCX,15:26:16.002,1068,1492,1500,1500
GMOT,15:26:16.002,950,950,950,950,0,0,0,0
GNAV,15:26:16.002,0,0,0,0
GPAR,15:26:16.002,2628,0,0,0
GDBG,15:26:16.002,0,0,0,0
GRAW,15:26:16.192,0,0,0,0,0,0
GATT,15:26:16.192,0,-1
GMAG,15:26:16.192,0,0,0,44,-24
GRCC,15:26:16.192,1497,1505,1491,1066
GRCX,15:26:16.192,1068,1492,1500,1500
GMOT,15:26:16.192,950,950,950,950,0,0,0,0
GNAV,15:26:16.192,0,0,0,0
GPAR,15:26:16.192,2956,0,0,0
GDBG,15:26:16.192,0,0,0,0
GRAW,15:26:16.408,0,0,0,0,0,0
GATT,15:26:16.408,0,-1
GMAG,15:26:16.408,0,0,0,44,-35
GRCC,15:26:16.408,1497,1505,1491,1066
GRCX,15:26:16.408,1068,1492,1500,1500
GMOT,15:26:16.408,950,950,950,950,0,0,0,0
GNAV,15:26:16.408,0,0,0,0
GPAR,15:26:16.408,2628,0,0,0
GDBG,15:26:16.408,0,0,0,0
GRAW,15:26:16.628,0,0,0,0,0,0
GATT,15:26:16.628,0,-1
GMAG,15:26:16.628,0,0,0,44,-40
GRCC,15:26:16.628,1497,1505,1511,1066
GRCX,15:26:16.628,1068,1492,1500,1500
GMOT,15:26:16.628,950,950,950,950,0,0,0,0
GNAV,15:26:16.628,0,0,0,0
GPAR,15:26:16.628,2856,0,0,0
GDBG,15:26:16.628,0,0,0,0
GRAW,15:26:16.845,0,0,0,0,0,0
GATT,15:26:16.845,0,-1
GMAG,15:26:16.845,0,0,0,44,-43
GRCC,15:26:16.845,1497,1503,1671,1066
GRCX,15:26:16.845,1068,1492,1500,1500
GMOT,15:26:16.845,950,950,950,950,0,0,0,0
GNAV,15:26:16.845,0,0,0,0
GPAR,15:26:16.845,2912,0,0,0
GDBG,15:26:16.845,0,0,0,0
GRAW,15:26:17.063,0,0,0,0,0,0
GATT,15:26:17.063,0,-1
GMAG,15:26:17.063,0,0,0,44,-37
GRCC,15:26:17.063,1497,1503,1589,1066
GRCX,15:26:17.063,1068,1492,1500,1500
GMOT,15:26:17.063,950,950,950,950,0,0,0,0
GNAV,15:26:17.063,0,0,0,0
GPAR,15:26:17.063,2668,0,0,0
GDBG,15:26:17.063,0,0,0,0
GRAW,15:26:17.250,0,0,0,0,0,0
GATT,15:26:17.250,0,-1
GMAG,15:26:17.250,0,0,0,44,-32
GRCC,15:26:17.250,1497,1503,1672,1066
GRCX,15:26:17.250,1068,1492,1500,1500
GMOT,15:26:17.250,950,950,950,950,0,0,0,0
GNAV,15:26:17.250,0,0,0,0
GPAR,15:26:17.250,2632,0,0,0
GDBG,15:26:17.250,0,0,0,0
GRAW,15:26:17.472,0,0,0,0,0,0
GATT,15:26:17.472,0,-1
GMAG,15:26:17.472,0,0,0,44,-23
GRCC,15:26:17.472,1497,1495,1722,1066
GRCX,15:26:17.472,1068,1492,1500,1500
GMOT,15:26:17.472,950,950,950,950,0,0,0,0
GNAV,15:26:17.472,0,0,0,0
GPAR,15:26:17.472,2604,0,0,0
GDBG,15:26:17.472,0,0,0,0
GRAW,15:26:17.656,0,0,0,0,0,0
GATT,15:26:17.656,0,-1
GMAG,15:26:17.656,0,0,0,44,-18
GRCC,15:26:17.656,1497,1495,1699,1066
GRCX,15:26:17.656,1068,1492,1500,1500
GMOT,15:26:17.656,950,950,950,950,0,0,0,0
GNAV,15:26:17.656,0,0,0,0
GPAR,15:26:17.656,2784,0,0,0
GDBG,15:26:17.656,0,0,0,0
GRAW,15:26:17.845,0,0,0,0,0,0
GATT,15:26:17.845,0,-1
GMAG,15:26:17.845,0,0,0,44,-17
GRCC,15:26:17.845,1497,1495,1707,1066
GRCX,15:26:17.845,1068,1492,1500,1500
GMOT,15:26:17.845,950,950,950,950,0,0,0,0
GNAV,15:26:17.845,0,0,0,0
GPAR,15:26:17.845,2640,0,0,0
GDBG,15:26:17.845,0,0,0,0
GRAW,15:26:18.030,0,0,0,0,0,0
GATT,15:26:18.030,0,-1
GMAG,15:26:18.030,0,0,0,44,-14
GRCC,15:26:18.030,1497,1494,1459,1066
GRCX,15:26:18.030,1068,1492,1500,1500
GMOT,15:26:18.030,950,950,950,950,0,0,0,0
GNAV,15:26:18.030,0,0,0,0
GPAR,15:26:18.030,3108,0,0,0
GDBG,15:26:18.031,0,0,0,0
GRAW,15:26:18.219,0,0,0,0,0,0
GATT,15:26:18.219,0,-1
GMAG,15:26:18.219,0,0,0,44,-11
GRCC,15:26:18.219,1497,1492,1423,1066
GRCX,15:26:18.219,1068,1492,1500,1500
GMOT,15:26:18.219,950,950,950,950,0,0,0,0
GNAV,15:26:18.219,0,0,0,0
GPAR,15:26:18.219,2616,0,0,0
GDBG,15:26:18.219,0,0,0,0
GRAW,15:26:18.436,0,0,0,0,0,0
GATT,15:26:18.436,0,-1
GMAG,15:26:18.436,0,0,0,44,-9
GRCC,15:26:18.436,1497,1492,1489,1066
GRCX,15:26:18.436,1068,1492,1500,1500
GMOT,15:26:18.436,950,950,950,950,0,0,0,0
GNAV,15:26:18.436,0,0,0,0
GPAR,15:26:18.436,3136,0,0,0
GDBG,15:26:18.436,0,0,0,0
GRAW,15:26:18.657,0,0,0,0,0,0
GATT,15:26:18.657,0,-1
GMAG,15:26:18.657,0,0,0,44,-3
GRCC,15:26:18.657,1497,1395,1489,1066
GRCX,15:26:18.657,1068,1492,1500,1500
GMOT,15:26:18.657,950,950,950,950,0,0,0,0
GNAV,15:26:18.657,0,0,0,0
GPAR,15:26:18.657,2848,0,0,0
GDBG,15:26:18.657,0,0,0,0
GRAW,15:26:18.842,0,0,0,0,0,0
GATT,15:26:18.842,0,-1
GMAG,15:26:18.842,0,0,0,44,2
GRCC,15:26:18.842,1497,1218,1489,1066
GRCX,15:26:18.842,1068,1492,1500,1500
GMOT,15:26:18.842,950,950,950,950,0,0,0,0
GNAV,15:26:18.842,0,0,0,0
GPAR,15:26:18.842,2644,0,0,0
GDBG,15:26:18.842,0,0,0,0
GRAW,15:26:19.028,0,0,0,0,0,0
GATT,15:26:19.028,0,-1
GMAG,15:26:19.028,0,0,0,44,11
GRCC,15:26:19.028,1497,1338,1489,1066
GRCX,15:26:19.028,1068,1492,1500,1500
GMOT,15:26:19.028,950,950,950,950,0,0,0,0
GNAV,15:26:19.028,0,0,0,0
GPAR,15:26:19.028,2628,0,0,0
GDBG,15:26:19.028,0,0,0,0
GRAW,15:26:19.216,0,0,0,0,0,0
GATT,15:26:19.216,0,-1
GMAG,15:26:19.216,0,0,0,44,16
GRCC,15:26:19.216,1497,1144,1479,1066
GRCX,15:26:19.216,1068,1492,1500,1500
GMOT,15:26:19.216,950,950,950,950,0,0,0,0
GNAV,15:26:19.216,0,0,0,0
GPAR,15:26:19.216,2612,0,0,0
GDBG,15:26:19.216,0,0,0,0
GRAW,15:26:19.437,0,0,0,0,0,0
GATT,15:26:19.437,0,-1
GMAG,15:26:19.437,0,0,0,44,20
GRCC,15:26:19.437,1497,1238,1486,1066
GRCX,15:26:19.437,1068,1492,1500,1500
GMOT,15:26:19.437,950,950,950,950,0,0,0,0
GNAV,15:26:19.437,0,0,0,0
GPAR,15:26:19.437,3100,0,0,0
GDBG,15:26:19.437,0,0,0,0
GRAW,15:26:19.652,0,0,0,0,0,0
GATT,15:26:19.652,0,-1
GMAG,15:26:19.652,0,0,0,44,17
GRCC,15:26:19.652,1497,1264,1479,1066
GRCX,15:26:19.652,1068,1492,1500,1500
GMOT,15:26:19.652,950,950,950,950,0,0,0,0
GNAV,15:26:19.652,0,0,0,0
GPAR,15:26:19.652,2648,0,0,0
GDBG,15:26:19.652,0,0,0,0
GRAW,15:26:19.871,0,0,0,0,0,0
GATT,15:26:19.871,0,-1
GMAG,15:26:19.871,0,0,0,44,11
GRCC,15:26:19.871,1497,1155,1431,1066
GRCX,15:26:19.871,1068,1492,1500,1500
GMOT,15:26:19.871,950,950,950,950,0,0,0,0
GNAV,15:26:19.871,0,0,0,0
GPAR,15:26:19.871,2912,0,0,0
GDBG,15:26:19.871,0,0,0,0
GRAW,15:26:20.093,0,0,0,0,0,0
GATT,15:26:20.093,0,-1
GMAG,15:26:20.093,0,0,0,44,10
GRCC,15:26:20.093,1497,1377,1454,1066
GRCX,15:26:20.093,1068,1492,1500,1500
GMOT,15:26:20.093,950,950,950,950,0,0,0,0
GNAV,15:26:20.093,0,0,0,0
GPAR,15:26:20.093,2632,0,0,0
GDBG,15:26:20.093,0,0,0,0
GRAW,15:26:20.308,0,0,0,0,0,0
GATT,15:26:20.308,0,-1
GMAG,15:26:20.308,0,0,0,44,10
GRCC,15:26:20.308,1497,1490,1490,1066
GRCX,15:26:20.308,1068,1492,1500,1500
GMOT,15:26:20.308,950,950,950,950,0,0,0,0
GNAV,15:26:20.308,0,0,0,0
GPAR,15:26:20.308,2636,0,0,0
GDBG,15:26:20.308,0,0,0,0
GRAW,15:26:20.497,0,0,0,0,0,0
GATT,15:26:20.497,0,-1
GMAG,15:26:20.497,0,0,0,44,13
GRCC,15:26:20.497,1497,1490,1490,1066
GRCX,15:26:20.497,1068,1492,1500,1500
GMOT,15:26:20.497,950,950,950,950,0,0,0,0
GNAV,15:26:20.497,0,0,0,0
GPAR,15:26:20.497,2896,0,0,0
GDBG,15:26:20.497,0,0,0,0
GRAW,15:26:20.715,0,0,0,0,0,0
GATT,15:26:20.715,0,-1
GMAG,15:26:20.715,0,0,0,44,16
GRCC,15:26:20.715,1497,1490,1490,1066
GRCX,15:26:20.715,1068,1492,1500,1500
GMOT,15:26:20.715,950,950,950,950,0,0,0,0
GNAV,15:26:20.715,0,0,0,0
GPAR,15:26:20.715,2636,0,0,0
GDBG,15:26:20.715,0,0,0,0
GRAW,15:26:20.903,0,0,0,0,0,0
GATT,15:26:20.903,0,-1
GMAG,15:26:20.903,0,0,0,44,18
GRCC,15:26:20.903,1497,1490,1490,1066
GRCX,15:26:20.903,1068,1492,1500,1500
GMOT,15:26:20.903,950,950,950,950,0,0,0,0
GNAV,15:26:20.903,0,0,0,0
GPAR,15:26:20.903,2624,0,0,0
GDBG,15:26:20.903,0,0,0,0
GRAW,15:26:21.089,0,0,0,0,0,0
GATT,15:26:21.089,0,-1
GMAG,15:26:21.089,0,0,0,44,16
GRCC,15:26:21.089,1497,1490,1490,1066
GRCX,15:26:21.089,1068,1492,1500,1500
GMOT,15:26:21.089,950,950,950,950,0,0,0,0
GNAV,15:26:21.089,0,0,0,0
GPAR,15:26:21.089,2628,0,0,0
GDBG,15:26:21.089,0,0,0,0
GRAW,15:26:21.276,0,0,0,0,0,0
GATT,15:26:21.276,0,-1
GMAG,15:26:21.276,0,0,0,44,14
GRCC,15:26:21.276,1497,1490,1490,1066
GRCX,15:26:21.276,1068,1492,1500,1500
GMOT,15:26:21.276,950,950,950,950,0,0,0,0
GNAV,15:26:21.276,0,0,0,0
GPAR,15:26:21.276,3080,0,0,0
GDBG,15:26:21.276,0,0,0,0
GRAW,15:26:21.495,0,0,0,0,0,0
GATT,15:26:21.495,0,-1
GMAG,15:26:21.495,0,0,0,44,10
GRCC,15:26:21.495,1497,1490,1490,1092
GRCX,15:26:21.495,1068,1492,1500,1500
GMOT,15:26:21.495,950,950,950,950,0,0,0,0
GNAV,15:26:21.495,0,0,0,0
GPAR,15:26:21.495,2824,0,0,0
GDBG,15:26:21.495,0,0,0,0
GRAW,15:26:21.714,0,0,0,0,0,0
GATT,15:26:21.714,0,-1
GMAG,15:26:21.714,0,0,0,44,7
GRCC,15:26:21.714,1497,1490,1490,1286
GRCX,15:26:21.714,1068,1492,1500,1500
GMOT,15:26:21.714,950,950,950,950,0,0,0,0
GNAV,15:26:21.714,0,0,0,0
GPAR,15:26:21.714,2784,0,0,0
GDBG,15:26:21.714,0,0,0,0
GRAW,15:26:21.901,0,0,0,0,0,0
GATT,15:26:21.901,0,-1
GMAG,15:26:21.901,0,0,0,44,7
GRCC,15:26:21.901,1497,1490,1490,1200
GRCX,15:26:21.901,1068,1492,1500,1500
GMOT,15:26:21.901,950,950,950,950,0,0,0,0
GNAV,15:26:21.901,0,0,0,0
GPAR,15:26:21.901,2784,0,0,0
GDBG,15:26:21.901,0,0,0,0
GRAW,15:26:22.087,0,0,0,0,0,0
GATT,15:26:22.087,0,-1
GMAG,15:26:22.087,0,0,0,44,10
GRCC,15:26:22.087,1497,1490,1490,1494
GRCX,15:26:22.087,1068,1492,1500,1500
GMOT,15:26:22.087,950,950,950,950,0,0,0,0
GNAV,15:26:22.087,0,0,0,0
GPAR,15:26:22.087,2632,0,0,0
GDBG,15:26:22.087,0,0,0,0
GRAW,15:26:22.274,0,0,0,0,0,0
GATT,15:26:22.274,0,-1
GMAG,15:26:22.274,0,0,0,44,14
GRCC,15:26:22.274,1497,1490,1490,1354
GRCX,15:26:22.274,1068,1492,1500,1500
GMOT,15:26:22.274,950,950,950,950,0,0,0,0
GNAV,15:26:22.274,0,0,0,0
GPAR,15:26:22.274,3080,0,0,0
GDBG,15:26:22.274,0,0,0,0
GRAW,15:26:22.464,0,0,0,0,0,0
GATT,15:26:22.464,0,-1
GMAG,15:26:22.464,0,0,0,44,14
GRCC,15:26:22.464,1497,1490,1490,1518
GRCX,15:26:22.464,1068,1492,1500,1500
GMOT,15:26:22.464,950,950,950,950,0,0,0,0
GNAV,15:26:22.464,0,0,0,0
GPAR,15:26:22.464,2632,0,0,0
GDBG,15:26:22.464,0,0,0,0
GRAW,15:26:22.680,0,0,0,0,0,0
GATT,15:26:22.680,0,-1
GMAG,15:26:22.680,0,0,0,44,9
GRCC,15:26:22.680,1497,1490,1490,1232
GRCX,15:26:22.680,1068,1492,1500,1500
GMOT,15:26:22.680,950,950,950,950,0,0,0,0
GNAV,15:26:22.680,0,0,0,0
GPAR,15:26:22.680,2636,0,0,0
GDBG,15:26:22.680,0,0,0,0
GRAW,15:26:22.867,0,0,0,0,0,0
GATT,15:26:22.867,0,-1
GMAG,15:26:22.867,0,0,0,44,0
GRCC,15:26:22.867,1497,1490,1490,1067
GRCX,15:26:22.867,1068,1492,1500,1500
GMOT,15:26:22.867,950,950,950,950,0,0,0,0
GNAV,15:26:22.867,0,0,0,0
GPAR,15:26:22.867,2928,0,0,0
GDBG,15:26:22.867,0,0,0,0
GRAW,15:26:23.084,0,0,0,0,0,0
GATT,15:26:23.084,0,-1
GMAG,15:26:23.084,0,0,0,44,-5
GRCC,15:26:23.084,1195,1490,1490,1067
GRCX,15:26:23.084,1068,1492,1500,1500
GMOT,15:26:23.084,950,950,950,950,0,0,0,0
GNAV,15:26:23.084,0,0,0,0
GPAR,15:26:23.084,2620,0,0,0
GDBG,15:26:23.084,0,0,0,0
GRAW,15:26:23.304,0,0,0,0,0,0
GATT,15:26:23.304,0,-1
GMAG,15:26:23.304,0,0,0,44,-6
GRCC,15:26:23.304,1271,1490,1490,1067
GRCX,15:26:23.304,1068,1492,1500,1500
GMOT,15:26:23.304,950,950,950,950,0,0,0,0
GNAV,15:26:23.304,0,0,0,0
GPAR,15:26:23.304,3096,0,0,0
GDBG,15:26:23.304,0,0,0,0
GRAW,15:26:23.521,0,0,0,0,0,0
GATT,15:26:23.521,0,-1
GMAG,15:26:23.521,0,0,0,44,-7
GRCC,15:26:23.521,1309,1490,1490,1067
GRCX,15:26:23.521,1068,1492,1500,1500
GMOT,15:26:23.521,950,950,950,950,0,0,0,0
GNAV,15:26:23.521,0,0,0,0
GPAR,15:26:23.521,2604,0,0,0
GDBG,15:26:23.521,0,0,0,0
GRAW,15:26:23.712,0,0,0,0,0,0
GATT,15:26:23.712,0,-1
GMAG,15:26:23.712,0,0,0,44,-3
GRCC,15:26:23.712,1497,1490,1490,1075
GRCX,15:26:23.712,1068,1492,1500,1500
GMOT,15:26:23.712,950,950,950,950,0,0,0,0
GNAV,15:26:23.712,0,0,0,0
GPAR,15:26:23.712,2616,0,0,0
GDBG,15:26:23.712,0,0,0,0
GRAW,15:26:23.895,0,0,0,0,0,0
GATT,15:26:23.895,0,-1
GMAG,15:26:23.895,0,0,0,44,0
GRCC,15:26:23.895,1497,1490,1490,1075
GRCX,15:26:23.895,1068,1492,1500,1500
GMOT,15:26:23.895,950,950,950,950,0,0,0,0
GNAV,15:26:23.895,0,0,0,0
GPAR,15:26:23.895,2604,0,0,0
GDBG,15:26:23.895,0,0,0,0
GRAW,15:26:24.114,0,0,0,0,0,0
GATT,15:26:24.114,0,-1
GMAG,15:26:24.114,0,0,0,44,4
GRCC,15:26:24.114,1497,1490,1490,1077
GRCX,15:26:24.114,1068,1492,1500,1500
GMOT,15:26:24.114,950,950,950,950,0,0,0,0
GNAV,15:26:24.114,0,0,0,0
GPAR,15:26:24.114,2652,0,0,0
GDBG,15:26:24.114,0,0,0,0
GRAW,15:26:24.301,0,0,0,0,0,0
GATT,15:26:24.301,0,-1
GMAG,15:26:24.301,0,0,0,44,10
GRCC,15:26:24.301,1497,1490,1490,1077
GRCX,15:26:24.301,1068,1492,1500,1500
GMOT,15:26:24.301,950,950,950,950,0,0,0,0
GNAV,15:26:24.301,0,0,0,0
GPAR,15:26:24.301,2652,0,0,0
GDBG,15:26:24.301,0,0,0,0
GRAW,15:26:24.491,0,0,0,0,0,0
GATT,15:26:24.491,0,-1
GMAG,15:26:24.491,0,0,0,44,10
GRCC,15:26:24.491,1497,1490,1490,1077
GRCX,15:26:24.491,1068,1492,1500,1500
GMOT,15:26:24.491,950,950,950,950,0,0,0,0
GNAV,15:26:24.491,0,0,0,0
GPAR,15:26:24.491,2612,0,0,0
GDBG,15:26:24.491,0,0,0,0
GRAW,15:26:24.677,0,0,0,0,0,0
GATT,15:26:24.677,0,-1
GMAG,15:26:24.677,0,0,0,44,5
GRCC,15:26:24.677,1497,1490,1490,1077
GRCX,15:26:24.677,1068,1492,1500,1500
GMOT,15:26:24.677,950,950,950,950,0,0,0,0
GNAV,15:26:24.677,0,0,0,0
GPAR,15:26:24.677,3104,0,0,0
GDBG,15:26:24.677,0,0,0,0
GRAW,15:26:24.863,0,0,0,0,0,0
GATT,15:26:24.863,0,-1
GMAG,15:26:24.863,0,0,0,44,2
GRCC,15:26:24.863,1497,1490,1490,1077
GRCX,15:26:24.863,1068,1492,1500,1500
GMOT,15:26:24.863,950,950,950,950,0,0,0,0
GNAV,15:26:24.863,0,0,0,0
GPAR,15:26:24.863,2640,0,0,0
GDBG,15:26:24.863,0,0,0,0
GRAW,15:26:25.051,0,0,0,0,0,0
GATT,15:26:25.051,0,-1
GMAG,15:26:25.051,0,0,0,44,-4
GRCC,15:26:25.051,1497,1490,1490,1077
GRCX,15:26:25.051,1068,1492,1500,1500
GMOT,15:26:25.051,950,950,950,950,0,0,0,0
GNAV,15:26:25.051,0,0,0,0
GPAR,15:26:25.051,3096,0,0,0
GDBG,15:26:25.051,0,0,0,0
GRAW,15:26:25.240,0,0,0,0,0,0
GATT,15:26:25.240,0,-1
GMAG,15:26:25.240,0,0,0,44,-4
GRCC,15:26:25.240,1497,1490,1490,1077
GRCX,15:26:25.240,1068,1492,1500,1500
GMOT,15:26:25.240,950,950,950,950,0,0,0,0
GNAV,15:26:25.240,0,0,0,0
GPAR,15:26:25.240,2620,0,0,0
GDBG,15:26:25.240,0,0,0,0
GRAW,15:26:25.425,0,0,0,0,0,0
GATT,15:26:25.425,0,-1
GMAG,15:26:25.425,0,0,0,44,-5
GRCC,15:26:25.425,1497,1490,1490,1077
GRCX,15:26:25.425,1068,1492,1500,1500
GMOT,15:26:25.425,950,950,950,950,0,0,0,0
GNAV,15:26:25.425,0,0,0,0
GPAR,15:26:25.425,3104,0,0,0
GDBG,15:26:25.425,0,0,0,0
GRAW,15:26:25.613,0,0,0,0,0,0
GATT,15:26:25.613,0,-1
GMAG,15:26:25.613,0,0,0,44,-6
GRCC,15:26:25.613,1497,1490,1490,1077
GRCX,15:26:25.613,1068,1492,1500,1500
GMOT,15:26:25.613,950,950,950,950,0,0,0,0
GNAV,15:26:25.613,0,0,0,0
GPAR,15:26:25.613,2620,0,0,0
GDBG,15:26:25.613,0,0,0,0
GRAW,15:26:25.800,0,0,0,0,0,0
GATT,15:26:25.800,0,-1
GMAG,15:26:25.800,0,0,0,44,-8
GRCC,15:26:25.800,1497,1490,1490,1077
GRCX,15:26:25.800,1068,1492,1500,1500
GMOT,15:26:25.800,950,950,950,950,0,0,0,0
GNAV,15:26:25.800,0,0,0,0
GPAR,15:26:25.800,2616,0,0,0
GDBG,15:26:25.800,0,0,0,0
GRAW,15:26:25.986,0,0,0,0,0,0
GATT,15:26:25.986,0,-1
GMAG,15:26:25.986,0,0,0,44,-9
GRCC,15:26:25.986,1497,1490,1490,1077
GRCX,15:26:25.986,1068,1492,1500,1500
GMOT,15:26:25.986,950,950,950,950,0,0,0,0
GNAV,15:26:25.986,0,0,0,0
GPAR,15:26:25.986,2828,0,0,0
GDBG,15:26:25.986,0,0,0,0
GRAW,15:26:26.174,0,0,0,0,0,0
GATT,15:26:26.174,0,-1
GMAG,15:26:26.174,0,0,0,44,-9
GRCC,15:26:26.174,1497,1490,1490,1077
GRCX,15:26:26.174,1068,1492,1500,1500
GMOT,15:26:26.174,950,950,950,950,0,0,0,0
GNAV,15:26:26.174,0,0,0,0
GPAR,15:26:26.174,2608,0,0,0
GDBG,15:26:26.174,0,0,0,0
GRAW,15:26:26.455,0,0,0,0,0,0
GATT,15:26:26.455,0,-1
GMAG,15:26:26.455,0,0,0,44,-10
GRCC,15:26:26.455,1497,1490,1490,1077
GRCX,15:26:26.455,1068,1492,1500,1500
GMOT,15:26:26.455,950,950,950,950,0,0,0,0
GNAV,15:26:26.455,0,0,0,0
GPAR,15:26:26.455,2624,0,0,0
GDBG,15:26:26.455,0,0,0,0
GRAW,15:26:26.672,0,0,0,0,0,0
GATT,15:26:26.672,0,-1
GMAG,15:26:26.672,0,0,0,44,-11
GRCC,15:26:26.672,1497,1490,1490,1077
GRCX,15:26:26.672,1068,1492,1500,1500
GMOT,15:26:26.672,950,950,950,950,0,0,0,0
GNAV,15:26:26.672,0,0,0,0
GPAR,15:26:26.672,2812,0,0,0
GDBG,15:26:26.672,0,0,0,0
GRAW,15:26:26.891,0,0,0,0,0,0
GATT,15:26:26.891,0,-1
GMAG,15:26:26.891,0,0,0,44,-13
GRCC,15:26:26.891,1497,1490,1490,1077
GRCX,15:26:26.891,1068,1492,1500,1500
GMOT,15:26:26.891,950,950,950,950,0,0,0,0
GNAV,15:26:26.891,0,0,0,0
GPAR,15:26:26.891,2648,0,0,0
GDBG,15:26:26.891,0,0,0,0
GRAW,15:26:27.111,0,0,0,0,0,0
GATT,15:26:27.111,-1,-1
GMAG,15:26:27.111,0,0,0,44,-9
GRCC,15:26:27.111,1497,1490,1490,1077
GRCX,15:26:27.111,1068,1492,1500,1500
GMOT,15:26:27.111,950,950,950,950,0,0,0,0
GNAV,15:26:27.111,0,0,0,0
GPAR,15:26:27.111,2900,0,0,0
GDBG,15:26:27.111,0,0,0,0
